#
# There is insufficient memory for the Java Runtime Environment to continue.
# Native memory allocation (malloc) failed to allocate 695376 bytes for Chunk::new
# Possible reasons:
#   The system is out of physical RAM or swap space
#   The process is running with CompressedOops enabled, and the Java Heap may be blocking the growth of the native heap
# Possible solutions:
#   Reduce memory load on the system
#   Increase physical memory or swap space
#   Check if swap backing store is full
#   Decrease Java heap size (-Xmx/-Xms)
#   Decrease number of Java threads
#   Decrease Java thread stack sizes (-Xss)
#   Set larger code cache with -XX:ReservedCodeCacheSize=
#   JVM is running with Unscaled Compressed Oops mode in which the Java heap is
#     placed in the first 4GB address space. The Java Heap base address is the
#     maximum limit for the native heap growth. Please use -XX:HeapBaseMinAddress
#     to set the Java Heap base and to place the Java Heap above 4GB virtual address.
# This output file may be truncated or incomplete.
#
#  Out of Memory Error (arena.cpp:189), pid=26296, tid=18592
#
# JRE version: OpenJDK Runtime Environment Temurin-17.0.5+8 (17.0.5+8) (build 17.0.5+8)
# Java VM: OpenJDK 64-Bit Server VM Temurin-17.0.5+8 (17.0.5+8, mixed mode, tiered, compressed oops, compressed class ptrs, g1 gc, windows-amd64)
# No core dump will be written. Minidumps are not enabled by default on client versions of Windows
#

---------------  S U M M A R Y ------------

Command Line: -Dfile.encoding=UTF-8 -XX:+ShowCodeDetailsInExceptionMessages com.produitsconsemetics.ProduitsCosmetics.ProduitsCosmeticsApplication

Host: Intel(R) Core(TM) i5-8250U CPU @ 1.60GHz, 8 cores, 7G,  Windows 11 , 64 bit Build 22621 (10.0.22621.3235)
Time: Thu Mar 21 09:45:10 2024 Paris, Madrid elapsed time: 2.089399 seconds (0d 0h 0m 2s)

---------------  T H R E A D  ---------------

Current thread (0x00000299e92867d0):  JavaThread "C2 CompilerThread1" daemon [_thread_in_native, id=18592, stack(0x000000d7a8a00000,0x000000d7a8b00000)]


Current CompileTask:
C2:   2089 1628   !   4       java.net.URL::<init> (543 bytes)

Stack: [0x000000d7a8a00000,0x000000d7a8b00000]
Native frames: (J=compiled Java code, j=interpreted, Vv=VM code, C=native code)
V  [jvm.dll+0x676b3a]
V  [jvm.dll+0x831444]
V  [jvm.dll+0x832bee]
V  [jvm.dll+0x833253]
V  [jvm.dll+0x244ce5]
V  [jvm.dll+0xabbac]
V  [jvm.dll+0xac17c]
V  [jvm.dll+0x362d02]
V  [jvm.dll+0x32d591]
V  [jvm.dll+0x32ca3a]
V  [jvm.dll+0x217b51]
V  [jvm.dll+0x216f71]
V  [jvm.dll+0x1a343d]
V  [jvm.dll+0x22698a]
V  [jvm.dll+0x224ac5]
V  [jvm.dll+0x7e727b]
V  [jvm.dll+0x7e17ea]
V  [jvm.dll+0x6759e5]
C  [ucrtbase.dll+0x29363]
C  [KERNEL32.DLL+0x1257d]
C  [ntdll.dll+0x5aa58]


---------------  P R O C E S S  ---------------

Threads class SMR info:
_java_thread_list=0x00000299ea61c2a0, length=16, elements={
0x00000299ce5ac590, 0x00000299e85199d0, 0x00000299e851ac50, 0x00000299e9041000,
0x00000299e90419c0, 0x00000299e9044490, 0x00000299e904ed70, 0x00000299e9052e60,
0x00000299e9053760, 0x00000299e9067040, 0x00000299e91d5a30, 0x00000299e91f2830,
0x00000299e92867d0, 0x00000299e9a14ea0, 0x00000299e9a15370, 0x00000299ea575080
}

Java Threads: ( => current thread )
  0x00000299ce5ac590 JavaThread "main" [_thread_blocked, id=16332, stack(0x000000d7a7700000,0x000000d7a7800000)]
  0x00000299e85199d0 JavaThread "Reference Handler" daemon [_thread_blocked, id=11924, stack(0x000000d7a7e00000,0x000000d7a7f00000)]
  0x00000299e851ac50 JavaThread "Finalizer" daemon [_thread_blocked, id=22908, stack(0x000000d7a7f00000,0x000000d7a8000000)]
  0x00000299e9041000 JavaThread "Signal Dispatcher" daemon [_thread_blocked, id=15088, stack(0x000000d7a8000000,0x000000d7a8100000)]
  0x00000299e90419c0 JavaThread "Attach Listener" daemon [_thread_blocked, id=23868, stack(0x000000d7a8100000,0x000000d7a8200000)]
  0x00000299e9044490 JavaThread "Service Thread" daemon [_thread_blocked, id=27120, stack(0x000000d7a8200000,0x000000d7a8300000)]
  0x00000299e904ed70 JavaThread "Monitor Deflation Thread" daemon [_thread_blocked, id=21948, stack(0x000000d7a8300000,0x000000d7a8400000)]
  0x00000299e9052e60 JavaThread "C2 CompilerThread0" daemon [_thread_in_native, id=20692, stack(0x000000d7a8400000,0x000000d7a8500000)]
  0x00000299e9053760 JavaThread "C1 CompilerThread0" daemon [_thread_blocked, id=27608, stack(0x000000d7a8500000,0x000000d7a8600000)]
  0x00000299e9067040 JavaThread "Sweeper thread" daemon [_thread_blocked, id=17272, stack(0x000000d7a8600000,0x000000d7a8700000)]
  0x00000299e91d5a30 JavaThread "Notification Thread" daemon [_thread_blocked, id=12008, stack(0x000000d7a8700000,0x000000d7a8800000)]
  0x00000299e91f2830 JavaThread "Common-Cleaner" daemon [_thread_blocked, id=10836, stack(0x000000d7a8900000,0x000000d7a8a00000)]
=>0x00000299e92867d0 JavaThread "C2 CompilerThread1" daemon [_thread_in_native, id=18592, stack(0x000000d7a8a00000,0x000000d7a8b00000)]
  0x00000299e9a14ea0 JavaThread "Thread-0" [_thread_blocked, id=10972, stack(0x000000d7a8b00000,0x000000d7a8c00000)]
  0x00000299e9a15370 JavaThread "restartedMain" [_thread_in_Java, id=16908, stack(0x000000d7a8c00000,0x000000d7a8d00000)]
  0x00000299ea575080 JavaThread "background-preinit" [_thread_in_Java, id=23236, stack(0x000000d7a9200000,0x000000d7a9300000)]

Other Threads:
  0x00000299e8512050 VMThread "VM Thread" [stack: 0x000000d7a7d00000,0x000000d7a7e00000] [id=28656]
  0x00000299ce624740 WatcherThread [stack: 0x000000d7a8800000,0x000000d7a8900000] [id=10564]
  0x00000299ce60ba50 GCTaskThread "GC Thread#0" [stack: 0x000000d7a7800000,0x000000d7a7900000] [id=15888]
  0x00000299ea4210d0 GCTaskThread "GC Thread#1" [stack: 0x000000d7a8d00000,0x000000d7a8e00000] [id=15240]
  0x00000299ea427600 GCTaskThread "GC Thread#2" [stack: 0x000000d7a8e00000,0x000000d7a8f00000] [id=13164]
  0x00000299ea4278b0 GCTaskThread "GC Thread#3" [stack: 0x000000d7a8f00000,0x000000d7a9000000] [id=21276]
  0x00000299ea427b60 GCTaskThread "GC Thread#4" [stack: 0x000000d7a9000000,0x000000d7a9100000] [id=26828]
  0x00000299e9bfb970 GCTaskThread "GC Thread#5" [stack: 0x000000d7a9100000,0x000000d7a9200000] [id=26016]
  0x00000299eada4060 GCTaskThread "GC Thread#6" [stack: 0x000000d7a9300000,0x000000d7a9400000] [id=7796]
  0x00000299ea7d58f0 GCTaskThread "GC Thread#7" [stack: 0x000000d7a9400000,0x000000d7a9500000] [id=15324]
  0x00000299ce61ce80 ConcurrentGCThread "G1 Main Marker" [stack: 0x000000d7a7900000,0x000000d7a7a00000] [id=5060]
  0x00000299ce61d890 ConcurrentGCThread "G1 Conc#0" [stack: 0x000000d7a7a00000,0x000000d7a7b00000] [id=15992]
  0x00000299ea7d5ba0 ConcurrentGCThread "G1 Conc#1" [stack: 0x000000d7a9500000,0x000000d7a9600000] [id=10136]
  0x00000299e83660f0 ConcurrentGCThread "G1 Refine#0" [stack: 0x000000d7a7b00000,0x000000d7a7c00000] [id=10260]
  0x00000299e8367930 ConcurrentGCThread "G1 Service" [stack: 0x000000d7a7c00000,0x000000d7a7d00000] [id=26832]

Threads with active compile tasks:
C2 CompilerThread0     2165 1674       4       jdk.internal.org.objectweb.asm.Frame::execute (2305 bytes)
C2 CompilerThread1     2166 1628   !   4       java.net.URL::<init> (543 bytes)

VM state: not at safepoint (normal execution)

VM Mutex/Monitor currently owned by a thread:  ([mutex/lock_event])
[0x00000299ce595b30] Uncommit_lock - owner thread: 0x00000299e8367930
[0x00000299ce5a8da0] Heap_lock - owner thread: 0x00000299ce61ce80

Heap address: 0x0000000081c00000, size: 2020 MB, Compressed Oops mode: 32-bit

CDS archive(s) not mapped
Compressed class space mapped at: 0x0000000100000000-0x0000000140000000, reserved size: 1073741824
Narrow klass base: 0x0000000000000000, Narrow klass shift: 3, Narrow klass range: 0x140000000

GC Precious Log:
 CPUs: 8 total, 8 available
 Memory: 8074M
 Large Page Support: Disabled
 NUMA Support: Disabled
 Compressed Oops: Enabled (32-bit)
 Heap Region Size: 1M
 Heap Min Capacity: 8M
 Heap Initial Capacity: 128M
 Heap Max Capacity: 2020M
 Pre-touch: Disabled
 Parallel Workers: 8
 Concurrent Workers: 2
 Concurrent Refinement Workers: 8
 Periodic GC: Disabled

Heap:
 garbage-first heap   total 30720K, used 7150K [0x0000000081c00000, 0x0000000100000000)
  region size 1024K, 4 young (4096K), 3 survivors (3072K)
 Metaspace       used 21477K, committed 21696K, reserved 1073152K
  class space    used 2308K, committed 2432K, reserved 1048576K

Heap Regions: E=young(eden), S=young(survivor), O=old, HS=humongous(starts), HC=humongous(continues), CS=collection set, F=free, OA=open archive, CA=closed archive, TAMS=top-at-mark-start (previous, next)
|   0|0x0000000081c00000, 0x0000000081d00000, 0x0000000081d00000|100%| O|  |TAMS 0x0000000081d00000, 0x0000000081c00000| Untracked 
|   1|0x0000000081d00000, 0x0000000081e00000, 0x0000000081e00000|100%| O|  |TAMS 0x0000000081dbe600, 0x0000000081d00000| Untracked 
|   2|0x0000000081e00000, 0x0000000081f00000, 0x0000000081f00000|100%| O|  |TAMS 0x0000000081e00000, 0x0000000081e00000| Untracked 
|   3|0x0000000081f00000, 0x0000000082000000, 0x0000000082000000|100%| O|  |TAMS 0x0000000081f00000, 0x0000000081f00000| Untracked 
|   4|0x0000000082000000, 0x00000000820d6a00, 0x0000000082100000| 83%| O|  |TAMS 0x0000000082000000, 0x0000000082000000| Updating 
|   5|0x0000000082100000, 0x0000000082100000, 0x0000000082200000|  0%| F|  |TAMS 0x0000000082100000, 0x0000000082100000| Untracked 
|   6|0x0000000082200000, 0x0000000082200000, 0x0000000082300000|  0%| F|  |TAMS 0x0000000082200000, 0x0000000082200000| Untracked 
|   7|0x0000000082300000, 0x0000000082300000, 0x0000000082400000|  0%| F|  |TAMS 0x0000000082300000, 0x0000000082300000| Untracked 
|   8|0x0000000082400000, 0x0000000082400000, 0x0000000082500000|  0%| F|  |TAMS 0x0000000082400000, 0x0000000082400000| Untracked 
|   9|0x0000000082500000, 0x0000000082500000, 0x0000000082600000|  0%| F|  |TAMS 0x0000000082500000, 0x0000000082500000| Untracked 
|  10|0x0000000082600000, 0x0000000082600000, 0x0000000082700000|  0%| F|  |TAMS 0x0000000082600000, 0x0000000082600000| Untracked 
|  11|0x0000000082700000, 0x0000000082700000, 0x0000000082800000|  0%| F|  |TAMS 0x0000000082700000, 0x0000000082700000| Untracked 
|  12|0x0000000082800000, 0x0000000082800000, 0x0000000082900000|  0%| F|  |TAMS 0x0000000082800000, 0x0000000082800000| Untracked 
|  13|0x0000000082900000, 0x0000000082900000, 0x0000000082a00000|  0%| F|  |TAMS 0x0000000082900000, 0x0000000082900000| Untracked 
|  14|0x0000000082a00000, 0x0000000082a00000, 0x0000000082b00000|  0%| F|  |TAMS 0x0000000082a00000, 0x0000000082a00000| Untracked 
|  15|0x0000000082b00000, 0x0000000082b00000, 0x0000000082c00000|  0%| F|  |TAMS 0x0000000082b00000, 0x0000000082b00000| Untracked 
|  16|0x0000000082c00000, 0x0000000082c00000, 0x0000000082d00000|  0%| F|  |TAMS 0x0000000082c00000, 0x0000000082c00000| Untracked 
|  17|0x0000000082d00000, 0x0000000082d00000, 0x0000000082e00000|  0%| F|  |TAMS 0x0000000082d00000, 0x0000000082d00000| Untracked 
|  18|0x0000000082e00000, 0x0000000082e00000, 0x0000000082f00000|  0%| F|  |TAMS 0x0000000082e00000, 0x0000000082e00000| Untracked 
|  19|0x0000000082f00000, 0x0000000082f00000, 0x0000000083000000|  0%| F|  |TAMS 0x0000000082f00000, 0x0000000082f00000| Untracked 
|  20|0x0000000083000000, 0x0000000083000000, 0x0000000083100000|  0%| F|  |TAMS 0x0000000083000000, 0x0000000083000000| Untracked 
|  21|0x0000000083100000, 0x0000000083100000, 0x0000000083200000|  0%| F|  |TAMS 0x0000000083100000, 0x0000000083100000| Untracked 
|  22|0x0000000083200000, 0x0000000083200000, 0x0000000083300000|  0%| F|  |TAMS 0x0000000083200000, 0x0000000083200000| Untracked 
|  23|0x0000000083300000, 0x0000000083300000, 0x0000000083400000|  0%| F|  |TAMS 0x0000000083300000, 0x0000000083300000| Untracked 
|  24|0x0000000083400000, 0x0000000083400000, 0x0000000083500000|  0%| F|  |TAMS 0x0000000083400000, 0x0000000083400000| Untracked 
|  25|0x0000000083500000, 0x0000000083500000, 0x0000000083600000|  0%| F|  |TAMS 0x0000000083500000, 0x0000000083500000| Untracked 
|  97|0x0000000087d00000, 0x0000000087d25000, 0x0000000087e00000| 14%| S|CS|TAMS 0x0000000087d00000, 0x0000000087d00000| Complete 
|  98|0x0000000087e00000, 0x0000000087f00000, 0x0000000087f00000|100%| S|CS|TAMS 0x0000000087e00000, 0x0000000087e00000| Complete 
|  99|0x0000000087f00000, 0x0000000088000000, 0x0000000088000000|100%| S|CS|TAMS 0x0000000087f00000, 0x0000000087f00000| Complete 
| 127|0x0000000089b00000, 0x0000000089bf4ab0, 0x0000000089c00000| 95%| E|  |TAMS 0x0000000089b00000, 0x0000000089b00000| Complete 

Card table byte_map: [0x00000299e1380000,0x00000299e1780000] _byte_map_base: 0x00000299e0f72000

Marking Bits (Prev, Next): (CMBitMap*) 0x00000299ce60c0a0, (CMBitMap*) 0x00000299ce60c060
 Prev Bits: [0x00000299e3b10000, 0x00000299e5aa0000)
 Next Bits: [0x00000299e1b80000, 0x00000299e3b10000)

Polling page: 0x00000299cc700000

Metaspace:

Usage:
  Non-class:     18.73 MB used.
      Class:      2.26 MB used.
       Both:     20.98 MB used.

Virtual space:
  Non-class space:       24.00 MB reserved,      18.81 MB ( 78%) committed,  3 nodes.
      Class space:        1.00 GB reserved,       2.38 MB ( <1%) committed,  1 nodes.
             Both:        1.02 GB reserved,      21.19 MB (  2%) committed. 

Chunk freelists:
   Non-Class:  1.06 MB
       Class:  1.47 MB
        Both:  2.53 MB

MaxMetaspaceSize: unlimited
CompressedClassSpaceSize: 1.00 GB
Initial GC threshold: 21.00 MB
Current GC threshold: 35.31 MB
CDS: off
MetaspaceReclaimPolicy: balanced
 - commit_granule_bytes: 65536.
 - commit_granule_words: 8192.
 - virtual_space_node_default_size: 1048576.
 - enlarge_chunks_in_place: 1.
 - new_chunks_are_fully_committed: 0.
 - uncommit_free_chunks: 1.
 - use_allocation_guard: 0.
 - handle_deallocations: 1.


Internal statistics:

num_allocs_failed_limit: 3.
num_arena_births: 184.
num_arena_deaths: 0.
num_vsnodes_births: 4.
num_vsnodes_deaths: 0.
num_space_committed: 339.
num_space_uncommitted: 0.
num_chunks_returned_to_freelist: 3.
num_chunks_taken_from_freelist: 604.
num_chunk_merges: 3.
num_chunk_splits: 400.
num_chunks_enlarged: 308.
num_purges: 0.
num_inconsistent_stats: 0.

CodeHeap 'non-profiled nmethods': size=120000Kb used=588Kb max_used=588Kb free=119411Kb
 bounds [0x00000299d9720000, 0x00000299d9990000, 0x00000299e0c50000]
CodeHeap 'profiled nmethods': size=120000Kb used=3208Kb max_used=3208Kb free=116791Kb
 bounds [0x00000299d21f0000, 0x00000299d2520000, 0x00000299d9720000]
CodeHeap 'non-nmethods': size=5760Kb used=1185Kb max_used=1205Kb free=4574Kb
 bounds [0x00000299d1c50000, 0x00000299d1ec0000, 0x00000299d21f0000]
 total_blobs=2215 nmethods=1732 adapters=395
 compilation: enabled
              stopped_count=0, restarted_count=0
 full_count=0

Compilation events (20 events):
Event: 2.067 Thread 0x00000299e9053760 nmethod 1692 0x00000299d24f9610 code [0x00000299d24f97c0, 0x00000299d24f9a08]
Event: 2.067 Thread 0x00000299e9053760 1695       3       jdk.internal.org.objectweb.asm.MethodWriter::putFrame (549 bytes)
Event: 2.072 Thread 0x00000299e9053760 nmethod 1695 0x00000299d24f9b90 code [0x00000299d24fa000, 0x00000299d24fbb38]
Event: 2.073 Thread 0x00000299e9053760 1693       3       jdk.internal.org.objectweb.asm.Frame::putAbstractType (379 bytes)
Event: 2.075 Thread 0x00000299e9053760 nmethod 1693 0x00000299d24fc790 code [0x00000299d24fcbc0, 0x00000299d24fe2d8]
Event: 2.075 Thread 0x00000299e9053760 1696       3       java.util.LinkedHashMap$LinkedValues::iterator (12 bytes)
Event: 2.076 Thread 0x00000299e9053760 nmethod 1696 0x00000299d24fed10 code [0x00000299d24feec0, 0x00000299d24ff278]
Event: 2.076 Thread 0x00000299e9053760 1694       3       jdk.internal.org.objectweb.asm.SymbolTable::getType (7 bytes)
Event: 2.076 Thread 0x00000299e9053760 nmethod 1694 0x00000299d24ff390 code [0x00000299d24ff520, 0x00000299d24ff658]
Event: 2.076 Thread 0x00000299e9053760 1697       3       org.springframework.util.ConcurrentReferenceHashMap$ReferenceManager::createReference (43 bytes)
Event: 2.077 Thread 0x00000299e9053760 nmethod 1697 0x00000299d24ff710 code [0x00000299d24ff900, 0x00000299d24ffe88]
Event: 2.077 Thread 0x00000299e9053760 1698       3       org.springframework.util.ConcurrentReferenceHashMap$SoftEntryReference::<init> (18 bytes)
Event: 2.077 Thread 0x00000299e9053760 nmethod 1698 0x00000299d2500090 code [0x00000299d2500240, 0x00000299d25005f8]
Event: 2.078 Thread 0x00000299e9053760 1699       3       java.lang.Class::getInterfaces (6 bytes)
Event: 2.078 Thread 0x00000299e9053760 nmethod 1699 0x00000299d2500710 code [0x00000299d25008a0, 0x00000299d25009e8]
Event: 2.078 Thread 0x00000299e9053760 1700       3       jdk.internal.org.objectweb.asm.MethodWriter::visitLdcInsn (215 bytes)
Event: 2.082 Thread 0x00000299e9053760 nmethod 1700 0x00000299d2500a90 code [0x00000299d2500d00, 0x00000299d25017c8]
Event: 2.082 Thread 0x00000299e9053760 1702       3       java.lang.AbstractStringBuilder::<init> (63 bytes)
Event: 2.082 Thread 0x00000299e9053760 nmethod 1702 0x00000299d2501c10 code [0x00000299d2501e00, 0x00000299d2502398]
Event: 2.083 Thread 0x00000299e9053760 1701   !   3       java.lang.Class::getEnumConstantsShared (71 bytes)

GC Heap History (2 events):
Event: 1.426 GC heap before
{Heap before GC invocations=0 (full 0):
 garbage-first heap   total 131072K, used 22528K [0x0000000081c00000, 0x0000000100000000)
  region size 1024K, 23 young (23552K), 0 survivors (0K)
 Metaspace       used 14335K, committed 14528K, reserved 1064960K
  class space    used 1451K, committed 1536K, reserved 1048576K
}
Event: 1.437 GC heap after
{Heap after GC invocations=1 (full 0):
 garbage-first heap   total 131072K, used 4857K [0x0000000081c00000, 0x0000000100000000)
  region size 1024K, 3 young (3072K), 3 survivors (3072K)
 Metaspace       used 14335K, committed 14528K, reserved 1064960K
  class space    used 1451K, committed 1536K, reserved 1048576K
}

Dll operation events (7 events):
Event: 0.015 Loaded shared library C:\Users\21268\.p2\pool\plugins\org.eclipse.justj.openjdk.hotspot.jre.full.win32.x86_64_17.0.5.v20221102-0933\jre\bin\java.dll
Event: 0.317 Loaded shared library C:\Users\21268\.p2\pool\plugins\org.eclipse.justj.openjdk.hotspot.jre.full.win32.x86_64_17.0.5.v20221102-0933\jre\bin\net.dll
Event: 0.320 Loaded shared library C:\Users\21268\.p2\pool\plugins\org.eclipse.justj.openjdk.hotspot.jre.full.win32.x86_64_17.0.5.v20221102-0933\jre\bin\nio.dll
Event: 0.329 Loaded shared library C:\Users\21268\.p2\pool\plugins\org.eclipse.justj.openjdk.hotspot.jre.full.win32.x86_64_17.0.5.v20221102-0933\jre\bin\zip.dll
Event: 0.538 Loaded shared library C:\Users\21268\.p2\pool\plugins\org.eclipse.justj.openjdk.hotspot.jre.full.win32.x86_64_17.0.5.v20221102-0933\jre\bin\jimage.dll
Event: 1.055 Loaded shared library C:\Users\21268\.p2\pool\plugins\org.eclipse.justj.openjdk.hotspot.jre.full.win32.x86_64_17.0.5.v20221102-0933\jre\bin\management.dll
Event: 1.060 Loaded shared library C:\Users\21268\.p2\pool\plugins\org.eclipse.justj.openjdk.hotspot.jre.full.win32.x86_64_17.0.5.v20221102-0933\jre\bin\management_ext.dll

Deoptimization events (20 events):
Event: 1.986 Thread 0x00000299ea575080 Uncommon trap: trap_request=0xffffff45 fr.pc=0x00000299d9729e68 relative=0x0000000000000448
Event: 1.986 Thread 0x00000299ea575080 Uncommon trap: reason=unstable_if action=reinterpret pc=0x00000299d9729e68 method=java.lang.StringLatin1.canEncode(I)Z @ 4 c2
Event: 1.986 Thread 0x00000299ea575080 DEOPT PACKING pc=0x00000299d9729e68 sp=0x000000d7a92fd9f0
Event: 1.987 Thread 0x00000299ea575080 DEOPT UNPACKING pc=0x00000299d1ca23a3 sp=0x000000d7a92fd918 mode 2
Event: 1.987 Thread 0x00000299ea575080 Uncommon trap: trap_request=0xffffff45 fr.pc=0x00000299d976fd4c relative=0x000000000000042c
Event: 1.987 Thread 0x00000299ea575080 Uncommon trap: reason=unstable_if action=reinterpret pc=0x00000299d976fd4c method=java.lang.AbstractStringBuilder.isLatin1()Z @ 10 c2
Event: 1.987 Thread 0x00000299ea575080 DEOPT PACKING pc=0x00000299d976fd4c sp=0x000000d7a92fda10
Event: 1.987 Thread 0x00000299ea575080 DEOPT UNPACKING pc=0x00000299d1ca23a3 sp=0x000000d7a92fd990 mode 2
Event: 1.987 Thread 0x00000299ea575080 Uncommon trap: trap_request=0xffffff45 fr.pc=0x00000299d972bfdc relative=0x000000000000005c
Event: 1.987 Thread 0x00000299ea575080 Uncommon trap: reason=unstable_if action=reinterpret pc=0x00000299d972bfdc method=java.lang.AbstractStringBuilder.isLatin1()Z @ 10 c2
Event: 1.987 Thread 0x00000299ea575080 DEOPT PACKING pc=0x00000299d972bfdc sp=0x000000d7a92fd9f0
Event: 1.987 Thread 0x00000299ea575080 DEOPT UNPACKING pc=0x00000299d1ca23a3 sp=0x000000d7a92fd980 mode 2
Event: 1.996 Thread 0x00000299ea575080 Uncommon trap: trap_request=0xffffff45 fr.pc=0x00000299d97696c8 relative=0x0000000000000048
Event: 1.996 Thread 0x00000299ea575080 Uncommon trap: reason=unstable_if action=reinterpret pc=0x00000299d97696c8 method=java.lang.CharacterData.of(I)Ljava/lang/CharacterData; @ 4 c2
Event: 1.996 Thread 0x00000299ea575080 DEOPT PACKING pc=0x00000299d97696c8 sp=0x000000d7a92fd1c0
Event: 1.996 Thread 0x00000299ea575080 DEOPT UNPACKING pc=0x00000299d1ca23a3 sp=0x000000d7a92fd158 mode 2
Event: 2.026 Thread 0x00000299e9a15370 Uncommon trap: trap_request=0xffffff45 fr.pc=0x00000299d9786794 relative=0x00000000000002f4
Event: 2.026 Thread 0x00000299e9a15370 Uncommon trap: reason=unstable_if action=reinterpret pc=0x00000299d9786794 method=jdk.internal.org.objectweb.asm.SymbolTable.put(Ljdk/internal/org/objectweb/asm/SymbolTable$Entry;)Ljdk/internal/org/objectweb/asm/SymbolTable$Entry; @ 13 c2
Event: 2.026 Thread 0x00000299e9a15370 DEOPT PACKING pc=0x00000299d9786794 sp=0x000000d7a8cfce90
Event: 2.026 Thread 0x00000299e9a15370 DEOPT UNPACKING pc=0x00000299d1ca23a3 sp=0x000000d7a8cfce10 mode 2

Classes unloaded (0 events):
No events

Classes redefined (0 events):
No events

Internal exceptions (20 events):
Event: 1.484 Thread 0x00000299e9a15370 Exception <a 'java/lang/NoSuchMethodError'{0x0000000089ab1068}: 'java.lang.Object java.lang.invoke.DirectMethodHandle$Holder.invokeSpecial(java.lang.Object, java.lang.Object, java.lang.Object, java.lang.Object, java.lang.Object, java.lang.Object, int)'> (0x0000000089ab1068) 
thrown [s\src\hotspot\share\interpreter\linkResolver.cpp, line 759]
Event: 1.485 Thread 0x00000299e9a15370 Exception <a 'java/lang/NoSuchMethodError'{0x0000000089abb5d0}: 'java.lang.Object java.lang.invoke.DirectMethodHandle$Holder.newInvokeSpecial(java.lang.Object, java.lang.Object, java.lang.Object, java.lang.Object, java.lang.Object, java.lang.Object, int)'> (0x0000000089abb5d0) 
thrown [s\src\hotspot\share\interpreter\linkResolver.cpp, line 759]
Event: 1.486 Thread 0x00000299e9a15370 Exception <a 'java/lang/NoSuchMethodError'{0x0000000089ac0610}: 'java.lang.Object java.lang.invoke.DirectMethodHandle$Holder.invokeSpecial(java.lang.Object, java.lang.Object, java.lang.Object, java.lang.Object, java.lang.Object, java.lang.Object, java.lang.Object, int)'> (0x0000000089ac0610) 
thrown [s\src\hotspot\share\interpreter\linkResolver.cpp, line 759]
Event: 1.534 Thread 0x00000299e9a15370 Exception <a 'java/lang/NoSuchMethodError'{0x00000000899f7e28}: 'int java.lang.invoke.DirectMethodHandle$Holder.invokeInterface(java.lang.Object, java.lang.Object)'> (0x00000000899f7e28) 
thrown [s\src\hotspot\share\interpreter\linkResolver.cpp, line 759]
Event: 1.577 Thread 0x00000299e9a15370 Exception <a 'java/lang/NoSuchMethodError'{0x0000000089706980}: 'java.lang.Object java.lang.invoke.DirectMethodHandle$Holder.invokeSpecial(java.lang.Object, java.lang.Object, java.lang.Object, int, java.lang.Object)'> (0x0000000089706980) 
thrown [s\src\hotspot\share\interpreter\linkResolver.cpp, line 759]
Event: 1.578 Thread 0x00000299e9a15370 Exception <a 'java/lang/NoSuchMethodError'{0x000000008970efe0}: 'java.lang.Object java.lang.invoke.DirectMethodHandle$Holder.newInvokeSpecial(java.lang.Object, java.lang.Object, java.lang.Object, int, java.lang.Object)'> (0x000000008970efe0) 
thrown [s\src\hotspot\share\interpreter\linkResolver.cpp, line 759]
Event: 1.582 Thread 0x00000299e9a15370 Exception <a 'java/lang/NoSuchMethodError'{0x0000000089725830}: 'java.lang.Object java.lang.invoke.DirectMethodHandle$Holder.newInvokeSpecial(java.lang.Object, int, java.lang.Object)'> (0x0000000089725830) 
thrown [s\src\hotspot\share\interpreter\linkResolver.cpp, line 759]
Event: 1.583 Thread 0x00000299e9a15370 Exception <a 'java/lang/NoSuchMethodError'{0x000000008972a510}: 'int java.lang.invoke.DirectMethodHandle$Holder.invokeSpecialIFC(java.lang.Object, java.lang.Object, java.lang.Object, java.lang.Object)'> (0x000000008972a510) 
thrown [s\src\hotspot\share\interpreter\linkResolver.cpp, line 759]
Event: 1.618 Thread 0x00000299e9a15370 Exception <a 'java/lang/NoSuchMethodError'{0x0000000089604648}: 'void java.lang.invoke.DirectMethodHandle$Holder.invokeInterface(java.lang.Object, java.lang.Object, java.lang.Object)'> (0x0000000089604648) 
thrown [s\src\hotspot\share\interpreter\linkResolver.cpp, line 759]
Event: 1.658 Thread 0x00000299e9a15370 Exception <a 'java/lang/NoSuchMethodError'{0x00000000896b2208}: 'void java.lang.invoke.DirectMethodHandle$Holder.invokeStaticInit(java.lang.Object, java.lang.Object, java.lang.Object)'> (0x00000000896b2208) 
thrown [s\src\hotspot\share\interpreter\linkResolver.cpp, line 759]
Event: 1.666 Thread 0x00000299e9a15370 Exception <a 'java/lang/NoSuchMethodError'{0x00000000896cc2c8}: 'java.lang.Object java.lang.invoke.DirectMethodHandle$Holder.invokeStatic(java.lang.Object, java.lang.Object, long, java.lang.Object)'> (0x00000000896cc2c8) 
thrown [s\src\hotspot\share\interpreter\linkResolver.cpp, line 759]
Event: 1.666 Thread 0x00000299e9a15370 Exception <a 'java/lang/NoSuchMethodError'{0x00000000896cffc8}: 'java.lang.Object java.lang.invoke.DirectMethodHandle$Holder.invokeStaticInit(java.lang.Object, java.lang.Object, long, java.lang.Object)'> (0x00000000896cffc8) 
thrown [s\src\hotspot\share\interpreter\linkResolver.cpp, line 759]
Event: 1.667 Thread 0x00000299e9a15370 Exception <a 'java/lang/NoSuchMethodError'{0x00000000896d6710}: 'java.lang.Object java.lang.invoke.DirectMethodHandle$Holder.newInvokeSpecial(java.lang.Object, java.lang.Object, long)'> (0x00000000896d6710) 
thrown [s\src\hotspot\share\interpreter\linkResolver.cpp, line 759]
Event: 1.667 Thread 0x00000299e9a15370 Exception <a 'java/lang/NoSuchMethodError'{0x00000000896da280}: 'java.lang.Object java.lang.invoke.Invokers$Holder.linkToTargetMethod(java.lang.Object, long, java.lang.Object)'> (0x00000000896da280) 
thrown [s\src\hotspot\share\interpreter\linkResolver.cpp, line 759]
Event: 1.690 Thread 0x00000299e9a15370 Exception <a 'java/lang/NoSuchMethodError'{0x0000000089527610}: 'void java.lang.invoke.DirectMethodHandle$Holder.invokeSpecial(java.lang.Object, java.lang.Object, java.lang.Object, java.lang.Object, java.lang.Object)'> (0x0000000089527610) 
thrown [s\src\hotspot\share\interpreter\linkResolver.cpp, line 759]
Event: 1.691 Thread 0x00000299e9a15370 Exception <a 'java/lang/NoSuchMethodError'{0x000000008952fc28}: 'void java.lang.invoke.DirectMethodHandle$Holder.invokeVirtual(java.lang.Object, java.lang.Object, java.lang.Object, java.lang.Object)'> (0x000000008952fc28) 
thrown [s\src\hotspot\share\interpreter\linkResolver.cpp, line 759]
Event: 1.759 Thread 0x00000299e9a15370 Exception <a 'java/lang/NoSuchMethodError'{0x0000000089486b80}: 'void java.lang.invoke.DirectMethodHandle$Holder.invokeSpecial(java.lang.Object, java.lang.Object, java.lang.Object)'> (0x0000000089486b80) 
thrown [s\src\hotspot\share\interpreter\linkResolver.cpp, line 759]
Event: 1.772 Thread 0x00000299ea575080 Exception <a 'java/lang/NoClassDefFoundError'{0x00000000894e6f48}: jakarta/validation/Validation> (0x00000000894e6f48) 
thrown [s\src\hotspot\share\classfile\systemDictionary.cpp, line 245]
Event: 1.772 Thread 0x00000299e9a15370 Exception <a 'java/lang/IncompatibleClassChangeError'{0x00000000894b7e58}: Found class java.lang.Object, but interface was expected> (0x00000000894b7e58) 
thrown [s\src\hotspot\share\interpreter\linkResolver.cpp, line 826]
Event: 1.951 Thread 0x00000299e9a15370 Exception <a 'java/lang/NoSuchMethodError'{0x0000000088a44260}: 'java.lang.Object java.lang.invoke.DirectMethodHandle$Holder.invokeStatic(java.lang.Object, int, java.lang.Object)'> (0x0000000088a44260) 
thrown [s\src\hotspot\share\interpreter\linkResolver.cpp, line 759]

VM Operations (18 events):
Event: 0.353 Executing VM operation: HandshakeAllThreads
Event: 0.353 Executing VM operation: HandshakeAllThreads done
Event: 0.546 Executing VM operation: HandshakeAllThreads
Event: 0.546 Executing VM operation: HandshakeAllThreads done
Event: 0.749 Executing VM operation: HandshakeAllThreads
Event: 0.749 Executing VM operation: HandshakeAllThreads done
Event: 1.234 Executing VM operation: HandshakeAllThreads
Event: 1.234 Executing VM operation: HandshakeAllThreads done
Event: 1.234 Executing VM operation: Cleanup
Event: 1.234 Executing VM operation: Cleanup done
Event: 1.425 Executing VM operation: G1CollectForAllocation
Event: 1.437 Executing VM operation: G1CollectForAllocation done
Event: 1.551 Executing VM operation: HandshakeAllThreads
Event: 1.551 Executing VM operation: HandshakeAllThreads done
Event: 1.756 Executing VM operation: HandshakeAllThreads
Event: 1.756 Executing VM operation: HandshakeAllThreads done
Event: 1.998 Executing VM operation: HandshakeAllThreads
Event: 1.998 Executing VM operation: HandshakeAllThreads done

Events (20 events):
Event: 2.010 loading class jdk/internal/reflect/UTF8
Event: 2.010 loading class jdk/internal/reflect/UTF8 done
Event: 2.011 loading class java/io/CharArrayReader
Event: 2.011 loading class java/io/CharArrayReader done
Event: 2.011 loading class jdk/internal/reflect/Label
Event: 2.011 loading class java/io/StringReader
Event: 2.011 loading class jdk/internal/reflect/Label done
Event: 2.011 loading class jdk/internal/reflect/Label$PatchInfo
Event: 2.011 loading class java/io/StringReader done
Event: 2.012 loading class jdk/internal/reflect/Label$PatchInfo done
Event: 2.012 loading class jdk/internal/reflect/MethodAccessorGenerator$1
Event: 2.012 loading class jdk/internal/reflect/MethodAccessorGenerator$1 done
Event: 2.012 loading class jdk/internal/reflect/ClassDefiner
Event: 2.012 loading class jdk/internal/reflect/ClassDefiner done
Event: 2.012 loading class jdk/internal/reflect/ClassDefiner$1
Event: 2.012 loading class jdk/internal/reflect/ClassDefiner$1 done
Event: 2.012 loading class jdk/internal/reflect/BootstrapConstructorAccessorImpl
Event: 2.012 loading class jdk/internal/reflect/BootstrapConstructorAccessorImpl done
Event: 2.018 loading class java/lang/annotation/Repeatable
Event: 2.018 loading class java/lang/annotation/Repeatable done


Dynamic libraries:
0x00007ff664ae0000 - 0x00007ff664aee000 	C:\Users\21268\.p2\pool\plugins\org.eclipse.justj.openjdk.hotspot.jre.full.win32.x86_64_17.0.5.v20221102-0933\jre\bin\javaw.exe
0x00007ff8f0230000 - 0x00007ff8f0446000 	C:\WINDOWS\SYSTEM32\ntdll.dll
0x00007ff8a3910000 - 0x00007ff8a3929000 	C:\Program Files\AVG\Antivirus\aswhook.dll
0x00007ff8ee990000 - 0x00007ff8eea54000 	C:\WINDOWS\System32\KERNEL32.DLL
0x00007ff8ed610000 - 0x00007ff8ed9b6000 	C:\WINDOWS\System32\KERNELBASE.dll
0x00007ff8edd40000 - 0x00007ff8ede51000 	C:\WINDOWS\System32\ucrtbase.dll
0x00007ff8e6320000 - 0x00007ff8e6337000 	C:\Users\21268\.p2\pool\plugins\org.eclipse.justj.openjdk.hotspot.jre.full.win32.x86_64_17.0.5.v20221102-0933\jre\bin\jli.dll
0x00007ff8e4da0000 - 0x00007ff8e4db9000 	C:\Users\21268\.p2\pool\plugins\org.eclipse.justj.openjdk.hotspot.jre.full.win32.x86_64_17.0.5.v20221102-0933\jre\bin\VCRUNTIME140.dll
0x00007ff8eee80000 - 0x00007ff8ef02d000 	C:\WINDOWS\System32\USER32.dll
0x00007ff8edbf0000 - 0x00007ff8edc16000 	C:\WINDOWS\System32\win32u.dll
0x00007ff8c1220000 - 0x00007ff8c14b3000 	C:\WINDOWS\WinSxS\amd64_microsoft.windows.common-controls_6595b64144ccf1df_6.0.22621.3235_none_270f74e173860f98\COMCTL32.dll
0x00007ff8efa90000 - 0x00007ff8efab9000 	C:\WINDOWS\System32\GDI32.dll
0x00007ff8ef030000 - 0x00007ff8ef0d7000 	C:\WINDOWS\System32\msvcrt.dll
0x00007ff8edc20000 - 0x00007ff8edd38000 	C:\WINDOWS\System32\gdi32full.dll
0x00007ff8ed570000 - 0x00007ff8ed60a000 	C:\WINDOWS\System32\msvcp_win.dll
0x00007ff8ee480000 - 0x00007ff8ee4b1000 	C:\WINDOWS\System32\IMM32.DLL
0x00007ff8e6210000 - 0x00007ff8e621c000 	C:\Users\21268\.p2\pool\plugins\org.eclipse.justj.openjdk.hotspot.jre.full.win32.x86_64_17.0.5.v20221102-0933\jre\bin\vcruntime140_1.dll
0x00007ff8c1ef0000 - 0x00007ff8c1f81000 	C:\Users\21268\.p2\pool\plugins\org.eclipse.justj.openjdk.hotspot.jre.full.win32.x86_64_17.0.5.v20221102-0933\jre\bin\msvcp140.dll
0x00007ff864870000 - 0x00007ff8654b4000 	C:\Users\21268\.p2\pool\plugins\org.eclipse.justj.openjdk.hotspot.jre.full.win32.x86_64_17.0.5.v20221102-0933\jre\bin\server\jvm.dll
0x00007ff8edf80000 - 0x00007ff8ee032000 	C:\WINDOWS\System32\ADVAPI32.dll
0x00007ff8ee040000 - 0x00007ff8ee0e8000 	C:\WINDOWS\System32\sechost.dll
0x00007ff8edf50000 - 0x00007ff8edf78000 	C:\WINDOWS\System32\bcrypt.dll
0x00007ff8eed60000 - 0x00007ff8eee75000 	C:\WINDOWS\System32\RPCRT4.dll
0x00007ff8e4060000 - 0x00007ff8e4094000 	C:\WINDOWS\SYSTEM32\WINMM.dll
0x00007ff8e25b0000 - 0x00007ff8e25ba000 	C:\WINDOWS\SYSTEM32\VERSION.dll
0x00007ff8d9e30000 - 0x00007ff8d9e39000 	C:\WINDOWS\SYSTEM32\WSOCK32.dll
0x00007ff8ee6f0000 - 0x00007ff8ee761000 	C:\WINDOWS\System32\WS2_32.dll
0x00007ff8ec5b0000 - 0x00007ff8ec5c8000 	C:\WINDOWS\SYSTEM32\kernel.appcore.dll
0x00007ff8e5d70000 - 0x00007ff8e5d7a000 	C:\Users\21268\.p2\pool\plugins\org.eclipse.justj.openjdk.hotspot.jre.full.win32.x86_64_17.0.5.v20221102-0933\jre\bin\jimage.dll
0x00007ff8e89a0000 - 0x00007ff8e8bd3000 	C:\WINDOWS\SYSTEM32\DBGHELP.DLL
0x00007ff8ee0f0000 - 0x00007ff8ee478000 	C:\WINDOWS\System32\combase.dll
0x00007ff8f0110000 - 0x00007ff8f01e7000 	C:\WINDOWS\System32\OLEAUT32.dll
0x00007ff8e2340000 - 0x00007ff8e2372000 	C:\WINDOWS\SYSTEM32\dbgcore.DLL
0x00007ff8ede60000 - 0x00007ff8ededa000 	C:\WINDOWS\System32\bcryptPrimitives.dll
0x00007ff8afe70000 - 0x00007ff8afe95000 	C:\Users\21268\.p2\pool\plugins\org.eclipse.justj.openjdk.hotspot.jre.full.win32.x86_64_17.0.5.v20221102-0933\jre\bin\java.dll
0x00007ff88a880000 - 0x00007ff88a898000 	C:\Users\21268\.p2\pool\plugins\org.eclipse.justj.openjdk.hotspot.jre.full.win32.x86_64_17.0.5.v20221102-0933\jre\bin\zip.dll
0x00007ff8ef0e0000 - 0x00007ff8ef93d000 	C:\WINDOWS\System32\SHELL32.dll
0x00007ff8eb4a0000 - 0x00007ff8ebd98000 	C:\WINDOWS\SYSTEM32\windows.storage.dll
0x00007ff8eb360000 - 0x00007ff8eb49e000 	C:\WINDOWS\SYSTEM32\wintypes.dll
0x00007ff8ee830000 - 0x00007ff8ee923000 	C:\WINDOWS\System32\SHCORE.dll
0x00007ff8ee690000 - 0x00007ff8ee6ee000 	C:\WINDOWS\System32\shlwapi.dll
0x00007ff8ed4a0000 - 0x00007ff8ed4c6000 	C:\WINDOWS\SYSTEM32\profapi.dll
0x00007ff8e4de0000 - 0x00007ff8e4df9000 	C:\Users\21268\.p2\pool\plugins\org.eclipse.justj.openjdk.hotspot.jre.full.win32.x86_64_17.0.5.v20221102-0933\jre\bin\net.dll
0x00007ff8e4580000 - 0x00007ff8e46b7000 	C:\WINDOWS\SYSTEM32\WINHTTP.dll
0x00007ff8eca30000 - 0x00007ff8eca99000 	C:\WINDOWS\system32\mswsock.dll
0x00007ff8e4dc0000 - 0x00007ff8e4dd5000 	C:\Users\21268\.p2\pool\plugins\org.eclipse.justj.openjdk.hotspot.jre.full.win32.x86_64_17.0.5.v20221102-0933\jre\bin\nio.dll
0x00007ff8e4e90000 - 0x00007ff8e4e99000 	C:\Users\21268\.p2\pool\plugins\org.eclipse.justj.openjdk.hotspot.jre.full.win32.x86_64_17.0.5.v20221102-0933\jre\bin\management.dll
0x00007ff8e4d80000 - 0x00007ff8e4d8b000 	C:\Users\21268\.p2\pool\plugins\org.eclipse.justj.openjdk.hotspot.jre.full.win32.x86_64_17.0.5.v20221102-0933\jre\bin\management_ext.dll
0x00007ff8efaf0000 - 0x00007ff8efaf8000 	C:\WINDOWS\System32\PSAPI.DLL

dbghelp: loaded successfully - version: 4.0.5 - missing functions: none
symbol engine: initialized successfully - sym options: 0x614 - pdb path: .;C:\Users\21268\.p2\pool\plugins\org.eclipse.justj.openjdk.hotspot.jre.full.win32.x86_64_17.0.5.v20221102-0933\jre\bin;C:\WINDOWS\SYSTEM32;C:\Program Files\AVG\Antivirus;C:\WINDOWS\WinSxS\amd64_microsoft.windows.common-controls_6595b64144ccf1df_6.0.22621.3235_none_270f74e173860f98;C:\Users\21268\.p2\pool\plugins\org.eclipse.justj.openjdk.hotspot.jre.full.win32.x86_64_17.0.5.v20221102-0933\jre\bin\server

VM Arguments:
jvm_args: -Dfile.encoding=UTF-8 -XX:+ShowCodeDetailsInExceptionMessages 
java_command: com.produitsconsemetics.ProduitsCosmetics.ProduitsCosmeticsApplication
java_class_path (initial): C:\Users\21268\eclipce_spring\ProduitsCosmetics\target\classes;C:\Users\21268\.m2\repository\org\springframework\boot\spring-boot-starter-data-mongodb\3.2.2\spring-boot-starter-data-mongodb-3.2.2.jar;C:\Users\21268\.m2\repository\org\springframework\boot\spring-boot-starter\3.2.2\spring-boot-starter-3.2.2.jar;C:\Users\21268\.m2\repository\org\springframework\boot\spring-boot-starter-logging\3.2.2\spring-boot-starter-logging-3.2.2.jar;C:\Users\21268\.m2\repository\ch\qos\logback\logback-classic\1.4.14\logback-classic-1.4.14.jar;C:\Users\21268\.m2\repository\ch\qos\logback\logback-core\1.4.14\logback-core-1.4.14.jar;C:\Users\21268\.m2\repository\org\apache\logging\log4j\log4j-to-slf4j\2.21.1\log4j-to-slf4j-2.21.1.jar;C:\Users\21268\.m2\repository\org\apache\logging\log4j\log4j-api\2.21.1\log4j-api-2.21.1.jar;C:\Users\21268\.m2\repository\org\slf4j\jul-to-slf4j\2.0.11\jul-to-slf4j-2.0.11.jar;C:\Users\21268\.m2\repository\jakarta\annotation\jakarta.annotation-api\2.1.1\jakarta.annotation-api-2.1.1.jar;C:\Users\21268\.m2\repository\org\yaml\snakeyaml\2.2\snakeyaml-2.2.jar;C:\Users\21268\.m2\repository\org\mongodb\mongodb-driver-sync\4.11.1\mongodb-driver-sync-4.11.1.jar;C:\Users\21268\.m2\repository\org\mongodb\bson\4.11.1\bson-4.11.1.jar;C:\Users\21268\.m2\repository\org\mongodb\mongodb-driver-core\4.11.1\mongodb-driver-core-4.11.1.jar;C:\Users\21268\.m2\repository\org\mongodb\bson-record-codec\4.11.1\bson-record-codec-4.11.1.jar;C:\Users\21268\.m2\repository\org\springframework\data\spring-data-mongodb\4.2.2\spring-data-mongodb-4.2.2.jar;C:\Users\21268\.m2\repository\org\springframework\spring-tx\6.1.3\spring-tx-6.1.3.jar;C:\Users\21268\.m2\repository\org\springframework\spring-context\6.1.3\spring-context-6.1.3.jar;C:\Users\21268\.m2\repository\org\springframework\spring-beans\6.1.3\spring-beans-6.1.3.jar;C:\Users\21268\.m2\repository\org\springframework\spring-expression\6.1.3\spring-expression-6.1.3.jar;C:\Users\21268\.m2\repository\org\
Launcher Type: SUN_STANDARD

[Global flags]
     intx CICompilerCount                          = 4                                         {product} {ergonomic}
     uint ConcGCThreads                            = 2                                         {product} {ergonomic}
     uint G1ConcRefinementThreads                  = 8                                         {product} {ergonomic}
   size_t G1HeapRegionSize                         = 1048576                                   {product} {ergonomic}
    uintx GCDrainStackTargetSize                   = 64                                        {product} {ergonomic}
   size_t InitialHeapSize                          = 134217728                                 {product} {ergonomic}
   size_t MarkStackSize                            = 4194304                                   {product} {ergonomic}
   size_t MaxHeapSize                              = 2118123520                                {product} {ergonomic}
   size_t MaxNewSize                               = 1270874112                                {product} {ergonomic}
   size_t MinHeapDeltaBytes                        = 1048576                                   {product} {ergonomic}
   size_t MinHeapSize                              = 8388608                                   {product} {ergonomic}
    uintx NonNMethodCodeHeapSize                   = 5839372                                {pd product} {ergonomic}
    uintx NonProfiledCodeHeapSize                  = 122909434                              {pd product} {ergonomic}
    uintx ProfiledCodeHeapSize                     = 122909434                              {pd product} {ergonomic}
    uintx ReservedCodeCacheSize                    = 251658240                              {pd product} {ergonomic}
     bool SegmentedCodeCache                       = true                                      {product} {ergonomic}
     bool ShowCodeDetailsInExceptionMessages       = true                                   {manageable} {command line}
   size_t SoftMaxHeapSize                          = 2118123520                             {manageable} {ergonomic}
     bool UseCompressedClassPointers               = true                           {product lp64_product} {ergonomic}
     bool UseCompressedOops                        = true                           {product lp64_product} {ergonomic}
     bool UseG1GC                                  = true                                      {product} {ergonomic}
     bool UseLargePagesIndividualAllocation        = false                                  {pd product} {ergonomic}

Logging:
Log output configuration:
 #0: stdout all=warning uptime,level,tags
 #1: stderr all=off uptime,level,tags

Environment Variables:
JAVA_HOME=C:\Program Files\Java\jdk-17.0.8
PATH=C:/Users/21268/.p2/pool/plugins/org.eclipse.justj.openjdk.hotspot.jre.full.win32.x86_64_17.0.5.v20221102-0933/jre/bin/server;C:/Users/21268/.p2/pool/plugins/org.eclipse.justj.openjdk.hotspot.jre.full.win32.x86_64_17.0.5.v20221102-0933/jre/bin;C:\Program Files\Java\jdk-17.0.8\bin;D:\oracle\dbhomeXE\bin;C:\Users\21268\flutter\bin;C:\Program Files\Common Files\Oracle\Java\javapath;C:\Program Files\Git\cmd;C:\Program Files\Common Files\Siemens\Automation\Simatic OAM\bin;D:\Python39\Scripts\;D:\Python39\;C:\oraclexe\app\oracle\product\11.2.0\server\bin;C:\Program Files (x86)\Common Files\Oracle\Java\javapath;C:\Program Files (x86)\Intel\Intel(R) Management Engine Components\iCLS\;C:\Program Files\Intel\Intel(R) Management Engine Components\iCLS\;C:\WINDOWS\system32;C:\WINDOWS;C:\WINDOWS\System32\Wbem;C:\WINDOWS\System32\WindowsPowerShell\v1.0\;C:\WINDOWS\System32\OpenSSH\;C:\Program Files (x86)\Intel\Intel(R) Management Engine Components\DAL;C:\Program Files\Intel\Intel(R) Management Engine Components\DAL;C:\Program Files (x86)\Intel\Intel(R) Management Engine Components\IPT;C:\Program Files\Intel\Intel(R) Management Engine Components\IPT;C:\wamp64\bin\php\php7.1.9;C:\composer;C:\Program Files\MongoDB\Server\6.0\bin;C:\Users\21268\AppData\Roaming\nvm;C:\Program Files\nodejs;C:\Users\21268\AppData\Local\Programs\Python\Python312\Scripts\;C:\Users\21268\AppData\Local\Programs\Python\Python312\;C:\Users\21268\AppData\Local\Programs\Python\Launcher\;C:\Users\21268\Downloads\gradle-8.1.1\bin;C:\Users\21268\flutter\bin;C:\Users\21268\AppData\Local\Microsoft\WindowsApps;C:\Program Files\Sublime Text 3;C:\Users\21268\AppData\Roaming\Composer\vendor\bin;C:\wamp64\bin\php\php7.3.21;C:\Users\21268\AppData\Local\Programs\Microsoft VS Code\bin;C:\Windows\System32;D:\OracleXE213_Win64\intellig\IntelliJ IDEA 2022.3.1\bin;;C:\Users\21268\AppData\Roaming\npm;C:\Users\21268\AppData\Roaming\nvm;C:\Program Files\nodejs;C:\WINDOWS\System32;
USERNAME=21268
OS=Windows_NT
PROCESSOR_IDENTIFIER=Intel64 Family 6 Model 142 Stepping 10, GenuineIntel
TMP=C:\Users\21268\AppData\Local\Temp
TEMP=C:\Users\21268\AppData\Local\Temp



---------------  S Y S T E M  ---------------

OS:
 Windows 11 , 64 bit Build 22621 (10.0.22621.3235)
OS uptime: 0 days 21:24 hours

CPU: total 8 (initial active 8) (4 cores per cpu, 2 threads per core) family 6 model 142 stepping 10 microcode 0xe0, cx8, cmov, fxsr, ht, mmx, 3dnowpref, sse, sse2, sse3, ssse3, sse4.1, sse4.2, popcnt, lzcnt, tsc, tscinvbit, avx, avx2, aes, erms, clmul, bmi1, bmi2, adx, fma, vzeroupper, clflush, clflushopt

Memory: 4k page, system-wide physical 8074M (509M free)
TotalPageFile size 15294M (AvailPageFile size 101M)
current process WorkingSet (physical memory assigned to process): 86M, peak: 110M
current process commit charge ("private bytes"): 142M, peak: 243M

vm_info: OpenJDK 64-Bit Server VM (17.0.5+8) for windows-amd64 JRE (17.0.5+8), built on Oct 19 2022 04:48:13 by "temurin" with MS VC++ 16.7 (VS2019)

END.
