#
# There is insufficient memory for the Java Runtime Environment to continue.
# Native memory allocation (malloc) failed to allocate 32744 bytes for ChunkPool::allocate
# Possible reasons:
#   The system is out of physical RAM or swap space
#   The process is running with CompressedOops enabled, and the Java Heap may be blocking the growth of the native heap
# Possible solutions:
#   Reduce memory load on the system
#   Increase physical memory or swap space
#   Check if swap backing store is full
#   Decrease Java heap size (-Xmx/-Xms)
#   Decrease number of Java threads
#   Decrease Java thread stack sizes (-Xss)
#   Set larger code cache with -XX:ReservedCodeCacheSize=
#   JVM is running with Unscaled Compressed Oops mode in which the Java heap is
#     placed in the first 4GB address space. The Java Heap base address is the
#     maximum limit for the native heap growth. Please use -XX:HeapBaseMinAddress
#     to set the Java Heap base and to place the Java Heap above 4GB virtual address.
# This output file may be truncated or incomplete.
#
#  Out of Memory Error (arena.cpp:78), pid=320, tid=18288
#
# JRE version: OpenJDK Runtime Environment Temurin-17.0.5+8 (17.0.5+8) (build 17.0.5+8)
# Java VM: OpenJDK 64-Bit Server VM Temurin-17.0.5+8 (17.0.5+8, mixed mode, tiered, compressed oops, compressed class ptrs, g1 gc, windows-amd64)
# No core dump will be written. Minidumps are not enabled by default on client versions of Windows
#

---------------  S U M M A R Y ------------

Command Line: -Dfile.encoding=UTF-8 -XX:+ShowCodeDetailsInExceptionMessages com.produitsconsemetics.ProduitsCosmetics.ProduitsCosmeticsApplication

Host: Intel(R) Core(TM) i5-8250U CPU @ 1.60GHz, 8 cores, 7G,  Windows 11 , 64 bit Build 22621 (10.0.22621.3235)
Time: Thu Mar 21 09:31:12 2024 Paris, Madrid elapsed time: 33.178511 seconds (0d 0h 0m 33s)

---------------  T H R E A D  ---------------

Current thread (0x0000018c1a04e8a0):  JavaThread "C2 CompilerThread0" daemon [_thread_in_native, id=18288, stack(0x0000006d2bc00000,0x0000006d2bd00000)]


Current CompileTask:
C2:  33178 5046       4       org.springframework.data.mongodb.core.MongoTemplate$ReadDocumentCallback::doWith (104 bytes)

Stack: [0x0000006d2bc00000,0x0000006d2bd00000]
Native frames: (J=compiled Java code, j=interpreted, Vv=VM code, C=native code)
V  [jvm.dll+0x676b3a]
V  [jvm.dll+0x831444]
V  [jvm.dll+0x832bee]
V  [jvm.dll+0x833253]
V  [jvm.dll+0x244ce5]
V  [jvm.dll+0xabdcc]
V  [jvm.dll+0xac17c]
V  [jvm.dll+0x652c03]
V  [jvm.dll+0x33eb70]
V  [jvm.dll+0x33c62e]
V  [jvm.dll+0x68b715]
V  [jvm.dll+0x68ec31]
V  [jvm.dll+0x686f0b]
V  [jvm.dll+0x686547]
V  [jvm.dll+0x684442]
V  [jvm.dll+0x1a668c]
V  [jvm.dll+0x1a7256]
V  [jvm.dll+0x1a7256]
V  [jvm.dll+0x2aaf94]
V  [jvm.dll+0x68ee27]
V  [jvm.dll+0x686f0b]
V  [jvm.dll+0x686547]
V  [jvm.dll+0x684442]
V  [jvm.dll+0x1a668c]
V  [jvm.dll+0x1a7256]
V  [jvm.dll+0x2aaf94]
V  [jvm.dll+0x68ee27]
V  [jvm.dll+0x686f0b]
V  [jvm.dll+0x686547]
V  [jvm.dll+0x684442]
V  [jvm.dll+0x1a668c]
V  [jvm.dll+0x1a7256]
V  [jvm.dll+0x2aaf94]
V  [jvm.dll+0x68ee27]
V  [jvm.dll+0x686f0b]
V  [jvm.dll+0x686547]
V  [jvm.dll+0x684442]
V  [jvm.dll+0x1a668c]
V  [jvm.dll+0x1a7256]
V  [jvm.dll+0x2aaf94]
V  [jvm.dll+0x68ee27]
V  [jvm.dll+0x686f0b]
V  [jvm.dll+0x686547]
V  [jvm.dll+0x684442]
V  [jvm.dll+0x1a668c]
V  [jvm.dll+0x1a7256]
V  [jvm.dll+0x2aaf94]
V  [jvm.dll+0x68ee27]
V  [jvm.dll+0x686f0b]
V  [jvm.dll+0x686547]
V  [jvm.dll+0x684442]
V  [jvm.dll+0x1a668c]
V  [jvm.dll+0x1a7256]
V  [jvm.dll+0x2aaf94]
V  [jvm.dll+0x68ee27]
V  [jvm.dll+0x686f0b]
V  [jvm.dll+0x686547]
V  [jvm.dll+0x684442]
V  [jvm.dll+0x1a668c]
V  [jvm.dll+0x1a7256]
V  [jvm.dll+0x2aaf94]
V  [jvm.dll+0x68ee27]
V  [jvm.dll+0x686f0b]
V  [jvm.dll+0x686547]
V  [jvm.dll+0x684442]
V  [jvm.dll+0x1a668c]
V  [jvm.dll+0x1a7256]
V  [jvm.dll+0x2aaf94]
V  [jvm.dll+0x68ee27]
V  [jvm.dll+0x686f0b]
V  [jvm.dll+0x686547]
V  [jvm.dll+0x684442]
V  [jvm.dll+0x1a668c]
V  [jvm.dll+0x1a7256]
V  [jvm.dll+0x2aaf94]
V  [jvm.dll+0x68ee27]
V  [jvm.dll+0x686f0b]
V  [jvm.dll+0x686547]
V  [jvm.dll+0x684442]
V  [jvm.dll+0x1a668c]
V  [jvm.dll+0x1a7256]
V  [jvm.dll+0x2aaf94]
V  [jvm.dll+0x68ee27]
V  [jvm.dll+0x686f0b]
V  [jvm.dll+0x686547]
V  [jvm.dll+0x684442]
V  [jvm.dll+0x1a668c]
V  [jvm.dll+0x1a7256]
V  [jvm.dll+0x2aaf94]
V  [jvm.dll+0x68ee27]
V  [jvm.dll+0x686f0b]
V  [jvm.dll+0x686547]
V  [jvm.dll+0x684442]
V  [jvm.dll+0x1a668c]
V  [jvm.dll+0x1a7256]
V  [jvm.dll+0x2aaf94]
V  [jvm.dll+0x68ee27]
V  [jvm.dll+0x686f0b]
V  [jvm.dll+0x686547]
...<more frames>...


---------------  P R O C E S S  ---------------

Threads class SMR info:
_java_thread_list=0x0000018c1d9b0800, length=33, elements={
0x0000018c19568000, 0x0000018c19568e70, 0x0000018c1a038570, 0x0000018c1a039030,
0x0000018c1a039be0, 0x0000018c1a04dbc0, 0x0000018c1a04e8a0, 0x0000018c1a04f290,
0x0000018c1a063d70, 0x0000018c1a1d3b50, 0x0000018c1a1d0190, 0x0000018c1ec07330,
0x0000018c1d79b910, 0x0000018c1c419080, 0x0000018c1c41c0a0, 0x0000018c1c419ef0,
0x0000018c1c41b230, 0x0000018c1c41c570, 0x0000018c1c41a3c0, 0x0000018c1c419a20,
0x0000018c1c41a890, 0x0000018c1c419550, 0x0000018c1c41ad60, 0x0000018c1c41ca40,
0x0000018c1c41bbd0, 0x0000018c1dcf27d0, 0x0000018c1dcf3170, 0x0000018c1dced600,
0x0000018c1dcf3640, 0x0000018c1dcefc80, 0x0000018c1dcf0150, 0x0000018c1dcf2300,
0x0000018c1dcf0af0
}

Java Threads: ( => current thread )
  0x0000018c19568000 JavaThread "Reference Handler" daemon [_thread_blocked, id=20732, stack(0x0000006d2b600000,0x0000006d2b700000)]
  0x0000018c19568e70 JavaThread "Finalizer" daemon [_thread_blocked, id=24032, stack(0x0000006d2b700000,0x0000006d2b800000)]
  0x0000018c1a038570 JavaThread "Signal Dispatcher" daemon [_thread_blocked, id=18364, stack(0x0000006d2b800000,0x0000006d2b900000)]
  0x0000018c1a039030 JavaThread "Attach Listener" daemon [_thread_blocked, id=16352, stack(0x0000006d2b900000,0x0000006d2ba00000)]
  0x0000018c1a039be0 JavaThread "Service Thread" daemon [_thread_blocked, id=16632, stack(0x0000006d2ba00000,0x0000006d2bb00000)]
  0x0000018c1a04dbc0 JavaThread "Monitor Deflation Thread" daemon [_thread_blocked, id=17240, stack(0x0000006d2bb00000,0x0000006d2bc00000)]
=>0x0000018c1a04e8a0 JavaThread "C2 CompilerThread0" daemon [_thread_in_native, id=18288, stack(0x0000006d2bc00000,0x0000006d2bd00000)]
  0x0000018c1a04f290 JavaThread "C1 CompilerThread0" daemon [_thread_blocked, id=21320, stack(0x0000006d2bd00000,0x0000006d2be00000)]
  0x0000018c1a063d70 JavaThread "Sweeper thread" daemon [_thread_blocked, id=6332, stack(0x0000006d2be00000,0x0000006d2bf00000)]
  0x0000018c1a1d3b50 JavaThread "Notification Thread" daemon [_thread_blocked, id=25484, stack(0x0000006d2bf00000,0x0000006d2c000000)]
  0x0000018c1a1d0190 JavaThread "Common-Cleaner" daemon [_thread_blocked, id=6628, stack(0x0000006d2c100000,0x0000006d2c200000)]
  0x0000018c1ec07330 JavaThread "Catalina-utility-1" [_thread_blocked, id=21308, stack(0x0000006d2ca00000,0x0000006d2cb00000)]
  0x0000018c1d79b910 JavaThread "Catalina-utility-2" [_thread_blocked, id=14444, stack(0x0000006d2ce00000,0x0000006d2cf00000)]
  0x0000018c1c419080 JavaThread "container-0" [_thread_blocked, id=21672, stack(0x0000006d2cf00000,0x0000006d2d000000)]
  0x0000018c1c41c0a0 JavaThread "BufferPoolPruner-1-thread-1" daemon [_thread_blocked, id=7008, stack(0x0000006d2d000000,0x0000006d2d100000)]
  0x0000018c1c419ef0 JavaThread "cluster-ClusterId{value='65fbf0343e284c2c832d02d6', description='null'}-localhost:27017" daemon [_thread_in_native, id=21472, stack(0x0000006d2d100000,0x0000006d2d200000)]
  0x0000018c1c41b230 JavaThread "cluster-rtt-ClusterId{value='65fbf0343e284c2c832d02d6', description='null'}-localhost:27017" daemon [_thread_blocked, id=3088, stack(0x0000006d2d200000,0x0000006d2d300000)]
  0x0000018c1c41c570 JavaThread "MaintenanceTimer-2-thread-1" daemon [_thread_blocked, id=27324, stack(0x0000006d2d400000,0x0000006d2d500000)]
  0x0000018c1c41a3c0 JavaThread "Live Reload Server" daemon [_thread_in_native, id=1756, stack(0x0000006d2d600000,0x0000006d2d700000)]
  0x0000018c1c419a20 JavaThread "File Watcher" daemon [_thread_blocked, id=28116, stack(0x0000006d2d500000,0x0000006d2d600000)]
  0x0000018c1c41a890 JavaThread "http-nio-8080-exec-1" daemon [_thread_blocked, id=23624, stack(0x0000006d2d700000,0x0000006d2d800000)]
  0x0000018c1c419550 JavaThread "http-nio-8080-exec-2" daemon [_thread_blocked, id=17688, stack(0x0000006d2d800000,0x0000006d2d900000)]
  0x0000018c1c41ad60 JavaThread "http-nio-8080-exec-3" daemon [_thread_blocked, id=14588, stack(0x0000006d2d900000,0x0000006d2da00000)]
  0x0000018c1c41ca40 JavaThread "http-nio-8080-exec-4" daemon [_thread_blocked, id=21512, stack(0x0000006d2da00000,0x0000006d2db00000)]
  0x0000018c1c41bbd0 JavaThread "http-nio-8080-exec-5" daemon [_thread_blocked, id=25028, stack(0x0000006d2db00000,0x0000006d2dc00000)]
  0x0000018c1dcf27d0 JavaThread "http-nio-8080-exec-6" daemon [_thread_blocked, id=18244, stack(0x0000006d2dc00000,0x0000006d2dd00000)]
  0x0000018c1dcf3170 JavaThread "http-nio-8080-exec-7" daemon [_thread_blocked, id=23356, stack(0x0000006d2dd00000,0x0000006d2de00000)]
  0x0000018c1dced600 JavaThread "http-nio-8080-exec-8" daemon [_thread_in_native, id=15256, stack(0x0000006d2de00000,0x0000006d2df00000)]
  0x0000018c1dcf3640 JavaThread "http-nio-8080-exec-9" daemon [_thread_blocked, id=24040, stack(0x0000006d2df00000,0x0000006d2e000000)]
  0x0000018c1dcefc80 JavaThread "http-nio-8080-exec-10" daemon [_thread_blocked, id=17048, stack(0x0000006d2e000000,0x0000006d2e100000)]
  0x0000018c1dcf0150 JavaThread "http-nio-8080-Poller" daemon [_thread_in_native, id=10996, stack(0x0000006d2e100000,0x0000006d2e200000)]
  0x0000018c1dcf2300 JavaThread "http-nio-8080-Acceptor" daemon [_thread_in_native, id=19644, stack(0x0000006d2e200000,0x0000006d2e300000)]
  0x0000018c1dcf0af0 JavaThread "DestroyJavaVM" [_thread_blocked, id=10700, stack(0x0000006d2af00000,0x0000006d2b000000)]

Other Threads:
  0x0000018c19564950 VMThread "VM Thread" [stack: 0x0000006d2b500000,0x0000006d2b600000] [id=14384]
  0x0000018c7f598510 WatcherThread [stack: 0x0000006d2c000000,0x0000006d2c100000] [id=4072]
  0x0000018c7f57b660 GCTaskThread "GC Thread#0" [stack: 0x0000006d2b000000,0x0000006d2b100000] [id=15764]
  0x0000018c1b921460 GCTaskThread "GC Thread#1" [stack: 0x0000006d2c500000,0x0000006d2c600000] [id=22884]
  0x0000018c1b921710 GCTaskThread "GC Thread#2" [stack: 0x0000006d2c600000,0x0000006d2c700000] [id=26916]
  0x0000018c1b9219c0 GCTaskThread "GC Thread#3" [stack: 0x0000006d2c700000,0x0000006d2c800000] [id=11524]
  0x0000018c1ab9d4e0 GCTaskThread "GC Thread#4" [stack: 0x0000006d2c800000,0x0000006d2c900000] [id=27964]
  0x0000018c1ab9d790 GCTaskThread "GC Thread#5" [stack: 0x0000006d2c900000,0x0000006d2ca00000] [id=11832]
  0x0000018c1bb82000 GCTaskThread "GC Thread#6" [stack: 0x0000006d2cb00000,0x0000006d2cc00000] [id=22608]
  0x0000018c1b8839a0 GCTaskThread "GC Thread#7" [stack: 0x0000006d2cc00000,0x0000006d2cd00000] [id=10920]
  0x0000018c7f58c9c0 ConcurrentGCThread "G1 Main Marker" [stack: 0x0000006d2b100000,0x0000006d2b200000] [id=23388]
  0x0000018c7f58d3d0 ConcurrentGCThread "G1 Conc#0" [stack: 0x0000006d2b200000,0x0000006d2b300000] [id=14748]
  0x0000018c1bb032d0 ConcurrentGCThread "G1 Conc#1" [stack: 0x0000006d2cd00000,0x0000006d2ce00000] [id=21428]
  0x0000018c7f5cebb0 ConcurrentGCThread "G1 Refine#0" [stack: 0x0000006d2b300000,0x0000006d2b400000] [id=26096]
  0x0000018c193b8750 ConcurrentGCThread "G1 Service" [stack: 0x0000006d2b400000,0x0000006d2b500000] [id=22092]

Threads with active compile tasks:
C2 CompilerThread0    33354 5046       4       org.springframework.data.mongodb.core.MongoTemplate$ReadDocumentCallback::doWith (104 bytes)

VM state: not at safepoint (normal execution)

VM Mutex/Monitor currently owned by a thread: None

Heap address: 0x0000000081c00000, size: 2020 MB, Compressed Oops mode: 32-bit

CDS archive(s) not mapped
Compressed class space mapped at: 0x0000000100000000-0x0000000140000000, reserved size: 1073741824
Narrow klass base: 0x0000000000000000, Narrow klass shift: 3, Narrow klass range: 0x140000000

GC Precious Log:
 CPUs: 8 total, 8 available
 Memory: 8074M
 Large Page Support: Disabled
 NUMA Support: Disabled
 Compressed Oops: Enabled (32-bit)
 Heap Region Size: 1M
 Heap Min Capacity: 8M
 Heap Initial Capacity: 128M
 Heap Max Capacity: 2020M
 Pre-touch: Disabled
 Parallel Workers: 8
 Concurrent Workers: 2
 Concurrent Refinement Workers: 8
 Periodic GC: Disabled

Heap:
 garbage-first heap   total 80896K, used 40968K [0x0000000081c00000, 0x0000000100000000)
  region size 1024K, 22 young (22528K), 4 survivors (4096K)
 Metaspace       used 49132K, committed 49600K, reserved 1097728K
  class space    used 6035K, committed 6272K, reserved 1048576K

Heap Regions: E=young(eden), S=young(survivor), O=old, HS=humongous(starts), HC=humongous(continues), CS=collection set, F=free, OA=open archive, CA=closed archive, TAMS=top-at-mark-start (previous, next)
|   0|0x0000000081c00000, 0x0000000081d00000, 0x0000000081d00000|100%| O|  |TAMS 0x0000000081d00000, 0x0000000081c00000| Untracked 
|   1|0x0000000081d00000, 0x0000000081e00000, 0x0000000081e00000|100%| O|  |TAMS 0x0000000081e00000, 0x0000000081d00000| Untracked 
|   2|0x0000000081e00000, 0x0000000081f00000, 0x0000000081f00000|100%| O|  |TAMS 0x0000000081f00000, 0x0000000081e00000| Untracked 
|   3|0x0000000081f00000, 0x0000000082000000, 0x0000000082000000|100%| O|  |TAMS 0x0000000082000000, 0x0000000081f00000| Untracked 
|   4|0x0000000082000000, 0x0000000082100000, 0x0000000082100000|100%| O|  |TAMS 0x0000000082100000, 0x0000000082000000| Untracked 
|   5|0x0000000082100000, 0x0000000082200000, 0x0000000082200000|100%| O|  |TAMS 0x0000000082200000, 0x0000000082100000| Untracked 
|   6|0x0000000082200000, 0x0000000082300000, 0x0000000082300000|100%| O|  |TAMS 0x0000000082300000, 0x0000000082200000| Untracked 
|   7|0x0000000082300000, 0x0000000082400000, 0x0000000082400000|100%| O|  |TAMS 0x0000000082400000, 0x0000000082300000| Untracked 
|   8|0x0000000082400000, 0x0000000082500000, 0x0000000082500000|100%| O|  |TAMS 0x0000000082500000, 0x0000000082400000| Untracked 
|   9|0x0000000082500000, 0x0000000082600000, 0x0000000082600000|100%|HS|  |TAMS 0x0000000082500000, 0x0000000082500000| Complete 
|  10|0x0000000082600000, 0x0000000082700000, 0x0000000082700000|100%| O|  |TAMS 0x0000000082700000, 0x0000000082600000| Untracked 
|  11|0x0000000082700000, 0x0000000082800000, 0x0000000082800000|100%| O|  |TAMS 0x0000000082800000, 0x0000000082700000| Untracked 
|  12|0x0000000082800000, 0x0000000082900000, 0x0000000082900000|100%| O|  |TAMS 0x00000000828b4e00, 0x0000000082800000| Untracked 
|  13|0x0000000082900000, 0x0000000082a00000, 0x0000000082a00000|100%| O|  |TAMS 0x0000000082900000, 0x0000000082900000| Untracked 
|  14|0x0000000082a00000, 0x0000000082b00000, 0x0000000082b00000|100%| O|  |TAMS 0x0000000082a00000, 0x0000000082a00000| Untracked 
|  15|0x0000000082b00000, 0x0000000082c00000, 0x0000000082c00000|100%| O|  |TAMS 0x0000000082b00000, 0x0000000082b00000| Untracked 
|  16|0x0000000082c00000, 0x0000000082d00000, 0x0000000082d00000|100%| O|  |TAMS 0x0000000082c00000, 0x0000000082c00000| Untracked 
|  17|0x0000000082d00000, 0x0000000082e00000, 0x0000000082e00000|100%| O|  |TAMS 0x0000000082d00000, 0x0000000082d00000| Untracked 
|  18|0x0000000082e00000, 0x0000000082f00000, 0x0000000082f00000|100%| O|  |TAMS 0x0000000082e00000, 0x0000000082e00000| Untracked 
|  19|0x0000000082f00000, 0x0000000082f02000, 0x0000000083000000|  0%| O|  |TAMS 0x0000000082f00000, 0x0000000082f00000| Untracked 
|  20|0x0000000083000000, 0x0000000083000000, 0x0000000083100000|  0%| F|  |TAMS 0x0000000083000000, 0x0000000083000000| Untracked 
|  21|0x0000000083100000, 0x0000000083100000, 0x0000000083200000|  0%| F|  |TAMS 0x0000000083100000, 0x0000000083100000| Untracked 
|  22|0x0000000083200000, 0x0000000083200000, 0x0000000083300000|  0%| F|  |TAMS 0x0000000083200000, 0x0000000083200000| Untracked 
|  23|0x0000000083300000, 0x0000000083300000, 0x0000000083400000|  0%| F|  |TAMS 0x0000000083300000, 0x0000000083300000| Untracked 
|  24|0x0000000083400000, 0x0000000083400000, 0x0000000083500000|  0%| F|  |TAMS 0x0000000083400000, 0x0000000083400000| Untracked 
|  25|0x0000000083500000, 0x0000000083500000, 0x0000000083600000|  0%| F|  |TAMS 0x0000000083500000, 0x0000000083500000| Untracked 
|  26|0x0000000083600000, 0x0000000083600000, 0x0000000083700000|  0%| F|  |TAMS 0x0000000083600000, 0x0000000083600000| Untracked 
|  27|0x0000000083700000, 0x0000000083700000, 0x0000000083800000|  0%| F|  |TAMS 0x0000000083700000, 0x0000000083700000| Untracked 
|  28|0x0000000083800000, 0x0000000083800000, 0x0000000083900000|  0%| F|  |TAMS 0x0000000083800000, 0x0000000083800000| Untracked 
|  29|0x0000000083900000, 0x0000000083900000, 0x0000000083a00000|  0%| F|  |TAMS 0x0000000083900000, 0x0000000083900000| Untracked 
|  30|0x0000000083a00000, 0x0000000083a00000, 0x0000000083b00000|  0%| F|  |TAMS 0x0000000083a00000, 0x0000000083a00000| Untracked 
|  31|0x0000000083b00000, 0x0000000083b00000, 0x0000000083c00000|  0%| F|  |TAMS 0x0000000083b00000, 0x0000000083b00000| Untracked 
|  32|0x0000000083c00000, 0x0000000083c00000, 0x0000000083d00000|  0%| F|  |TAMS 0x0000000083c00000, 0x0000000083c00000| Untracked 
|  33|0x0000000083d00000, 0x0000000083d00000, 0x0000000083e00000|  0%| F|  |TAMS 0x0000000083d00000, 0x0000000083d00000| Untracked 
|  34|0x0000000083e00000, 0x0000000083e00000, 0x0000000083f00000|  0%| F|  |TAMS 0x0000000083e00000, 0x0000000083e00000| Untracked 
|  35|0x0000000083f00000, 0x0000000084000000, 0x0000000084000000|100%| S|CS|TAMS 0x0000000083f00000, 0x0000000083f00000| Complete 
|  36|0x0000000084000000, 0x0000000084100000, 0x0000000084100000|100%| S|CS|TAMS 0x0000000084000000, 0x0000000084000000| Complete 
|  37|0x0000000084100000, 0x0000000084200000, 0x0000000084200000|100%| S|CS|TAMS 0x0000000084100000, 0x0000000084100000| Complete 
|  38|0x0000000084200000, 0x0000000084300000, 0x0000000084300000|100%| S|CS|TAMS 0x0000000084200000, 0x0000000084200000| Complete 
|  39|0x0000000084300000, 0x0000000084300000, 0x0000000084400000|  0%| F|  |TAMS 0x0000000084300000, 0x0000000084300000| Untracked 
|  40|0x0000000084400000, 0x0000000084400000, 0x0000000084500000|  0%| F|  |TAMS 0x0000000084400000, 0x0000000084400000| Untracked 
|  41|0x0000000084500000, 0x0000000084500000, 0x0000000084600000|  0%| F|  |TAMS 0x0000000084500000, 0x0000000084500000| Untracked 
|  42|0x0000000084600000, 0x0000000084600000, 0x0000000084700000|  0%| F|  |TAMS 0x0000000084600000, 0x0000000084600000| Untracked 
|  43|0x0000000084700000, 0x0000000084700000, 0x0000000084800000|  0%| F|  |TAMS 0x0000000084700000, 0x0000000084700000| Untracked 
|  44|0x0000000084800000, 0x0000000084800000, 0x0000000084900000|  0%| F|  |TAMS 0x0000000084800000, 0x0000000084800000| Untracked 
|  45|0x0000000084900000, 0x0000000084900000, 0x0000000084a00000|  0%| F|  |TAMS 0x0000000084900000, 0x0000000084900000| Untracked 
|  46|0x0000000084a00000, 0x0000000084a00000, 0x0000000084b00000|  0%| F|  |TAMS 0x0000000084a00000, 0x0000000084a00000| Untracked 
|  47|0x0000000084b00000, 0x0000000084b00000, 0x0000000084c00000|  0%| F|  |TAMS 0x0000000084b00000, 0x0000000084b00000| Untracked 
|  48|0x0000000084c00000, 0x0000000084c00000, 0x0000000084d00000|  0%| F|  |TAMS 0x0000000084c00000, 0x0000000084c00000| Untracked 
|  49|0x0000000084d00000, 0x0000000084d00000, 0x0000000084e00000|  0%| F|  |TAMS 0x0000000084d00000, 0x0000000084d00000| Untracked 
|  50|0x0000000084e00000, 0x0000000084e00000, 0x0000000084f00000|  0%| F|  |TAMS 0x0000000084e00000, 0x0000000084e00000| Untracked 
|  51|0x0000000084f00000, 0x0000000084f00000, 0x0000000085000000|  0%| F|  |TAMS 0x0000000084f00000, 0x0000000084f00000| Untracked 
|  52|0x0000000085000000, 0x0000000085000000, 0x0000000085100000|  0%| F|  |TAMS 0x0000000085000000, 0x0000000085000000| Untracked 
|  53|0x0000000085100000, 0x0000000085100000, 0x0000000085200000|  0%| F|  |TAMS 0x0000000085100000, 0x0000000085100000| Untracked 
|  54|0x0000000085200000, 0x0000000085200000, 0x0000000085300000|  0%| F|  |TAMS 0x0000000085200000, 0x0000000085200000| Untracked 
|  55|0x0000000085300000, 0x0000000085300000, 0x0000000085400000|  0%| F|  |TAMS 0x0000000085300000, 0x0000000085300000| Untracked 
|  56|0x0000000085400000, 0x0000000085400000, 0x0000000085500000|  0%| F|  |TAMS 0x0000000085400000, 0x0000000085400000| Untracked 
|  57|0x0000000085500000, 0x0000000085500000, 0x0000000085600000|  0%| F|  |TAMS 0x0000000085500000, 0x0000000085500000| Untracked 
|  58|0x0000000085600000, 0x0000000085600000, 0x0000000085700000|  0%| F|  |TAMS 0x0000000085600000, 0x0000000085600000| Untracked 
|  59|0x0000000085700000, 0x0000000085700000, 0x0000000085800000|  0%| F|  |TAMS 0x0000000085700000, 0x0000000085700000| Untracked 
|  60|0x0000000085800000, 0x0000000085800000, 0x0000000085900000|  0%| F|  |TAMS 0x0000000085800000, 0x0000000085800000| Untracked 
|  61|0x0000000085900000, 0x00000000859fe100, 0x0000000085a00000| 99%| E|  |TAMS 0x0000000085900000, 0x0000000085900000| Complete 
|  62|0x0000000085a00000, 0x0000000085b00000, 0x0000000085b00000|100%| E|CS|TAMS 0x0000000085a00000, 0x0000000085a00000| Complete 
|  63|0x0000000085b00000, 0x0000000085c00000, 0x0000000085c00000|100%| E|CS|TAMS 0x0000000085b00000, 0x0000000085b00000| Complete 
|  64|0x0000000085c00000, 0x0000000085d00000, 0x0000000085d00000|100%| E|CS|TAMS 0x0000000085c00000, 0x0000000085c00000| Complete 
|  65|0x0000000085d00000, 0x0000000085e00000, 0x0000000085e00000|100%| E|CS|TAMS 0x0000000085d00000, 0x0000000085d00000| Complete 
|  66|0x0000000085e00000, 0x0000000085f00000, 0x0000000085f00000|100%| E|CS|TAMS 0x0000000085e00000, 0x0000000085e00000| Complete 
|  67|0x0000000085f00000, 0x0000000086000000, 0x0000000086000000|100%| E|CS|TAMS 0x0000000085f00000, 0x0000000085f00000| Complete 
|  68|0x0000000086000000, 0x0000000086100000, 0x0000000086100000|100%| E|CS|TAMS 0x0000000086000000, 0x0000000086000000| Complete 
|  69|0x0000000086100000, 0x0000000086200000, 0x0000000086200000|100%| E|CS|TAMS 0x0000000086100000, 0x0000000086100000| Complete 
|  70|0x0000000086200000, 0x0000000086300000, 0x0000000086300000|100%| E|CS|TAMS 0x0000000086200000, 0x0000000086200000| Complete 
|  71|0x0000000086300000, 0x0000000086400000, 0x0000000086400000|100%| E|CS|TAMS 0x0000000086300000, 0x0000000086300000| Complete 
|  72|0x0000000086400000, 0x0000000086500000, 0x0000000086500000|100%| E|CS|TAMS 0x0000000086400000, 0x0000000086400000| Complete 
|  73|0x0000000086500000, 0x0000000086600000, 0x0000000086600000|100%| E|CS|TAMS 0x0000000086500000, 0x0000000086500000| Complete 
|  74|0x0000000086600000, 0x0000000086700000, 0x0000000086700000|100%| E|CS|TAMS 0x0000000086600000, 0x0000000086600000| Complete 
|  97|0x0000000087d00000, 0x0000000087e00000, 0x0000000087e00000|100%| E|CS|TAMS 0x0000000087d00000, 0x0000000087d00000| Complete 
|  98|0x0000000087e00000, 0x0000000087f00000, 0x0000000087f00000|100%| E|CS|TAMS 0x0000000087e00000, 0x0000000087e00000| Complete 
|  99|0x0000000087f00000, 0x0000000088000000, 0x0000000088000000|100%| E|CS|TAMS 0x0000000087f00000, 0x0000000087f00000| Complete 
| 127|0x0000000089b00000, 0x0000000089c00000, 0x0000000089c00000|100%| E|CS|TAMS 0x0000000089b00000, 0x0000000089b00000| Complete 

Card table byte_map: [0x0000018c125f0000,0x0000018c129f0000] _byte_map_base: 0x0000018c121e2000

Marking Bits (Prev, Next): (CMBitMap*) 0x0000018c7f57bc70, (CMBitMap*) 0x0000018c7f57bcb0
 Prev Bits: [0x0000018c12df0000, 0x0000018c14d80000)
 Next Bits: [0x0000018c14d80000, 0x0000018c16d10000)

Polling page: 0x0000018c7d4a0000

Metaspace:

Usage:
  Non-class:     42.09 MB used.
      Class:      5.89 MB used.
       Both:     47.98 MB used.

Virtual space:
  Non-class space:       48.00 MB reserved,      42.31 MB ( 88%) committed,  6 nodes.
      Class space:        1.00 GB reserved,       6.12 MB ( <1%) committed,  1 nodes.
             Both:        1.05 GB reserved,      48.44 MB (  5%) committed. 

Chunk freelists:
   Non-Class:  1.31 MB
       Class:  1.85 MB
        Both:  3.17 MB

MaxMetaspaceSize: unlimited
CompressedClassSpaceSize: 1.00 GB
Initial GC threshold: 21.00 MB
Current GC threshold: 59.00 MB
CDS: off
MetaspaceReclaimPolicy: balanced
 - commit_granule_bytes: 65536.
 - commit_granule_words: 8192.
 - virtual_space_node_default_size: 1048576.
 - enlarge_chunks_in_place: 1.
 - new_chunks_are_fully_committed: 0.
 - uncommit_free_chunks: 1.
 - use_allocation_guard: 0.
 - handle_deallocations: 1.


Internal statistics:

num_allocs_failed_limit: 8.
num_arena_births: 656.
num_arena_deaths: 0.
num_vsnodes_births: 7.
num_vsnodes_deaths: 0.
num_space_committed: 775.
num_space_uncommitted: 0.
num_chunks_returned_to_freelist: 8.
num_chunks_taken_from_freelist: 2190.
num_chunk_merges: 8.
num_chunk_splits: 1487.
num_chunks_enlarged: 1071.
num_purges: 0.
num_inconsistent_stats: 0.

CodeHeap 'non-profiled nmethods': size=120000Kb used=2517Kb max_used=2943Kb free=117482Kb
 bounds [0x0000018c0b0c0000, 0x0000018c0b3a0000, 0x0000018c125f0000]
CodeHeap 'profiled nmethods': size=120000Kb used=7850Kb max_used=10319Kb free=112149Kb
 bounds [0x0000018c03b90000, 0x0000018c045b0000, 0x0000018c0b0c0000]
CodeHeap 'non-nmethods': size=5760Kb used=1262Kb max_used=1342Kb free=4497Kb
 bounds [0x0000018c035f0000, 0x0000018c03860000, 0x0000018c03b90000]
 total_blobs=4784 nmethods=4209 adapters=487
 compilation: enabled
              stopped_count=0, restarted_count=0
 full_count=0

Compilation events (20 events):
Event: 33.061 Thread 0x0000018c1a04e8a0 nmethod 5036 0x0000018c0b136810 code [0x0000018c0b136a00, 0x0000018c0b1371e8]
Event: 33.061 Thread 0x0000018c1a04e8a0 5040   !   4       org.springframework.data.mapping.context.AbstractMappingContext::getPersistentEntity (173 bytes)
Event: 33.083 Thread 0x0000018c1a04e8a0 nmethod 5040 0x0000018c0b1e8710 code [0x0000018c0b1e8920, 0x0000018c0b1e94d8]
Event: 33.084 Thread 0x0000018c1a04e8a0 5039       4       java.util.function.Predicate::or (13 bytes)
Event: 33.086 Thread 0x0000018c1a04e8a0 nmethod 5039 0x0000018c0b12cf10 code [0x0000018c0b12d0a0, 0x0000018c0b12d198]
Event: 33.086 Thread 0x0000018c1a04e8a0 5041       4       org.springframework.data.mapping.callback.EntityCallbackDiscoverer$CallbackCacheKey::hashCode (22 bytes)
Event: 33.092 Thread 0x0000018c1a04e8a0 nmethod 5041 0x0000018c0b161310 code [0x0000018c0b1614a0, 0x0000018c0b161658]
Event: 33.093 Thread 0x0000018c1a04e8a0 5042       4       org.springframework.data.mapping.Alias::hashCode (8 bytes)
Event: 33.094 Thread 0x0000018c1a04e8a0 nmethod 5042 0x0000018c0b189090 code [0x0000018c0b189200, 0x0000018c0b1892f8]
Event: 33.094 Thread 0x0000018c1a04e8a0 5043       4       java.util.function.Predicate::negate (7 bytes)
Event: 33.096 Thread 0x0000018c1a04e8a0 nmethod 5043 0x0000018c0b188c10 code [0x0000018c0b188da0, 0x0000018c0b188e78]
Event: 33.096 Thread 0x0000018c1a04e8a0 5037       4       org.bson.codecs.LongCodec::decode (7 bytes)
Event: 33.111 Thread 0x0000018c1a04e8a0 nmethod 5037 0x0000018c0b12e210 code [0x0000018c0b12e400, 0x0000018c0b12e9e8]
Event: 33.111 Thread 0x0000018c1a04e8a0 5038       4       org.bson.codecs.NumberCodecHelper::decodeLong (157 bytes)
Event: 33.125 Thread 0x0000018c1a04e8a0 nmethod 5038 0x0000018c0b2b9990 code [0x0000018c0b2b9b80, 0x0000018c0b2ba068]
Event: 33.126 Thread 0x0000018c1a04e8a0 5044       4       com.mongodb.client.internal.MongoBatchCursorAdapter::next (40 bytes)
Event: 33.133 Thread 0x0000018c1a04e8a0 nmethod 5044 0x0000018c0b13fe90 code [0x0000018c0b140040, 0x0000018c0b140418]
Event: 33.133 Thread 0x0000018c1a04e8a0 5045       4       com.mongodb.client.internal.MongoBatchCursorAdapter::getNextInBatch (57 bytes)
Event: 33.136 Thread 0x0000018c1a04e8a0 nmethod 5045 0x0000018c0b11c110 code [0x0000018c0b11c2a0, 0x0000018c0b11c458]
Event: 33.136 Thread 0x0000018c1a04e8a0 5046       4       org.springframework.data.mongodb.core.MongoTemplate$ReadDocumentCallback::doWith (104 bytes)

GC Heap History (20 events):
Event: 2.808 GC heap before
{Heap before GC invocations=5 (full 0):
 garbage-first heap   total 30720K, used 20302K [0x0000000081c00000, 0x0000000100000000)
  region size 1024K, 13 young (13312K), 1 survivors (1024K)
 Metaspace       used 26268K, committed 26560K, reserved 1073152K
  class space    used 2950K, committed 3072K, reserved 1048576K
}
Event: 2.810 GC heap after
{Heap after GC invocations=6 (full 0):
 garbage-first heap   total 30720K, used 10005K [0x0000000081c00000, 0x0000000100000000)
  region size 1024K, 2 young (2048K), 2 survivors (2048K)
 Metaspace       used 26268K, committed 26560K, reserved 1073152K
  class space    used 2950K, committed 3072K, reserved 1048576K
}
Event: 3.211 GC heap before
{Heap before GC invocations=6 (full 0):
 garbage-first heap   total 30720K, used 21269K [0x0000000081c00000, 0x0000000100000000)
  region size 1024K, 14 young (14336K), 2 survivors (2048K)
 Metaspace       used 27846K, committed 28096K, reserved 1081344K
  class space    used 3139K, committed 3264K, reserved 1048576K
}
Event: 3.214 GC heap after
{Heap after GC invocations=7 (full 0):
 garbage-first heap   total 30720K, used 10958K [0x0000000081c00000, 0x0000000100000000)
  region size 1024K, 1 young (1024K), 1 survivors (1024K)
 Metaspace       used 27846K, committed 28096K, reserved 1081344K
  class space    used 3139K, committed 3264K, reserved 1048576K
}
Event: 3.710 GC heap before
{Heap before GC invocations=7 (full 0):
 garbage-first heap   total 30720K, used 23246K [0x0000000081c00000, 0x0000000100000000)
  region size 1024K, 13 young (13312K), 1 survivors (1024K)
 Metaspace       used 30024K, committed 30400K, reserved 1081344K
  class space    used 3454K, committed 3584K, reserved 1048576K
}
Event: 3.712 GC heap after
{Heap after GC invocations=8 (full 0):
 garbage-first heap   total 30720K, used 11870K [0x0000000081c00000, 0x0000000100000000)
  region size 1024K, 2 young (2048K), 2 survivors (2048K)
 Metaspace       used 30024K, committed 30400K, reserved 1081344K
  class space    used 3454K, committed 3584K, reserved 1048576K
}
Event: 4.162 GC heap before
{Heap before GC invocations=8 (full 0):
 garbage-first heap   total 30720K, used 23134K [0x0000000081c00000, 0x0000000100000000)
  region size 1024K, 13 young (13312K), 2 survivors (2048K)
 Metaspace       used 32284K, committed 32640K, reserved 1081344K
  class space    used 3784K, committed 3968K, reserved 1048576K
}
Event: 4.166 GC heap after
{Heap after GC invocations=9 (full 0):
 garbage-first heap   total 30720K, used 12989K [0x0000000081c00000, 0x0000000100000000)
  region size 1024K, 2 young (2048K), 2 survivors (2048K)
 Metaspace       used 32284K, committed 32640K, reserved 1081344K
  class space    used 3784K, committed 3968K, reserved 1048576K
}
Event: 4.721 GC heap before
{Heap before GC invocations=9 (full 0):
 garbage-first heap   total 30720K, used 23229K [0x0000000081c00000, 0x0000000100000000)
  region size 1024K, 12 young (12288K), 2 survivors (2048K)
 Metaspace       used 34630K, committed 35008K, reserved 1081344K
  class space    used 4054K, committed 4224K, reserved 1048576K
}
Event: 4.726 GC heap after
{Heap after GC invocations=10 (full 0):
 garbage-first heap   total 30720K, used 14028K [0x0000000081c00000, 0x0000000100000000)
  region size 1024K, 1 young (1024K), 1 survivors (1024K)
 Metaspace       used 34630K, committed 35008K, reserved 1081344K
  class space    used 4054K, committed 4224K, reserved 1048576K
}
Event: 4.924 GC heap before
{Heap before GC invocations=10 (full 0):
 garbage-first heap   total 30720K, used 18124K [0x0000000081c00000, 0x0000000100000000)
  region size 1024K, 6 young (6144K), 1 survivors (1024K)
 Metaspace       used 35732K, committed 36096K, reserved 1081344K
  class space    used 4187K, committed 4352K, reserved 1048576K
}
Event: 4.926 GC heap after
{Heap after GC invocations=11 (full 0):
 garbage-first heap   total 30720K, used 14294K [0x0000000081c00000, 0x0000000100000000)
  region size 1024K, 2 young (2048K), 2 survivors (2048K)
 Metaspace       used 35732K, committed 36096K, reserved 1081344K
  class space    used 4187K, committed 4352K, reserved 1048576K
}
Event: 5.293 GC heap before
{Heap before GC invocations=12 (full 0):
 garbage-first heap   total 30720K, used 23510K [0x0000000081c00000, 0x0000000100000000)
  region size 1024K, 11 young (11264K), 2 survivors (2048K)
 Metaspace       used 37823K, committed 38272K, reserved 1089536K
  class space    used 4485K, committed 4672K, reserved 1048576K
}
Event: 5.298 GC heap after
{Heap after GC invocations=13 (full 0):
 garbage-first heap   total 80896K, used 14988K [0x0000000081c00000, 0x0000000100000000)
  region size 1024K, 2 young (2048K), 2 survivors (2048K)
 Metaspace       used 37823K, committed 38272K, reserved 1089536K
  class space    used 4485K, committed 4672K, reserved 1048576K
}
Event: 5.319 GC heap before
{Heap before GC invocations=13 (full 0):
 garbage-first heap   total 80896K, used 16012K [0x0000000081c00000, 0x0000000100000000)
  region size 1024K, 3 young (3072K), 2 survivors (2048K)
 Metaspace       used 38121K, committed 38528K, reserved 1089536K
  class space    used 4522K, committed 4736K, reserved 1048576K
}
Event: 5.322 GC heap after
{Heap after GC invocations=14 (full 0):
 garbage-first heap   total 80896K, used 14526K [0x0000000081c00000, 0x0000000100000000)
  region size 1024K, 1 young (1024K), 1 survivors (1024K)
 Metaspace       used 38121K, committed 38528K, reserved 1089536K
  class space    used 4522K, committed 4736K, reserved 1048576K
}
Event: 14.842 GC heap before
{Heap before GC invocations=14 (full 0):
 garbage-first heap   total 80896K, used 61630K [0x0000000081c00000, 0x0000000100000000)
  region size 1024K, 47 young (48128K), 1 survivors (1024K)
 Metaspace       used 46053K, committed 46464K, reserved 1097728K
  class space    used 5684K, committed 5888K, reserved 1048576K
}
Event: 14.851 GC heap after
{Heap after GC invocations=15 (full 0):
 garbage-first heap   total 80896K, used 18516K [0x0000000081c00000, 0x0000000100000000)
  region size 1024K, 5 young (5120K), 5 survivors (5120K)
 Metaspace       used 46053K, committed 46464K, reserved 1097728K
  class space    used 5684K, committed 5888K, reserved 1048576K
}
Event: 29.949 GC heap before
{Heap before GC invocations=15 (full 0):
 garbage-first heap   total 80896K, used 59476K [0x0000000081c00000, 0x0000000100000000)
  region size 1024K, 45 young (46080K), 5 survivors (5120K)
 Metaspace       used 49099K, committed 49600K, reserved 1097728K
  class space    used 6035K, committed 6272K, reserved 1048576K
}
Event: 29.960 GC heap after
{Heap after GC invocations=16 (full 0):
 garbage-first heap   total 80896K, used 23560K [0x0000000081c00000, 0x0000000100000000)
  region size 1024K, 4 young (4096K), 4 survivors (4096K)
 Metaspace       used 49099K, committed 49600K, reserved 1097728K
  class space    used 6035K, committed 6272K, reserved 1048576K
}

Dll operation events (9 events):
Event: 0.035 Loaded shared library C:\Users\21268\.p2\pool\plugins\org.eclipse.justj.openjdk.hotspot.jre.full.win32.x86_64_17.0.5.v20221102-0933\jre\bin\java.dll
Event: 0.254 Loaded shared library C:\Users\21268\.p2\pool\plugins\org.eclipse.justj.openjdk.hotspot.jre.full.win32.x86_64_17.0.5.v20221102-0933\jre\bin\net.dll
Event: 0.256 Loaded shared library C:\Users\21268\.p2\pool\plugins\org.eclipse.justj.openjdk.hotspot.jre.full.win32.x86_64_17.0.5.v20221102-0933\jre\bin\nio.dll
Event: 0.264 Loaded shared library C:\Users\21268\.p2\pool\plugins\org.eclipse.justj.openjdk.hotspot.jre.full.win32.x86_64_17.0.5.v20221102-0933\jre\bin\zip.dll
Event: 0.454 Loaded shared library C:\Users\21268\.p2\pool\plugins\org.eclipse.justj.openjdk.hotspot.jre.full.win32.x86_64_17.0.5.v20221102-0933\jre\bin\jimage.dll
Event: 0.968 Loaded shared library C:\Users\21268\.p2\pool\plugins\org.eclipse.justj.openjdk.hotspot.jre.full.win32.x86_64_17.0.5.v20221102-0933\jre\bin\management.dll
Event: 0.981 Loaded shared library C:\Users\21268\.p2\pool\plugins\org.eclipse.justj.openjdk.hotspot.jre.full.win32.x86_64_17.0.5.v20221102-0933\jre\bin\management_ext.dll
Event: 2.401 Loaded shared library C:\Users\21268\.p2\pool\plugins\org.eclipse.justj.openjdk.hotspot.jre.full.win32.x86_64_17.0.5.v20221102-0933\jre\bin\sunmscapi.dll
Event: 15.628 Loaded shared library C:\Users\21268\.p2\pool\plugins\org.eclipse.justj.openjdk.hotspot.jre.full.win32.x86_64_17.0.5.v20221102-0933\jre\bin\verify.dll

Deoptimization events (20 events):
Event: 29.887 Thread 0x0000018c1c41ad60 Uncommon trap: trap_request=0xffffff45 fr.pc=0x0000018c0b34cc0c relative=0x000000000000016c
Event: 29.887 Thread 0x0000018c1c41ad60 Uncommon trap: reason=unstable_if action=reinterpret pc=0x0000018c0b34cc0c method=com.fasterxml.jackson.core.json.JsonWriteContext.writeValue()I @ 39 c2
Event: 29.887 Thread 0x0000018c1c41ad60 DEOPT PACKING pc=0x0000018c0b34cc0c sp=0x0000006d2d9fccc0
Event: 29.887 Thread 0x0000018c1c41ad60 DEOPT UNPACKING pc=0x0000018c036423a3 sp=0x0000006d2d9fcbe8 mode 2
Event: 29.887 Thread 0x0000018c1c41ad60 Uncommon trap: trap_request=0xffffff45 fr.pc=0x0000018c0b34d0b8 relative=0x00000000000000b8
Event: 29.887 Thread 0x0000018c1c41ad60 Uncommon trap: reason=unstable_if action=reinterpret pc=0x0000018c0b34d0b8 method=com.fasterxml.jackson.core.json.JsonWriteContext.writeValue()I @ 58 c2
Event: 29.887 Thread 0x0000018c1c41ad60 DEOPT PACKING pc=0x0000018c0b34d0b8 sp=0x0000006d2d9fcae0
Event: 29.887 Thread 0x0000018c1c41ad60 DEOPT UNPACKING pc=0x0000018c036423a3 sp=0x0000006d2d9fca78 mode 2
Event: 29.907 Thread 0x0000018c1c41ca40 Uncommon trap: trap_request=0xffffffde fr.pc=0x0000018c0b3391c4 relative=0x0000000000000044
Event: 29.907 Thread 0x0000018c1c41ca40 Uncommon trap: reason=class_check action=maybe_recompile pc=0x0000018c0b3391c4 method=org.springframework.data.mongodb.util.BsonUtils.asMap(Lorg/bson/conversions/Bson;Lorg/bson/codecs/configuration/CodecRegistry;)Ljava/util/Map; @ 9 c2
Event: 29.907 Thread 0x0000018c1c41ca40 DEOPT PACKING pc=0x0000018c0b3391c4 sp=0x0000006d2dafb700
Event: 29.907 Thread 0x0000018c1c41ca40 DEOPT UNPACKING pc=0x0000018c036423a3 sp=0x0000006d2dafb688 mode 2
Event: 29.907 Thread 0x0000018c1c41ca40 Uncommon trap: trap_request=0xffffffde fr.pc=0x0000018c0b3391c4 relative=0x0000000000000044
Event: 29.907 Thread 0x0000018c1c41ca40 Uncommon trap: reason=class_check action=maybe_recompile pc=0x0000018c0b3391c4 method=org.springframework.data.mongodb.util.BsonUtils.asMap(Lorg/bson/conversions/Bson;Lorg/bson/codecs/configuration/CodecRegistry;)Ljava/util/Map; @ 9 c2
Event: 29.907 Thread 0x0000018c1c41ca40 DEOPT PACKING pc=0x0000018c0b3391c4 sp=0x0000006d2dafb770
Event: 29.907 Thread 0x0000018c1c41ca40 DEOPT UNPACKING pc=0x0000018c036423a3 sp=0x0000006d2dafb6f8 mode 2
Event: 32.085 Thread 0x0000018c1dcf3170 Uncommon trap: trap_request=0xffffff54 fr.pc=0x0000018c0b2bb2a8 relative=0x0000000000000688
Event: 32.085 Thread 0x0000018c1dcf3170 Uncommon trap: reason=speculate_null_assert action=make_not_entrant pc=0x0000018c0b2bb2a8 method=org.springframework.util.ConcurrentReferenceHashMap$Segment.restructureIfNecessary(Z)V @ 41 c2
Event: 32.085 Thread 0x0000018c1dcf3170 DEOPT PACKING pc=0x0000018c0b2bb2a8 sp=0x0000006d2ddfb1f0
Event: 32.085 Thread 0x0000018c1dcf3170 DEOPT UNPACKING pc=0x0000018c036423a3 sp=0x0000006d2ddfb048 mode 2

Classes unloaded (0 events):
No events

Classes redefined (0 events):
No events

Internal exceptions (20 events):
Event: 5.586 Thread 0x0000018c1a4e10c0 Exception <a 'java/lang/IncompatibleClassChangeError'{0x0000000086016c60}: Found class java.lang.Object, but interface was expected> (0x0000000086016c60) 
thrown [s\src\hotspot\share\interpreter\linkResolver.cpp, line 826]
Event: 5.672 Thread 0x0000018c1a4e10c0 Exception <a 'java/lang/NoSuchMethodError'{0x0000000085d6ad68}: 'java.lang.Object java.lang.invoke.DirectMethodHandle$Holder.newInvokeSpecial(java.lang.Object, long)'> (0x0000000085d6ad68) 
thrown [s\src\hotspot\share\interpreter\linkResolver.cpp, line 759]
Event: 5.829 Thread 0x0000018c1a4e10c0 Exception <a 'java/lang/IncompatibleClassChangeError'{0x00000000859ce0f0}: Found class java.lang.Object, but interface was expected> (0x00000000859ce0f0) 
thrown [s\src\hotspot\share\interpreter\linkResolver.cpp, line 826]
Event: 5.844 Thread 0x0000018c1a4e10c0 Exception <a 'java/lang/NoSuchMethodError'{0x000000008581e4a0}: 'java.lang.Object java.lang.invoke.DirectMethodHandle$Holder.newInvokeSpecial(java.lang.Object, java.lang.Object, java.lang.Object, java.lang.Object, java.lang.Object, java.lang.Object)'> (0x000000008581e4a0) 
thrown [s\src\hotspot\share\interpreter\linkResolver.cpp, line 759]
Event: 5.981 Thread 0x0000018c1a4e10c0 Exception <a 'java/lang/NoSuchMethodError'{0x00000000853d9288}: 'int java.lang.invoke.DirectMethodHandle$Holder.invokeStatic(java.lang.Object, java.lang.Object, int)'> (0x00000000853d9288) 
thrown [s\src\hotspot\share\interpreter\linkResolver.cpp, line 759]
Event: 5.984 Thread 0x0000018c1a4e10c0 Exception <a 'java/lang/NoSuchMethodError'{0x00000000853f2b70}: 'java.lang.Object java.lang.invoke.DirectMethodHandle$Holder.invokeStatic(java.lang.Object, java.lang.Object, int, java.lang.Object)'> (0x00000000853f2b70) 
thrown [s\src\hotspot\share\interpreter\linkResolver.cpp, line 759]
Event: 5.984 Thread 0x0000018c1a4e10c0 Exception <a 'java/lang/NoSuchMethodError'{0x00000000853fa088}: 'java.lang.Object java.lang.invoke.DirectMethodHandle$Holder.newInvokeSpecial(java.lang.Object, java.lang.Object, int)'> (0x00000000853fa088) 
thrown [s\src\hotspot\share\interpreter\linkResolver.cpp, line 759]
Event: 6.214 Thread 0x0000018c1a4e10c0 Exception <a 'sun/nio/fs/WindowsException'{0x0000000084bee8c8}> (0x0000000084bee8c8) 
thrown [s\src\hotspot\share\prims\jni.cpp, line 516]
Event: 6.270 Thread 0x0000018c1a4e10c0 Exception <a 'java/lang/IncompatibleClassChangeError'{0x00000000849b8d88}: Found class java.lang.Object, but interface was expected> (0x00000000849b8d88) 
thrown [s\src\hotspot\share\interpreter\linkResolver.cpp, line 826]
Event: 6.336 Thread 0x0000018c1a4e10c0 Exception <a 'java/lang/NoSuchMethodError'{0x0000000084720f80}: 'void java.lang.invoke.DirectMethodHandle$Holder.invokeVirtual(java.lang.Object, java.lang.Object, long)'> (0x0000000084720f80) 
thrown [s\src\hotspot\share\interpreter\linkResolver.cpp, line 759]
Event: 6.406 Thread 0x0000018c1a4e10c0 Exception <a 'java/lang/NoSuchMethodError'{0x00000000845fee88}: 'int java.lang.invoke.DirectMethodHandle$Holder.invokeStaticInit(java.lang.Object, java.lang.Object, java.lang.Object, java.lang.Object)'> (0x00000000845fee88) 
thrown [s\src\hotspot\share\interpreter\linkResolver.cpp, line 759]
Event: 6.505 Thread 0x0000018c1a4e10c0 Exception <a 'java/lang/NoSuchMethodError'{0x00000000842b4b88}: 'java.lang.Object java.lang.invoke.DirectMethodHandle$Holder.newInvokeSpecial(java.lang.Object, java.lang.Object, int, java.lang.Object, java.lang.Object)'> (0x00000000842b4b88) 
thrown [s\src\hotspot\share\interpreter\linkResolver.cpp, line 759]
Event: 6.506 Thread 0x0000018c1a4e10c0 Exception <a 'java/lang/NoSuchMethodError'{0x00000000842c0200}: 'java.lang.Object java.lang.invoke.DirectMethodHandle$Holder.invokeSpecial(java.lang.Object, java.lang.Object, int, java.lang.Object, int, java.lang.Object)'> (0x00000000842c0200) 
thrown [s\src\hotspot\share\interpreter\linkResolver.cpp, line 759]
Event: 6.507 Thread 0x0000018c1a4e10c0 Exception <a 'java/lang/NoSuchMethodError'{0x00000000842c82b0}: 'java.lang.Object java.lang.invoke.DirectMethodHandle$Holder.newInvokeSpecial(java.lang.Object, java.lang.Object, int, java.lang.Object, int)'> (0x00000000842c82b0) 
thrown [s\src\hotspot\share\interpreter\linkResolver.cpp, line 759]
Event: 6.507 Thread 0x0000018c1a4e10c0 Exception <a 'java/lang/NoSuchMethodError'{0x00000000842cc3b0}: 'java.lang.Object java.lang.invoke.DirectMethodHandle$Holder.invokeSpecial(java.lang.Object, java.lang.Object, java.lang.Object, int, java.lang.Object, int)'> (0x00000000842cc3b0) 
thrown [s\src\hotspot\share\interpreter\linkResolver.cpp, line 759]
Event: 14.809 Thread 0x0000018c1c41a890 Exception <a 'java/lang/NoSuchMethodError'{0x0000000083c544e8}: 'java.lang.Object java.lang.invoke.DirectMethodHandle$Holder.invokeSpecial(java.lang.Object, java.lang.Object, java.lang.Object, java.lang.Object, java.lang.Object, long)'> (0x0000000083c544e8) 
thrown [s\src\hotspot\share\interpreter\linkResolver.cpp, line 759]
Event: 14.810 Thread 0x0000018c1c41a890 Exception <a 'java/lang/NoSuchMethodError'{0x0000000083c57f28}: 'java.lang.Object java.lang.invoke.Invokers$Holder.linkToTargetMethod(java.lang.Object, java.lang.Object, java.lang.Object, long, java.lang.Object)'> (0x0000000083c57f28) 
thrown [s\src\hotspot\share\interpreter\linkResolver.cpp, line 759]
Event: 15.549 Thread 0x0000018c1c41a890 Exception <a 'java/lang/reflect/InvocationTargetException'{0x000000008642fa20}> (0x000000008642fa20) 
thrown [s\src\hotspot\share\runtime\reflection.cpp, line 1121]
Event: 15.597 Thread 0x0000018c1c41a890 Exception <a 'java/lang/NoSuchMethodError'{0x000000008633b628}: 'java.lang.Object java.lang.invoke.DirectMethodHandle$Holder.invokeVirtual(java.lang.Object, java.lang.Object, java.lang.Object, java.lang.Object, java.lang.Object)'> (0x000000008633b628) 
thrown [s\src\hotspot\share\interpreter\linkResolver.cpp, line 759]
Event: 15.631 Thread 0x0000018c1c41a890 Exception <a 'java/lang/NoSuchMethodError'{0x00000000862345d0}: 'void java.lang.invoke.Invokers$Holder.invoke_MT(java.lang.Object, java.lang.Object, java.lang.Object, java.lang.Object)'> (0x00000000862345d0) 
thrown [s\src\hotspot\share\interpreter\linkResolver.cpp, line 759]

VM Operations (20 events):
Event: 21.007 Executing VM operation: Cleanup
Event: 21.007 Executing VM operation: Cleanup done
Event: 22.010 Executing VM operation: Cleanup
Event: 22.010 Executing VM operation: Cleanup done
Event: 23.024 Executing VM operation: Cleanup
Event: 23.024 Executing VM operation: Cleanup done
Event: 26.045 Executing VM operation: Cleanup
Event: 26.045 Executing VM operation: Cleanup done
Event: 29.949 Executing VM operation: G1CollectForAllocation
Event: 29.960 Executing VM operation: G1CollectForAllocation done
Event: 30.189 Executing VM operation: HandshakeAllThreads
Event: 30.196 Executing VM operation: HandshakeAllThreads done
Event: 31.198 Executing VM operation: Cleanup
Event: 31.198 Executing VM operation: Cleanup done
Event: 32.083 Executing VM operation: HandshakeAllThreads
Event: 32.083 Executing VM operation: HandshakeAllThreads done
Event: 32.145 Executing VM operation: HandshakeAllThreads
Event: 32.145 Executing VM operation: HandshakeAllThreads done
Event: 33.149 Executing VM operation: Cleanup
Event: 33.149 Executing VM operation: Cleanup done

Events (20 events):
Event: 32.154 Thread 0x0000018c1a063d70 flushing nmethod 0x0000018c044e3710
Event: 32.154 Thread 0x0000018c1a063d70 flushing nmethod 0x0000018c044e5510
Event: 32.154 Thread 0x0000018c1a063d70 flushing nmethod 0x0000018c044e8b90
Event: 32.154 Thread 0x0000018c1a063d70 flushing nmethod 0x0000018c044eb090
Event: 32.154 Thread 0x0000018c1a063d70 flushing nmethod 0x0000018c044eb410
Event: 32.154 Thread 0x0000018c1a063d70 flushing nmethod 0x0000018c044ebc10
Event: 32.154 Thread 0x0000018c1a063d70 flushing nmethod 0x0000018c044f2f10
Event: 32.155 Thread 0x0000018c1a063d70 flushing nmethod 0x0000018c04559190
Event: 32.155 Thread 0x0000018c1a063d70 flushing nmethod 0x0000018c04559e10
Event: 32.155 Thread 0x0000018c1a063d70 flushing nmethod 0x0000018c0455b590
Event: 32.155 Thread 0x0000018c1a063d70 flushing nmethod 0x0000018c0455bb90
Event: 32.155 Thread 0x0000018c1a063d70 flushing nmethod 0x0000018c0455d910
Event: 32.155 Thread 0x0000018c1a063d70 flushing nmethod 0x0000018c0455df90
Event: 32.155 Thread 0x0000018c1a063d70 flushing nmethod 0x0000018c0455f010
Event: 32.155 Thread 0x0000018c1a063d70 flushing nmethod 0x0000018c0455f590
Event: 32.155 Thread 0x0000018c1a063d70 flushing nmethod 0x0000018c0455fa90
Event: 32.155 Thread 0x0000018c1a063d70 flushing nmethod 0x0000018c04568390
Event: 32.155 Thread 0x0000018c1a063d70 flushing nmethod 0x0000018c0458fd10
Event: 32.155 Thread 0x0000018c1a063d70 flushing nmethod 0x0000018c04590990
Event: 32.155 Thread 0x0000018c1a063d70 flushing nmethod 0x0000018c04599690


Dynamic libraries:
0x00007ff664ae0000 - 0x00007ff664aee000 	C:\Users\21268\.p2\pool\plugins\org.eclipse.justj.openjdk.hotspot.jre.full.win32.x86_64_17.0.5.v20221102-0933\jre\bin\javaw.exe
0x00007ff8f0230000 - 0x00007ff8f0446000 	C:\WINDOWS\SYSTEM32\ntdll.dll
0x00007ff8a3910000 - 0x00007ff8a3929000 	C:\Program Files\AVG\Antivirus\aswhook.dll
0x00007ff8ee990000 - 0x00007ff8eea54000 	C:\WINDOWS\System32\KERNEL32.DLL
0x00007ff8ed610000 - 0x00007ff8ed9b6000 	C:\WINDOWS\System32\KERNELBASE.dll
0x00007ff8edd40000 - 0x00007ff8ede51000 	C:\WINDOWS\System32\ucrtbase.dll
0x00007ff897b20000 - 0x00007ff897b37000 	C:\Users\21268\.p2\pool\plugins\org.eclipse.justj.openjdk.hotspot.jre.full.win32.x86_64_17.0.5.v20221102-0933\jre\bin\jli.dll
0x00007ff897b00000 - 0x00007ff897b19000 	C:\Users\21268\.p2\pool\plugins\org.eclipse.justj.openjdk.hotspot.jre.full.win32.x86_64_17.0.5.v20221102-0933\jre\bin\VCRUNTIME140.dll
0x00007ff8eee80000 - 0x00007ff8ef02d000 	C:\WINDOWS\System32\USER32.dll
0x00007ff8edbf0000 - 0x00007ff8edc16000 	C:\WINDOWS\System32\win32u.dll
0x00007ff8c1220000 - 0x00007ff8c14b3000 	C:\WINDOWS\WinSxS\amd64_microsoft.windows.common-controls_6595b64144ccf1df_6.0.22621.3235_none_270f74e173860f98\COMCTL32.dll
0x00007ff8efa90000 - 0x00007ff8efab9000 	C:\WINDOWS\System32\GDI32.dll
0x00007ff8ef030000 - 0x00007ff8ef0d7000 	C:\WINDOWS\System32\msvcrt.dll
0x00007ff8edc20000 - 0x00007ff8edd38000 	C:\WINDOWS\System32\gdi32full.dll
0x00007ff8ed570000 - 0x00007ff8ed60a000 	C:\WINDOWS\System32\msvcp_win.dll
0x00007ff8ee480000 - 0x00007ff8ee4b1000 	C:\WINDOWS\System32\IMM32.DLL
0x00007ff8d35a0000 - 0x00007ff8d35ac000 	C:\Users\21268\.p2\pool\plugins\org.eclipse.justj.openjdk.hotspot.jre.full.win32.x86_64_17.0.5.v20221102-0933\jre\bin\vcruntime140_1.dll
0x00007ff897a60000 - 0x00007ff897af1000 	C:\Users\21268\.p2\pool\plugins\org.eclipse.justj.openjdk.hotspot.jre.full.win32.x86_64_17.0.5.v20221102-0933\jre\bin\msvcp140.dll
0x00007ff864870000 - 0x00007ff8654b4000 	C:\Users\21268\.p2\pool\plugins\org.eclipse.justj.openjdk.hotspot.jre.full.win32.x86_64_17.0.5.v20221102-0933\jre\bin\server\jvm.dll
0x00007ff8edf80000 - 0x00007ff8ee032000 	C:\WINDOWS\System32\ADVAPI32.dll
0x00007ff8ee040000 - 0x00007ff8ee0e8000 	C:\WINDOWS\System32\sechost.dll
0x00007ff8edf50000 - 0x00007ff8edf78000 	C:\WINDOWS\System32\bcrypt.dll
0x00007ff8eed60000 - 0x00007ff8eee75000 	C:\WINDOWS\System32\RPCRT4.dll
0x00007ff8e4060000 - 0x00007ff8e4094000 	C:\WINDOWS\SYSTEM32\WINMM.dll
0x00007ff8d9e30000 - 0x00007ff8d9e39000 	C:\WINDOWS\SYSTEM32\WSOCK32.dll
0x00007ff8e25b0000 - 0x00007ff8e25ba000 	C:\WINDOWS\SYSTEM32\VERSION.dll
0x00007ff8ee6f0000 - 0x00007ff8ee761000 	C:\WINDOWS\System32\WS2_32.dll
0x00007ff8ec5b0000 - 0x00007ff8ec5c8000 	C:\WINDOWS\SYSTEM32\kernel.appcore.dll
0x00007ff8e5d70000 - 0x00007ff8e5d7a000 	C:\Users\21268\.p2\pool\plugins\org.eclipse.justj.openjdk.hotspot.jre.full.win32.x86_64_17.0.5.v20221102-0933\jre\bin\jimage.dll
0x00007ff8e89a0000 - 0x00007ff8e8bd3000 	C:\WINDOWS\SYSTEM32\DBGHELP.DLL
0x00007ff8ee0f0000 - 0x00007ff8ee478000 	C:\WINDOWS\System32\combase.dll
0x00007ff8f0110000 - 0x00007ff8f01e7000 	C:\WINDOWS\System32\OLEAUT32.dll
0x00007ff8e2340000 - 0x00007ff8e2372000 	C:\WINDOWS\SYSTEM32\dbgcore.DLL
0x00007ff8ede60000 - 0x00007ff8ededa000 	C:\WINDOWS\System32\bcryptPrimitives.dll
0x00007ff8afe70000 - 0x00007ff8afe95000 	C:\Users\21268\.p2\pool\plugins\org.eclipse.justj.openjdk.hotspot.jre.full.win32.x86_64_17.0.5.v20221102-0933\jre\bin\java.dll
0x00007ff88a880000 - 0x00007ff88a898000 	C:\Users\21268\.p2\pool\plugins\org.eclipse.justj.openjdk.hotspot.jre.full.win32.x86_64_17.0.5.v20221102-0933\jre\bin\zip.dll
0x00007ff8ef0e0000 - 0x00007ff8ef93d000 	C:\WINDOWS\System32\SHELL32.dll
0x00007ff8eb4a0000 - 0x00007ff8ebd98000 	C:\WINDOWS\SYSTEM32\windows.storage.dll
0x00007ff8eb360000 - 0x00007ff8eb49e000 	C:\WINDOWS\SYSTEM32\wintypes.dll
0x00007ff8ee830000 - 0x00007ff8ee923000 	C:\WINDOWS\System32\SHCORE.dll
0x00007ff8ee690000 - 0x00007ff8ee6ee000 	C:\WINDOWS\System32\shlwapi.dll
0x00007ff8ed4a0000 - 0x00007ff8ed4c6000 	C:\WINDOWS\SYSTEM32\profapi.dll
0x00007ff8e4de0000 - 0x00007ff8e4df9000 	C:\Users\21268\.p2\pool\plugins\org.eclipse.justj.openjdk.hotspot.jre.full.win32.x86_64_17.0.5.v20221102-0933\jre\bin\net.dll
0x00007ff8e4580000 - 0x00007ff8e46b7000 	C:\WINDOWS\SYSTEM32\WINHTTP.dll
0x00007ff8eca30000 - 0x00007ff8eca99000 	C:\WINDOWS\system32\mswsock.dll
0x00007ff8e4dc0000 - 0x00007ff8e4dd5000 	C:\Users\21268\.p2\pool\plugins\org.eclipse.justj.openjdk.hotspot.jre.full.win32.x86_64_17.0.5.v20221102-0933\jre\bin\nio.dll
0x00007ff8ac8d0000 - 0x00007ff8ac8d9000 	C:\Users\21268\.p2\pool\plugins\org.eclipse.justj.openjdk.hotspot.jre.full.win32.x86_64_17.0.5.v20221102-0933\jre\bin\management.dll
0x00007ff8ac8c0000 - 0x00007ff8ac8cb000 	C:\Users\21268\.p2\pool\plugins\org.eclipse.justj.openjdk.hotspot.jre.full.win32.x86_64_17.0.5.v20221102-0933\jre\bin\management_ext.dll
0x00007ff8efaf0000 - 0x00007ff8efaf8000 	C:\WINDOWS\System32\PSAPI.DLL
0x00007ff8be4c0000 - 0x00007ff8be4ce000 	C:\Users\21268\.p2\pool\plugins\org.eclipse.justj.openjdk.hotspot.jre.full.win32.x86_64_17.0.5.v20221102-0933\jre\bin\sunmscapi.dll
0x00007ff8eda80000 - 0x00007ff8edbe6000 	C:\WINDOWS\System32\CRYPT32.dll
0x00007ff8ece20000 - 0x00007ff8ece4e000 	C:\WINDOWS\SYSTEM32\ncrypt.dll
0x00007ff8ecde0000 - 0x00007ff8ece17000 	C:\WINDOWS\SYSTEM32\NTASN1.dll
0x00007ff8ecc80000 - 0x00007ff8ecc9b000 	C:\WINDOWS\SYSTEM32\CRYPTSP.dll
0x00007ff8ec510000 - 0x00007ff8ec545000 	C:\WINDOWS\system32\rsaenh.dll
0x00007ff8ecb20000 - 0x00007ff8ecb4c000 	C:\WINDOWS\SYSTEM32\USERENV.dll
0x00007ff8ecca0000 - 0x00007ff8eccac000 	C:\WINDOWS\SYSTEM32\CRYPTBASE.dll
0x00007ff8ec000000 - 0x00007ff8ec02d000 	C:\WINDOWS\SYSTEM32\IPHLPAPI.DLL
0x00007ff8ee820000 - 0x00007ff8ee829000 	C:\WINDOWS\System32\NSI.dll
0x00007ff8e4500000 - 0x00007ff8e4519000 	C:\WINDOWS\SYSTEM32\dhcpcsvc6.DLL
0x00007ff8e44e0000 - 0x00007ff8e44ff000 	C:\WINDOWS\SYSTEM32\dhcpcsvc.DLL
0x00007ff8ec070000 - 0x00007ff8ec169000 	C:\WINDOWS\SYSTEM32\DNSAPI.dll
0x00007ff8dc700000 - 0x00007ff8dc70a000 	C:\Windows\System32\rasadhlp.dll
0x00007ff8e36a0000 - 0x00007ff8e3723000 	C:\WINDOWS\System32\fwpuclnt.dll
0x00007ff8e5d60000 - 0x00007ff8e5d68000 	C:\WINDOWS\system32\wshunix.dll
0x00007ff8e48e0000 - 0x00007ff8e48f0000 	C:\Users\21268\.p2\pool\plugins\org.eclipse.justj.openjdk.hotspot.jre.full.win32.x86_64_17.0.5.v20221102-0933\jre\bin\verify.dll

dbghelp: loaded successfully - version: 4.0.5 - missing functions: none
symbol engine: initialized successfully - sym options: 0x614 - pdb path: .;C:\Users\21268\.p2\pool\plugins\org.eclipse.justj.openjdk.hotspot.jre.full.win32.x86_64_17.0.5.v20221102-0933\jre\bin;C:\WINDOWS\SYSTEM32;C:\Program Files\AVG\Antivirus;C:\WINDOWS\WinSxS\amd64_microsoft.windows.common-controls_6595b64144ccf1df_6.0.22621.3235_none_270f74e173860f98;C:\Users\21268\.p2\pool\plugins\org.eclipse.justj.openjdk.hotspot.jre.full.win32.x86_64_17.0.5.v20221102-0933\jre\bin\server

VM Arguments:
jvm_args: -Dfile.encoding=UTF-8 -XX:+ShowCodeDetailsInExceptionMessages 
java_command: com.produitsconsemetics.ProduitsCosmetics.ProduitsCosmeticsApplication
java_class_path (initial): C:\Users\21268\eclipce_spring\ProduitsCosmetics\target\classes;C:\Users\21268\.m2\repository\org\springframework\boot\spring-boot-starter-data-mongodb\3.2.2\spring-boot-starter-data-mongodb-3.2.2.jar;C:\Users\21268\.m2\repository\org\springframework\boot\spring-boot-starter\3.2.2\spring-boot-starter-3.2.2.jar;C:\Users\21268\.m2\repository\org\springframework\boot\spring-boot-starter-logging\3.2.2\spring-boot-starter-logging-3.2.2.jar;C:\Users\21268\.m2\repository\ch\qos\logback\logback-classic\1.4.14\logback-classic-1.4.14.jar;C:\Users\21268\.m2\repository\ch\qos\logback\logback-core\1.4.14\logback-core-1.4.14.jar;C:\Users\21268\.m2\repository\org\apache\logging\log4j\log4j-to-slf4j\2.21.1\log4j-to-slf4j-2.21.1.jar;C:\Users\21268\.m2\repository\org\apache\logging\log4j\log4j-api\2.21.1\log4j-api-2.21.1.jar;C:\Users\21268\.m2\repository\org\slf4j\jul-to-slf4j\2.0.11\jul-to-slf4j-2.0.11.jar;C:\Users\21268\.m2\repository\jakarta\annotation\jakarta.annotation-api\2.1.1\jakarta.annotation-api-2.1.1.jar;C:\Users\21268\.m2\repository\org\yaml\snakeyaml\2.2\snakeyaml-2.2.jar;C:\Users\21268\.m2\repository\org\mongodb\mongodb-driver-sync\4.11.1\mongodb-driver-sync-4.11.1.jar;C:\Users\21268\.m2\repository\org\mongodb\bson\4.11.1\bson-4.11.1.jar;C:\Users\21268\.m2\repository\org\mongodb\mongodb-driver-core\4.11.1\mongodb-driver-core-4.11.1.jar;C:\Users\21268\.m2\repository\org\mongodb\bson-record-codec\4.11.1\bson-record-codec-4.11.1.jar;C:\Users\21268\.m2\repository\org\springframework\data\spring-data-mongodb\4.2.2\spring-data-mongodb-4.2.2.jar;C:\Users\21268\.m2\repository\org\springframework\spring-tx\6.1.3\spring-tx-6.1.3.jar;C:\Users\21268\.m2\repository\org\springframework\spring-context\6.1.3\spring-context-6.1.3.jar;C:\Users\21268\.m2\repository\org\springframework\spring-beans\6.1.3\spring-beans-6.1.3.jar;C:\Users\21268\.m2\repository\org\springframework\spring-expression\6.1.3\spring-expression-6.1.3.jar;C:\Users\21268\.m2\repository\org\
Launcher Type: SUN_STANDARD

[Global flags]
     intx CICompilerCount                          = 4                                         {product} {ergonomic}
     uint ConcGCThreads                            = 2                                         {product} {ergonomic}
     uint G1ConcRefinementThreads                  = 8                                         {product} {ergonomic}
   size_t G1HeapRegionSize                         = 1048576                                   {product} {ergonomic}
    uintx GCDrainStackTargetSize                   = 64                                        {product} {ergonomic}
   size_t InitialHeapSize                          = 134217728                                 {product} {ergonomic}
   size_t MarkStackSize                            = 4194304                                   {product} {ergonomic}
   size_t MaxHeapSize                              = 2118123520                                {product} {ergonomic}
   size_t MaxNewSize                               = 1270874112                                {product} {ergonomic}
   size_t MinHeapDeltaBytes                        = 1048576                                   {product} {ergonomic}
   size_t MinHeapSize                              = 8388608                                   {product} {ergonomic}
    uintx NonNMethodCodeHeapSize                   = 5839372                                {pd product} {ergonomic}
    uintx NonProfiledCodeHeapSize                  = 122909434                              {pd product} {ergonomic}
    uintx ProfiledCodeHeapSize                     = 122909434                              {pd product} {ergonomic}
    uintx ReservedCodeCacheSize                    = 251658240                              {pd product} {ergonomic}
     bool SegmentedCodeCache                       = true                                      {product} {ergonomic}
     bool ShowCodeDetailsInExceptionMessages       = true                                   {manageable} {command line}
   size_t SoftMaxHeapSize                          = 2118123520                             {manageable} {ergonomic}
     bool UseCompressedClassPointers               = true                           {product lp64_product} {ergonomic}
     bool UseCompressedOops                        = true                           {product lp64_product} {ergonomic}
     bool UseG1GC                                  = true                                      {product} {ergonomic}
     bool UseLargePagesIndividualAllocation        = false                                  {pd product} {ergonomic}

Logging:
Log output configuration:
 #0: stdout all=warning uptime,level,tags
 #1: stderr all=off uptime,level,tags

Environment Variables:
JAVA_HOME=C:\Program Files\Java\jdk-17.0.8
PATH=C:/Users/21268/.p2/pool/plugins/org.eclipse.justj.openjdk.hotspot.jre.full.win32.x86_64_17.0.5.v20221102-0933/jre/bin/server;C:/Users/21268/.p2/pool/plugins/org.eclipse.justj.openjdk.hotspot.jre.full.win32.x86_64_17.0.5.v20221102-0933/jre/bin;C:\Program Files\Java\jdk-17.0.8\bin;D:\oracle\dbhomeXE\bin;C:\Users\21268\flutter\bin;C:\Program Files\Common Files\Oracle\Java\javapath;C:\Program Files\Git\cmd;C:\Program Files\Common Files\Siemens\Automation\Simatic OAM\bin;D:\Python39\Scripts\;D:\Python39\;C:\oraclexe\app\oracle\product\11.2.0\server\bin;C:\Program Files (x86)\Common Files\Oracle\Java\javapath;C:\Program Files (x86)\Intel\Intel(R) Management Engine Components\iCLS\;C:\Program Files\Intel\Intel(R) Management Engine Components\iCLS\;C:\WINDOWS\system32;C:\WINDOWS;C:\WINDOWS\System32\Wbem;C:\WINDOWS\System32\WindowsPowerShell\v1.0\;C:\WINDOWS\System32\OpenSSH\;C:\Program Files (x86)\Intel\Intel(R) Management Engine Components\DAL;C:\Program Files\Intel\Intel(R) Management Engine Components\DAL;C:\Program Files (x86)\Intel\Intel(R) Management Engine Components\IPT;C:\Program Files\Intel\Intel(R) Management Engine Components\IPT;C:\wamp64\bin\php\php7.1.9;C:\composer;C:\Program Files\MongoDB\Server\6.0\bin;C:\Users\21268\AppData\Roaming\nvm;C:\Program Files\nodejs;C:\Users\21268\AppData\Local\Programs\Python\Python312\Scripts\;C:\Users\21268\AppData\Local\Programs\Python\Python312\;C:\Users\21268\AppData\Local\Programs\Python\Launcher\;C:\Users\21268\Downloads\gradle-8.1.1\bin;C:\Users\21268\flutter\bin;C:\Users\21268\AppData\Local\Microsoft\WindowsApps;C:\Program Files\Sublime Text 3;C:\Users\21268\AppData\Roaming\Composer\vendor\bin;C:\wamp64\bin\php\php7.3.21;C:\Users\21268\AppData\Local\Programs\Microsoft VS Code\bin;C:\Windows\System32;D:\OracleXE213_Win64\intellig\IntelliJ IDEA 2022.3.1\bin;;C:\Users\21268\AppData\Roaming\npm;C:\Users\21268\AppData\Roaming\nvm;C:\Program Files\nodejs;C:\WINDOWS\System32;
USERNAME=21268
OS=Windows_NT
PROCESSOR_IDENTIFIER=Intel64 Family 6 Model 142 Stepping 10, GenuineIntel
TMP=C:\Users\21268\AppData\Local\Temp
TEMP=C:\Users\21268\AppData\Local\Temp



---------------  S Y S T E M  ---------------

OS:
 Windows 11 , 64 bit Build 22621 (10.0.22621.3235)
OS uptime: 0 days 21:10 hours

CPU: total 8 (initial active 8) (4 cores per cpu, 2 threads per core) family 6 model 142 stepping 10 microcode 0xe0, cx8, cmov, fxsr, ht, mmx, 3dnowpref, sse, sse2, sse3, ssse3, sse4.1, sse4.2, popcnt, lzcnt, tsc, tscinvbit, avx, avx2, aes, erms, clmul, bmi1, bmi2, adx, fma, vzeroupper, clflush, clflushopt

Memory: 4k page, system-wide physical 8074M (354M free)
TotalPageFile size 14546M (AvailPageFile size 74M)
current process WorkingSet (physical memory assigned to process): 208M, peak: 222M
current process commit charge ("private bytes"): 243M, peak: 259M

vm_info: OpenJDK 64-Bit Server VM (17.0.5+8) for windows-amd64 JRE (17.0.5+8), built on Oct 19 2022 04:48:13 by "temurin" with MS VC++ 16.7 (VS2019)

END.
