#
# There is insufficient memory for the Java Runtime Environment to continue.
# Native memory allocation (malloc) failed to allocate 123040 bytes for Chunk::new
# Possible reasons:
#   The system is out of physical RAM or swap space
#   The process is running with CompressedOops enabled, and the Java Heap may be blocking the growth of the native heap
# Possible solutions:
#   Reduce memory load on the system
#   Increase physical memory or swap space
#   Check if swap backing store is full
#   Decrease Java heap size (-Xmx/-Xms)
#   Decrease number of Java threads
#   Decrease Java thread stack sizes (-Xss)
#   Set larger code cache with -XX:ReservedCodeCacheSize=
#   JVM is running with Unscaled Compressed Oops mode in which the Java heap is
#     placed in the first 4GB address space. The Java Heap base address is the
#     maximum limit for the native heap growth. Please use -XX:HeapBaseMinAddress
#     to set the Java Heap base and to place the Java Heap above 4GB virtual address.
# This output file may be truncated or incomplete.
#
#  Out of Memory Error (arena.cpp:189), pid=11832, tid=15820
#
# JRE version: OpenJDK Runtime Environment Temurin-17.0.5+8 (17.0.5+8) (build 17.0.5+8)
# Java VM: OpenJDK 64-Bit Server VM Temurin-17.0.5+8 (17.0.5+8, mixed mode, tiered, compressed oops, compressed class ptrs, g1 gc, windows-amd64)
# No core dump will be written. Minidumps are not enabled by default on client versions of Windows
#

---------------  S U M M A R Y ------------

Command Line: -Dfile.encoding=UTF-8 -XX:+ShowCodeDetailsInExceptionMessages com.produitsconsemetics.ProduitsCosmetics.ProduitsCosmeticsApplication

Host: Intel(R) Core(TM) i5-8250U CPU @ 1.60GHz, 8 cores, 7G,  Windows 11 , 64 bit Build 22621 (10.0.22621.3235)
Time: Thu Mar 21 10:28:47 2024 Paris, Madrid elapsed time: 1.453547 seconds (0d 0h 0m 1s)

---------------  T H R E A D  ---------------

Current thread (0x00000220ea4473d0):  JavaThread "C2 CompilerThread0" daemon [_thread_in_native, id=15820, stack(0x00000078fcd00000,0x00000078fce00000)]


Current CompileTask:
C2:   1453 1103       4       java.lang.String::replace (42 bytes)

Stack: [0x00000078fcd00000,0x00000078fce00000]
Native frames: (J=compiled Java code, j=interpreted, Vv=VM code, C=native code)
V  [jvm.dll+0x676b3a]
V  [jvm.dll+0x831444]
V  [jvm.dll+0x832bee]
V  [jvm.dll+0x833253]
V  [jvm.dll+0x244ce5]
V  [jvm.dll+0xabbac]
V  [jvm.dll+0xac17c]
V  [jvm.dll+0x362d57]
V  [jvm.dll+0x32d591]
V  [jvm.dll+0x32ca3a]
V  [jvm.dll+0x217b51]
V  [jvm.dll+0x216f71]
V  [jvm.dll+0x1a343d]
V  [jvm.dll+0x22698a]
V  [jvm.dll+0x224ac5]
V  [jvm.dll+0x7e727b]
V  [jvm.dll+0x7e17ea]
V  [jvm.dll+0x6759e5]
C  [ucrtbase.dll+0x29363]
C  [KERNEL32.DLL+0x1257d]
C  [ntdll.dll+0x5aa58]


---------------  P R O C E S S  ---------------

Threads class SMR info:
_java_thread_list=0x00000220eafbf7f0, length=15, elements={
0x00000220cf9dd2c0, 0x00000220e99467a0, 0x00000220e9947db0, 0x00000220ea43b280,
0x00000220ea43c3e0, 0x00000220ea43efa0, 0x00000220ea442200, 0x00000220ea4473d0,
0x00000220ea448610, 0x00000220ea45bbe0, 0x00000220ea5c1300, 0x00000220ea5f0500,
0x00000220eae46320, 0x00000220eafca520, 0x00000220eafca9f0
}

Java Threads: ( => current thread )
  0x00000220cf9dd2c0 JavaThread "main" [_thread_blocked, id=17184, stack(0x00000078fc000000,0x00000078fc100000)]
  0x00000220e99467a0 JavaThread "Reference Handler" daemon [_thread_blocked, id=18680, stack(0x00000078fc700000,0x00000078fc800000)]
  0x00000220e9947db0 JavaThread "Finalizer" daemon [_thread_blocked, id=16252, stack(0x00000078fc800000,0x00000078fc900000)]
  0x00000220ea43b280 JavaThread "Signal Dispatcher" daemon [_thread_blocked, id=19996, stack(0x00000078fc900000,0x00000078fca00000)]
  0x00000220ea43c3e0 JavaThread "Attach Listener" daemon [_thread_blocked, id=17608, stack(0x00000078fca00000,0x00000078fcb00000)]
  0x00000220ea43efa0 JavaThread "Service Thread" daemon [_thread_blocked, id=9336, stack(0x00000078fcb00000,0x00000078fcc00000)]
  0x00000220ea442200 JavaThread "Monitor Deflation Thread" daemon [_thread_blocked, id=28528, stack(0x00000078fcc00000,0x00000078fcd00000)]
=>0x00000220ea4473d0 JavaThread "C2 CompilerThread0" daemon [_thread_in_native, id=15820, stack(0x00000078fcd00000,0x00000078fce00000)]
  0x00000220ea448610 JavaThread "C1 CompilerThread0" daemon [_thread_blocked, id=19220, stack(0x00000078fce00000,0x00000078fcf00000)]
  0x00000220ea45bbe0 JavaThread "Sweeper thread" daemon [_thread_blocked, id=11104, stack(0x00000078fcf00000,0x00000078fd000000)]
  0x00000220ea5c1300 JavaThread "Notification Thread" daemon [_thread_blocked, id=17884, stack(0x00000078fd000000,0x00000078fd100000)]
  0x00000220ea5f0500 JavaThread "Common-Cleaner" daemon [_thread_blocked, id=17900, stack(0x00000078fd200000,0x00000078fd300000)]
  0x00000220eae46320 JavaThread "C2 CompilerThread1" daemon [_thread_in_native, id=17312, stack(0x00000078fd300000,0x00000078fd400000)]
  0x00000220eafca520 JavaThread "Thread-0" [_thread_blocked, id=14280, stack(0x00000078fd400000,0x00000078fd500000)]
  0x00000220eafca9f0 JavaThread "restartedMain" [_thread_in_vm, id=9564, stack(0x00000078fd500000,0x00000078fd600000)]

Other Threads:
  0x00000220e9942760 VMThread "VM Thread" [stack: 0x00000078fc600000,0x00000078fc700000] [id=11396]
  0x00000220ea5c57f0 WatcherThread [stack: 0x00000078fd100000,0x00000078fd200000] [id=8092]
  0x00000220cfa3b5e0 GCTaskThread "GC Thread#0" [stack: 0x00000078fc100000,0x00000078fc200000] [id=19212]
  0x00000220eb89a410 GCTaskThread "GC Thread#1" [stack: 0x00000078fd600000,0x00000078fd700000] [id=1932]
  0x00000220eb89aed0 GCTaskThread "GC Thread#2" [stack: 0x00000078fd700000,0x00000078fd800000] [id=13664]
  0x00000220eb89b180 GCTaskThread "GC Thread#3" [stack: 0x00000078fd800000,0x00000078fd900000] [id=11616]
  0x00000220eb89b430 GCTaskThread "GC Thread#4" [stack: 0x00000078fd900000,0x00000078fda00000] [id=11680]
  0x00000220eb89bd00 GCTaskThread "GC Thread#5" [stack: 0x00000078fda00000,0x00000078fdb00000] [id=14128]
  0x00000220cfa4c940 ConcurrentGCThread "G1 Main Marker" [stack: 0x00000078fc200000,0x00000078fc300000] [id=7760]
  0x00000220cfa4d350 ConcurrentGCThread "G1 Conc#0" [stack: 0x00000078fc300000,0x00000078fc400000] [id=16284]
  0x00000220cfa8e8e0 ConcurrentGCThread "G1 Refine#0" [stack: 0x00000078fc400000,0x00000078fc500000] [id=12340]
  0x00000220e9798450 ConcurrentGCThread "G1 Service" [stack: 0x00000078fc500000,0x00000078fc600000] [id=10144]

Threads with active compile tasks:
C2 CompilerThread0     1504 1103       4       java.lang.String::replace (42 bytes)
C1 CompilerThread0     1504 1135       3       org.springframework.util.ConcurrentReferenceHashMap$Segment::<init> (48 bytes)
C2 CompilerThread1     1504 1129   !   4       java.util.concurrent.ConcurrentHashMap::putVal (432 bytes)

VM state: not at safepoint (normal execution)

VM Mutex/Monitor currently owned by a thread: None

Heap address: 0x0000000081c00000, size: 2020 MB, Compressed Oops mode: 32-bit

CDS archive(s) not mapped
Compressed class space mapped at: 0x0000000100000000-0x0000000140000000, reserved size: 1073741824
Narrow klass base: 0x0000000000000000, Narrow klass shift: 3, Narrow klass range: 0x140000000

GC Precious Log:
 CPUs: 8 total, 8 available
 Memory: 8074M
 Large Page Support: Disabled
 NUMA Support: Disabled
 Compressed Oops: Enabled (32-bit)
 Heap Region Size: 1M
 Heap Min Capacity: 8M
 Heap Initial Capacity: 128M
 Heap Max Capacity: 2020M
 Pre-touch: Disabled
 Parallel Workers: 8
 Concurrent Workers: 2
 Concurrent Refinement Workers: 8
 Periodic GC: Disabled

Heap:
 garbage-first heap   total 131072K, used 5061K [0x0000000081c00000, 0x0000000100000000)
  region size 1024K, 4 young (4096K), 3 survivors (3072K)
 Metaspace       used 14434K, committed 14656K, reserved 1064960K
  class space    used 1459K, committed 1536K, reserved 1048576K

Heap Regions: E=young(eden), S=young(survivor), O=old, HS=humongous(starts), HC=humongous(continues), CS=collection set, F=free, OA=open archive, CA=closed archive, TAMS=top-at-mark-start (previous, next)
|   0|0x0000000081c00000, 0x0000000081d00000, 0x0000000081d00000|100%| O|  |TAMS 0x0000000081c00000, 0x0000000081c00000| Untracked 
|   1|0x0000000081d00000, 0x0000000081df1600, 0x0000000081e00000| 94%| O|  |TAMS 0x0000000081d00000, 0x0000000081d00000| Untracked 
|   2|0x0000000081e00000, 0x0000000081e00000, 0x0000000081f00000|  0%| F|  |TAMS 0x0000000081e00000, 0x0000000081e00000| Untracked 
|   3|0x0000000081f00000, 0x0000000081f00000, 0x0000000082000000|  0%| F|  |TAMS 0x0000000081f00000, 0x0000000081f00000| Untracked 
|   4|0x0000000082000000, 0x0000000082000000, 0x0000000082100000|  0%| F|  |TAMS 0x0000000082000000, 0x0000000082000000| Untracked 
|   5|0x0000000082100000, 0x0000000082100000, 0x0000000082200000|  0%| F|  |TAMS 0x0000000082100000, 0x0000000082100000| Untracked 
|   6|0x0000000082200000, 0x0000000082200000, 0x0000000082300000|  0%| F|  |TAMS 0x0000000082200000, 0x0000000082200000| Untracked 
|   7|0x0000000082300000, 0x0000000082300000, 0x0000000082400000|  0%| F|  |TAMS 0x0000000082300000, 0x0000000082300000| Untracked 
|   8|0x0000000082400000, 0x0000000082400000, 0x0000000082500000|  0%| F|  |TAMS 0x0000000082400000, 0x0000000082400000| Untracked 
|   9|0x0000000082500000, 0x0000000082500000, 0x0000000082600000|  0%| F|  |TAMS 0x0000000082500000, 0x0000000082500000| Untracked 
|  10|0x0000000082600000, 0x0000000082600000, 0x0000000082700000|  0%| F|  |TAMS 0x0000000082600000, 0x0000000082600000| Untracked 
|  11|0x0000000082700000, 0x0000000082700000, 0x0000000082800000|  0%| F|  |TAMS 0x0000000082700000, 0x0000000082700000| Untracked 
|  12|0x0000000082800000, 0x0000000082800000, 0x0000000082900000|  0%| F|  |TAMS 0x0000000082800000, 0x0000000082800000| Untracked 
|  13|0x0000000082900000, 0x0000000082900000, 0x0000000082a00000|  0%| F|  |TAMS 0x0000000082900000, 0x0000000082900000| Untracked 
|  14|0x0000000082a00000, 0x0000000082a00000, 0x0000000082b00000|  0%| F|  |TAMS 0x0000000082a00000, 0x0000000082a00000| Untracked 
|  15|0x0000000082b00000, 0x0000000082b00000, 0x0000000082c00000|  0%| F|  |TAMS 0x0000000082b00000, 0x0000000082b00000| Untracked 
|  16|0x0000000082c00000, 0x0000000082c00000, 0x0000000082d00000|  0%| F|  |TAMS 0x0000000082c00000, 0x0000000082c00000| Untracked 
|  17|0x0000000082d00000, 0x0000000082d00000, 0x0000000082e00000|  0%| F|  |TAMS 0x0000000082d00000, 0x0000000082d00000| Untracked 
|  18|0x0000000082e00000, 0x0000000082e00000, 0x0000000082f00000|  0%| F|  |TAMS 0x0000000082e00000, 0x0000000082e00000| Untracked 
|  19|0x0000000082f00000, 0x0000000082f00000, 0x0000000083000000|  0%| F|  |TAMS 0x0000000082f00000, 0x0000000082f00000| Untracked 
|  20|0x0000000083000000, 0x0000000083000000, 0x0000000083100000|  0%| F|  |TAMS 0x0000000083000000, 0x0000000083000000| Untracked 
|  21|0x0000000083100000, 0x0000000083100000, 0x0000000083200000|  0%| F|  |TAMS 0x0000000083100000, 0x0000000083100000| Untracked 
|  22|0x0000000083200000, 0x0000000083200000, 0x0000000083300000|  0%| F|  |TAMS 0x0000000083200000, 0x0000000083200000| Untracked 
|  23|0x0000000083300000, 0x0000000083300000, 0x0000000083400000|  0%| F|  |TAMS 0x0000000083300000, 0x0000000083300000| Untracked 
|  24|0x0000000083400000, 0x0000000083400000, 0x0000000083500000|  0%| F|  |TAMS 0x0000000083400000, 0x0000000083400000| Untracked 
|  25|0x0000000083500000, 0x0000000083500000, 0x0000000083600000|  0%| F|  |TAMS 0x0000000083500000, 0x0000000083500000| Untracked 
|  26|0x0000000083600000, 0x0000000083600000, 0x0000000083700000|  0%| F|  |TAMS 0x0000000083600000, 0x0000000083600000| Untracked 
|  27|0x0000000083700000, 0x0000000083700000, 0x0000000083800000|  0%| F|  |TAMS 0x0000000083700000, 0x0000000083700000| Untracked 
|  28|0x0000000083800000, 0x0000000083800000, 0x0000000083900000|  0%| F|  |TAMS 0x0000000083800000, 0x0000000083800000| Untracked 
|  29|0x0000000083900000, 0x0000000083900000, 0x0000000083a00000|  0%| F|  |TAMS 0x0000000083900000, 0x0000000083900000| Untracked 
|  30|0x0000000083a00000, 0x0000000083a00000, 0x0000000083b00000|  0%| F|  |TAMS 0x0000000083a00000, 0x0000000083a00000| Untracked 
|  31|0x0000000083b00000, 0x0000000083b00000, 0x0000000083c00000|  0%| F|  |TAMS 0x0000000083b00000, 0x0000000083b00000| Untracked 
|  32|0x0000000083c00000, 0x0000000083c00000, 0x0000000083d00000|  0%| F|  |TAMS 0x0000000083c00000, 0x0000000083c00000| Untracked 
|  33|0x0000000083d00000, 0x0000000083d00000, 0x0000000083e00000|  0%| F|  |TAMS 0x0000000083d00000, 0x0000000083d00000| Untracked 
|  34|0x0000000083e00000, 0x0000000083e00000, 0x0000000083f00000|  0%| F|  |TAMS 0x0000000083e00000, 0x0000000083e00000| Untracked 
|  35|0x0000000083f00000, 0x0000000083f00000, 0x0000000084000000|  0%| F|  |TAMS 0x0000000083f00000, 0x0000000083f00000| Untracked 
|  36|0x0000000084000000, 0x0000000084000000, 0x0000000084100000|  0%| F|  |TAMS 0x0000000084000000, 0x0000000084000000| Untracked 
|  37|0x0000000084100000, 0x0000000084100000, 0x0000000084200000|  0%| F|  |TAMS 0x0000000084100000, 0x0000000084100000| Untracked 
|  38|0x0000000084200000, 0x0000000084200000, 0x0000000084300000|  0%| F|  |TAMS 0x0000000084200000, 0x0000000084200000| Untracked 
|  39|0x0000000084300000, 0x0000000084300000, 0x0000000084400000|  0%| F|  |TAMS 0x0000000084300000, 0x0000000084300000| Untracked 
|  40|0x0000000084400000, 0x0000000084400000, 0x0000000084500000|  0%| F|  |TAMS 0x0000000084400000, 0x0000000084400000| Untracked 
|  41|0x0000000084500000, 0x0000000084500000, 0x0000000084600000|  0%| F|  |TAMS 0x0000000084500000, 0x0000000084500000| Untracked 
|  42|0x0000000084600000, 0x0000000084600000, 0x0000000084700000|  0%| F|  |TAMS 0x0000000084600000, 0x0000000084600000| Untracked 
|  43|0x0000000084700000, 0x0000000084700000, 0x0000000084800000|  0%| F|  |TAMS 0x0000000084700000, 0x0000000084700000| Untracked 
|  44|0x0000000084800000, 0x0000000084800000, 0x0000000084900000|  0%| F|  |TAMS 0x0000000084800000, 0x0000000084800000| Untracked 
|  45|0x0000000084900000, 0x0000000084900000, 0x0000000084a00000|  0%| F|  |TAMS 0x0000000084900000, 0x0000000084900000| Untracked 
|  46|0x0000000084a00000, 0x0000000084a00000, 0x0000000084b00000|  0%| F|  |TAMS 0x0000000084a00000, 0x0000000084a00000| Untracked 
|  47|0x0000000084b00000, 0x0000000084b00000, 0x0000000084c00000|  0%| F|  |TAMS 0x0000000084b00000, 0x0000000084b00000| Untracked 
|  48|0x0000000084c00000, 0x0000000084c00000, 0x0000000084d00000|  0%| F|  |TAMS 0x0000000084c00000, 0x0000000084c00000| Untracked 
|  49|0x0000000084d00000, 0x0000000084d00000, 0x0000000084e00000|  0%| F|  |TAMS 0x0000000084d00000, 0x0000000084d00000| Untracked 
|  50|0x0000000084e00000, 0x0000000084e00000, 0x0000000084f00000|  0%| F|  |TAMS 0x0000000084e00000, 0x0000000084e00000| Untracked 
|  51|0x0000000084f00000, 0x0000000084f00000, 0x0000000085000000|  0%| F|  |TAMS 0x0000000084f00000, 0x0000000084f00000| Untracked 
|  52|0x0000000085000000, 0x0000000085000000, 0x0000000085100000|  0%| F|  |TAMS 0x0000000085000000, 0x0000000085000000| Untracked 
|  53|0x0000000085100000, 0x0000000085100000, 0x0000000085200000|  0%| F|  |TAMS 0x0000000085100000, 0x0000000085100000| Untracked 
|  54|0x0000000085200000, 0x0000000085200000, 0x0000000085300000|  0%| F|  |TAMS 0x0000000085200000, 0x0000000085200000| Untracked 
|  55|0x0000000085300000, 0x0000000085300000, 0x0000000085400000|  0%| F|  |TAMS 0x0000000085300000, 0x0000000085300000| Untracked 
|  56|0x0000000085400000, 0x0000000085400000, 0x0000000085500000|  0%| F|  |TAMS 0x0000000085400000, 0x0000000085400000| Untracked 
|  57|0x0000000085500000, 0x0000000085500000, 0x0000000085600000|  0%| F|  |TAMS 0x0000000085500000, 0x0000000085500000| Untracked 
|  58|0x0000000085600000, 0x0000000085600000, 0x0000000085700000|  0%| F|  |TAMS 0x0000000085600000, 0x0000000085600000| Untracked 
|  59|0x0000000085700000, 0x0000000085700000, 0x0000000085800000|  0%| F|  |TAMS 0x0000000085700000, 0x0000000085700000| Untracked 
|  60|0x0000000085800000, 0x0000000085800000, 0x0000000085900000|  0%| F|  |TAMS 0x0000000085800000, 0x0000000085800000| Untracked 
|  61|0x0000000085900000, 0x0000000085900000, 0x0000000085a00000|  0%| F|  |TAMS 0x0000000085900000, 0x0000000085900000| Untracked 
|  62|0x0000000085a00000, 0x0000000085a00000, 0x0000000085b00000|  0%| F|  |TAMS 0x0000000085a00000, 0x0000000085a00000| Untracked 
|  63|0x0000000085b00000, 0x0000000085b00000, 0x0000000085c00000|  0%| F|  |TAMS 0x0000000085b00000, 0x0000000085b00000| Untracked 
|  64|0x0000000085c00000, 0x0000000085c00000, 0x0000000085d00000|  0%| F|  |TAMS 0x0000000085c00000, 0x0000000085c00000| Untracked 
|  65|0x0000000085d00000, 0x0000000085d00000, 0x0000000085e00000|  0%| F|  |TAMS 0x0000000085d00000, 0x0000000085d00000| Untracked 
|  66|0x0000000085e00000, 0x0000000085e00000, 0x0000000085f00000|  0%| F|  |TAMS 0x0000000085e00000, 0x0000000085e00000| Untracked 
|  67|0x0000000085f00000, 0x0000000085f00000, 0x0000000086000000|  0%| F|  |TAMS 0x0000000085f00000, 0x0000000085f00000| Untracked 
|  68|0x0000000086000000, 0x0000000086000000, 0x0000000086100000|  0%| F|  |TAMS 0x0000000086000000, 0x0000000086000000| Untracked 
|  69|0x0000000086100000, 0x0000000086100000, 0x0000000086200000|  0%| F|  |TAMS 0x0000000086100000, 0x0000000086100000| Untracked 
|  70|0x0000000086200000, 0x0000000086200000, 0x0000000086300000|  0%| F|  |TAMS 0x0000000086200000, 0x0000000086200000| Untracked 
|  71|0x0000000086300000, 0x0000000086300000, 0x0000000086400000|  0%| F|  |TAMS 0x0000000086300000, 0x0000000086300000| Untracked 
|  72|0x0000000086400000, 0x0000000086400000, 0x0000000086500000|  0%| F|  |TAMS 0x0000000086400000, 0x0000000086400000| Untracked 
|  73|0x0000000086500000, 0x0000000086500000, 0x0000000086600000|  0%| F|  |TAMS 0x0000000086500000, 0x0000000086500000| Untracked 
|  74|0x0000000086600000, 0x0000000086600000, 0x0000000086700000|  0%| F|  |TAMS 0x0000000086600000, 0x0000000086600000| Untracked 
|  75|0x0000000086700000, 0x0000000086700000, 0x0000000086800000|  0%| F|  |TAMS 0x0000000086700000, 0x0000000086700000| Untracked 
|  76|0x0000000086800000, 0x0000000086800000, 0x0000000086900000|  0%| F|  |TAMS 0x0000000086800000, 0x0000000086800000| Untracked 
|  77|0x0000000086900000, 0x0000000086900000, 0x0000000086a00000|  0%| F|  |TAMS 0x0000000086900000, 0x0000000086900000| Untracked 
|  78|0x0000000086a00000, 0x0000000086a00000, 0x0000000086b00000|  0%| F|  |TAMS 0x0000000086a00000, 0x0000000086a00000| Untracked 
|  79|0x0000000086b00000, 0x0000000086b00000, 0x0000000086c00000|  0%| F|  |TAMS 0x0000000086b00000, 0x0000000086b00000| Untracked 
|  80|0x0000000086c00000, 0x0000000086c00000, 0x0000000086d00000|  0%| F|  |TAMS 0x0000000086c00000, 0x0000000086c00000| Untracked 
|  81|0x0000000086d00000, 0x0000000086d00000, 0x0000000086e00000|  0%| F|  |TAMS 0x0000000086d00000, 0x0000000086d00000| Untracked 
|  82|0x0000000086e00000, 0x0000000086e00000, 0x0000000086f00000|  0%| F|  |TAMS 0x0000000086e00000, 0x0000000086e00000| Untracked 
|  83|0x0000000086f00000, 0x0000000086f00000, 0x0000000087000000|  0%| F|  |TAMS 0x0000000086f00000, 0x0000000086f00000| Untracked 
|  84|0x0000000087000000, 0x0000000087000000, 0x0000000087100000|  0%| F|  |TAMS 0x0000000087000000, 0x0000000087000000| Untracked 
|  85|0x0000000087100000, 0x0000000087100000, 0x0000000087200000|  0%| F|  |TAMS 0x0000000087100000, 0x0000000087100000| Untracked 
|  86|0x0000000087200000, 0x0000000087200000, 0x0000000087300000|  0%| F|  |TAMS 0x0000000087200000, 0x0000000087200000| Untracked 
|  87|0x0000000087300000, 0x0000000087300000, 0x0000000087400000|  0%| F|  |TAMS 0x0000000087300000, 0x0000000087300000| Untracked 
|  88|0x0000000087400000, 0x0000000087400000, 0x0000000087500000|  0%| F|  |TAMS 0x0000000087400000, 0x0000000087400000| Untracked 
|  89|0x0000000087500000, 0x0000000087500000, 0x0000000087600000|  0%| F|  |TAMS 0x0000000087500000, 0x0000000087500000| Untracked 
|  90|0x0000000087600000, 0x0000000087600000, 0x0000000087700000|  0%| F|  |TAMS 0x0000000087600000, 0x0000000087600000| Untracked 
|  91|0x0000000087700000, 0x0000000087700000, 0x0000000087800000|  0%| F|  |TAMS 0x0000000087700000, 0x0000000087700000| Untracked 
|  92|0x0000000087800000, 0x0000000087800000, 0x0000000087900000|  0%| F|  |TAMS 0x0000000087800000, 0x0000000087800000| Untracked 
|  93|0x0000000087900000, 0x0000000087900000, 0x0000000087a00000|  0%| F|  |TAMS 0x0000000087900000, 0x0000000087900000| Untracked 
|  94|0x0000000087a00000, 0x0000000087a00000, 0x0000000087b00000|  0%| F|  |TAMS 0x0000000087a00000, 0x0000000087a00000| Untracked 
|  95|0x0000000087b00000, 0x0000000087b00000, 0x0000000087c00000|  0%| F|  |TAMS 0x0000000087b00000, 0x0000000087b00000| Untracked 
|  96|0x0000000087c00000, 0x0000000087c00000, 0x0000000087d00000|  0%| F|  |TAMS 0x0000000087c00000, 0x0000000087c00000| Untracked 
|  97|0x0000000087d00000, 0x0000000087d00000, 0x0000000087e00000|  0%| F|  |TAMS 0x0000000087d00000, 0x0000000087d00000| Untracked 
|  98|0x0000000087e00000, 0x0000000087e00000, 0x0000000087f00000|  0%| F|  |TAMS 0x0000000087e00000, 0x0000000087e00000| Untracked 
|  99|0x0000000087f00000, 0x0000000087f00000, 0x0000000088000000|  0%| F|  |TAMS 0x0000000087f00000, 0x0000000087f00000| Untracked 
| 100|0x0000000088000000, 0x0000000088000000, 0x0000000088100000|  0%| F|  |TAMS 0x0000000088000000, 0x0000000088000000| Untracked 
| 101|0x0000000088100000, 0x0000000088100000, 0x0000000088200000|  0%| F|  |TAMS 0x0000000088100000, 0x0000000088100000| Untracked 
| 102|0x0000000088200000, 0x0000000088300000, 0x0000000088300000|100%| S|CS|TAMS 0x0000000088200000, 0x0000000088200000| Complete 
| 103|0x0000000088300000, 0x0000000088400000, 0x0000000088400000|100%| S|CS|TAMS 0x0000000088300000, 0x0000000088300000| Complete 
| 104|0x0000000088400000, 0x0000000088500000, 0x0000000088500000|100%| S|CS|TAMS 0x0000000088400000, 0x0000000088400000| Complete 
| 105|0x0000000088500000, 0x0000000088500000, 0x0000000088600000|  0%| F|  |TAMS 0x0000000088500000, 0x0000000088500000| Untracked 
| 106|0x0000000088600000, 0x0000000088600000, 0x0000000088700000|  0%| F|  |TAMS 0x0000000088600000, 0x0000000088600000| Untracked 
| 107|0x0000000088700000, 0x0000000088700000, 0x0000000088800000|  0%| F|  |TAMS 0x0000000088700000, 0x0000000088700000| Untracked 
| 108|0x0000000088800000, 0x0000000088800000, 0x0000000088900000|  0%| F|  |TAMS 0x0000000088800000, 0x0000000088800000| Untracked 
| 109|0x0000000088900000, 0x0000000088900000, 0x0000000088a00000|  0%| F|  |TAMS 0x0000000088900000, 0x0000000088900000| Untracked 
| 110|0x0000000088a00000, 0x0000000088a00000, 0x0000000088b00000|  0%| F|  |TAMS 0x0000000088a00000, 0x0000000088a00000| Untracked 
| 111|0x0000000088b00000, 0x0000000088b00000, 0x0000000088c00000|  0%| F|  |TAMS 0x0000000088b00000, 0x0000000088b00000| Untracked 
| 112|0x0000000088c00000, 0x0000000088c00000, 0x0000000088d00000|  0%| F|  |TAMS 0x0000000088c00000, 0x0000000088c00000| Untracked 
| 113|0x0000000088d00000, 0x0000000088d00000, 0x0000000088e00000|  0%| F|  |TAMS 0x0000000088d00000, 0x0000000088d00000| Untracked 
| 114|0x0000000088e00000, 0x0000000088e00000, 0x0000000088f00000|  0%| F|  |TAMS 0x0000000088e00000, 0x0000000088e00000| Untracked 
| 115|0x0000000088f00000, 0x0000000088f00000, 0x0000000089000000|  0%| F|  |TAMS 0x0000000088f00000, 0x0000000088f00000| Untracked 
| 116|0x0000000089000000, 0x0000000089000000, 0x0000000089100000|  0%| F|  |TAMS 0x0000000089000000, 0x0000000089000000| Untracked 
| 117|0x0000000089100000, 0x0000000089100000, 0x0000000089200000|  0%| F|  |TAMS 0x0000000089100000, 0x0000000089100000| Untracked 
| 118|0x0000000089200000, 0x0000000089200000, 0x0000000089300000|  0%| F|  |TAMS 0x0000000089200000, 0x0000000089200000| Untracked 
| 119|0x0000000089300000, 0x0000000089300000, 0x0000000089400000|  0%| F|  |TAMS 0x0000000089300000, 0x0000000089300000| Untracked 
| 120|0x0000000089400000, 0x0000000089400000, 0x0000000089500000|  0%| F|  |TAMS 0x0000000089400000, 0x0000000089400000| Untracked 
| 121|0x0000000089500000, 0x0000000089500000, 0x0000000089600000|  0%| F|  |TAMS 0x0000000089500000, 0x0000000089500000| Untracked 
| 122|0x0000000089600000, 0x0000000089600000, 0x0000000089700000|  0%| F|  |TAMS 0x0000000089600000, 0x0000000089600000| Untracked 
| 123|0x0000000089700000, 0x0000000089700000, 0x0000000089800000|  0%| F|  |TAMS 0x0000000089700000, 0x0000000089700000| Untracked 
| 124|0x0000000089800000, 0x0000000089800000, 0x0000000089900000|  0%| F|  |TAMS 0x0000000089800000, 0x0000000089800000| Untracked 
| 125|0x0000000089900000, 0x0000000089900000, 0x0000000089a00000|  0%| F|  |TAMS 0x0000000089900000, 0x0000000089900000| Untracked 
| 126|0x0000000089a00000, 0x0000000089a00000, 0x0000000089b00000|  0%| F|  |TAMS 0x0000000089a00000, 0x0000000089a00000| Untracked 
| 127|0x0000000089b00000, 0x0000000089bb74b8, 0x0000000089c00000| 71%| E|  |TAMS 0x0000000089b00000, 0x0000000089b00000| Complete 

Card table byte_map: [0x00000220e27b0000,0x00000220e2bb0000] _byte_map_base: 0x00000220e23a2000

Marking Bits (Prev, Next): (CMBitMap*) 0x00000220cfa3bbf0, (CMBitMap*) 0x00000220cfa3bc30
 Prev Bits: [0x00000220e2fb0000, 0x00000220e4f40000)
 Next Bits: [0x00000220e4f40000, 0x00000220e6ed0000)

Polling page: 0x00000220cd930000

Metaspace:

Usage:
  Non-class:     12.68 MB used.
      Class:      1.43 MB used.
       Both:     14.11 MB used.

Virtual space:
  Non-class space:       16.00 MB reserved,      12.81 MB ( 80%) committed,  2 nodes.
      Class space:        1.00 GB reserved,       1.50 MB ( <1%) committed,  1 nodes.
             Both:        1.02 GB reserved,      14.31 MB (  1%) committed. 

Chunk freelists:
   Non-Class:  2.47 MB
       Class:  2.41 MB
        Both:  4.88 MB

MaxMetaspaceSize: unlimited
CompressedClassSpaceSize: 1.00 GB
Initial GC threshold: 21.00 MB
Current GC threshold: 21.00 MB
CDS: off
MetaspaceReclaimPolicy: balanced
 - commit_granule_bytes: 65536.
 - commit_granule_words: 8192.
 - virtual_space_node_default_size: 1048576.
 - enlarge_chunks_in_place: 1.
 - new_chunks_are_fully_committed: 0.
 - uncommit_free_chunks: 1.
 - use_allocation_guard: 0.
 - handle_deallocations: 1.


Internal statistics:

num_allocs_failed_limit: 0.
num_arena_births: 102.
num_arena_deaths: 0.
num_vsnodes_births: 3.
num_vsnodes_deaths: 0.
num_space_committed: 229.
num_space_uncommitted: 0.
num_chunks_returned_to_freelist: 0.
num_chunks_taken_from_freelist: 304.
num_chunk_merges: 0.
num_chunk_splits: 181.
num_chunks_enlarged: 131.
num_purges: 0.
num_inconsistent_stats: 0.

CodeHeap 'non-profiled nmethods': size=120000Kb used=397Kb max_used=397Kb free=119602Kb
 bounds [0x00000220dab50000, 0x00000220dadc0000, 0x00000220e2080000]
CodeHeap 'profiled nmethods': size=120000Kb used=2077Kb max_used=2077Kb free=117922Kb
 bounds [0x00000220d3620000, 0x00000220d3890000, 0x00000220dab50000]
CodeHeap 'non-nmethods': size=5760Kb used=1149Kb max_used=1184Kb free=4611Kb
 bounds [0x00000220d3080000, 0x00000220d32f0000, 0x00000220d3620000]
 total_blobs=1581 nmethods=1145 adapters=349
 compilation: enabled
              stopped_count=0, restarted_count=0
 full_count=0

Compilation events (20 events):
Event: 1.443 Thread 0x00000220ea448610 nmethod 1105 0x00000220d3814c90 code [0x00000220d3814e40, 0x00000220d3815058]
Event: 1.443 Thread 0x00000220ea448610 1106       3       java.lang.invoke.MethodHandleNatives::refKindHasReceiver (33 bytes)
Event: 1.443 Thread 0x00000220ea448610 nmethod 1106 0x00000220d3815190 code [0x00000220d3815320, 0x00000220d3815478]
Event: 1.445 Thread 0x00000220ea448610 1107       3       jdk.internal.reflect.MagicAccessorImpl::<init> (5 bytes)
Event: 1.445 Thread 0x00000220ea448610 nmethod 1107 0x00000220d3815510 code [0x00000220d38156a0, 0x00000220d38157f8]
Event: 1.447 Thread 0x00000220ea448610 1108       3       java.lang.invoke.DirectMethodHandle::internalMemberName (8 bytes)
Event: 1.447 Thread 0x00000220ea448610 nmethod 1108 0x00000220d3815890 code [0x00000220d3815a20, 0x00000220d3815bf8]
Event: 1.447 Thread 0x00000220ea448610 1109       3       org.springframework.boot.context.properties.source.ConfigurationPropertyName$Elements::getType (7 bytes)
Event: 1.447 Thread 0x00000220ea448610 nmethod 1109 0x00000220d3815d10 code [0x00000220d3815ea0, 0x00000220d3815fd8]
Event: 1.448 Thread 0x00000220ea448610 1110       3       java.util.stream.AbstractPipeline::isParallel (8 bytes)
Event: 1.448 Thread 0x00000220ea448610 nmethod 1110 0x00000220d3816090 code [0x00000220d3816220, 0x00000220d3816338]
Event: 1.448 Thread 0x00000220ea448610 1111       1       sun.util.locale.BaseLocale::getLanguage (5 bytes)
Event: 1.448 Thread 0x00000220ea448610 nmethod 1111 0x00000220dabb2010 code [0x00000220dabb21a0, 0x00000220dabb2278]
Event: 1.449 Thread 0x00000220ea448610 1112       3       java.util.stream.StreamOpFlag::combineOpFlags (9 bytes)
Event: 1.449 Thread 0x00000220ea448610 nmethod 1112 0x00000220d3816410 code [0x00000220d38165a0, 0x00000220d3816758]
Event: 1.449 Thread 0x00000220ea448610 1114       3       org.springframework.boot.context.properties.source.ConfigurationPropertyName::hashCode (127 bytes)
Event: 1.450 Thread 0x00000220ea448610 nmethod 1114 0x00000220d3816810 code [0x00000220d3816a60, 0x00000220d3817458]
Event: 1.450 Thread 0x00000220ea448610 1118       3       java.util.HashMap::computeIfAbsent (330 bytes)
Event: 1.451 Thread 0x00000220ea448610 nmethod 1118 0x00000220d3817810 code [0x00000220d3817b20, 0x00000220d3819148]
Event: 1.451 Thread 0x00000220ea448610 1115       3       org.springframework.boot.context.properties.source.ConfigurationPropertyName$Elements::getLength (46 bytes)

GC Heap History (0 events):
No events

Dll operation events (7 events):
Event: 0.015 Loaded shared library C:\Users\21268\.p2\pool\plugins\org.eclipse.justj.openjdk.hotspot.jre.full.win32.x86_64_17.0.5.v20221102-0933\jre\bin\java.dll
Event: 0.248 Loaded shared library C:\Users\21268\.p2\pool\plugins\org.eclipse.justj.openjdk.hotspot.jre.full.win32.x86_64_17.0.5.v20221102-0933\jre\bin\net.dll
Event: 0.251 Loaded shared library C:\Users\21268\.p2\pool\plugins\org.eclipse.justj.openjdk.hotspot.jre.full.win32.x86_64_17.0.5.v20221102-0933\jre\bin\nio.dll
Event: 0.260 Loaded shared library C:\Users\21268\.p2\pool\plugins\org.eclipse.justj.openjdk.hotspot.jre.full.win32.x86_64_17.0.5.v20221102-0933\jre\bin\zip.dll
Event: 0.513 Loaded shared library C:\Users\21268\.p2\pool\plugins\org.eclipse.justj.openjdk.hotspot.jre.full.win32.x86_64_17.0.5.v20221102-0933\jre\bin\jimage.dll
Event: 0.946 Loaded shared library C:\Users\21268\.p2\pool\plugins\org.eclipse.justj.openjdk.hotspot.jre.full.win32.x86_64_17.0.5.v20221102-0933\jre\bin\management.dll
Event: 0.949 Loaded shared library C:\Users\21268\.p2\pool\plugins\org.eclipse.justj.openjdk.hotspot.jre.full.win32.x86_64_17.0.5.v20221102-0933\jre\bin\management_ext.dll

Deoptimization events (20 events):
Event: 1.126 Thread 0x00000220eafca9f0 DEOPT PACKING pc=0x00000220d3684a38 sp=0x00000078fd5fa1e0
Event: 1.126 Thread 0x00000220eafca9f0 DEOPT UNPACKING pc=0x00000220d30d2b43 sp=0x00000078fd5f96f8 mode 0
Event: 1.136 Thread 0x00000220eafca9f0 DEOPT PACKING pc=0x00000220d3649888 sp=0x00000078fd5fbd30
Event: 1.136 Thread 0x00000220eafca9f0 DEOPT UNPACKING pc=0x00000220d30d2b43 sp=0x00000078fd5fb238 mode 0
Event: 1.431 Thread 0x00000220eafca9f0 Uncommon trap: trap_request=0xffffffde fr.pc=0x00000220dabb06c4 relative=0x0000000000000124
Event: 1.431 Thread 0x00000220eafca9f0 Uncommon trap: reason=class_check action=maybe_recompile pc=0x00000220dabb06c4 method=jdk.internal.misc.Unsafe.allocateUninitializedArray(Ljava/lang/Class;I)Ljava/lang/Object; @ 51 c2
Event: 1.431 Thread 0x00000220eafca9f0 DEOPT PACKING pc=0x00000220dabb06c4 sp=0x00000078fd5fcf90
Event: 1.431 Thread 0x00000220eafca9f0 DEOPT UNPACKING pc=0x00000220d30d23a3 sp=0x00000078fd5fcf18 mode 2
Event: 1.431 Thread 0x00000220eafca9f0 Uncommon trap: trap_request=0xffffffde fr.pc=0x00000220dabb06c4 relative=0x0000000000000124
Event: 1.431 Thread 0x00000220eafca9f0 Uncommon trap: reason=class_check action=maybe_recompile pc=0x00000220dabb06c4 method=jdk.internal.misc.Unsafe.allocateUninitializedArray(Ljava/lang/Class;I)Ljava/lang/Object; @ 51 c2
Event: 1.431 Thread 0x00000220eafca9f0 DEOPT PACKING pc=0x00000220dabb06c4 sp=0x00000078fd5fd030
Event: 1.431 Thread 0x00000220eafca9f0 DEOPT UNPACKING pc=0x00000220d30d23a3 sp=0x00000078fd5fcfb8 mode 2
Event: 1.431 Thread 0x00000220eafca9f0 Uncommon trap: trap_request=0xffffffde fr.pc=0x00000220dabb06c4 relative=0x0000000000000124
Event: 1.431 Thread 0x00000220eafca9f0 Uncommon trap: reason=class_check action=maybe_recompile pc=0x00000220dabb06c4 method=jdk.internal.misc.Unsafe.allocateUninitializedArray(Ljava/lang/Class;I)Ljava/lang/Object; @ 51 c2
Event: 1.431 Thread 0x00000220eafca9f0 DEOPT PACKING pc=0x00000220dabb06c4 sp=0x00000078fd5fce40
Event: 1.431 Thread 0x00000220eafca9f0 DEOPT UNPACKING pc=0x00000220d30d23a3 sp=0x00000078fd5fcdc8 mode 2
Event: 1.431 Thread 0x00000220eafca9f0 Uncommon trap: trap_request=0xffffffde fr.pc=0x00000220dabb06c4 relative=0x0000000000000124
Event: 1.431 Thread 0x00000220eafca9f0 Uncommon trap: reason=class_check action=maybe_recompile pc=0x00000220dabb06c4 method=jdk.internal.misc.Unsafe.allocateUninitializedArray(Ljava/lang/Class;I)Ljava/lang/Object; @ 51 c2
Event: 1.431 Thread 0x00000220eafca9f0 DEOPT PACKING pc=0x00000220dabb06c4 sp=0x00000078fd5fcb90
Event: 1.431 Thread 0x00000220eafca9f0 DEOPT UNPACKING pc=0x00000220d30d23a3 sp=0x00000078fd5fcb18 mode 2

Classes unloaded (0 events):
No events

Classes redefined (0 events):
No events

Internal exceptions (18 events):
Event: 0.567 Thread 0x00000220cf9dd2c0 Exception <a 'java/lang/ClassNotFoundException'{0x000000008955c808}: javax/smartcardio/CardPermission> (0x000000008955c808) 
thrown [s\src\hotspot\share\classfile\systemDictionary.cpp, line 256]
Event: 0.570 Thread 0x00000220cf9dd2c0 Exception <a 'java/io/FileNotFoundException'{0x000000008956afb8}> (0x000000008956afb8) 
thrown [s\src\hotspot\share\prims\jni.cpp, line 516]
Event: 0.624 Thread 0x00000220cf9dd2c0 Exception <a 'java/lang/NoSuchMethodError'{0x00000000895e9160}: 'java.lang.Object java.lang.invoke.DirectMethodHandle$Holder.invokeSpecial(java.lang.Object, java.lang.Object, java.lang.Object, long, java.lang.Object)'> (0x00000000895e9160) 
thrown [s\src\hotspot\share\interpreter\linkResolver.cpp, line 759]
Event: 0.625 Thread 0x00000220cf9dd2c0 Exception <a 'java/lang/NoSuchMethodError'{0x00000000895ece00}: 'java.lang.Object java.lang.invoke.Invokers$Holder.linkToTargetMethod(java.lang.Object, long, java.lang.Object, java.lang.Object)'> (0x00000000895ece00) 
thrown [s\src\hotspot\share\interpreter\linkResolver.cpp, line 759]
Event: 0.753 Thread 0x00000220cf9dd2c0 Exception <a 'java/lang/NoSuchMethodError'{0x00000000893e2e88}: 'void java.lang.invoke.DirectMethodHandle$Holder.invokeStatic(java.lang.Object, java.lang.Object, java.lang.Object, java.lang.Object)'> (0x00000000893e2e88) 
thrown [s\src\hotspot\share\interpreter\linkResolver.cpp, line 759]
Event: 0.799 Thread 0x00000220cf9dd2c0 Exception <a 'java/lang/NoSuchMethodError'{0x0000000089110178}: 'int java.lang.invoke.DirectMethodHandle$Holder.invokeStaticInit(java.lang.Object, java.lang.Object)'> (0x0000000089110178) 
thrown [s\src\hotspot\share\interpreter\linkResolver.cpp, line 759]
Event: 0.809 Thread 0x00000220cf9dd2c0 Exception <a 'java/lang/NoSuchMethodError'{0x000000008915e0d0}: 'void java.lang.invoke.DirectMethodHandle$Holder.invokeInterface(java.lang.Object, java.lang.Object, java.lang.Object, java.lang.Object)'> (0x000000008915e0d0) 
thrown [s\src\hotspot\share\interpreter\linkResolver.cpp, line 759]
Event: 0.899 Thread 0x00000220cf9dd2c0 Exception <a 'java/lang/NoSuchMethodError'{0x0000000088f67060}: 'java.lang.Object java.lang.invoke.DirectMethodHandle$Holder.invokeInterface(java.lang.Object, java.lang.Object)'> (0x0000000088f67060) 
thrown [s\src\hotspot\share\interpreter\linkResolver.cpp, line 759]
Event: 0.906 Thread 0x00000220cf9dd2c0 Exception <a 'java/lang/NoSuchMethodError'{0x0000000088f9fa78}: 'void java.lang.invoke.DirectMethodHandle$Holder.invokeStatic(java.lang.Object, java.lang.Object, java.lang.Object)'> (0x0000000088f9fa78) 
thrown [s\src\hotspot\share\interpreter\linkResolver.cpp, line 759]
Event: 0.909 Thread 0x00000220cf9dd2c0 Exception <a 'java/lang/NoSuchMethodError'{0x0000000088fb5198}: 'java.lang.Object java.lang.invoke.DirectMethodHandle$Holder.invokeSpecialIFC(java.lang.Object, java.lang.Object, java.lang.Object, java.lang.Object)'> (0x0000000088fb5198) 
thrown [s\src\hotspot\share\interpreter\linkResolver.cpp, line 759]
Event: 0.913 Thread 0x00000220cf9dd2c0 Exception <a 'java/lang/NoSuchMethodError'{0x0000000088fd3740}: 'java.lang.Object java.lang.invoke.DirectMethodHandle$Holder.invokeInterface(java.lang.Object, java.lang.Object, java.lang.Object)'> (0x0000000088fd3740) 
thrown [s\src\hotspot\share\interpreter\linkResolver.cpp, line 759]
Event: 0.944 Thread 0x00000220cf9dd2c0 Exception <a 'java/lang/NoSuchMethodError'{0x0000000088ecb588}: 'java.lang.Object java.lang.invoke.DirectMethodHandle$Holder.invokeStaticInit(java.lang.Object)'> (0x0000000088ecb588) 
thrown [s\src\hotspot\share\interpreter\linkResolver.cpp, line 759]
Event: 0.960 Thread 0x00000220cf9dd2c0 Exception <a 'java/lang/NoSuchMethodError'{0x0000000088eeae30}: 'int java.lang.invoke.DirectMethodHandle$Holder.invokeSpecial(java.lang.Object, java.lang.Object, java.lang.Object)'> (0x0000000088eeae30) 
thrown [s\src\hotspot\share\interpreter\linkResolver.cpp, line 759]
Event: 1.037 Thread 0x00000220eafca9f0 Exception <a 'java/lang/NoSuchMethodError'{0x0000000088bbd228}: 'int java.lang.invoke.DirectMethodHandle$Holder.invokeStaticInit(java.lang.Object, java.lang.Object, java.lang.Object)'> (0x0000000088bbd228) 
thrown [s\src\hotspot\share\interpreter\linkResolver.cpp, line 759]
Event: 1.047 Thread 0x00000220eafca9f0 Exception <a 'java/lang/NoSuchMethodError'{0x0000000088a15aa8}: 'java.lang.Object java.lang.invoke.DirectMethodHandle$Holder.newInvokeSpecial(java.lang.Object, java.lang.Object, java.lang.Object, java.lang.Object, java.lang.Object)'> (0x0000000088a15aa8) 
thrown [s\src\hotspot\share\interpreter\linkResolver.cpp, line 759]
Event: 1.055 Thread 0x00000220eafca9f0 Exception <a 'java/lang/NoSuchMethodError'{0x0000000088a64698}: 'java.lang.Object java.lang.invoke.DirectMethodHandle$Holder.invokeStaticInit(java.lang.Object, java.lang.Object, java.lang.Object)'> (0x0000000088a64698) 
thrown [s\src\hotspot\share\interpreter\linkResolver.cpp, line 759]
Event: 1.117 Thread 0x00000220eafca9f0 Exception <a 'java/lang/IncompatibleClassChangeError'{0x0000000088aedfd8}: Found class java.lang.Object, but interface was expected> (0x0000000088aedfd8) 
thrown [s\src\hotspot\share\interpreter\linkResolver.cpp, line 826]
Event: 1.150 Thread 0x00000220eafca9f0 Exception <a 'sun/nio/fs/WindowsException'{0x00000000889680a8}> (0x00000000889680a8) 
thrown [s\src\hotspot\share\prims\jni.cpp, line 516]

VM Operations (10 events):
Event: 0.280 Executing VM operation: HandshakeAllThreads
Event: 0.280 Executing VM operation: HandshakeAllThreads done
Event: 0.520 Executing VM operation: HandshakeAllThreads
Event: 0.520 Executing VM operation: HandshakeAllThreads done
Event: 0.738 Executing VM operation: HandshakeAllThreads
Event: 0.738 Executing VM operation: HandshakeAllThreads done
Event: 1.172 Executing VM operation: HandshakeAllThreads
Event: 1.172 Executing VM operation: HandshakeAllThreads done
Event: 1.172 Executing VM operation: Cleanup
Event: 1.172 Executing VM operation: Cleanup done

Events (20 events):
Event: 1.443 loading class java/util/stream/IntStream
Event: 1.444 loading class java/util/stream/IntStream done
Event: 1.444 loading class java/util/stream/IntPipeline done
Event: 1.444 loading class java/util/stream/IntPipeline$Head done
Event: 1.444 loading class java/util/function/IntPredicate
Event: 1.444 loading class java/util/function/IntPredicate done
Event: 1.445 loading class java/util/stream/MatchOps$MatchKind
Event: 1.445 loading class java/util/stream/MatchOps$MatchKind done
Event: 1.445 loading class java/util/stream/MatchOps
Event: 1.445 loading class java/util/stream/MatchOps done
Event: 1.445 loading class java/util/stream/MatchOps$MatchOp
Event: 1.445 loading class java/util/stream/MatchOps$MatchOp done
Event: 1.445 loading class java/util/stream/MatchOps$BooleanTerminalSink
Event: 1.445 loading class java/util/stream/MatchOps$BooleanTerminalSink done
Event: 1.446 loading class java/util/stream/MatchOps$2MatchSink
Event: 1.446 loading class java/util/stream/Sink$OfInt
Event: 1.446 loading class java/util/function/IntConsumer
Event: 1.446 loading class java/util/function/IntConsumer done
Event: 1.446 loading class java/util/stream/Sink$OfInt done
Event: 1.446 loading class java/util/stream/MatchOps$2MatchSink done


Dynamic libraries:
0x00007ff713ec0000 - 0x00007ff713ece000 	C:\Users\21268\.p2\pool\plugins\org.eclipse.justj.openjdk.hotspot.jre.full.win32.x86_64_17.0.5.v20221102-0933\jre\bin\javaw.exe
0x00007ff8f0230000 - 0x00007ff8f0446000 	C:\WINDOWS\SYSTEM32\ntdll.dll
0x00007ff8a3910000 - 0x00007ff8a3929000 	C:\Program Files\AVG\Antivirus\aswhook.dll
0x00007ff8ee990000 - 0x00007ff8eea54000 	C:\WINDOWS\System32\KERNEL32.DLL
0x00007ff8ed610000 - 0x00007ff8ed9b6000 	C:\WINDOWS\System32\KERNELBASE.dll
0x00007ff8edd40000 - 0x00007ff8ede51000 	C:\WINDOWS\System32\ucrtbase.dll
0x00007ff8e62f0000 - 0x00007ff8e6307000 	C:\Users\21268\.p2\pool\plugins\org.eclipse.justj.openjdk.hotspot.jre.full.win32.x86_64_17.0.5.v20221102-0933\jre\bin\jli.dll
0x00007ff8e62d0000 - 0x00007ff8e62e9000 	C:\Users\21268\.p2\pool\plugins\org.eclipse.justj.openjdk.hotspot.jre.full.win32.x86_64_17.0.5.v20221102-0933\jre\bin\VCRUNTIME140.dll
0x00007ff8eee80000 - 0x00007ff8ef02d000 	C:\WINDOWS\System32\USER32.dll
0x00007ff8edbf0000 - 0x00007ff8edc16000 	C:\WINDOWS\System32\win32u.dll
0x00007ff8efa90000 - 0x00007ff8efab9000 	C:\WINDOWS\System32\GDI32.dll
0x00007ff8c1220000 - 0x00007ff8c14b3000 	C:\WINDOWS\WinSxS\amd64_microsoft.windows.common-controls_6595b64144ccf1df_6.0.22621.3235_none_270f74e173860f98\COMCTL32.dll
0x00007ff8edc20000 - 0x00007ff8edd38000 	C:\WINDOWS\System32\gdi32full.dll
0x00007ff8ef030000 - 0x00007ff8ef0d7000 	C:\WINDOWS\System32\msvcrt.dll
0x00007ff8ed570000 - 0x00007ff8ed60a000 	C:\WINDOWS\System32\msvcp_win.dll
0x00007ff8ee480000 - 0x00007ff8ee4b1000 	C:\WINDOWS\System32\IMM32.DLL
0x00007ff8e62c0000 - 0x00007ff8e62cc000 	C:\Users\21268\.p2\pool\plugins\org.eclipse.justj.openjdk.hotspot.jre.full.win32.x86_64_17.0.5.v20221102-0933\jre\bin\vcruntime140_1.dll
0x00007ff8e3cb0000 - 0x00007ff8e3d41000 	C:\Users\21268\.p2\pool\plugins\org.eclipse.justj.openjdk.hotspot.jre.full.win32.x86_64_17.0.5.v20221102-0933\jre\bin\msvcp140.dll
0x00007ff864870000 - 0x00007ff8654b4000 	C:\Users\21268\.p2\pool\plugins\org.eclipse.justj.openjdk.hotspot.jre.full.win32.x86_64_17.0.5.v20221102-0933\jre\bin\server\jvm.dll
0x00007ff8edf80000 - 0x00007ff8ee032000 	C:\WINDOWS\System32\ADVAPI32.dll
0x00007ff8ee040000 - 0x00007ff8ee0e8000 	C:\WINDOWS\System32\sechost.dll
0x00007ff8edf50000 - 0x00007ff8edf78000 	C:\WINDOWS\System32\bcrypt.dll
0x00007ff8eed60000 - 0x00007ff8eee75000 	C:\WINDOWS\System32\RPCRT4.dll
0x00007ff8d9e30000 - 0x00007ff8d9e39000 	C:\WINDOWS\SYSTEM32\WSOCK32.dll
0x00007ff8e4060000 - 0x00007ff8e4094000 	C:\WINDOWS\SYSTEM32\WINMM.dll
0x00007ff8e25b0000 - 0x00007ff8e25ba000 	C:\WINDOWS\SYSTEM32\VERSION.dll
0x00007ff8ee6f0000 - 0x00007ff8ee761000 	C:\WINDOWS\System32\WS2_32.dll
0x00007ff8ec5b0000 - 0x00007ff8ec5c8000 	C:\WINDOWS\SYSTEM32\kernel.appcore.dll
0x00007ff8e5d70000 - 0x00007ff8e5d7a000 	C:\Users\21268\.p2\pool\plugins\org.eclipse.justj.openjdk.hotspot.jre.full.win32.x86_64_17.0.5.v20221102-0933\jre\bin\jimage.dll
0x00007ff8e89a0000 - 0x00007ff8e8bd3000 	C:\WINDOWS\SYSTEM32\DBGHELP.DLL
0x00007ff8ee0f0000 - 0x00007ff8ee478000 	C:\WINDOWS\System32\combase.dll
0x00007ff8f0110000 - 0x00007ff8f01e7000 	C:\WINDOWS\System32\OLEAUT32.dll
0x00007ff8e2340000 - 0x00007ff8e2372000 	C:\WINDOWS\SYSTEM32\dbgcore.DLL
0x00007ff8ede60000 - 0x00007ff8ededa000 	C:\WINDOWS\System32\bcryptPrimitives.dll
0x00007ff8afe70000 - 0x00007ff8afe95000 	C:\Users\21268\.p2\pool\plugins\org.eclipse.justj.openjdk.hotspot.jre.full.win32.x86_64_17.0.5.v20221102-0933\jre\bin\java.dll
0x00007ff88a880000 - 0x00007ff88a898000 	C:\Users\21268\.p2\pool\plugins\org.eclipse.justj.openjdk.hotspot.jre.full.win32.x86_64_17.0.5.v20221102-0933\jre\bin\zip.dll
0x00007ff8ef0e0000 - 0x00007ff8ef93d000 	C:\WINDOWS\System32\SHELL32.dll
0x00007ff8eb4a0000 - 0x00007ff8ebd98000 	C:\WINDOWS\SYSTEM32\windows.storage.dll
0x00007ff8eb360000 - 0x00007ff8eb49e000 	C:\WINDOWS\SYSTEM32\wintypes.dll
0x00007ff8ee830000 - 0x00007ff8ee923000 	C:\WINDOWS\System32\SHCORE.dll
0x00007ff8ee690000 - 0x00007ff8ee6ee000 	C:\WINDOWS\System32\shlwapi.dll
0x00007ff8ed4a0000 - 0x00007ff8ed4c6000 	C:\WINDOWS\SYSTEM32\profapi.dll
0x00007ff8e4de0000 - 0x00007ff8e4df9000 	C:\Users\21268\.p2\pool\plugins\org.eclipse.justj.openjdk.hotspot.jre.full.win32.x86_64_17.0.5.v20221102-0933\jre\bin\net.dll
0x00007ff8e4580000 - 0x00007ff8e46b7000 	C:\WINDOWS\SYSTEM32\WINHTTP.dll
0x00007ff8eca30000 - 0x00007ff8eca99000 	C:\WINDOWS\system32\mswsock.dll
0x00007ff8e4dc0000 - 0x00007ff8e4dd5000 	C:\Users\21268\.p2\pool\plugins\org.eclipse.justj.openjdk.hotspot.jre.full.win32.x86_64_17.0.5.v20221102-0933\jre\bin\nio.dll
0x00007ff8e6210000 - 0x00007ff8e6219000 	C:\Users\21268\.p2\pool\plugins\org.eclipse.justj.openjdk.hotspot.jre.full.win32.x86_64_17.0.5.v20221102-0933\jre\bin\management.dll
0x00007ff8e4e90000 - 0x00007ff8e4e9b000 	C:\Users\21268\.p2\pool\plugins\org.eclipse.justj.openjdk.hotspot.jre.full.win32.x86_64_17.0.5.v20221102-0933\jre\bin\management_ext.dll
0x00007ff8efaf0000 - 0x00007ff8efaf8000 	C:\WINDOWS\System32\PSAPI.DLL

dbghelp: loaded successfully - version: 4.0.5 - missing functions: none
symbol engine: initialized successfully - sym options: 0x614 - pdb path: .;C:\Users\21268\.p2\pool\plugins\org.eclipse.justj.openjdk.hotspot.jre.full.win32.x86_64_17.0.5.v20221102-0933\jre\bin;C:\WINDOWS\SYSTEM32;C:\Program Files\AVG\Antivirus;C:\WINDOWS\WinSxS\amd64_microsoft.windows.common-controls_6595b64144ccf1df_6.0.22621.3235_none_270f74e173860f98;C:\Users\21268\.p2\pool\plugins\org.eclipse.justj.openjdk.hotspot.jre.full.win32.x86_64_17.0.5.v20221102-0933\jre\bin\server

VM Arguments:
jvm_args: -Dfile.encoding=UTF-8 -XX:+ShowCodeDetailsInExceptionMessages 
java_command: com.produitsconsemetics.ProduitsCosmetics.ProduitsCosmeticsApplication
java_class_path (initial): C:\Users\21268\eclipce_spring\ProduitsCosmetics\target\classes;C:\Users\21268\.m2\repository\org\springframework\boot\spring-boot-starter-data-mongodb\3.2.2\spring-boot-starter-data-mongodb-3.2.2.jar;C:\Users\21268\.m2\repository\org\springframework\boot\spring-boot-starter\3.2.2\spring-boot-starter-3.2.2.jar;C:\Users\21268\.m2\repository\org\springframework\boot\spring-boot-starter-logging\3.2.2\spring-boot-starter-logging-3.2.2.jar;C:\Users\21268\.m2\repository\ch\qos\logback\logback-classic\1.4.14\logback-classic-1.4.14.jar;C:\Users\21268\.m2\repository\ch\qos\logback\logback-core\1.4.14\logback-core-1.4.14.jar;C:\Users\21268\.m2\repository\org\apache\logging\log4j\log4j-to-slf4j\2.21.1\log4j-to-slf4j-2.21.1.jar;C:\Users\21268\.m2\repository\org\apache\logging\log4j\log4j-api\2.21.1\log4j-api-2.21.1.jar;C:\Users\21268\.m2\repository\org\slf4j\jul-to-slf4j\2.0.11\jul-to-slf4j-2.0.11.jar;C:\Users\21268\.m2\repository\jakarta\annotation\jakarta.annotation-api\2.1.1\jakarta.annotation-api-2.1.1.jar;C:\Users\21268\.m2\repository\org\yaml\snakeyaml\2.2\snakeyaml-2.2.jar;C:\Users\21268\.m2\repository\org\mongodb\mongodb-driver-sync\4.11.1\mongodb-driver-sync-4.11.1.jar;C:\Users\21268\.m2\repository\org\mongodb\bson\4.11.1\bson-4.11.1.jar;C:\Users\21268\.m2\repository\org\mongodb\mongodb-driver-core\4.11.1\mongodb-driver-core-4.11.1.jar;C:\Users\21268\.m2\repository\org\mongodb\bson-record-codec\4.11.1\bson-record-codec-4.11.1.jar;C:\Users\21268\.m2\repository\org\springframework\data\spring-data-mongodb\4.2.2\spring-data-mongodb-4.2.2.jar;C:\Users\21268\.m2\repository\org\springframework\spring-tx\6.1.3\spring-tx-6.1.3.jar;C:\Users\21268\.m2\repository\org\springframework\spring-context\6.1.3\spring-context-6.1.3.jar;C:\Users\21268\.m2\repository\org\springframework\spring-beans\6.1.3\spring-beans-6.1.3.jar;C:\Users\21268\.m2\repository\org\springframework\spring-expression\6.1.3\spring-expression-6.1.3.jar;C:\Users\21268\.m2\repository\org\
Launcher Type: SUN_STANDARD

[Global flags]
     intx CICompilerCount                          = 4                                         {product} {ergonomic}
     uint ConcGCThreads                            = 2                                         {product} {ergonomic}
     uint G1ConcRefinementThreads                  = 8                                         {product} {ergonomic}
   size_t G1HeapRegionSize                         = 1048576                                   {product} {ergonomic}
    uintx GCDrainStackTargetSize                   = 64                                        {product} {ergonomic}
   size_t InitialHeapSize                          = 134217728                                 {product} {ergonomic}
   size_t MarkStackSize                            = 4194304                                   {product} {ergonomic}
   size_t MaxHeapSize                              = 2118123520                                {product} {ergonomic}
   size_t MaxNewSize                               = 1270874112                                {product} {ergonomic}
   size_t MinHeapDeltaBytes                        = 1048576                                   {product} {ergonomic}
   size_t MinHeapSize                              = 8388608                                   {product} {ergonomic}
    uintx NonNMethodCodeHeapSize                   = 5839372                                {pd product} {ergonomic}
    uintx NonProfiledCodeHeapSize                  = 122909434                              {pd product} {ergonomic}
    uintx ProfiledCodeHeapSize                     = 122909434                              {pd product} {ergonomic}
    uintx ReservedCodeCacheSize                    = 251658240                              {pd product} {ergonomic}
     bool SegmentedCodeCache                       = true                                      {product} {ergonomic}
     bool ShowCodeDetailsInExceptionMessages       = true                                   {manageable} {command line}
   size_t SoftMaxHeapSize                          = 2118123520                             {manageable} {ergonomic}
     bool UseCompressedClassPointers               = true                           {product lp64_product} {ergonomic}
     bool UseCompressedOops                        = true                           {product lp64_product} {ergonomic}
     bool UseG1GC                                  = true                                      {product} {ergonomic}
     bool UseLargePagesIndividualAllocation        = false                                  {pd product} {ergonomic}

Logging:
Log output configuration:
 #0: stdout all=warning uptime,level,tags
 #1: stderr all=off uptime,level,tags

Environment Variables:
JAVA_HOME=C:\Program Files\Java\jdk-17.0.8
PATH=C:/Users/21268/.p2/pool/plugins/org.eclipse.justj.openjdk.hotspot.jre.full.win32.x86_64_17.0.5.v20221102-0933/jre/bin/server;C:/Users/21268/.p2/pool/plugins/org.eclipse.justj.openjdk.hotspot.jre.full.win32.x86_64_17.0.5.v20221102-0933/jre/bin;C:\Program Files\Java\jdk-17.0.8\bin;D:\oracle\dbhomeXE\bin;C:\Users\21268\flutter\bin;C:\Program Files\Common Files\Oracle\Java\javapath;C:\Program Files\Git\cmd;C:\Program Files\Common Files\Siemens\Automation\Simatic OAM\bin;D:\Python39\Scripts\;D:\Python39\;C:\oraclexe\app\oracle\product\11.2.0\server\bin;C:\Program Files (x86)\Common Files\Oracle\Java\javapath;C:\Program Files (x86)\Intel\Intel(R) Management Engine Components\iCLS\;C:\Program Files\Intel\Intel(R) Management Engine Components\iCLS\;C:\WINDOWS\system32;C:\WINDOWS;C:\WINDOWS\System32\Wbem;C:\WINDOWS\System32\WindowsPowerShell\v1.0\;C:\WINDOWS\System32\OpenSSH\;C:\Program Files (x86)\Intel\Intel(R) Management Engine Components\DAL;C:\Program Files\Intel\Intel(R) Management Engine Components\DAL;C:\Program Files (x86)\Intel\Intel(R) Management Engine Components\IPT;C:\Program Files\Intel\Intel(R) Management Engine Components\IPT;C:\wamp64\bin\php\php7.1.9;C:\composer;C:\Program Files\MongoDB\Server\6.0\bin;C:\Users\21268\AppData\Roaming\nvm;C:\Program Files\nodejs;C:\Users\21268\AppData\Local\Programs\Python\Python312\Scripts\;C:\Users\21268\AppData\Local\Programs\Python\Python312\;C:\Users\21268\AppData\Local\Programs\Python\Launcher\;C:\Users\21268\Downloads\gradle-8.1.1\bin;C:\Users\21268\flutter\bin;C:\Users\21268\AppData\Local\Microsoft\WindowsApps;C:\Program Files\Sublime Text 3;C:\Users\21268\AppData\Roaming\Composer\vendor\bin;C:\wamp64\bin\php\php7.3.21;C:\Users\21268\AppData\Local\Programs\Microsoft VS Code\bin;C:\Windows\System32;D:\OracleXE213_Win64\intellig\IntelliJ IDEA 2022.3.1\bin;;C:\Users\21268\AppData\Roaming\npm;C:\Users\21268\AppData\Roaming\nvm;C:\Program Files\nodejs;C:\WINDOWS\System32;
USERNAME=21268
OS=Windows_NT
PROCESSOR_IDENTIFIER=Intel64 Family 6 Model 142 Stepping 10, GenuineIntel
TMP=C:\Users\21268\AppData\Local\Temp
TEMP=C:\Users\21268\AppData\Local\Temp



---------------  S Y S T E M  ---------------

OS:
 Windows 11 , 64 bit Build 22621 (10.0.22621.3235)
OS uptime: 0 days 22:08 hours

CPU: total 8 (initial active 8) (4 cores per cpu, 2 threads per core) family 6 model 142 stepping 10 microcode 0xe0, cx8, cmov, fxsr, ht, mmx, 3dnowpref, sse, sse2, sse3, ssse3, sse4.1, sse4.2, popcnt, lzcnt, tsc, tscinvbit, avx, avx2, aes, erms, clmul, bmi1, bmi2, adx, fma, vzeroupper, clflush, clflushopt

Memory: 4k page, system-wide physical 8074M (557M free)
TotalPageFile size 15294M (AvailPageFile size 0M)
current process WorkingSet (physical memory assigned to process): 85M, peak: 85M
current process commit charge ("private bytes"): 225M, peak: 225M

vm_info: OpenJDK 64-Bit Server VM (17.0.5+8) for windows-amd64 JRE (17.0.5+8), built on Oct 19 2022 04:48:13 by "temurin" with MS VC++ 16.7 (VS2019)

END.
