#
# There is insufficient memory for the Java Runtime Environment to continue.
# Native memory allocation (malloc) failed to allocate 32744 bytes for ChunkPool::allocate
# Possible reasons:
#   The system is out of physical RAM or swap space
#   The process is running with CompressedOops enabled, and the Java Heap may be blocking the growth of the native heap
# Possible solutions:
#   Reduce memory load on the system
#   Increase physical memory or swap space
#   Check if swap backing store is full
#   Decrease Java heap size (-Xmx/-Xms)
#   Decrease number of Java threads
#   Decrease Java thread stack sizes (-Xss)
#   Set larger code cache with -XX:ReservedCodeCacheSize=
#   JVM is running with Unscaled Compressed Oops mode in which the Java heap is
#     placed in the first 4GB address space. The Java Heap base address is the
#     maximum limit for the native heap growth. Please use -XX:HeapBaseMinAddress
#     to set the Java Heap base and to place the Java Heap above 4GB virtual address.
# This output file may be truncated or incomplete.
#
#  Out of Memory Error (arena.cpp:78), pid=22564, tid=1244
#
# JRE version: OpenJDK Runtime Environment Temurin-17.0.5+8 (17.0.5+8) (build 17.0.5+8)
# Java VM: OpenJDK 64-Bit Server VM Temurin-17.0.5+8 (17.0.5+8, mixed mode, tiered, compressed oops, compressed class ptrs, g1 gc, windows-amd64)
# No core dump will be written. Minidumps are not enabled by default on client versions of Windows
#

---------------  S U M M A R Y ------------

Command Line: -Dfile.encoding=UTF-8 -XX:+ShowCodeDetailsInExceptionMessages com.produitsconsemetics.ProduitsCosmetics.ProduitsCosmeticsApplication

Host: Intel(R) Core(TM) i5-8250U CPU @ 1.60GHz, 8 cores, 7G,  Windows 11 , 64 bit Build 22621 (10.0.22621.3235)
Time: Wed Mar 20 10:33:41 2024 Paris, Madrid elapsed time: 0.580069 seconds (0d 0h 0m 0s)

---------------  T H R E A D  ---------------

Current thread (0x00000241be3ca300):  JavaThread "C2 CompilerThread1" daemon [_thread_in_native, id=1244, stack(0x0000008fe6200000,0x0000008fe6300000)]


Current CompileTask:
C2:    580  610       4       java.lang.String::indexOf (29 bytes)

Stack: [0x0000008fe6200000,0x0000008fe6300000]
Native frames: (J=compiled Java code, j=interpreted, Vv=VM code, C=native code)
V  [jvm.dll+0x676b3a]
V  [jvm.dll+0x831444]
V  [jvm.dll+0x832bee]
V  [jvm.dll+0x833253]
V  [jvm.dll+0x244ce5]
V  [jvm.dll+0xabdcc]
V  [jvm.dll+0xac17c]
V  [jvm.dll+0x2a0db0]
V  [jvm.dll+0x7f0597]
V  [jvm.dll+0x217081]
V  [jvm.dll+0x2165e8]
V  [jvm.dll+0x1a343d]
V  [jvm.dll+0x22698a]
V  [jvm.dll+0x224ac5]
V  [jvm.dll+0x7e727b]
V  [jvm.dll+0x7e17ea]
V  [jvm.dll+0x6759e5]
C  [ucrtbase.dll+0x29363]
C  [KERNEL32.DLL+0x1257d]
C  [ntdll.dll+0x5aa58]


---------------  P R O C E S S  ---------------

Threads class SMR info:
_java_thread_list=0x00000241be210350, length=13, elements={
0x00000241a137e000, 0x00000241bd417010, 0x00000241bd417e80, 0x00000241be03e280,
0x00000241be03ed40, 0x00000241be041900, 0x00000241be0442c0, 0x00000241be048730,
0x00000241be061800, 0x00000241be075100, 0x00000241be1bf7e0, 0x00000241be1fdfd0,
0x00000241be3ca300
}

Java Threads: ( => current thread )
  0x00000241a137e000 JavaThread "main" [_thread_in_Java, id=15320, stack(0x0000008fe4f00000,0x0000008fe5000000)]
  0x00000241bd417010 JavaThread "Reference Handler" daemon [_thread_blocked, id=22676, stack(0x0000008fe5600000,0x0000008fe5700000)]
  0x00000241bd417e80 JavaThread "Finalizer" daemon [_thread_blocked, id=1436, stack(0x0000008fe5700000,0x0000008fe5800000)]
  0x00000241be03e280 JavaThread "Signal Dispatcher" daemon [_thread_blocked, id=7712, stack(0x0000008fe5800000,0x0000008fe5900000)]
  0x00000241be03ed40 JavaThread "Attach Listener" daemon [_thread_blocked, id=12524, stack(0x0000008fe5900000,0x0000008fe5a00000)]
  0x00000241be041900 JavaThread "Service Thread" daemon [_thread_blocked, id=20032, stack(0x0000008fe5a00000,0x0000008fe5b00000)]
  0x00000241be0442c0 JavaThread "Monitor Deflation Thread" daemon [_thread_blocked, id=7016, stack(0x0000008fe5b00000,0x0000008fe5c00000)]
  0x00000241be048730 JavaThread "C2 CompilerThread0" daemon [_thread_in_native, id=24580, stack(0x0000008fe5c00000,0x0000008fe5d00000)]
  0x00000241be061800 JavaThread "C1 CompilerThread0" daemon [_thread_in_native, id=16916, stack(0x0000008fe5d00000,0x0000008fe5e00000)]
  0x00000241be075100 JavaThread "Sweeper thread" daemon [_thread_blocked, id=15672, stack(0x0000008fe5e00000,0x0000008fe5f00000)]
  0x00000241be1bf7e0 JavaThread "Notification Thread" daemon [_thread_blocked, id=12152, stack(0x0000008fe5f00000,0x0000008fe6000000)]
  0x00000241be1fdfd0 JavaThread "Common-Cleaner" daemon [_thread_blocked, id=13924, stack(0x0000008fe6100000,0x0000008fe6200000)]
=>0x00000241be3ca300 JavaThread "C2 CompilerThread1" daemon [_thread_in_native, id=1244, stack(0x0000008fe6200000,0x0000008fe6300000)]

Other Threads:
  0x00000241bd413770 VMThread "VM Thread" [stack: 0x0000008fe5500000,0x0000008fe5600000] [id=22312]
  0x00000241be1e3ce0 WatcherThread [stack: 0x0000008fe6000000,0x0000008fe6100000] [id=15208]
  0x00000241a350a850 GCTaskThread "GC Thread#0" [stack: 0x0000008fe5000000,0x0000008fe5100000] [id=8548]
  0x00000241a351bc80 ConcurrentGCThread "G1 Main Marker" [stack: 0x0000008fe5100000,0x0000008fe5200000] [id=11600]
  0x00000241a351c690 ConcurrentGCThread "G1 Conc#0" [stack: 0x0000008fe5200000,0x0000008fe5300000] [id=6640]
  0x00000241a355d9d0 ConcurrentGCThread "G1 Refine#0" [stack: 0x0000008fe5300000,0x0000008fe5400000] [id=15584]
  0x00000241a355e3f0 ConcurrentGCThread "G1 Service" [stack: 0x0000008fe5400000,0x0000008fe5500000] [id=24732]

Threads with active compile tasks:
C2 CompilerThread0      619  609       4       jdk.internal.org.objectweb.asm.ByteVector::putUTF8 (144 bytes)
C1 CompilerThread0      619  598       3       java.net.URLStreamHandler::parseURL (1201 bytes)
C2 CompilerThread1      619  610       4       java.lang.String::indexOf (29 bytes)

VM state: not at safepoint (normal execution)

VM Mutex/Monitor currently owned by a thread: None

Heap address: 0x0000000081c00000, size: 2020 MB, Compressed Oops mode: 32-bit

CDS archive(s) not mapped
Compressed class space mapped at: 0x0000000100000000-0x0000000140000000, reserved size: 1073741824
Narrow klass base: 0x0000000000000000, Narrow klass shift: 3, Narrow klass range: 0x140000000

GC Precious Log:
 CPUs: 8 total, 8 available
 Memory: 8074M
 Large Page Support: Disabled
 NUMA Support: Disabled
 Compressed Oops: Enabled (32-bit)
 Heap Region Size: 1M
 Heap Min Capacity: 8M
 Heap Initial Capacity: 128M
 Heap Max Capacity: 2020M
 Pre-touch: Disabled
 Parallel Workers: 8
 Concurrent Workers: 2
 Concurrent Refinement Workers: 8
 Periodic GC: Disabled

Heap:
 garbage-first heap   total 131072K, used 9216K [0x0000000081c00000, 0x0000000100000000)
  region size 1024K, 11 young (11264K), 0 survivors (0K)
 Metaspace       used 9875K, committed 9984K, reserved 1064960K
  class space    used 895K, committed 960K, reserved 1048576K

Heap Regions: E=young(eden), S=young(survivor), O=old, HS=humongous(starts), HC=humongous(continues), CS=collection set, F=free, OA=open archive, CA=closed archive, TAMS=top-at-mark-start (previous, next)
|   0|0x0000000081c00000, 0x0000000081c00000, 0x0000000081d00000|  0%| F|  |TAMS 0x0000000081c00000, 0x0000000081c00000| Untracked 
|   1|0x0000000081d00000, 0x0000000081d00000, 0x0000000081e00000|  0%| F|  |TAMS 0x0000000081d00000, 0x0000000081d00000| Untracked 
|   2|0x0000000081e00000, 0x0000000081e00000, 0x0000000081f00000|  0%| F|  |TAMS 0x0000000081e00000, 0x0000000081e00000| Untracked 
|   3|0x0000000081f00000, 0x0000000081f00000, 0x0000000082000000|  0%| F|  |TAMS 0x0000000081f00000, 0x0000000081f00000| Untracked 
|   4|0x0000000082000000, 0x0000000082000000, 0x0000000082100000|  0%| F|  |TAMS 0x0000000082000000, 0x0000000082000000| Untracked 
|   5|0x0000000082100000, 0x0000000082100000, 0x0000000082200000|  0%| F|  |TAMS 0x0000000082100000, 0x0000000082100000| Untracked 
|   6|0x0000000082200000, 0x0000000082200000, 0x0000000082300000|  0%| F|  |TAMS 0x0000000082200000, 0x0000000082200000| Untracked 
|   7|0x0000000082300000, 0x0000000082300000, 0x0000000082400000|  0%| F|  |TAMS 0x0000000082300000, 0x0000000082300000| Untracked 
|   8|0x0000000082400000, 0x0000000082400000, 0x0000000082500000|  0%| F|  |TAMS 0x0000000082400000, 0x0000000082400000| Untracked 
|   9|0x0000000082500000, 0x0000000082500000, 0x0000000082600000|  0%| F|  |TAMS 0x0000000082500000, 0x0000000082500000| Untracked 
|  10|0x0000000082600000, 0x0000000082600000, 0x0000000082700000|  0%| F|  |TAMS 0x0000000082600000, 0x0000000082600000| Untracked 
|  11|0x0000000082700000, 0x0000000082700000, 0x0000000082800000|  0%| F|  |TAMS 0x0000000082700000, 0x0000000082700000| Untracked 
|  12|0x0000000082800000, 0x0000000082800000, 0x0000000082900000|  0%| F|  |TAMS 0x0000000082800000, 0x0000000082800000| Untracked 
|  13|0x0000000082900000, 0x0000000082900000, 0x0000000082a00000|  0%| F|  |TAMS 0x0000000082900000, 0x0000000082900000| Untracked 
|  14|0x0000000082a00000, 0x0000000082a00000, 0x0000000082b00000|  0%| F|  |TAMS 0x0000000082a00000, 0x0000000082a00000| Untracked 
|  15|0x0000000082b00000, 0x0000000082b00000, 0x0000000082c00000|  0%| F|  |TAMS 0x0000000082b00000, 0x0000000082b00000| Untracked 
|  16|0x0000000082c00000, 0x0000000082c00000, 0x0000000082d00000|  0%| F|  |TAMS 0x0000000082c00000, 0x0000000082c00000| Untracked 
|  17|0x0000000082d00000, 0x0000000082d00000, 0x0000000082e00000|  0%| F|  |TAMS 0x0000000082d00000, 0x0000000082d00000| Untracked 
|  18|0x0000000082e00000, 0x0000000082e00000, 0x0000000082f00000|  0%| F|  |TAMS 0x0000000082e00000, 0x0000000082e00000| Untracked 
|  19|0x0000000082f00000, 0x0000000082f00000, 0x0000000083000000|  0%| F|  |TAMS 0x0000000082f00000, 0x0000000082f00000| Untracked 
|  20|0x0000000083000000, 0x0000000083000000, 0x0000000083100000|  0%| F|  |TAMS 0x0000000083000000, 0x0000000083000000| Untracked 
|  21|0x0000000083100000, 0x0000000083100000, 0x0000000083200000|  0%| F|  |TAMS 0x0000000083100000, 0x0000000083100000| Untracked 
|  22|0x0000000083200000, 0x0000000083200000, 0x0000000083300000|  0%| F|  |TAMS 0x0000000083200000, 0x0000000083200000| Untracked 
|  23|0x0000000083300000, 0x0000000083300000, 0x0000000083400000|  0%| F|  |TAMS 0x0000000083300000, 0x0000000083300000| Untracked 
|  24|0x0000000083400000, 0x0000000083400000, 0x0000000083500000|  0%| F|  |TAMS 0x0000000083400000, 0x0000000083400000| Untracked 
|  25|0x0000000083500000, 0x0000000083500000, 0x0000000083600000|  0%| F|  |TAMS 0x0000000083500000, 0x0000000083500000| Untracked 
|  26|0x0000000083600000, 0x0000000083600000, 0x0000000083700000|  0%| F|  |TAMS 0x0000000083600000, 0x0000000083600000| Untracked 
|  27|0x0000000083700000, 0x0000000083700000, 0x0000000083800000|  0%| F|  |TAMS 0x0000000083700000, 0x0000000083700000| Untracked 
|  28|0x0000000083800000, 0x0000000083800000, 0x0000000083900000|  0%| F|  |TAMS 0x0000000083800000, 0x0000000083800000| Untracked 
|  29|0x0000000083900000, 0x0000000083900000, 0x0000000083a00000|  0%| F|  |TAMS 0x0000000083900000, 0x0000000083900000| Untracked 
|  30|0x0000000083a00000, 0x0000000083a00000, 0x0000000083b00000|  0%| F|  |TAMS 0x0000000083a00000, 0x0000000083a00000| Untracked 
|  31|0x0000000083b00000, 0x0000000083b00000, 0x0000000083c00000|  0%| F|  |TAMS 0x0000000083b00000, 0x0000000083b00000| Untracked 
|  32|0x0000000083c00000, 0x0000000083c00000, 0x0000000083d00000|  0%| F|  |TAMS 0x0000000083c00000, 0x0000000083c00000| Untracked 
|  33|0x0000000083d00000, 0x0000000083d00000, 0x0000000083e00000|  0%| F|  |TAMS 0x0000000083d00000, 0x0000000083d00000| Untracked 
|  34|0x0000000083e00000, 0x0000000083e00000, 0x0000000083f00000|  0%| F|  |TAMS 0x0000000083e00000, 0x0000000083e00000| Untracked 
|  35|0x0000000083f00000, 0x0000000083f00000, 0x0000000084000000|  0%| F|  |TAMS 0x0000000083f00000, 0x0000000083f00000| Untracked 
|  36|0x0000000084000000, 0x0000000084000000, 0x0000000084100000|  0%| F|  |TAMS 0x0000000084000000, 0x0000000084000000| Untracked 
|  37|0x0000000084100000, 0x0000000084100000, 0x0000000084200000|  0%| F|  |TAMS 0x0000000084100000, 0x0000000084100000| Untracked 
|  38|0x0000000084200000, 0x0000000084200000, 0x0000000084300000|  0%| F|  |TAMS 0x0000000084200000, 0x0000000084200000| Untracked 
|  39|0x0000000084300000, 0x0000000084300000, 0x0000000084400000|  0%| F|  |TAMS 0x0000000084300000, 0x0000000084300000| Untracked 
|  40|0x0000000084400000, 0x0000000084400000, 0x0000000084500000|  0%| F|  |TAMS 0x0000000084400000, 0x0000000084400000| Untracked 
|  41|0x0000000084500000, 0x0000000084500000, 0x0000000084600000|  0%| F|  |TAMS 0x0000000084500000, 0x0000000084500000| Untracked 
|  42|0x0000000084600000, 0x0000000084600000, 0x0000000084700000|  0%| F|  |TAMS 0x0000000084600000, 0x0000000084600000| Untracked 
|  43|0x0000000084700000, 0x0000000084700000, 0x0000000084800000|  0%| F|  |TAMS 0x0000000084700000, 0x0000000084700000| Untracked 
|  44|0x0000000084800000, 0x0000000084800000, 0x0000000084900000|  0%| F|  |TAMS 0x0000000084800000, 0x0000000084800000| Untracked 
|  45|0x0000000084900000, 0x0000000084900000, 0x0000000084a00000|  0%| F|  |TAMS 0x0000000084900000, 0x0000000084900000| Untracked 
|  46|0x0000000084a00000, 0x0000000084a00000, 0x0000000084b00000|  0%| F|  |TAMS 0x0000000084a00000, 0x0000000084a00000| Untracked 
|  47|0x0000000084b00000, 0x0000000084b00000, 0x0000000084c00000|  0%| F|  |TAMS 0x0000000084b00000, 0x0000000084b00000| Untracked 
|  48|0x0000000084c00000, 0x0000000084c00000, 0x0000000084d00000|  0%| F|  |TAMS 0x0000000084c00000, 0x0000000084c00000| Untracked 
|  49|0x0000000084d00000, 0x0000000084d00000, 0x0000000084e00000|  0%| F|  |TAMS 0x0000000084d00000, 0x0000000084d00000| Untracked 
|  50|0x0000000084e00000, 0x0000000084e00000, 0x0000000084f00000|  0%| F|  |TAMS 0x0000000084e00000, 0x0000000084e00000| Untracked 
|  51|0x0000000084f00000, 0x0000000084f00000, 0x0000000085000000|  0%| F|  |TAMS 0x0000000084f00000, 0x0000000084f00000| Untracked 
|  52|0x0000000085000000, 0x0000000085000000, 0x0000000085100000|  0%| F|  |TAMS 0x0000000085000000, 0x0000000085000000| Untracked 
|  53|0x0000000085100000, 0x0000000085100000, 0x0000000085200000|  0%| F|  |TAMS 0x0000000085100000, 0x0000000085100000| Untracked 
|  54|0x0000000085200000, 0x0000000085200000, 0x0000000085300000|  0%| F|  |TAMS 0x0000000085200000, 0x0000000085200000| Untracked 
|  55|0x0000000085300000, 0x0000000085300000, 0x0000000085400000|  0%| F|  |TAMS 0x0000000085300000, 0x0000000085300000| Untracked 
|  56|0x0000000085400000, 0x0000000085400000, 0x0000000085500000|  0%| F|  |TAMS 0x0000000085400000, 0x0000000085400000| Untracked 
|  57|0x0000000085500000, 0x0000000085500000, 0x0000000085600000|  0%| F|  |TAMS 0x0000000085500000, 0x0000000085500000| Untracked 
|  58|0x0000000085600000, 0x0000000085600000, 0x0000000085700000|  0%| F|  |TAMS 0x0000000085600000, 0x0000000085600000| Untracked 
|  59|0x0000000085700000, 0x0000000085700000, 0x0000000085800000|  0%| F|  |TAMS 0x0000000085700000, 0x0000000085700000| Untracked 
|  60|0x0000000085800000, 0x0000000085800000, 0x0000000085900000|  0%| F|  |TAMS 0x0000000085800000, 0x0000000085800000| Untracked 
|  61|0x0000000085900000, 0x0000000085900000, 0x0000000085a00000|  0%| F|  |TAMS 0x0000000085900000, 0x0000000085900000| Untracked 
|  62|0x0000000085a00000, 0x0000000085a00000, 0x0000000085b00000|  0%| F|  |TAMS 0x0000000085a00000, 0x0000000085a00000| Untracked 
|  63|0x0000000085b00000, 0x0000000085b00000, 0x0000000085c00000|  0%| F|  |TAMS 0x0000000085b00000, 0x0000000085b00000| Untracked 
|  64|0x0000000085c00000, 0x0000000085c00000, 0x0000000085d00000|  0%| F|  |TAMS 0x0000000085c00000, 0x0000000085c00000| Untracked 
|  65|0x0000000085d00000, 0x0000000085d00000, 0x0000000085e00000|  0%| F|  |TAMS 0x0000000085d00000, 0x0000000085d00000| Untracked 
|  66|0x0000000085e00000, 0x0000000085e00000, 0x0000000085f00000|  0%| F|  |TAMS 0x0000000085e00000, 0x0000000085e00000| Untracked 
|  67|0x0000000085f00000, 0x0000000085f00000, 0x0000000086000000|  0%| F|  |TAMS 0x0000000085f00000, 0x0000000085f00000| Untracked 
|  68|0x0000000086000000, 0x0000000086000000, 0x0000000086100000|  0%| F|  |TAMS 0x0000000086000000, 0x0000000086000000| Untracked 
|  69|0x0000000086100000, 0x0000000086100000, 0x0000000086200000|  0%| F|  |TAMS 0x0000000086100000, 0x0000000086100000| Untracked 
|  70|0x0000000086200000, 0x0000000086200000, 0x0000000086300000|  0%| F|  |TAMS 0x0000000086200000, 0x0000000086200000| Untracked 
|  71|0x0000000086300000, 0x0000000086300000, 0x0000000086400000|  0%| F|  |TAMS 0x0000000086300000, 0x0000000086300000| Untracked 
|  72|0x0000000086400000, 0x0000000086400000, 0x0000000086500000|  0%| F|  |TAMS 0x0000000086400000, 0x0000000086400000| Untracked 
|  73|0x0000000086500000, 0x0000000086500000, 0x0000000086600000|  0%| F|  |TAMS 0x0000000086500000, 0x0000000086500000| Untracked 
|  74|0x0000000086600000, 0x0000000086600000, 0x0000000086700000|  0%| F|  |TAMS 0x0000000086600000, 0x0000000086600000| Untracked 
|  75|0x0000000086700000, 0x0000000086700000, 0x0000000086800000|  0%| F|  |TAMS 0x0000000086700000, 0x0000000086700000| Untracked 
|  76|0x0000000086800000, 0x0000000086800000, 0x0000000086900000|  0%| F|  |TAMS 0x0000000086800000, 0x0000000086800000| Untracked 
|  77|0x0000000086900000, 0x0000000086900000, 0x0000000086a00000|  0%| F|  |TAMS 0x0000000086900000, 0x0000000086900000| Untracked 
|  78|0x0000000086a00000, 0x0000000086a00000, 0x0000000086b00000|  0%| F|  |TAMS 0x0000000086a00000, 0x0000000086a00000| Untracked 
|  79|0x0000000086b00000, 0x0000000086b00000, 0x0000000086c00000|  0%| F|  |TAMS 0x0000000086b00000, 0x0000000086b00000| Untracked 
|  80|0x0000000086c00000, 0x0000000086c00000, 0x0000000086d00000|  0%| F|  |TAMS 0x0000000086c00000, 0x0000000086c00000| Untracked 
|  81|0x0000000086d00000, 0x0000000086d00000, 0x0000000086e00000|  0%| F|  |TAMS 0x0000000086d00000, 0x0000000086d00000| Untracked 
|  82|0x0000000086e00000, 0x0000000086e00000, 0x0000000086f00000|  0%| F|  |TAMS 0x0000000086e00000, 0x0000000086e00000| Untracked 
|  83|0x0000000086f00000, 0x0000000086f00000, 0x0000000087000000|  0%| F|  |TAMS 0x0000000086f00000, 0x0000000086f00000| Untracked 
|  84|0x0000000087000000, 0x0000000087000000, 0x0000000087100000|  0%| F|  |TAMS 0x0000000087000000, 0x0000000087000000| Untracked 
|  85|0x0000000087100000, 0x0000000087100000, 0x0000000087200000|  0%| F|  |TAMS 0x0000000087100000, 0x0000000087100000| Untracked 
|  86|0x0000000087200000, 0x0000000087200000, 0x0000000087300000|  0%| F|  |TAMS 0x0000000087200000, 0x0000000087200000| Untracked 
|  87|0x0000000087300000, 0x0000000087300000, 0x0000000087400000|  0%| F|  |TAMS 0x0000000087300000, 0x0000000087300000| Untracked 
|  88|0x0000000087400000, 0x0000000087400000, 0x0000000087500000|  0%| F|  |TAMS 0x0000000087400000, 0x0000000087400000| Untracked 
|  89|0x0000000087500000, 0x0000000087500000, 0x0000000087600000|  0%| F|  |TAMS 0x0000000087500000, 0x0000000087500000| Untracked 
|  90|0x0000000087600000, 0x0000000087600000, 0x0000000087700000|  0%| F|  |TAMS 0x0000000087600000, 0x0000000087600000| Untracked 
|  91|0x0000000087700000, 0x0000000087700000, 0x0000000087800000|  0%| F|  |TAMS 0x0000000087700000, 0x0000000087700000| Untracked 
|  92|0x0000000087800000, 0x0000000087800000, 0x0000000087900000|  0%| F|  |TAMS 0x0000000087800000, 0x0000000087800000| Untracked 
|  93|0x0000000087900000, 0x0000000087900000, 0x0000000087a00000|  0%| F|  |TAMS 0x0000000087900000, 0x0000000087900000| Untracked 
|  94|0x0000000087a00000, 0x0000000087a00000, 0x0000000087b00000|  0%| F|  |TAMS 0x0000000087a00000, 0x0000000087a00000| Untracked 
|  95|0x0000000087b00000, 0x0000000087b00000, 0x0000000087c00000|  0%| F|  |TAMS 0x0000000087b00000, 0x0000000087b00000| Untracked 
|  96|0x0000000087c00000, 0x0000000087c00000, 0x0000000087d00000|  0%| F|  |TAMS 0x0000000087c00000, 0x0000000087c00000| Untracked 
|  97|0x0000000087d00000, 0x0000000087d00000, 0x0000000087e00000|  0%| F|  |TAMS 0x0000000087d00000, 0x0000000087d00000| Untracked 
|  98|0x0000000087e00000, 0x0000000087e00000, 0x0000000087f00000|  0%| F|  |TAMS 0x0000000087e00000, 0x0000000087e00000| Untracked 
|  99|0x0000000087f00000, 0x0000000087f00000, 0x0000000088000000|  0%| F|  |TAMS 0x0000000087f00000, 0x0000000087f00000| Untracked 
| 100|0x0000000088000000, 0x0000000088000000, 0x0000000088100000|  0%| F|  |TAMS 0x0000000088000000, 0x0000000088000000| Untracked 
| 101|0x0000000088100000, 0x0000000088100000, 0x0000000088200000|  0%| F|  |TAMS 0x0000000088100000, 0x0000000088100000| Untracked 
| 102|0x0000000088200000, 0x0000000088200000, 0x0000000088300000|  0%| F|  |TAMS 0x0000000088200000, 0x0000000088200000| Untracked 
| 103|0x0000000088300000, 0x0000000088300000, 0x0000000088400000|  0%| F|  |TAMS 0x0000000088300000, 0x0000000088300000| Untracked 
| 104|0x0000000088400000, 0x0000000088400000, 0x0000000088500000|  0%| F|  |TAMS 0x0000000088400000, 0x0000000088400000| Untracked 
| 105|0x0000000088500000, 0x0000000088500000, 0x0000000088600000|  0%| F|  |TAMS 0x0000000088500000, 0x0000000088500000| Untracked 
| 106|0x0000000088600000, 0x0000000088600000, 0x0000000088700000|  0%| F|  |TAMS 0x0000000088600000, 0x0000000088600000| Untracked 
| 107|0x0000000088700000, 0x0000000088700000, 0x0000000088800000|  0%| F|  |TAMS 0x0000000088700000, 0x0000000088700000| Untracked 
| 108|0x0000000088800000, 0x0000000088800000, 0x0000000088900000|  0%| F|  |TAMS 0x0000000088800000, 0x0000000088800000| Untracked 
| 109|0x0000000088900000, 0x0000000088900000, 0x0000000088a00000|  0%| F|  |TAMS 0x0000000088900000, 0x0000000088900000| Untracked 
| 110|0x0000000088a00000, 0x0000000088a00000, 0x0000000088b00000|  0%| F|  |TAMS 0x0000000088a00000, 0x0000000088a00000| Untracked 
| 111|0x0000000088b00000, 0x0000000088b00000, 0x0000000088c00000|  0%| F|  |TAMS 0x0000000088b00000, 0x0000000088b00000| Untracked 
| 112|0x0000000088c00000, 0x0000000088c00000, 0x0000000088d00000|  0%| F|  |TAMS 0x0000000088c00000, 0x0000000088c00000| Untracked 
| 113|0x0000000088d00000, 0x0000000088d00000, 0x0000000088e00000|  0%| F|  |TAMS 0x0000000088d00000, 0x0000000088d00000| Untracked 
| 114|0x0000000088e00000, 0x0000000088e00000, 0x0000000088f00000|  0%| F|  |TAMS 0x0000000088e00000, 0x0000000088e00000| Untracked 
| 115|0x0000000088f00000, 0x0000000088f00000, 0x0000000089000000|  0%| F|  |TAMS 0x0000000088f00000, 0x0000000088f00000| Untracked 
| 116|0x0000000089000000, 0x0000000089000000, 0x0000000089100000|  0%| F|  |TAMS 0x0000000089000000, 0x0000000089000000| Untracked 
| 117|0x0000000089100000, 0x00000000891ec0c0, 0x0000000089200000| 92%| E|  |TAMS 0x0000000089100000, 0x0000000089100000| Complete 
| 118|0x0000000089200000, 0x0000000089300000, 0x0000000089300000|100%| E|CS|TAMS 0x0000000089200000, 0x0000000089200000| Complete 
| 119|0x0000000089300000, 0x0000000089400000, 0x0000000089400000|100%| E|CS|TAMS 0x0000000089300000, 0x0000000089300000| Complete 
| 120|0x0000000089400000, 0x0000000089500000, 0x0000000089500000|100%| E|CS|TAMS 0x0000000089400000, 0x0000000089400000| Complete 
| 121|0x0000000089500000, 0x0000000089600000, 0x0000000089600000|100%| E|CS|TAMS 0x0000000089500000, 0x0000000089500000| Complete 
| 122|0x0000000089600000, 0x0000000089700000, 0x0000000089700000|100%| E|CS|TAMS 0x0000000089600000, 0x0000000089600000| Complete 
| 123|0x0000000089700000, 0x0000000089800000, 0x0000000089800000|100%| E|CS|TAMS 0x0000000089700000, 0x0000000089700000| Complete 
| 124|0x0000000089800000, 0x0000000089900000, 0x0000000089900000|100%| E|CS|TAMS 0x0000000089800000, 0x0000000089800000| Complete 
| 125|0x0000000089900000, 0x0000000089a00000, 0x0000000089a00000|100%| E|  |TAMS 0x0000000089900000, 0x0000000089900000| Complete 
| 126|0x0000000089a00000, 0x0000000089b00000, 0x0000000089b00000|100%| E|CS|TAMS 0x0000000089a00000, 0x0000000089a00000| Complete 
| 127|0x0000000089b00000, 0x0000000089c00000, 0x0000000089c00000|100%| E|CS|TAMS 0x0000000089b00000, 0x0000000089b00000| Complete 

Card table byte_map: [0x00000241b6280000,0x00000241b6680000] _byte_map_base: 0x00000241b5e72000

Marking Bits (Prev, Next): (CMBitMap*) 0x00000241a350ae60, (CMBitMap*) 0x00000241a350aea0
 Prev Bits: [0x00000241b6a80000, 0x00000241b8a10000)
 Next Bits: [0x00000241b8a10000, 0x00000241ba9a0000)

Polling page: 0x00000241a2c60000

Metaspace:

Usage:
  Non-class:      8.80 MB used.
      Class:    905.95 KB used.
       Both:      9.69 MB used.

Virtual space:
  Non-class space:       16.00 MB reserved,       8.88 MB ( 55%) committed,  2 nodes.
      Class space:        1.00 GB reserved,     960.00 KB ( <1%) committed,  1 nodes.
             Both:        1.02 GB reserved,       9.81 MB ( <1%) committed. 

Chunk freelists:
   Non-Class:  2.48 MB
       Class:  3.08 MB
        Both:  5.56 MB

MaxMetaspaceSize: unlimited
CompressedClassSpaceSize: 1.00 GB
Initial GC threshold: 21.00 MB
Current GC threshold: 21.00 MB
CDS: off
MetaspaceReclaimPolicy: balanced
 - commit_granule_bytes: 65536.
 - commit_granule_words: 8192.
 - virtual_space_node_default_size: 1048576.
 - enlarge_chunks_in_place: 1.
 - new_chunks_are_fully_committed: 0.
 - uncommit_free_chunks: 1.
 - use_allocation_guard: 0.
 - handle_deallocations: 1.


Internal statistics:

num_allocs_failed_limit: 0.
num_arena_births: 64.
num_arena_deaths: 0.
num_vsnodes_births: 3.
num_vsnodes_deaths: 0.
num_space_committed: 157.
num_space_uncommitted: 0.
num_chunks_returned_to_freelist: 0.
num_chunks_taken_from_freelist: 159.
num_chunk_merges: 0.
num_chunk_splits: 85.
num_chunks_enlarged: 56.
num_purges: 0.
num_inconsistent_stats: 0.

CodeHeap 'non-profiled nmethods': size=120000Kb used=201Kb max_used=201Kb free=119798Kb
 bounds [0x00000241ae620000, 0x00000241ae890000, 0x00000241b5b50000]
CodeHeap 'profiled nmethods': size=120000Kb used=943Kb max_used=943Kb free=119056Kb
 bounds [0x00000241a70f0000, 0x00000241a7360000, 0x00000241ae620000]
CodeHeap 'non-nmethods': size=5760Kb used=1140Kb max_used=1156Kb free=4619Kb
 bounds [0x00000241a6b50000, 0x00000241a6dc0000, 0x00000241a70f0000]
 total_blobs=1035 nmethods=608 adapters=340
 compilation: enabled
              stopped_count=0, restarted_count=0
 full_count=0

Compilation events (20 events):
Event: 0.563 Thread 0x00000241be061800  586       3       java.lang.String::<init> (830 bytes)
Event: 0.565 Thread 0x00000241be061800 nmethod 586 0x00000241a71d4e10 code [0x00000241a71d5300, 0x00000241a71d7ef8]
Event: 0.565 Thread 0x00000241be061800  587       3       java.util.LinkedHashMap::afterNodeInsertion (40 bytes)
Event: 0.565 Thread 0x00000241be061800 nmethod 587 0x00000241a71d8a90 code [0x00000241a71d8c40, 0x00000241a71d8e38]
Event: 0.565 Thread 0x00000241be061800  588       3       java.util.LinkedHashMap$Entry::<init> (10 bytes)
Event: 0.565 Thread 0x00000241be3ca300 nmethod 580 0x00000241ae64e690 code [0x00000241ae64e840, 0x00000241ae64ef28]
Event: 0.565 Thread 0x00000241be061800 nmethod 588 0x00000241a71d8f10 code [0x00000241a71d90c0, 0x00000241a71d9398]
Event: 0.565 Thread 0x00000241be061800  589   !   3       java.io.WinNTFileSystem::isInvalid (78 bytes)
Event: 0.566 Thread 0x00000241be061800 nmethod 589 0x00000241a71d9490 code [0x00000241a71d9680, 0x00000241a71d9ab8]
Event: 0.567 Thread 0x00000241be3ca300  590       4       java.util.zip.ZipCoder::hash (36 bytes)
Event: 0.567 Thread 0x00000241be061800  591       3       java.net.URL::getDefaultPort (8 bytes)
Event: 0.568 Thread 0x00000241be061800 nmethod 591 0x00000241a71d9c90 code [0x00000241a71d9e20, 0x00000241a71da018]
Event: 0.570 Thread 0x00000241be061800  594       3       java.lang.Class::getClassLoader (28 bytes)
Event: 0.571 Thread 0x00000241be061800 nmethod 594 0x00000241a71da110 code [0x00000241a71da340, 0x00000241a71dacd8]
Event: 0.571 Thread 0x00000241be061800  596       3       java.lang.invoke.MethodType$ConcurrentWeakInternSet::get (47 bytes)
Event: 0.572 Thread 0x00000241be061800 nmethod 596 0x00000241a71daf90 code [0x00000241a71db1c0, 0x00000241a71dbb18]
Event: 0.573 Thread 0x00000241be3ca300 nmethod 590 0x00000241ae64ff10 code [0x00000241ae6500a0, 0x00000241ae6503a8]
Event: 0.574 Thread 0x00000241be061800  598       3       java.net.URLStreamHandler::parseURL (1201 bytes)
Event: 0.578 Thread 0x00000241be048730  609       4       jdk.internal.org.objectweb.asm.ByteVector::putUTF8 (144 bytes)
Event: 0.578 Thread 0x00000241be3ca300  610       4       java.lang.String::indexOf (29 bytes)

GC Heap History (0 events):
No events

Dll operation events (5 events):
Event: 0.014 Loaded shared library C:\Users\21268\.p2\pool\plugins\org.eclipse.justj.openjdk.hotspot.jre.full.win32.x86_64_17.0.5.v20221102-0933\jre\bin\java.dll
Event: 0.240 Loaded shared library C:\Users\21268\.p2\pool\plugins\org.eclipse.justj.openjdk.hotspot.jre.full.win32.x86_64_17.0.5.v20221102-0933\jre\bin\net.dll
Event: 0.243 Loaded shared library C:\Users\21268\.p2\pool\plugins\org.eclipse.justj.openjdk.hotspot.jre.full.win32.x86_64_17.0.5.v20221102-0933\jre\bin\nio.dll
Event: 0.252 Loaded shared library C:\Users\21268\.p2\pool\plugins\org.eclipse.justj.openjdk.hotspot.jre.full.win32.x86_64_17.0.5.v20221102-0933\jre\bin\zip.dll
Event: 0.387 Loaded shared library C:\Users\21268\.p2\pool\plugins\org.eclipse.justj.openjdk.hotspot.jre.full.win32.x86_64_17.0.5.v20221102-0933\jre\bin\jimage.dll

Deoptimization events (18 events):
Event: 0.315 Thread 0x00000241a137e000 DEOPT PACKING pc=0x00000241a71053e7 sp=0x0000008fe4ffa120
Event: 0.315 Thread 0x00000241a137e000 DEOPT UNPACKING pc=0x00000241a6ba2b43 sp=0x0000008fe4ff9540 mode 0
Event: 0.324 Thread 0x00000241a137e000 DEOPT PACKING pc=0x00000241a70f7051 sp=0x0000008fe4ff90f0
Event: 0.324 Thread 0x00000241a137e000 DEOPT UNPACKING pc=0x00000241a6ba2b43 sp=0x0000008fe4ff8568 mode 0
Event: 0.393 Thread 0x00000241a137e000 Uncommon trap: trap_request=0xffffff45 fr.pc=0x00000241ae6292e4 relative=0x0000000000000064
Event: 0.393 Thread 0x00000241a137e000 Uncommon trap: reason=unstable_if action=reinterpret pc=0x00000241ae6292e4 method=java.io.WinNTFileSystem.isSlash(C)Z @ 9 c2
Event: 0.393 Thread 0x00000241a137e000 DEOPT PACKING pc=0x00000241ae6292e4 sp=0x0000008fe4ffdcb0
Event: 0.393 Thread 0x00000241a137e000 DEOPT UNPACKING pc=0x00000241a6ba23a3 sp=0x0000008fe4ffdc38 mode 2
Event: 0.439 Thread 0x00000241a137e000 DEOPT PACKING pc=0x00000241a7116e56 sp=0x0000008fe4ffc8f0
Event: 0.439 Thread 0x00000241a137e000 DEOPT UNPACKING pc=0x00000241a6ba2b43 sp=0x0000008fe4ffbd90 mode 0
Event: 0.452 Thread 0x00000241a137e000 Uncommon trap: trap_request=0xffffff45 fr.pc=0x00000241ae637918 relative=0x0000000000000278
Event: 0.452 Thread 0x00000241a137e000 Uncommon trap: reason=unstable_if action=reinterpret pc=0x00000241ae637918 method=java.io.BufferedReader.read()I @ 19 c2
Event: 0.452 Thread 0x00000241a137e000 DEOPT PACKING pc=0x00000241ae637918 sp=0x0000008fe4ffce20
Event: 0.452 Thread 0x00000241a137e000 DEOPT UNPACKING pc=0x00000241a6ba23a3 sp=0x0000008fe4ffcd60 mode 2
Event: 0.496 Thread 0x00000241a137e000 DEOPT PACKING pc=0x00000241a71395e5 sp=0x0000008fe4ffd120
Event: 0.496 Thread 0x00000241a137e000 DEOPT UNPACKING pc=0x00000241a6ba2b43 sp=0x0000008fe4ffc570 mode 0
Event: 0.563 Thread 0x00000241a137e000 DEOPT PACKING pc=0x00000241a7121b54 sp=0x0000008fe4ffde80
Event: 0.563 Thread 0x00000241a137e000 DEOPT UNPACKING pc=0x00000241a6ba2b43 sp=0x0000008fe4ffd330 mode 0

Classes unloaded (0 events):
No events

Classes redefined (0 events):
No events

Internal exceptions (5 events):
Event: 0.450 Thread 0x00000241a137e000 Exception <a 'java/lang/ClassNotFoundException'{0x0000000089523ff0}: javax/smartcardio/CardPermission> (0x0000000089523ff0) 
thrown [s\src\hotspot\share\classfile\systemDictionary.cpp, line 256]
Event: 0.454 Thread 0x00000241a137e000 Exception <a 'java/io/FileNotFoundException'{0x00000000895327a0}> (0x00000000895327a0) 
thrown [s\src\hotspot\share\prims\jni.cpp, line 516]
Event: 0.483 Thread 0x00000241a137e000 Exception <a 'java/lang/NoSuchMethodError'{0x00000000895b04d0}: 'java.lang.Object java.lang.invoke.DirectMethodHandle$Holder.invokeSpecial(java.lang.Object, java.lang.Object, java.lang.Object, long, java.lang.Object)'> (0x00000000895b04d0) 
thrown [s\src\hotspot\share\interpreter\linkResolver.cpp, line 759]
Event: 0.483 Thread 0x00000241a137e000 Exception <a 'java/lang/NoSuchMethodError'{0x00000000895b4170}: 'java.lang.Object java.lang.invoke.Invokers$Holder.linkToTargetMethod(java.lang.Object, long, java.lang.Object, java.lang.Object)'> (0x00000000895b4170) 
thrown [s\src\hotspot\share\interpreter\linkResolver.cpp, line 759]
Event: 0.569 Thread 0x00000241a137e000 Exception <a 'java/lang/NoSuchMethodError'{0x00000000893c6158}: 'void java.lang.invoke.DirectMethodHandle$Holder.invokeStatic(java.lang.Object, java.lang.Object, java.lang.Object, java.lang.Object)'> (0x00000000893c6158) 
thrown [s\src\hotspot\share\interpreter\linkResolver.cpp, line 759]

VM Operations (6 events):
Event: 0.268 Executing VM operation: HandshakeAllThreads
Event: 0.268 Executing VM operation: HandshakeAllThreads done
Event: 0.393 Executing VM operation: HandshakeAllThreads
Event: 0.393 Executing VM operation: HandshakeAllThreads done
Event: 0.555 Executing VM operation: HandshakeAllThreads
Event: 0.555 Executing VM operation: HandshakeAllThreads done

Events (20 events):
Event: 0.560 loading class java/util/IdentityHashMap$EntrySet
Event: 0.560 loading class java/util/IdentityHashMap$EntrySet done
Event: 0.560 loading class java/util/IdentityHashMap$EntryIterator
Event: 0.561 loading class java/util/IdentityHashMap$IdentityHashMapIterator
Event: 0.561 loading class java/util/IdentityHashMap$IdentityHashMapIterator done
Event: 0.561 loading class java/util/IdentityHashMap$EntryIterator done
Event: 0.561 loading class java/util/IdentityHashMap$EntryIterator$Entry
Event: 0.561 loading class java/util/IdentityHashMap$EntryIterator$Entry done
Event: 0.561 loading class java/util/IdentityHashMap$Values
Event: 0.561 loading class java/util/IdentityHashMap$Values done
Event: 0.561 loading class java/util/IdentityHashMap$ValueIterator
Event: 0.561 loading class java/util/IdentityHashMap$ValueIterator done
Event: 0.569 loading class java/lang/invoke/DirectMethodHandle$Constructor
Event: 0.569 loading class java/lang/invoke/DirectMethodHandle$Constructor done
Event: 0.569 loading class java/util/function/BiConsumer
Event: 0.569 loading class java/util/function/BiConsumer done
Event: 0.574 loading class java/util/EnumSet
Event: 0.575 loading class java/util/EnumSet done
Event: 0.575 loading class java/util/RegularEnumSet
Event: 0.575 loading class java/util/RegularEnumSet done


Dynamic libraries:
0x00007ff734f70000 - 0x00007ff734f7e000 	C:\Users\21268\.p2\pool\plugins\org.eclipse.justj.openjdk.hotspot.jre.full.win32.x86_64_17.0.5.v20221102-0933\jre\bin\javaw.exe
0x00007ffcb6fd0000 - 0x00007ffcb71e6000 	C:\WINDOWS\SYSTEM32\ntdll.dll
0x00007ffc64800000 - 0x00007ffc64819000 	C:\Program Files\AVG\Antivirus\aswhook.dll
0x00007ffcb5940000 - 0x00007ffcb5a04000 	C:\WINDOWS\System32\KERNEL32.DLL
0x00007ffcb48a0000 - 0x00007ffcb4c46000 	C:\WINDOWS\System32\KERNELBASE.dll
0x00007ffcb44f0000 - 0x00007ffcb4601000 	C:\WINDOWS\System32\ucrtbase.dll
0x00007ffca27d0000 - 0x00007ffca27e7000 	C:\Users\21268\.p2\pool\plugins\org.eclipse.justj.openjdk.hotspot.jre.full.win32.x86_64_17.0.5.v20221102-0933\jre\bin\jli.dll
0x00007ffca2770000 - 0x00007ffca2789000 	C:\Users\21268\.p2\pool\plugins\org.eclipse.justj.openjdk.hotspot.jre.full.win32.x86_64_17.0.5.v20221102-0933\jre\bin\VCRUNTIME140.dll
0x00007ffcb6a10000 - 0x00007ffcb6bbd000 	C:\WINDOWS\System32\USER32.dll
0x00007ffcb4380000 - 0x00007ffcb43a6000 	C:\WINDOWS\System32\win32u.dll
0x00007ffc87520000 - 0x00007ffc877b3000 	C:\WINDOWS\WinSxS\amd64_microsoft.windows.common-controls_6595b64144ccf1df_6.0.22621.3235_none_270f74e173860f98\COMCTL32.dll
0x00007ffcb69e0000 - 0x00007ffcb6a09000 	C:\WINDOWS\System32\GDI32.dll
0x00007ffcb6930000 - 0x00007ffcb69d7000 	C:\WINDOWS\System32\msvcrt.dll
0x00007ffcb4610000 - 0x00007ffcb4728000 	C:\WINDOWS\System32\gdi32full.dll
0x00007ffcb4c50000 - 0x00007ffcb4cea000 	C:\WINDOWS\System32\msvcp_win.dll
0x00007ffcb58e0000 - 0x00007ffcb5911000 	C:\WINDOWS\System32\IMM32.DLL
0x00007ffcaeab0000 - 0x00007ffcaeabc000 	C:\Users\21268\.p2\pool\plugins\org.eclipse.justj.openjdk.hotspot.jre.full.win32.x86_64_17.0.5.v20221102-0933\jre\bin\vcruntime140_1.dll
0x00007ffc5ddc0000 - 0x00007ffc5de51000 	C:\Users\21268\.p2\pool\plugins\org.eclipse.justj.openjdk.hotspot.jre.full.win32.x86_64_17.0.5.v20221102-0933\jre\bin\msvcp140.dll
0x00007ffbe97c0000 - 0x00007ffbea404000 	C:\Users\21268\.p2\pool\plugins\org.eclipse.justj.openjdk.hotspot.jre.full.win32.x86_64_17.0.5.v20221102-0933\jre\bin\server\jvm.dll
0x00007ffcb5b80000 - 0x00007ffcb5c32000 	C:\WINDOWS\System32\ADVAPI32.dll
0x00007ffcb5a70000 - 0x00007ffcb5b18000 	C:\WINDOWS\System32\sechost.dll
0x00007ffcb4cf0000 - 0x00007ffcb4d18000 	C:\WINDOWS\System32\bcrypt.dll
0x00007ffcb6e50000 - 0x00007ffcb6f65000 	C:\WINDOWS\System32\RPCRT4.dll
0x00007ffca0f90000 - 0x00007ffca0f99000 	C:\WINDOWS\SYSTEM32\WSOCK32.dll
0x00007ffcaae10000 - 0x00007ffcaae44000 	C:\WINDOWS\SYSTEM32\WINMM.dll
0x00007ffca9720000 - 0x00007ffca972a000 	C:\WINDOWS\SYSTEM32\VERSION.dll
0x00007ffcb5860000 - 0x00007ffcb58d1000 	C:\WINDOWS\System32\WS2_32.dll
0x00007ffcb3350000 - 0x00007ffcb3368000 	C:\WINDOWS\SYSTEM32\kernel.appcore.dll
0x00007ffc99a40000 - 0x00007ffc99a4a000 	C:\Users\21268\.p2\pool\plugins\org.eclipse.justj.openjdk.hotspot.jre.full.win32.x86_64_17.0.5.v20221102-0933\jre\bin\jimage.dll
0x00007ffcaf710000 - 0x00007ffcaf943000 	C:\WINDOWS\SYSTEM32\DBGHELP.DLL
0x00007ffcb50c0000 - 0x00007ffcb5448000 	C:\WINDOWS\System32\combase.dll
0x00007ffcb5450000 - 0x00007ffcb5527000 	C:\WINDOWS\System32\OLEAUT32.dll
0x00007ffca7370000 - 0x00007ffca73a2000 	C:\WINDOWS\SYSTEM32\dbgcore.DLL
0x00007ffcb43b0000 - 0x00007ffcb442a000 	C:\WINDOWS\System32\bcryptPrimitives.dll
0x00007ffc58070000 - 0x00007ffc58095000 	C:\Users\21268\.p2\pool\plugins\org.eclipse.justj.openjdk.hotspot.jre.full.win32.x86_64_17.0.5.v20221102-0933\jre\bin\java.dll
0x00007ffc5dd00000 - 0x00007ffc5dd18000 	C:\Users\21268\.p2\pool\plugins\org.eclipse.justj.openjdk.hotspot.jre.full.win32.x86_64_17.0.5.v20221102-0933\jre\bin\zip.dll
0x00007ffcb5c40000 - 0x00007ffcb649d000 	C:\WINDOWS\System32\SHELL32.dll
0x00007ffcb2240000 - 0x00007ffcb2b38000 	C:\WINDOWS\SYSTEM32\windows.storage.dll
0x00007ffcb2100000 - 0x00007ffcb223e000 	C:\WINDOWS\SYSTEM32\wintypes.dll
0x00007ffcb6c50000 - 0x00007ffcb6d43000 	C:\WINDOWS\System32\SHCORE.dll
0x00007ffcb5a10000 - 0x00007ffcb5a6e000 	C:\WINDOWS\System32\shlwapi.dll
0x00007ffcb4240000 - 0x00007ffcb4266000 	C:\WINDOWS\SYSTEM32\profapi.dll
0x00007ffc5cbe0000 - 0x00007ffc5cbf9000 	C:\Users\21268\.p2\pool\plugins\org.eclipse.justj.openjdk.hotspot.jre.full.win32.x86_64_17.0.5.v20221102-0933\jre\bin\net.dll
0x00007ffcab3b0000 - 0x00007ffcab4e7000 	C:\WINDOWS\SYSTEM32\WINHTTP.dll
0x00007ffcb37d0000 - 0x00007ffcb3839000 	C:\WINDOWS\system32\mswsock.dll
0x00007ffc59ff0000 - 0x00007ffc5a005000 	C:\Users\21268\.p2\pool\plugins\org.eclipse.justj.openjdk.hotspot.jre.full.win32.x86_64_17.0.5.v20221102-0933\jre\bin\nio.dll

dbghelp: loaded successfully - version: 4.0.5 - missing functions: none
symbol engine: initialized successfully - sym options: 0x614 - pdb path: .;C:\Users\21268\.p2\pool\plugins\org.eclipse.justj.openjdk.hotspot.jre.full.win32.x86_64_17.0.5.v20221102-0933\jre\bin;C:\WINDOWS\SYSTEM32;C:\Program Files\AVG\Antivirus;C:\WINDOWS\WinSxS\amd64_microsoft.windows.common-controls_6595b64144ccf1df_6.0.22621.3235_none_270f74e173860f98;C:\Users\21268\.p2\pool\plugins\org.eclipse.justj.openjdk.hotspot.jre.full.win32.x86_64_17.0.5.v20221102-0933\jre\bin\server

VM Arguments:
jvm_args: -Dfile.encoding=UTF-8 -XX:+ShowCodeDetailsInExceptionMessages 
java_command: com.produitsconsemetics.ProduitsCosmetics.ProduitsCosmeticsApplication
java_class_path (initial): C:\Users\21268\eclipce_spring\ProduitsCosmetics\target\classes;C:\Users\21268\.m2\repository\org\springframework\boot\spring-boot-starter-data-mongodb\3.2.2\spring-boot-starter-data-mongodb-3.2.2.jar;C:\Users\21268\.m2\repository\org\springframework\boot\spring-boot-starter\3.2.2\spring-boot-starter-3.2.2.jar;C:\Users\21268\.m2\repository\org\springframework\boot\spring-boot-starter-logging\3.2.2\spring-boot-starter-logging-3.2.2.jar;C:\Users\21268\.m2\repository\ch\qos\logback\logback-classic\1.4.14\logback-classic-1.4.14.jar;C:\Users\21268\.m2\repository\ch\qos\logback\logback-core\1.4.14\logback-core-1.4.14.jar;C:\Users\21268\.m2\repository\org\apache\logging\log4j\log4j-to-slf4j\2.21.1\log4j-to-slf4j-2.21.1.jar;C:\Users\21268\.m2\repository\org\apache\logging\log4j\log4j-api\2.21.1\log4j-api-2.21.1.jar;C:\Users\21268\.m2\repository\org\slf4j\jul-to-slf4j\2.0.11\jul-to-slf4j-2.0.11.jar;C:\Users\21268\.m2\repository\jakarta\annotation\jakarta.annotation-api\2.1.1\jakarta.annotation-api-2.1.1.jar;C:\Users\21268\.m2\repository\org\yaml\snakeyaml\2.2\snakeyaml-2.2.jar;C:\Users\21268\.m2\repository\org\mongodb\mongodb-driver-sync\4.11.1\mongodb-driver-sync-4.11.1.jar;C:\Users\21268\.m2\repository\org\mongodb\bson\4.11.1\bson-4.11.1.jar;C:\Users\21268\.m2\repository\org\mongodb\mongodb-driver-core\4.11.1\mongodb-driver-core-4.11.1.jar;C:\Users\21268\.m2\repository\org\mongodb\bson-record-codec\4.11.1\bson-record-codec-4.11.1.jar;C:\Users\21268\.m2\repository\org\springframework\data\spring-data-mongodb\4.2.2\spring-data-mongodb-4.2.2.jar;C:\Users\21268\.m2\repository\org\springframework\spring-tx\6.1.3\spring-tx-6.1.3.jar;C:\Users\21268\.m2\repository\org\springframework\spring-context\6.1.3\spring-context-6.1.3.jar;C:\Users\21268\.m2\repository\org\springframework\spring-beans\6.1.3\spring-beans-6.1.3.jar;C:\Users\21268\.m2\repository\org\springframework\spring-expression\6.1.3\spring-expression-6.1.3.jar;C:\Users\21268\.m2\repository\org\
Launcher Type: SUN_STANDARD

[Global flags]
     intx CICompilerCount                          = 4                                         {product} {ergonomic}
     uint ConcGCThreads                            = 2                                         {product} {ergonomic}
     uint G1ConcRefinementThreads                  = 8                                         {product} {ergonomic}
   size_t G1HeapRegionSize                         = 1048576                                   {product} {ergonomic}
    uintx GCDrainStackTargetSize                   = 64                                        {product} {ergonomic}
   size_t InitialHeapSize                          = 134217728                                 {product} {ergonomic}
   size_t MarkStackSize                            = 4194304                                   {product} {ergonomic}
   size_t MaxHeapSize                              = 2118123520                                {product} {ergonomic}
   size_t MaxNewSize                               = 1270874112                                {product} {ergonomic}
   size_t MinHeapDeltaBytes                        = 1048576                                   {product} {ergonomic}
   size_t MinHeapSize                              = 8388608                                   {product} {ergonomic}
    uintx NonNMethodCodeHeapSize                   = 5839372                                {pd product} {ergonomic}
    uintx NonProfiledCodeHeapSize                  = 122909434                              {pd product} {ergonomic}
    uintx ProfiledCodeHeapSize                     = 122909434                              {pd product} {ergonomic}
    uintx ReservedCodeCacheSize                    = 251658240                              {pd product} {ergonomic}
     bool SegmentedCodeCache                       = true                                      {product} {ergonomic}
     bool ShowCodeDetailsInExceptionMessages       = true                                   {manageable} {command line}
   size_t SoftMaxHeapSize                          = 2118123520                             {manageable} {ergonomic}
     bool UseCompressedClassPointers               = true                           {product lp64_product} {ergonomic}
     bool UseCompressedOops                        = true                           {product lp64_product} {ergonomic}
     bool UseG1GC                                  = true                                      {product} {ergonomic}
     bool UseLargePagesIndividualAllocation        = false                                  {pd product} {ergonomic}

Logging:
Log output configuration:
 #0: stdout all=warning uptime,level,tags
 #1: stderr all=off uptime,level,tags

Environment Variables:
JAVA_HOME=C:\Program Files\Java\jdk-17.0.8
PATH=C:/Users/21268/.p2/pool/plugins/org.eclipse.justj.openjdk.hotspot.jre.full.win32.x86_64_17.0.5.v20221102-0933/jre/bin/server;C:/Users/21268/.p2/pool/plugins/org.eclipse.justj.openjdk.hotspot.jre.full.win32.x86_64_17.0.5.v20221102-0933/jre/bin;C:\Program Files\Java\jdk-17.0.8\bin;D:\oracle\dbhomeXE\bin;C:\Users\21268\flutter\bin;C:\Program Files\Common Files\Oracle\Java\javapath;C:\Program Files\Git\cmd;C:\Program Files\Common Files\Siemens\Automation\Simatic OAM\bin;D:\Python39\Scripts\;D:\Python39\;C:\oraclexe\app\oracle\product\11.2.0\server\bin;C:\Program Files (x86)\Common Files\Oracle\Java\javapath;C:\Program Files (x86)\Intel\Intel(R) Management Engine Components\iCLS\;C:\Program Files\Intel\Intel(R) Management Engine Components\iCLS\;C:\WINDOWS\system32;C:\WINDOWS;C:\WINDOWS\System32\Wbem;C:\WINDOWS\System32\WindowsPowerShell\v1.0\;C:\WINDOWS\System32\OpenSSH\;C:\Program Files (x86)\Intel\Intel(R) Management Engine Components\DAL;C:\Program Files\Intel\Intel(R) Management Engine Components\DAL;C:\Program Files (x86)\Intel\Intel(R) Management Engine Components\IPT;C:\Program Files\Intel\Intel(R) Management Engine Components\IPT;C:\wamp64\bin\php\php7.1.9;C:\composer;C:\Program Files\MongoDB\Server\6.0\bin;C:\Users\21268\AppData\Roaming\nvm;C:\Program Files\nodejs;C:\Users\21268\AppData\Local\Programs\Python\Python312\Scripts\;C:\Users\21268\AppData\Local\Programs\Python\Python312\;C:\Users\21268\AppData\Local\Programs\Python\Launcher\;C:\Users\21268\Downloads\gradle-8.1.1\bin;C:\Users\21268\flutter\bin;C:\Users\21268\AppData\Local\Microsoft\WindowsApps;C:\Program Files\Sublime Text 3;C:\Users\21268\AppData\Roaming\Composer\vendor\bin;C:\wamp64\bin\php\php7.3.21;C:\Users\21268\AppData\Local\Programs\Microsoft VS Code\bin;C:\Windows\System32;D:\OracleXE213_Win64\intellig\IntelliJ IDEA 2022.3.1\bin;;C:\Users\21268\AppData\Roaming\npm;C:\Users\21268\AppData\Roaming\nvm;C:\Program Files\nodejs;C:\WINDOWS\System32;
USERNAME=21268
OS=Windows_NT
PROCESSOR_IDENTIFIER=Intel64 Family 6 Model 142 Stepping 10, GenuineIntel
TMP=C:\Users\21268\AppData\Local\Temp
TEMP=C:\Users\21268\AppData\Local\Temp



---------------  S Y S T E M  ---------------

OS:
 Windows 11 , 64 bit Build 22621 (10.0.22621.3235)
OS uptime: 0 days 19:45 hours

CPU: total 8 (initial active 8) (4 cores per cpu, 2 threads per core) family 6 model 142 stepping 10 microcode 0xe0, cx8, cmov, fxsr, ht, mmx, 3dnowpref, sse, sse2, sse3, ssse3, sse4.1, sse4.2, popcnt, lzcnt, tsc, tscinvbit, avx, avx2, aes, erms, clmul, bmi1, bmi2, adx, fma, vzeroupper, clflush, clflushopt

Memory: 4k page, system-wide physical 8074M (898M free)
TotalPageFile size 15302M (AvailPageFile size 1M)
current process WorkingSet (physical memory assigned to process): 55M, peak: 55M
current process commit charge ("private bytes"): 215M, peak: 215M

vm_info: OpenJDK 64-Bit Server VM (17.0.5+8) for windows-amd64 JRE (17.0.5+8), built on Oct 19 2022 04:48:13 by "temurin" with MS VC++ 16.7 (VS2019)

END.
