#
# There is insufficient memory for the Java Runtime Environment to continue.
# Native memory allocation (malloc) failed to allocate 32744 bytes for ChunkPool::allocate
# Possible reasons:
#   The system is out of physical RAM or swap space
#   The process is running with CompressedOops enabled, and the Java Heap may be blocking the growth of the native heap
# Possible solutions:
#   Reduce memory load on the system
#   Increase physical memory or swap space
#   Check if swap backing store is full
#   Decrease Java heap size (-Xmx/-Xms)
#   Decrease number of Java threads
#   Decrease Java thread stack sizes (-Xss)
#   Set larger code cache with -XX:ReservedCodeCacheSize=
#   JVM is running with Unscaled Compressed Oops mode in which the Java heap is
#     placed in the first 4GB address space. The Java Heap base address is the
#     maximum limit for the native heap growth. Please use -XX:HeapBaseMinAddress
#     to set the Java Heap base and to place the Java Heap above 4GB virtual address.
# This output file may be truncated or incomplete.
#
#  Out of Memory Error (arena.cpp:78), pid=13248, tid=22840
#
# JRE version: OpenJDK Runtime Environment Temurin-17.0.5+8 (17.0.5+8) (build 17.0.5+8)
# Java VM: OpenJDK 64-Bit Server VM Temurin-17.0.5+8 (17.0.5+8, mixed mode, tiered, compressed oops, compressed class ptrs, g1 gc, windows-amd64)
# No core dump will be written. Minidumps are not enabled by default on client versions of Windows
#

---------------  S U M M A R Y ------------

Command Line: -Dfile.encoding=UTF-8 -XX:+ShowCodeDetailsInExceptionMessages com.produitsconsemetics.ProduitsCosmetics.ProduitsCosmeticsApplication

Host: Intel(R) Core(TM) i5-8250U CPU @ 1.60GHz, 8 cores, 7G,  Windows 11 , 64 bit Build 22621 (10.0.22621.3235)
Time: Thu Mar 21 09:29:10 2024 Paris, Madrid elapsed time: 494.638008 seconds (0d 0h 8m 14s)

---------------  T H R E A D  ---------------

Current thread (0x000002523d85c830):  JavaThread "C2 CompilerThread0" daemon [_thread_in_native, id=22840, stack(0x000000d912b00000,0x000000d912c00000)]


Current CompileTask:
C2: 494638 5410       4       org.springframework.data.mongodb.core.convert.MappingMongoConverter::readDocument (295 bytes)

Stack: [0x000000d912b00000,0x000000d912c00000]
Native frames: (J=compiled Java code, j=interpreted, Vv=VM code, C=native code)
V  [jvm.dll+0x676b3a]
V  [jvm.dll+0x831444]
V  [jvm.dll+0x832bee]
V  [jvm.dll+0x833253]
V  [jvm.dll+0x244ce5]
V  [jvm.dll+0xabdcc]
V  [jvm.dll+0xac17c]
V  [jvm.dll+0x1dc391]
V  [jvm.dll+0x1dd511]
V  [jvm.dll+0x1dc7ee]
V  [jvm.dll+0x1cc650]
V  [jvm.dll+0x12597e]
V  [jvm.dll+0x2a9200]
V  [jvm.dll+0x2aaf1a]
V  [jvm.dll+0x68ee27]
V  [jvm.dll+0x686f0b]
V  [jvm.dll+0x686547]
V  [jvm.dll+0x684442]
V  [jvm.dll+0x1a668c]
V  [jvm.dll+0x1a7256]
V  [jvm.dll+0x2aaf94]
V  [jvm.dll+0x68ee27]
V  [jvm.dll+0x686f0b]
V  [jvm.dll+0x686547]
V  [jvm.dll+0x684442]
V  [jvm.dll+0x1a668c]
V  [jvm.dll+0x1a7256]
V  [jvm.dll+0x2aaf94]
V  [jvm.dll+0x68ee27]
V  [jvm.dll+0x686f0b]
V  [jvm.dll+0x686547]
V  [jvm.dll+0x684442]
V  [jvm.dll+0x1a668c]
V  [jvm.dll+0x216b38]
V  [jvm.dll+0x1a343d]
V  [jvm.dll+0x22698a]
V  [jvm.dll+0x224ac5]
V  [jvm.dll+0x7e727b]
V  [jvm.dll+0x7e17ea]
V  [jvm.dll+0x6759e5]
C  [ucrtbase.dll+0x29363]
C  [KERNEL32.DLL+0x1257d]
C  [ntdll.dll+0x5aa58]


---------------  P R O C E S S  ---------------

Threads class SMR info:
_java_thread_list=0x000002523de0ad50, length=34, elements={
0x000002523ce16df0, 0x000002523ce17c60, 0x000002523d843280, 0x000002523d843d40,
0x000002523d846900, 0x000002523d8492c0, 0x000002523d85c830, 0x000002523d85d2d0,
0x000002523d860bf0, 0x000002523d9be130, 0x000002523d9ea010, 0x0000025240a10d60,
0x000002523f481c60, 0x0000025240af5c70, 0x0000025240968550, 0x0000025240969890,
0x0000025240968080, 0x0000025240968a20, 0x00000252409693c0, 0x0000025240968ef0,
0x00000252411839d0, 0x000002524118ad50, 0x0000025241186ec0, 0x0000025241189540,
0x0000025241189a10, 0x0000025241189ee0, 0x00000252411886d0, 0x00000252411869f0,
0x0000025241184d10, 0x0000025241183ea0, 0x0000025241188200, 0x0000025241184370,
0x0000025241187d30, 0x0000025220caeaf0
}

Java Threads: ( => current thread )
  0x000002523ce16df0 JavaThread "Reference Handler" daemon [_thread_blocked, id=28056, stack(0x000000d912500000,0x000000d912600000)]
  0x000002523ce17c60 JavaThread "Finalizer" daemon [_thread_blocked, id=27140, stack(0x000000d912600000,0x000000d912700000)]
  0x000002523d843280 JavaThread "Signal Dispatcher" daemon [_thread_blocked, id=25548, stack(0x000000d912700000,0x000000d912800000)]
  0x000002523d843d40 JavaThread "Attach Listener" daemon [_thread_blocked, id=17816, stack(0x000000d912800000,0x000000d912900000)]
  0x000002523d846900 JavaThread "Service Thread" daemon [_thread_blocked, id=22764, stack(0x000000d912900000,0x000000d912a00000)]
  0x000002523d8492c0 JavaThread "Monitor Deflation Thread" daemon [_thread_blocked, id=26952, stack(0x000000d912a00000,0x000000d912b00000)]
=>0x000002523d85c830 JavaThread "C2 CompilerThread0" daemon [_thread_in_native, id=22840, stack(0x000000d912b00000,0x000000d912c00000)]
  0x000002523d85d2d0 JavaThread "C1 CompilerThread0" daemon [_thread_blocked, id=18264, stack(0x000000d912c00000,0x000000d912d00000)]
  0x000002523d860bf0 JavaThread "Sweeper thread" daemon [_thread_blocked, id=4932, stack(0x000000d912d00000,0x000000d912e00000)]
  0x000002523d9be130 JavaThread "Notification Thread" daemon [_thread_blocked, id=17052, stack(0x000000d912e00000,0x000000d912f00000)]
  0x000002523d9ea010 JavaThread "Common-Cleaner" daemon [_thread_blocked, id=12068, stack(0x000000d913000000,0x000000d913100000)]
  0x0000025240a10d60 JavaThread "Catalina-utility-1" [_thread_blocked, id=10948, stack(0x000000d913800000,0x000000d913900000)]
  0x000002523f481c60 JavaThread "Catalina-utility-2" [_thread_blocked, id=9792, stack(0x000000d913c00000,0x000000d913d00000)]
  0x0000025240af5c70 JavaThread "container-0" [_thread_blocked, id=8924, stack(0x000000d913d00000,0x000000d913e00000)]
  0x0000025240968550 JavaThread "BufferPoolPruner-1-thread-1" daemon [_thread_blocked, id=19740, stack(0x000000d913e00000,0x000000d913f00000)]
  0x0000025240969890 JavaThread "cluster-ClusterId{value='65fbedf2e80c701430baefc6', description='null'}-localhost:27017" daemon [_thread_in_native, id=9012, stack(0x000000d913f00000,0x000000d914000000)]
  0x0000025240968080 JavaThread "cluster-rtt-ClusterId{value='65fbedf2e80c701430baefc6', description='null'}-localhost:27017" daemon [_thread_blocked, id=1252, stack(0x000000d914000000,0x000000d914100000)]
  0x0000025240968a20 JavaThread "MaintenanceTimer-2-thread-1" daemon [_thread_blocked, id=4812, stack(0x000000d914200000,0x000000d914300000)]
  0x00000252409693c0 JavaThread "Live Reload Server" daemon [_thread_in_native, id=15100, stack(0x000000d914400000,0x000000d914500000)]
  0x0000025240968ef0 JavaThread "File Watcher" daemon [_thread_blocked, id=13360, stack(0x000000d914300000,0x000000d914400000)]
  0x00000252411839d0 JavaThread "http-nio-8080-exec-1" daemon [_thread_blocked, id=25256, stack(0x000000d914500000,0x000000d914600000)]
  0x000002524118ad50 JavaThread "http-nio-8080-exec-2" daemon [_thread_blocked, id=22532, stack(0x000000d914600000,0x000000d914700000)]
  0x0000025241186ec0 JavaThread "http-nio-8080-exec-3" daemon [_thread_blocked, id=8456, stack(0x000000d914700000,0x000000d914800000)]
  0x0000025241189540 JavaThread "http-nio-8080-exec-4" daemon [_thread_blocked, id=16256, stack(0x000000d914800000,0x000000d914900000)]
  0x0000025241189a10 JavaThread "http-nio-8080-exec-5" daemon [_thread_blocked, id=15588, stack(0x000000d914900000,0x000000d914a00000)]
  0x0000025241189ee0 JavaThread "http-nio-8080-exec-6" daemon [_thread_blocked, id=21552, stack(0x000000d914a00000,0x000000d914b00000)]
  0x00000252411886d0 JavaThread "http-nio-8080-exec-7" daemon [_thread_blocked, id=23216, stack(0x000000d914b00000,0x000000d914c00000)]
  0x00000252411869f0 JavaThread "http-nio-8080-exec-8" daemon [_thread_blocked, id=5520, stack(0x000000d914c00000,0x000000d914d00000)]
  0x0000025241184d10 JavaThread "http-nio-8080-exec-9" daemon [_thread_blocked, id=11844, stack(0x000000d914d00000,0x000000d914e00000)]
  0x0000025241183ea0 JavaThread "http-nio-8080-exec-10" daemon [_thread_blocked, id=21252, stack(0x000000d914e00000,0x000000d914f00000)]
  0x0000025241188200 JavaThread "http-nio-8080-Poller" daemon [_thread_in_native, id=7664, stack(0x000000d914f00000,0x000000d915000000)]
  0x0000025241184370 JavaThread "http-nio-8080-Acceptor" daemon [_thread_in_native, id=24232, stack(0x000000d915000000,0x000000d915100000)]
  0x0000025241187d30 JavaThread "DestroyJavaVM" [_thread_blocked, id=12912, stack(0x000000d911e00000,0x000000d911f00000)]
  0x0000025220caeaf0 JavaThread "C2 CompilerThread1" daemon [_thread_in_native, id=16872, stack(0x000000d911b00000,0x000000d911c00000)]

Other Threads:
  0x000002523ce13640 VMThread "VM Thread" [stack: 0x000000d912400000,0x000000d912500000] [id=18140]
  0x0000025222f29a10 WatcherThread [stack: 0x000000d912f00000,0x000000d913000000] [id=22916]
  0x0000025222f0bb20 GCTaskThread "GC Thread#0" [stack: 0x000000d911f00000,0x000000d912000000] [id=26284]
  0x000002523e36a680 GCTaskThread "GC Thread#1" [stack: 0x000000d913300000,0x000000d913400000] [id=20844]
  0x000002523e384450 GCTaskThread "GC Thread#2" [stack: 0x000000d913400000,0x000000d913500000] [id=11392]
  0x000002523e384700 GCTaskThread "GC Thread#3" [stack: 0x000000d913500000,0x000000d913600000] [id=22656]
  0x000002523e3849b0 GCTaskThread "GC Thread#4" [stack: 0x000000d913600000,0x000000d913700000] [id=22636]
  0x000002523dfb8630 GCTaskThread "GC Thread#5" [stack: 0x000000d913700000,0x000000d913800000] [id=25640]
  0x000002523f167a70 GCTaskThread "GC Thread#6" [stack: 0x000000d913900000,0x000000d913a00000] [id=12140]
  0x000002523f4a46b0 GCTaskThread "GC Thread#7" [stack: 0x000000d913a00000,0x000000d913b00000] [id=21800]
  0x0000025222f1cf60 ConcurrentGCThread "G1 Main Marker" [stack: 0x000000d912000000,0x000000d912100000] [id=10260]
  0x0000025222f1d970 ConcurrentGCThread "G1 Conc#0" [stack: 0x000000d912100000,0x000000d912200000] [id=10840]
  0x000002523f331250 ConcurrentGCThread "G1 Conc#1" [stack: 0x000000d913b00000,0x000000d913c00000] [id=12260]
  0x0000025222f5d9e0 ConcurrentGCThread "G1 Refine#0" [stack: 0x000000d912200000,0x000000d912300000] [id=10924]
  0x0000025222f5e400 ConcurrentGCThread "G1 Service" [stack: 0x000000d912300000,0x000000d912400000] [id=18136]

Threads with active compile tasks:
C2 CompilerThread0   494782 5410       4       org.springframework.data.mongodb.core.convert.MappingMongoConverter::readDocument (295 bytes)
C2 CompilerThread1   494782 5408       4       org.springframework.data.mongodb.core.MongoTemplate$ReadDocumentCallback::doWith (104 bytes)

VM state: not at safepoint (normal execution)

VM Mutex/Monitor currently owned by a thread: None

Heap address: 0x0000000081c00000, size: 2020 MB, Compressed Oops mode: 32-bit

CDS archive(s) not mapped
Compressed class space mapped at: 0x0000000100000000-0x0000000140000000, reserved size: 1073741824
Narrow klass base: 0x0000000000000000, Narrow klass shift: 3, Narrow klass range: 0x140000000

GC Precious Log:
 CPUs: 8 total, 8 available
 Memory: 8074M
 Large Page Support: Disabled
 NUMA Support: Disabled
 Compressed Oops: Enabled (32-bit)
 Heap Region Size: 1M
 Heap Min Capacity: 8M
 Heap Initial Capacity: 128M
 Heap Max Capacity: 2020M
 Pre-touch: Disabled
 Parallel Workers: 8
 Concurrent Workers: 2
 Concurrent Refinement Workers: 8
 Periodic GC: Disabled

Heap:
 garbage-first heap   total 55296K, used 33709K [0x0000000081c00000, 0x0000000100000000)
  region size 1024K, 13 young (13312K), 1 survivors (1024K)
 Metaspace       used 49333K, committed 49792K, reserved 1097728K
  class space    used 6037K, committed 6272K, reserved 1048576K

Heap Regions: E=young(eden), S=young(survivor), O=old, HS=humongous(starts), HC=humongous(continues), CS=collection set, F=free, OA=open archive, CA=closed archive, TAMS=top-at-mark-start (previous, next)
|   0|0x0000000081c00000, 0x0000000081d00000, 0x0000000081d00000|100%| O|  |TAMS 0x0000000081d00000, 0x0000000081c00000| Untracked 
|   1|0x0000000081d00000, 0x0000000081e00000, 0x0000000081e00000|100%| O|  |TAMS 0x0000000081e00000, 0x0000000081d00000| Untracked 
|   2|0x0000000081e00000, 0x0000000081f00000, 0x0000000081f00000|100%| O|  |TAMS 0x0000000081f00000, 0x0000000081e00000| Untracked 
|   3|0x0000000081f00000, 0x0000000082000000, 0x0000000082000000|100%| O|  |TAMS 0x0000000082000000, 0x0000000081f00000| Untracked 
|   4|0x0000000082000000, 0x0000000082100000, 0x0000000082100000|100%| O|  |TAMS 0x0000000082100000, 0x0000000082000000| Untracked 
|   5|0x0000000082100000, 0x0000000082200000, 0x0000000082200000|100%| O|  |TAMS 0x0000000082200000, 0x0000000082100000| Untracked 
|   6|0x0000000082200000, 0x0000000082300000, 0x0000000082300000|100%| O|  |TAMS 0x0000000082300000, 0x0000000082200000| Untracked 
|   7|0x0000000082300000, 0x0000000082400000, 0x0000000082400000|100%| O|  |TAMS 0x0000000082400000, 0x0000000082300000| Untracked 
|   8|0x0000000082400000, 0x0000000082500000, 0x0000000082500000|100%| O|  |TAMS 0x0000000082500000, 0x0000000082400000| Untracked 
|   9|0x0000000082500000, 0x0000000082597e00, 0x0000000082600000| 59%| O|  |TAMS 0x0000000082597e00, 0x0000000082500000| Untracked 
|  10|0x0000000082600000, 0x0000000082700000, 0x0000000082700000|100%| O|  |TAMS 0x0000000082600000, 0x0000000082600000| Untracked 
|  11|0x0000000082700000, 0x0000000082800000, 0x0000000082800000|100%| O|  |TAMS 0x0000000082800000, 0x0000000082700000| Untracked 
|  12|0x0000000082800000, 0x0000000082900000, 0x0000000082900000|100%| O|  |TAMS 0x0000000082900000, 0x0000000082800000| Untracked 
|  13|0x0000000082900000, 0x0000000082a00000, 0x0000000082a00000|100%| O|  |TAMS 0x0000000082a00000, 0x0000000082900000| Untracked 
|  14|0x0000000082a00000, 0x0000000082b00000, 0x0000000082b00000|100%| O|  |TAMS 0x0000000082a00000, 0x0000000082a00000| Untracked 
|  15|0x0000000082b00000, 0x0000000082c00000, 0x0000000082c00000|100%| O|  |TAMS 0x0000000082b00000, 0x0000000082b00000| Untracked 
|  16|0x0000000082c00000, 0x0000000082d00000, 0x0000000082d00000|100%| O|  |TAMS 0x0000000082c00000, 0x0000000082c00000| Untracked 
|  17|0x0000000082d00000, 0x0000000082e00000, 0x0000000082e00000|100%|HS|  |TAMS 0x0000000082d00000, 0x0000000082d00000| Complete 
|  18|0x0000000082e00000, 0x0000000082f00000, 0x0000000082f00000|100%| O|  |TAMS 0x0000000082e00000, 0x0000000082e00000| Untracked 
|  19|0x0000000082f00000, 0x0000000083000000, 0x0000000083000000|100%| O|  |TAMS 0x0000000082f00000, 0x0000000082f00000| Untracked 
|  20|0x0000000083000000, 0x00000000830be600, 0x0000000083100000| 74%| O|  |TAMS 0x0000000083000000, 0x0000000083000000| Untracked 
|  21|0x0000000083100000, 0x0000000083200000, 0x0000000083200000|100%|HS|  |TAMS 0x0000000083100000, 0x0000000083100000| Complete 
|  22|0x0000000083200000, 0x0000000083200000, 0x0000000083300000|  0%| F|  |TAMS 0x0000000083200000, 0x0000000083200000| Untracked 
|  23|0x0000000083300000, 0x0000000083300000, 0x0000000083400000|  0%| F|  |TAMS 0x0000000083300000, 0x0000000083300000| Untracked 
|  24|0x0000000083400000, 0x0000000083400000, 0x0000000083500000|  0%| F|  |TAMS 0x0000000083400000, 0x0000000083400000| Untracked 
|  25|0x0000000083500000, 0x0000000083500000, 0x0000000083600000|  0%| F|  |TAMS 0x0000000083500000, 0x0000000083500000| Untracked 
|  26|0x0000000083600000, 0x0000000083600000, 0x0000000083700000|  0%| F|  |TAMS 0x0000000083600000, 0x0000000083600000| Untracked 
|  27|0x0000000083700000, 0x0000000083700000, 0x0000000083800000|  0%| F|  |TAMS 0x0000000083700000, 0x0000000083700000| Untracked 
|  28|0x0000000083800000, 0x0000000083800000, 0x0000000083900000|  0%| F|  |TAMS 0x0000000083800000, 0x0000000083800000| Untracked 
|  29|0x0000000083900000, 0x0000000083900000, 0x0000000083a00000|  0%| F|  |TAMS 0x0000000083900000, 0x0000000083900000| Untracked 
|  30|0x0000000083a00000, 0x0000000083a00000, 0x0000000083b00000|  0%| F|  |TAMS 0x0000000083a00000, 0x0000000083a00000| Untracked 
|  31|0x0000000083b00000, 0x0000000083b00000, 0x0000000083c00000|  0%| F|  |TAMS 0x0000000083b00000, 0x0000000083b00000| Untracked 
|  32|0x0000000083c00000, 0x0000000083c00000, 0x0000000083d00000|  0%| F|  |TAMS 0x0000000083c00000, 0x0000000083c00000| Untracked 
|  33|0x0000000083d00000, 0x0000000083d95220, 0x0000000083e00000| 58%| S|CS|TAMS 0x0000000083d00000, 0x0000000083d00000| Complete 
|  34|0x0000000083e00000, 0x0000000083e00000, 0x0000000083f00000|  0%| F|  |TAMS 0x0000000083e00000, 0x0000000083e00000| Untracked 
|  35|0x0000000083f00000, 0x0000000083f00000, 0x0000000084000000|  0%| F|  |TAMS 0x0000000083f00000, 0x0000000083f00000| Untracked 
|  36|0x0000000084000000, 0x0000000084000000, 0x0000000084100000|  0%| F|  |TAMS 0x0000000084000000, 0x0000000084000000| Untracked 
|  37|0x0000000084100000, 0x0000000084100000, 0x0000000084200000|  0%| F|  |TAMS 0x0000000084100000, 0x0000000084100000| Untracked 
|  38|0x0000000084200000, 0x0000000084200000, 0x0000000084300000|  0%| F|  |TAMS 0x0000000084200000, 0x0000000084200000| Untracked 
|  39|0x0000000084300000, 0x0000000084300000, 0x0000000084400000|  0%| F|  |TAMS 0x0000000084300000, 0x0000000084300000| Untracked 
|  40|0x0000000084400000, 0x0000000084400000, 0x0000000084500000|  0%| F|  |TAMS 0x0000000084400000, 0x0000000084400000| Untracked 
|  41|0x0000000084500000, 0x0000000084500000, 0x0000000084600000|  0%| F|  |TAMS 0x0000000084500000, 0x0000000084500000| Untracked 
|  42|0x0000000084600000, 0x000000008462a2b8, 0x0000000084700000| 16%| E|  |TAMS 0x0000000084600000, 0x0000000084600000| Complete 
|  43|0x0000000084700000, 0x0000000084800000, 0x0000000084800000|100%| E|CS|TAMS 0x0000000084700000, 0x0000000084700000| Complete 
|  44|0x0000000084800000, 0x0000000084900000, 0x0000000084900000|100%| E|CS|TAMS 0x0000000084800000, 0x0000000084800000| Complete 
|  45|0x0000000084900000, 0x0000000084a00000, 0x0000000084a00000|100%| E|CS|TAMS 0x0000000084900000, 0x0000000084900000| Complete 
|  46|0x0000000084a00000, 0x0000000084b00000, 0x0000000084b00000|100%| E|CS|TAMS 0x0000000084a00000, 0x0000000084a00000| Complete 
|  47|0x0000000084b00000, 0x0000000084c00000, 0x0000000084c00000|100%| E|CS|TAMS 0x0000000084b00000, 0x0000000084b00000| Complete 
|  48|0x0000000084c00000, 0x0000000084d00000, 0x0000000084d00000|100%| E|CS|TAMS 0x0000000084c00000, 0x0000000084c00000| Complete 
|  49|0x0000000084d00000, 0x0000000084e00000, 0x0000000084e00000|100%| E|CS|TAMS 0x0000000084d00000, 0x0000000084d00000| Complete 
|  50|0x0000000084e00000, 0x0000000084f00000, 0x0000000084f00000|100%| E|CS|TAMS 0x0000000084e00000, 0x0000000084e00000| Complete 
|  71|0x0000000086300000, 0x0000000086400000, 0x0000000086400000|100%| E|CS|TAMS 0x0000000086300000, 0x0000000086300000| Complete 
|  72|0x0000000086400000, 0x0000000086500000, 0x0000000086500000|100%| E|CS|TAMS 0x0000000086400000, 0x0000000086400000| Complete 
| 127|0x0000000089b00000, 0x0000000089c00000, 0x0000000089c00000|100%| E|CS|TAMS 0x0000000089b00000, 0x0000000089b00000| Complete 

Card table byte_map: [0x0000025235c80000,0x0000025236080000] _byte_map_base: 0x0000025235872000

Marking Bits (Prev, Next): (CMBitMap*) 0x0000025222f0c140, (CMBitMap*) 0x0000025222f0c180
 Prev Bits: [0x0000025236480000, 0x0000025238410000)
 Next Bits: [0x0000025238410000, 0x000002523a3a0000)

Polling page: 0x0000025221010000

Metaspace:

Usage:
  Non-class:     42.28 MB used.
      Class:      5.90 MB used.
       Both:     48.18 MB used.

Virtual space:
  Non-class space:       48.00 MB reserved,      42.50 MB ( 89%) committed,  6 nodes.
      Class space:        1.00 GB reserved,       6.12 MB ( <1%) committed,  1 nodes.
             Both:        1.05 GB reserved,      48.62 MB (  5%) committed. 

Chunk freelists:
   Non-Class:  1.31 MB
       Class:  1.85 MB
        Both:  3.17 MB

MaxMetaspaceSize: unlimited
CompressedClassSpaceSize: 1.00 GB
Initial GC threshold: 21.00 MB
Current GC threshold: 59.31 MB
CDS: off
MetaspaceReclaimPolicy: balanced
 - commit_granule_bytes: 65536.
 - commit_granule_words: 8192.
 - virtual_space_node_default_size: 1048576.
 - enlarge_chunks_in_place: 1.
 - new_chunks_are_fully_committed: 0.
 - uncommit_free_chunks: 1.
 - use_allocation_guard: 0.
 - handle_deallocations: 1.


Internal statistics:

num_allocs_failed_limit: 8.
num_arena_births: 658.
num_arena_deaths: 0.
num_vsnodes_births: 7.
num_vsnodes_deaths: 0.
num_space_committed: 778.
num_space_uncommitted: 0.
num_chunks_returned_to_freelist: 8.
num_chunks_taken_from_freelist: 2199.
num_chunk_merges: 8.
num_chunk_splits: 1489.
num_chunks_enlarged: 1072.
num_purges: 0.
num_inconsistent_stats: 0.

CodeHeap 'non-profiled nmethods': size=120000Kb used=2870Kb max_used=2870Kb free=117129Kb
 bounds [0x000002522e020000, 0x000002522e2f0000, 0x0000025235550000]
CodeHeap 'profiled nmethods': size=120000Kb used=10202Kb max_used=10202Kb free=109797Kb
 bounds [0x0000025226af0000, 0x00000252274f0000, 0x000002522e020000]
CodeHeap 'non-nmethods': size=5760Kb used=1260Kb max_used=1369Kb free=4499Kb
 bounds [0x0000025226550000, 0x00000252267c0000, 0x0000025226af0000]
 total_blobs=5973 nmethods=5398 adapters=487
 compilation: enabled
              stopped_count=0, restarted_count=0
 full_count=0

Compilation events (20 events):
Event: 494.504 Thread 0x000002523d85c830 nmethod 5399 0x000002522e2e7910 code [0x000002522e2e7b00, 0x000002522e2e80c8]
Event: 494.504 Thread 0x000002523d85c830 5400       4       org.bson.codecs.NumberCodecHelper::decodeLong (157 bytes)
Event: 494.514 Thread 0x0000025220caeaf0 nmethod 5398 0x000002522e2e8810 code [0x000002522e2e8a00, 0x000002522e2e91c8]
Event: 494.514 Thread 0x0000025220caeaf0 5394       4       java.nio.HeapByteBuffer::<init> (21 bytes)
Event: 494.518 Thread 0x000002523d85c830 nmethod 5400 0x000002522e2e9a10 code [0x000002522e2e9c00, 0x000002522e2ea0c8]
Event: 494.518 Thread 0x000002523d85c830 5395       4       java.util.function.Predicate::negate (7 bytes)
Event: 494.520 Thread 0x000002523d85c830 nmethod 5395 0x000002522e2ea710 code [0x000002522e2ea8a0, 0x000002522e2ea978]
Event: 494.520 Thread 0x000002523d85c830 5405       4       org.springframework.data.mapping.Alias::hashCode (8 bytes)
Event: 494.522 Thread 0x0000025220caeaf0 nmethod 5394 0x000002522e2eaa90 code [0x000002522e2eac20, 0x000002522e2eb098]
Event: 494.522 Thread 0x000002523d85c830 nmethod 5405 0x000002522e2eb310 code [0x000002522e2eb480, 0x000002522e2eb578]
Event: 494.522 Thread 0x0000025220caeaf0 5407       4       com.mongodb.client.internal.MongoBatchCursorAdapter::getNextInBatch (57 bytes)
Event: 494.522 Thread 0x000002523d85c830 5406       4       com.mongodb.client.internal.MongoBatchCursorAdapter::next (40 bytes)
Event: 494.525 Thread 0x0000025220caeaf0 nmethod 5407 0x000002522e2eb610 code [0x000002522e2eb7a0, 0x000002522e2eb958]
Event: 494.525 Thread 0x0000025220caeaf0 5408       4       org.springframework.data.mongodb.core.MongoTemplate$ReadDocumentCallback::doWith (104 bytes)
Event: 494.529 Thread 0x000002523d85c830 nmethod 5406 0x000002522e2ebb10 code [0x000002522e2ebcc0, 0x000002522e2ec098]
Event: 494.530 Thread 0x000002523d85c830 5409       4       org.springframework.data.mongodb.core.convert.MappingMongoConverter::getConversionContext (50 bytes)
Event: 494.566 Thread 0x000002523d85c830 nmethod 5409 0x000002522e2ec390 code [0x000002522e2ec540, 0x000002522e2ed278]
Event: 494.566 Thread 0x000002523d85c830 5410       4       org.springframework.data.mongodb.core.convert.MappingMongoConverter::readDocument (295 bytes)
Event: 494.608 Thread 0x000002523d85d2d0 5422       3       sun.reflect.generics.reflectiveObjects.WildcardTypeImpl::hashCode (20 bytes)
Event: 494.609 Thread 0x000002523d85d2d0 nmethod 5422 0x00000252274e5410 code [0x00000252274e5660, 0x00000252274e6318]

GC Heap History (20 events):
Event: 8.765 GC heap before
{Heap before GC invocations=6 (full 0):
 garbage-first heap   total 30720K, used 21167K [0x0000000081c00000, 0x0000000100000000)
  region size 1024K, 14 young (14336K), 2 survivors (2048K)
 Metaspace       used 27888K, committed 28160K, reserved 1081344K
  class space    used 3138K, committed 3264K, reserved 1048576K
}
Event: 8.767 GC heap after
{Heap after GC invocations=7 (full 0):
 garbage-first heap   total 30720K, used 10811K [0x0000000081c00000, 0x0000000100000000)
  region size 1024K, 1 young (1024K), 1 survivors (1024K)
 Metaspace       used 27888K, committed 28160K, reserved 1081344K
  class space    used 3138K, committed 3264K, reserved 1048576K
}
Event: 9.147 GC heap before
{Heap before GC invocations=7 (full 0):
 garbage-first heap   total 30720K, used 22075K [0x0000000081c00000, 0x0000000100000000)
  region size 1024K, 13 young (13312K), 1 survivors (1024K)
 Metaspace       used 30029K, committed 30336K, reserved 1081344K
  class space    used 3444K, committed 3584K, reserved 1048576K
}
Event: 9.149 GC heap after
{Heap after GC invocations=8 (full 0):
 garbage-first heap   total 30720K, used 11724K [0x0000000081c00000, 0x0000000100000000)
  region size 1024K, 2 young (2048K), 2 survivors (2048K)
 Metaspace       used 30029K, committed 30336K, reserved 1081344K
  class space    used 3444K, committed 3584K, reserved 1048576K
}
Event: 9.482 GC heap before
{Heap before GC invocations=8 (full 0):
 garbage-first heap   total 30720K, used 22988K [0x0000000081c00000, 0x0000000100000000)
  region size 1024K, 13 young (13312K), 2 survivors (2048K)
 Metaspace       used 32295K, committed 32704K, reserved 1081344K
  class space    used 3781K, committed 3968K, reserved 1048576K
}
Event: 9.485 GC heap after
{Heap after GC invocations=9 (full 0):
 garbage-first heap   total 30720K, used 12845K [0x0000000081c00000, 0x0000000100000000)
  region size 1024K, 2 young (2048K), 2 survivors (2048K)
 Metaspace       used 32295K, committed 32704K, reserved 1081344K
  class space    used 3781K, committed 3968K, reserved 1048576K
}
Event: 10.099 GC heap before
{Heap before GC invocations=9 (full 0):
 garbage-first heap   total 30720K, used 23085K [0x0000000081c00000, 0x0000000100000000)
  region size 1024K, 12 young (12288K), 2 survivors (2048K)
 Metaspace       used 34647K, committed 35008K, reserved 1081344K
  class space    used 4052K, committed 4224K, reserved 1048576K
}
Event: 10.103 GC heap after
{Heap after GC invocations=10 (full 0):
 garbage-first heap   total 80896K, used 13898K [0x0000000081c00000, 0x0000000100000000)
  region size 1024K, 1 young (1024K), 1 survivors (1024K)
 Metaspace       used 34647K, committed 35008K, reserved 1081344K
  class space    used 4052K, committed 4224K, reserved 1048576K
}
Event: 10.272 GC heap before
{Heap before GC invocations=10 (full 0):
 garbage-first heap   total 80896K, used 19018K [0x0000000081c00000, 0x0000000100000000)
  region size 1024K, 7 young (7168K), 1 survivors (1024K)
 Metaspace       used 35803K, committed 36160K, reserved 1081344K
  class space    used 4196K, committed 4352K, reserved 1048576K
}
Event: 10.274 GC heap after
{Heap after GC invocations=11 (full 0):
 garbage-first heap   total 80896K, used 14211K [0x0000000081c00000, 0x0000000100000000)
  region size 1024K, 2 young (2048K), 2 survivors (2048K)
 Metaspace       used 35803K, committed 36160K, reserved 1081344K
  class space    used 4196K, committed 4352K, reserved 1048576K
}
Event: 11.133 GC heap before
{Heap before GC invocations=12 (full 0):
 garbage-first heap   total 55296K, used 43907K [0x0000000081c00000, 0x0000000100000000)
  region size 1024K, 32 young (32768K), 2 survivors (2048K)
 Metaspace       used 41950K, committed 42432K, reserved 1089536K
  class space    used 5123K, committed 5312K, reserved 1048576K
}
Event: 11.137 GC heap after
{Heap after GC invocations=13 (full 0):
 garbage-first heap   total 55296K, used 16626K [0x0000000081c00000, 0x0000000100000000)
  region size 1024K, 4 young (4096K), 4 survivors (4096K)
 Metaspace       used 41950K, committed 42432K, reserved 1089536K
  class space    used 5123K, committed 5312K, reserved 1048576K
}
Event: 65.214 GC heap before
{Heap before GC invocations=13 (full 0):
 garbage-first heap   total 55296K, used 41202K [0x0000000081c00000, 0x0000000100000000)
  region size 1024K, 28 young (28672K), 4 survivors (4096K)
 Metaspace       used 45405K, committed 45888K, reserved 1089536K
  class space    used 5599K, committed 5824K, reserved 1048576K
}
Event: 65.225 GC heap after
{Heap after GC invocations=14 (full 0):
 garbage-first heap   total 55296K, used 18844K [0x0000000081c00000, 0x0000000100000000)
  region size 1024K, 3 young (3072K), 3 survivors (3072K)
 Metaspace       used 45405K, committed 45888K, reserved 1089536K
  class space    used 5599K, committed 5824K, reserved 1048576K
}
Event: 103.462 GC heap before
{Heap before GC invocations=14 (full 0):
 garbage-first heap   total 55296K, used 41372K [0x0000000081c00000, 0x0000000100000000)
  region size 1024K, 25 young (25600K), 3 survivors (3072K)
 Metaspace       used 48355K, committed 48768K, reserved 1097728K
  class space    used 5946K, committed 6144K, reserved 1048576K
}
Event: 103.472 GC heap after
{Heap after GC invocations=15 (full 0):
 garbage-first heap   total 55296K, used 23951K [0x0000000081c00000, 0x0000000100000000)
  region size 1024K, 4 young (4096K), 4 survivors (4096K)
 Metaspace       used 48355K, committed 48768K, reserved 1097728K
  class space    used 5946K, committed 6144K, reserved 1048576K
}
Event: 132.936 GC heap before
{Heap before GC invocations=15 (full 0):
 garbage-first heap   total 55296K, used 40335K [0x0000000081c00000, 0x0000000100000000)
  region size 1024K, 21 young (21504K), 4 survivors (4096K)
 Metaspace       used 49155K, committed 49664K, reserved 1097728K
  class space    used 6033K, committed 6272K, reserved 1048576K
}
Event: 132.941 GC heap after
{Heap after GC invocations=16 (full 0):
 garbage-first heap   total 55296K, used 22110K [0x0000000081c00000, 0x0000000100000000)
  region size 1024K, 2 young (2048K), 2 survivors (2048K)
 Metaspace       used 49155K, committed 49664K, reserved 1097728K
  class space    used 6033K, committed 6272K, reserved 1048576K
}
Event: 494.455 GC heap before
{Heap before GC invocations=16 (full 0):
 garbage-first heap   total 55296K, used 40542K [0x0000000081c00000, 0x0000000100000000)
  region size 1024K, 20 young (20480K), 2 survivors (2048K)
 Metaspace       used 49304K, committed 49792K, reserved 1097728K
  class space    used 6033K, committed 6272K, reserved 1048576K
}
Event: 494.457 GC heap after
{Heap after GC invocations=17 (full 0):
 garbage-first heap   total 55296K, used 21421K [0x0000000081c00000, 0x0000000100000000)
  region size 1024K, 1 young (1024K), 1 survivors (1024K)
 Metaspace       used 49304K, committed 49792K, reserved 1097728K
  class space    used 6033K, committed 6272K, reserved 1048576K
}

Dll operation events (9 events):
Event: 0.023 Loaded shared library C:\Users\21268\.p2\pool\plugins\org.eclipse.justj.openjdk.hotspot.jre.full.win32.x86_64_17.0.5.v20221102-0933\jre\bin\java.dll
Event: 0.328 Loaded shared library C:\Users\21268\.p2\pool\plugins\org.eclipse.justj.openjdk.hotspot.jre.full.win32.x86_64_17.0.5.v20221102-0933\jre\bin\net.dll
Event: 0.334 Loaded shared library C:\Users\21268\.p2\pool\plugins\org.eclipse.justj.openjdk.hotspot.jre.full.win32.x86_64_17.0.5.v20221102-0933\jre\bin\nio.dll
Event: 0.353 Loaded shared library C:\Users\21268\.p2\pool\plugins\org.eclipse.justj.openjdk.hotspot.jre.full.win32.x86_64_17.0.5.v20221102-0933\jre\bin\zip.dll
Event: 5.896 Loaded shared library C:\Users\21268\.p2\pool\plugins\org.eclipse.justj.openjdk.hotspot.jre.full.win32.x86_64_17.0.5.v20221102-0933\jre\bin\jimage.dll
Event: 6.402 Loaded shared library C:\Users\21268\.p2\pool\plugins\org.eclipse.justj.openjdk.hotspot.jre.full.win32.x86_64_17.0.5.v20221102-0933\jre\bin\management.dll
Event: 6.414 Loaded shared library C:\Users\21268\.p2\pool\plugins\org.eclipse.justj.openjdk.hotspot.jre.full.win32.x86_64_17.0.5.v20221102-0933\jre\bin\management_ext.dll
Event: 7.875 Loaded shared library C:\Users\21268\.p2\pool\plugins\org.eclipse.justj.openjdk.hotspot.jre.full.win32.x86_64_17.0.5.v20221102-0933\jre\bin\sunmscapi.dll
Event: 102.690 Loaded shared library C:\Users\21268\.p2\pool\plugins\org.eclipse.justj.openjdk.hotspot.jre.full.win32.x86_64_17.0.5.v20221102-0933\jre\bin\verify.dll

Deoptimization events (20 events):
Event: 104.083 Thread 0x000002524118ad50 Uncommon trap: trap_request=0xffffff45 fr.pc=0x000002522e27aa88 relative=0x0000000000000168
Event: 104.083 Thread 0x000002524118ad50 Uncommon trap: reason=unstable_if action=reinterpret pc=0x000002522e27aa88 method=com.fasterxml.jackson.core.json.JsonWriteContext.writeValue()I @ 39 c2
Event: 104.083 Thread 0x000002524118ad50 DEOPT PACKING pc=0x000002522e27aa88 sp=0x000000d9146fcd30
Event: 104.083 Thread 0x000002524118ad50 DEOPT UNPACKING pc=0x00000252265a23a3 sp=0x000000d9146fcc58 mode 2
Event: 104.083 Thread 0x000002524118ad50 Uncommon trap: trap_request=0xffffff45 fr.pc=0x000002522e27af38 relative=0x00000000000000b8
Event: 104.083 Thread 0x000002524118ad50 Uncommon trap: reason=unstable_if action=reinterpret pc=0x000002522e27af38 method=com.fasterxml.jackson.core.json.JsonWriteContext.writeValue()I @ 58 c2
Event: 104.083 Thread 0x000002524118ad50 DEOPT PACKING pc=0x000002522e27af38 sp=0x000000d9146fcb50
Event: 104.083 Thread 0x000002524118ad50 DEOPT UNPACKING pc=0x00000252265a23a3 sp=0x000000d9146fcae8 mode 2
Event: 132.885 Thread 0x0000025241189a10 Uncommon trap: trap_request=0xffffffde fr.pc=0x000002522e248fc4 relative=0x0000000000000044
Event: 132.885 Thread 0x0000025241189a10 Uncommon trap: reason=class_check action=maybe_recompile pc=0x000002522e248fc4 method=org.springframework.data.mongodb.util.BsonUtils.asMap(Lorg/bson/conversions/Bson;Lorg/bson/codecs/configuration/CodecRegistry;)Ljava/util/Map; @ 9 c2
Event: 132.885 Thread 0x0000025241189a10 DEOPT PACKING pc=0x000002522e248fc4 sp=0x000000d9149fb5c0
Event: 132.886 Thread 0x0000025241189a10 DEOPT UNPACKING pc=0x00000252265a23a3 sp=0x000000d9149fb548 mode 2
Event: 132.886 Thread 0x0000025241189a10 Uncommon trap: trap_request=0xffffffde fr.pc=0x000002522e248fc4 relative=0x0000000000000044
Event: 132.886 Thread 0x0000025241189a10 Uncommon trap: reason=class_check action=maybe_recompile pc=0x000002522e248fc4 method=org.springframework.data.mongodb.util.BsonUtils.asMap(Lorg/bson/conversions/Bson;Lorg/bson/codecs/configuration/CodecRegistry;)Ljava/util/Map; @ 9 c2
Event: 132.886 Thread 0x0000025241189a10 DEOPT PACKING pc=0x000002522e248fc4 sp=0x000000d9149fb630
Event: 132.886 Thread 0x0000025241189a10 DEOPT UNPACKING pc=0x00000252265a23a3 sp=0x000000d9149fb5b8 mode 2
Event: 494.450 Thread 0x00000252411886d0 Uncommon trap: trap_request=0xffffffde fr.pc=0x000002522e271838 relative=0x0000000000000d38
Event: 494.450 Thread 0x00000252411886d0 Uncommon trap: reason=class_check action=maybe_recompile pc=0x000002522e271838 method=org.springframework.util.ConcurrentReferenceHashMap$ReferenceManager.pollForPurge()Lorg/springframework/util/ConcurrentReferenceHashMap$Reference; @ 7 c2
Event: 494.450 Thread 0x00000252411886d0 DEOPT PACKING pc=0x000002522e271838 sp=0x000000d914bfb3c0
Event: 494.450 Thread 0x00000252411886d0 DEOPT UNPACKING pc=0x00000252265a23a3 sp=0x000000d914bfb298 mode 2

Classes unloaded (0 events):
No events

Classes redefined (0 events):
No events

Internal exceptions (20 events):
Event: 10.960 Thread 0x000002523d9468f0 Exception <a 'java/lang/NoSuchMethodError'{0x0000000083997cf8}: 'java.lang.Object java.lang.invoke.DirectMethodHandle$Holder.newInvokeSpecial(java.lang.Object, long)'> (0x0000000083997cf8) 
thrown [s\src\hotspot\share\interpreter\linkResolver.cpp, line 759]
Event: 11.093 Thread 0x000002523d9468f0 Exception <a 'java/lang/IncompatibleClassChangeError'{0x0000000083401db0}: Found class java.lang.Object, but interface was expected> (0x0000000083401db0) 
thrown [s\src\hotspot\share\interpreter\linkResolver.cpp, line 826]
Event: 11.101 Thread 0x000002523d9468f0 Exception <a 'java/lang/NoSuchMethodError'{0x0000000083451cb0}: 'java.lang.Object java.lang.invoke.DirectMethodHandle$Holder.newInvokeSpecial(java.lang.Object, java.lang.Object, java.lang.Object, java.lang.Object, java.lang.Object, java.lang.Object)'> (0x0000000083451cb0) 
thrown [s\src\hotspot\share\interpreter\linkResolver.cpp, line 759]
Event: 11.207 Thread 0x000002523d9468f0 Exception <a 'java/lang/NoSuchMethodError'{0x0000000084e0f5d0}: 'int java.lang.invoke.DirectMethodHandle$Holder.invokeStatic(java.lang.Object, java.lang.Object, int)'> (0x0000000084e0f5d0) 
thrown [s\src\hotspot\share\interpreter\linkResolver.cpp, line 759]
Event: 11.212 Thread 0x000002523d9468f0 Exception <a 'java/lang/NoSuchMethodError'{0x0000000084e28eb8}: 'java.lang.Object java.lang.invoke.DirectMethodHandle$Holder.invokeStatic(java.lang.Object, java.lang.Object, int, java.lang.Object)'> (0x0000000084e28eb8) 
thrown [s\src\hotspot\share\interpreter\linkResolver.cpp, line 759]
Event: 11.213 Thread 0x000002523d9468f0 Exception <a 'java/lang/NoSuchMethodError'{0x0000000084e303d0}: 'java.lang.Object java.lang.invoke.DirectMethodHandle$Holder.newInvokeSpecial(java.lang.Object, java.lang.Object, int)'> (0x0000000084e303d0) 
thrown [s\src\hotspot\share\interpreter\linkResolver.cpp, line 759]
Event: 11.445 Thread 0x000002523d9468f0 Exception <a 'sun/nio/fs/WindowsException'{0x00000000847c3848}> (0x00000000847c3848) 
thrown [s\src\hotspot\share\prims\jni.cpp, line 516]
Event: 11.488 Thread 0x000002523d9468f0 Exception <a 'java/lang/IncompatibleClassChangeError'{0x0000000084593f70}: Found class java.lang.Object, but interface was expected> (0x0000000084593f70) 
thrown [s\src\hotspot\share\interpreter\linkResolver.cpp, line 826]
Event: 11.528 Thread 0x000002523d9468f0 Exception <a 'java/lang/NoSuchMethodError'{0x0000000084302460}: 'void java.lang.invoke.DirectMethodHandle$Holder.invokeVirtual(java.lang.Object, java.lang.Object, long)'> (0x0000000084302460) 
thrown [s\src\hotspot\share\interpreter\linkResolver.cpp, line 759]
Event: 11.610 Thread 0x000002523d9468f0 Exception <a 'java/lang/NoSuchMethodError'{0x00000000841e4408}: 'int java.lang.invoke.DirectMethodHandle$Holder.invokeStaticInit(java.lang.Object, java.lang.Object, java.lang.Object, java.lang.Object)'> (0x00000000841e4408) 
thrown [s\src\hotspot\share\interpreter\linkResolver.cpp, line 759]
Event: 11.703 Thread 0x000002523d9468f0 Exception <a 'java/lang/NoSuchMethodError'{0x0000000083e9e948}: 'java.lang.Object java.lang.invoke.DirectMethodHandle$Holder.newInvokeSpecial(java.lang.Object, java.lang.Object, int, java.lang.Object, java.lang.Object)'> (0x0000000083e9e948) 
thrown [s\src\hotspot\share\interpreter\linkResolver.cpp, line 759]
Event: 11.704 Thread 0x000002523d9468f0 Exception <a 'java/lang/NoSuchMethodError'{0x0000000083ea9fc0}: 'java.lang.Object java.lang.invoke.DirectMethodHandle$Holder.invokeSpecial(java.lang.Object, java.lang.Object, int, java.lang.Object, int, java.lang.Object)'> (0x0000000083ea9fc0) 
thrown [s\src\hotspot\share\interpreter\linkResolver.cpp, line 759]
Event: 11.705 Thread 0x000002523d9468f0 Exception <a 'java/lang/NoSuchMethodError'{0x0000000083eb2070}: 'java.lang.Object java.lang.invoke.DirectMethodHandle$Holder.newInvokeSpecial(java.lang.Object, java.lang.Object, int, java.lang.Object, int)'> (0x0000000083eb2070) 
thrown [s\src\hotspot\share\interpreter\linkResolver.cpp, line 759]
Event: 11.705 Thread 0x000002523d9468f0 Exception <a 'java/lang/NoSuchMethodError'{0x0000000083eb6170}: 'java.lang.Object java.lang.invoke.DirectMethodHandle$Holder.invokeSpecial(java.lang.Object, java.lang.Object, java.lang.Object, int, java.lang.Object, int)'> (0x0000000083eb6170) 
thrown [s\src\hotspot\share\interpreter\linkResolver.cpp, line 759]
Event: 101.709 Thread 0x00000252411839d0 Exception <a 'java/lang/NoSuchMethodError'{0x00000000863d4c20}: 'java.lang.Object java.lang.invoke.DirectMethodHandle$Holder.invokeSpecial(java.lang.Object, java.lang.Object, java.lang.Object, java.lang.Object, java.lang.Object, long)'> (0x00000000863d4c20) 
thrown [s\src\hotspot\share\interpreter\linkResolver.cpp, line 759]
Event: 101.710 Thread 0x00000252411839d0 Exception <a 'java/lang/NoSuchMethodError'{0x00000000863d8660}: 'java.lang.Object java.lang.invoke.Invokers$Holder.linkToTargetMethod(java.lang.Object, java.lang.Object, java.lang.Object, long, java.lang.Object)'> (0x00000000863d8660) 
thrown [s\src\hotspot\share\interpreter\linkResolver.cpp, line 759]
Event: 102.443 Thread 0x00000252411839d0 Exception <a 'java/lang/reflect/InvocationTargetException'{0x00000000849f9170}> (0x00000000849f9170) 
thrown [s\src\hotspot\share\runtime\reflection.cpp, line 1121]
Event: 102.565 Thread 0x00000252411839d0 Exception <a 'java/lang/NoSuchMethodError'{0x0000000084707398}: 'java.lang.Object java.lang.invoke.DirectMethodHandle$Holder.invokeVirtual(java.lang.Object, java.lang.Object, java.lang.Object, java.lang.Object, java.lang.Object)'> (0x0000000084707398) 
thrown [s\src\hotspot\share\interpreter\linkResolver.cpp, line 759]
Event: 102.700 Thread 0x00000252411839d0 Exception <a 'java/lang/NoSuchMethodError'{0x0000000084601db0}: 'void java.lang.invoke.Invokers$Holder.invoke_MT(java.lang.Object, java.lang.Object, java.lang.Object, java.lang.Object)'> (0x0000000084601db0) 
thrown [s\src\hotspot\share\interpreter\linkResolver.cpp, line 759]
Event: 103.767 Thread 0x00000252411839d0 Implicit null exception at 0x000002522e255360 to 0x000002522e255890

VM Operations (20 events):
Event: 307.379 Executing VM operation: Cleanup
Event: 307.379 Executing VM operation: Cleanup done
Event: 310.416 Executing VM operation: Cleanup
Event: 310.416 Executing VM operation: Cleanup done
Event: 316.473 Executing VM operation: Cleanup
Event: 316.473 Executing VM operation: Cleanup done
Event: 322.519 Executing VM operation: Cleanup
Event: 322.519 Executing VM operation: Cleanup done
Event: 370.917 Executing VM operation: Cleanup
Event: 370.917 Executing VM operation: Cleanup done
Event: 391.076 Executing VM operation: Cleanup
Event: 391.076 Executing VM operation: Cleanup done
Event: 411.245 Executing VM operation: Cleanup
Event: 411.245 Executing VM operation: Cleanup done
Event: 481.862 Executing VM operation: Cleanup
Event: 481.862 Executing VM operation: Cleanup done
Event: 490.901 Executing VM operation: Cleanup
Event: 490.901 Executing VM operation: Cleanup done
Event: 494.455 Executing VM operation: G1CollectForAllocation
Event: 494.457 Executing VM operation: G1CollectForAllocation done

Events (20 events):
Event: 103.571 loading class java/util/OptionalLong done
Event: 103.572 loading class java/util/OptionalDouble
Event: 103.572 loading class java/util/OptionalDouble done
Event: 103.654 loading class java/util/stream/LongStream
Event: 103.654 loading class java/util/stream/LongStream done
Event: 103.654 loading class java/util/stream/DoubleStream
Event: 103.655 loading class java/util/stream/DoubleStream done
Event: 103.715 loading class org/w3c/dom/Node
Event: 103.715 loading class org/w3c/dom/Node done
Event: 103.715 loading class org/w3c/dom/Document
Event: 103.716 loading class org/w3c/dom/Document done
Event: 103.845 loading class jdk/internal/access/foreign/MemorySegmentProxy
Event: 103.845 loading class jdk/internal/access/foreign/MemorySegmentProxy done
Event: 109.274 Thread 0x000002523d9876c0 Thread exited: 0x000002523d9876c0
Event: 110.788 Thread 0x0000025220caeaf0 Thread exited: 0x0000025220caeaf0
Event: 132.928 Thread 0x0000025220caeaf0 Thread added: 0x0000025220caeaf0
Event: 132.933 Thread 0x000002523d9876c0 Thread added: 0x000002523d9876c0
Event: 134.068 Thread 0x0000025220caeaf0 Thread exited: 0x0000025220caeaf0
Event: 134.068 Thread 0x000002523d9876c0 Thread exited: 0x000002523d9876c0
Event: 494.470 Thread 0x0000025220caeaf0 Thread added: 0x0000025220caeaf0


Dynamic libraries:
0x00007ff664ae0000 - 0x00007ff664aee000 	C:\Users\21268\.p2\pool\plugins\org.eclipse.justj.openjdk.hotspot.jre.full.win32.x86_64_17.0.5.v20221102-0933\jre\bin\javaw.exe
0x00007ff8f0230000 - 0x00007ff8f0446000 	C:\WINDOWS\SYSTEM32\ntdll.dll
0x00007ff8a3910000 - 0x00007ff8a3929000 	C:\Program Files\AVG\Antivirus\aswhook.dll
0x00007ff8ee990000 - 0x00007ff8eea54000 	C:\WINDOWS\System32\KERNEL32.DLL
0x00007ff8ed610000 - 0x00007ff8ed9b6000 	C:\WINDOWS\System32\KERNELBASE.dll
0x00007ff8edd40000 - 0x00007ff8ede51000 	C:\WINDOWS\System32\ucrtbase.dll
0x00007ff897b20000 - 0x00007ff897b37000 	C:\Users\21268\.p2\pool\plugins\org.eclipse.justj.openjdk.hotspot.jre.full.win32.x86_64_17.0.5.v20221102-0933\jre\bin\jli.dll
0x00007ff897b00000 - 0x00007ff897b19000 	C:\Users\21268\.p2\pool\plugins\org.eclipse.justj.openjdk.hotspot.jre.full.win32.x86_64_17.0.5.v20221102-0933\jre\bin\VCRUNTIME140.dll
0x00007ff8eee80000 - 0x00007ff8ef02d000 	C:\WINDOWS\System32\USER32.dll
0x00007ff8c1220000 - 0x00007ff8c14b3000 	C:\WINDOWS\WinSxS\amd64_microsoft.windows.common-controls_6595b64144ccf1df_6.0.22621.3235_none_270f74e173860f98\COMCTL32.dll
0x00007ff8edbf0000 - 0x00007ff8edc16000 	C:\WINDOWS\System32\win32u.dll
0x00007ff8ef030000 - 0x00007ff8ef0d7000 	C:\WINDOWS\System32\msvcrt.dll
0x00007ff8efa90000 - 0x00007ff8efab9000 	C:\WINDOWS\System32\GDI32.dll
0x00007ff8edc20000 - 0x00007ff8edd38000 	C:\WINDOWS\System32\gdi32full.dll
0x00007ff8ed570000 - 0x00007ff8ed60a000 	C:\WINDOWS\System32\msvcp_win.dll
0x00007ff8ee480000 - 0x00007ff8ee4b1000 	C:\WINDOWS\System32\IMM32.DLL
0x00007ff8d35a0000 - 0x00007ff8d35ac000 	C:\Users\21268\.p2\pool\plugins\org.eclipse.justj.openjdk.hotspot.jre.full.win32.x86_64_17.0.5.v20221102-0933\jre\bin\vcruntime140_1.dll
0x00007ff897a60000 - 0x00007ff897af1000 	C:\Users\21268\.p2\pool\plugins\org.eclipse.justj.openjdk.hotspot.jre.full.win32.x86_64_17.0.5.v20221102-0933\jre\bin\msvcp140.dll
0x00007ff864870000 - 0x00007ff8654b4000 	C:\Users\21268\.p2\pool\plugins\org.eclipse.justj.openjdk.hotspot.jre.full.win32.x86_64_17.0.5.v20221102-0933\jre\bin\server\jvm.dll
0x00007ff8edf80000 - 0x00007ff8ee032000 	C:\WINDOWS\System32\ADVAPI32.dll
0x00007ff8ee040000 - 0x00007ff8ee0e8000 	C:\WINDOWS\System32\sechost.dll
0x00007ff8edf50000 - 0x00007ff8edf78000 	C:\WINDOWS\System32\bcrypt.dll
0x00007ff8eed60000 - 0x00007ff8eee75000 	C:\WINDOWS\System32\RPCRT4.dll
0x00007ff8e4060000 - 0x00007ff8e4094000 	C:\WINDOWS\SYSTEM32\WINMM.dll
0x00007ff8d9e30000 - 0x00007ff8d9e39000 	C:\WINDOWS\SYSTEM32\WSOCK32.dll
0x00007ff8e25b0000 - 0x00007ff8e25ba000 	C:\WINDOWS\SYSTEM32\VERSION.dll
0x00007ff8ee6f0000 - 0x00007ff8ee761000 	C:\WINDOWS\System32\WS2_32.dll
0x00007ff8ec5b0000 - 0x00007ff8ec5c8000 	C:\WINDOWS\SYSTEM32\kernel.appcore.dll
0x00007ff8e5d70000 - 0x00007ff8e5d7a000 	C:\Users\21268\.p2\pool\plugins\org.eclipse.justj.openjdk.hotspot.jre.full.win32.x86_64_17.0.5.v20221102-0933\jre\bin\jimage.dll
0x00007ff8e89a0000 - 0x00007ff8e8bd3000 	C:\WINDOWS\SYSTEM32\DBGHELP.DLL
0x00007ff8ee0f0000 - 0x00007ff8ee478000 	C:\WINDOWS\System32\combase.dll
0x00007ff8f0110000 - 0x00007ff8f01e7000 	C:\WINDOWS\System32\OLEAUT32.dll
0x00007ff8e2340000 - 0x00007ff8e2372000 	C:\WINDOWS\SYSTEM32\dbgcore.DLL
0x00007ff8ede60000 - 0x00007ff8ededa000 	C:\WINDOWS\System32\bcryptPrimitives.dll
0x00007ff8afe70000 - 0x00007ff8afe95000 	C:\Users\21268\.p2\pool\plugins\org.eclipse.justj.openjdk.hotspot.jre.full.win32.x86_64_17.0.5.v20221102-0933\jre\bin\java.dll
0x00007ff88a880000 - 0x00007ff88a898000 	C:\Users\21268\.p2\pool\plugins\org.eclipse.justj.openjdk.hotspot.jre.full.win32.x86_64_17.0.5.v20221102-0933\jre\bin\zip.dll
0x00007ff8ef0e0000 - 0x00007ff8ef93d000 	C:\WINDOWS\System32\SHELL32.dll
0x00007ff8eb4a0000 - 0x00007ff8ebd98000 	C:\WINDOWS\SYSTEM32\windows.storage.dll
0x00007ff8eb360000 - 0x00007ff8eb49e000 	C:\WINDOWS\SYSTEM32\wintypes.dll
0x00007ff8ee830000 - 0x00007ff8ee923000 	C:\WINDOWS\System32\SHCORE.dll
0x00007ff8ee690000 - 0x00007ff8ee6ee000 	C:\WINDOWS\System32\shlwapi.dll
0x00007ff8ed4a0000 - 0x00007ff8ed4c6000 	C:\WINDOWS\SYSTEM32\profapi.dll
0x00007ff8e4de0000 - 0x00007ff8e4df9000 	C:\Users\21268\.p2\pool\plugins\org.eclipse.justj.openjdk.hotspot.jre.full.win32.x86_64_17.0.5.v20221102-0933\jre\bin\net.dll
0x00007ff8e4580000 - 0x00007ff8e46b7000 	C:\WINDOWS\SYSTEM32\WINHTTP.dll
0x00007ff8eca30000 - 0x00007ff8eca99000 	C:\WINDOWS\system32\mswsock.dll
0x00007ff8e4dc0000 - 0x00007ff8e4dd5000 	C:\Users\21268\.p2\pool\plugins\org.eclipse.justj.openjdk.hotspot.jre.full.win32.x86_64_17.0.5.v20221102-0933\jre\bin\nio.dll
0x00007ff8ac8d0000 - 0x00007ff8ac8d9000 	C:\Users\21268\.p2\pool\plugins\org.eclipse.justj.openjdk.hotspot.jre.full.win32.x86_64_17.0.5.v20221102-0933\jre\bin\management.dll
0x00007ff8ac8c0000 - 0x00007ff8ac8cb000 	C:\Users\21268\.p2\pool\plugins\org.eclipse.justj.openjdk.hotspot.jre.full.win32.x86_64_17.0.5.v20221102-0933\jre\bin\management_ext.dll
0x00007ff8efaf0000 - 0x00007ff8efaf8000 	C:\WINDOWS\System32\PSAPI.DLL
0x00007ff8be4c0000 - 0x00007ff8be4ce000 	C:\Users\21268\.p2\pool\plugins\org.eclipse.justj.openjdk.hotspot.jre.full.win32.x86_64_17.0.5.v20221102-0933\jre\bin\sunmscapi.dll
0x00007ff8eda80000 - 0x00007ff8edbe6000 	C:\WINDOWS\System32\CRYPT32.dll
0x00007ff8ece20000 - 0x00007ff8ece4e000 	C:\WINDOWS\SYSTEM32\ncrypt.dll
0x00007ff8ecde0000 - 0x00007ff8ece17000 	C:\WINDOWS\SYSTEM32\NTASN1.dll
0x00007ff8ecc80000 - 0x00007ff8ecc9b000 	C:\WINDOWS\SYSTEM32\CRYPTSP.dll
0x00007ff8ec510000 - 0x00007ff8ec545000 	C:\WINDOWS\system32\rsaenh.dll
0x00007ff8ecb20000 - 0x00007ff8ecb4c000 	C:\WINDOWS\SYSTEM32\USERENV.dll
0x00007ff8ecca0000 - 0x00007ff8eccac000 	C:\WINDOWS\SYSTEM32\CRYPTBASE.dll
0x00007ff8ec000000 - 0x00007ff8ec02d000 	C:\WINDOWS\SYSTEM32\IPHLPAPI.DLL
0x00007ff8ee820000 - 0x00007ff8ee829000 	C:\WINDOWS\System32\NSI.dll
0x00007ff8e4500000 - 0x00007ff8e4519000 	C:\WINDOWS\SYSTEM32\dhcpcsvc6.DLL
0x00007ff8e44e0000 - 0x00007ff8e44ff000 	C:\WINDOWS\SYSTEM32\dhcpcsvc.DLL
0x00007ff8ec070000 - 0x00007ff8ec169000 	C:\WINDOWS\SYSTEM32\DNSAPI.dll
0x00007ff8dc700000 - 0x00007ff8dc70a000 	C:\Windows\System32\rasadhlp.dll
0x00007ff8e36a0000 - 0x00007ff8e3723000 	C:\WINDOWS\System32\fwpuclnt.dll
0x00007ff8b01f0000 - 0x00007ff8b01f8000 	C:\WINDOWS\system32\wshunix.dll
0x00007ff8e48e0000 - 0x00007ff8e48f0000 	C:\Users\21268\.p2\pool\plugins\org.eclipse.justj.openjdk.hotspot.jre.full.win32.x86_64_17.0.5.v20221102-0933\jre\bin\verify.dll

dbghelp: loaded successfully - version: 4.0.5 - missing functions: none
symbol engine: initialized successfully - sym options: 0x614 - pdb path: .;C:\Users\21268\.p2\pool\plugins\org.eclipse.justj.openjdk.hotspot.jre.full.win32.x86_64_17.0.5.v20221102-0933\jre\bin;C:\WINDOWS\SYSTEM32;C:\Program Files\AVG\Antivirus;C:\WINDOWS\WinSxS\amd64_microsoft.windows.common-controls_6595b64144ccf1df_6.0.22621.3235_none_270f74e173860f98;C:\Users\21268\.p2\pool\plugins\org.eclipse.justj.openjdk.hotspot.jre.full.win32.x86_64_17.0.5.v20221102-0933\jre\bin\server

VM Arguments:
jvm_args: -Dfile.encoding=UTF-8 -XX:+ShowCodeDetailsInExceptionMessages 
java_command: com.produitsconsemetics.ProduitsCosmetics.ProduitsCosmeticsApplication
java_class_path (initial): C:\Users\21268\eclipce_spring\ProduitsCosmetics\target\classes;C:\Users\21268\.m2\repository\org\springframework\boot\spring-boot-starter-data-mongodb\3.2.2\spring-boot-starter-data-mongodb-3.2.2.jar;C:\Users\21268\.m2\repository\org\springframework\boot\spring-boot-starter\3.2.2\spring-boot-starter-3.2.2.jar;C:\Users\21268\.m2\repository\org\springframework\boot\spring-boot-starter-logging\3.2.2\spring-boot-starter-logging-3.2.2.jar;C:\Users\21268\.m2\repository\ch\qos\logback\logback-classic\1.4.14\logback-classic-1.4.14.jar;C:\Users\21268\.m2\repository\ch\qos\logback\logback-core\1.4.14\logback-core-1.4.14.jar;C:\Users\21268\.m2\repository\org\apache\logging\log4j\log4j-to-slf4j\2.21.1\log4j-to-slf4j-2.21.1.jar;C:\Users\21268\.m2\repository\org\apache\logging\log4j\log4j-api\2.21.1\log4j-api-2.21.1.jar;C:\Users\21268\.m2\repository\org\slf4j\jul-to-slf4j\2.0.11\jul-to-slf4j-2.0.11.jar;C:\Users\21268\.m2\repository\jakarta\annotation\jakarta.annotation-api\2.1.1\jakarta.annotation-api-2.1.1.jar;C:\Users\21268\.m2\repository\org\yaml\snakeyaml\2.2\snakeyaml-2.2.jar;C:\Users\21268\.m2\repository\org\mongodb\mongodb-driver-sync\4.11.1\mongodb-driver-sync-4.11.1.jar;C:\Users\21268\.m2\repository\org\mongodb\bson\4.11.1\bson-4.11.1.jar;C:\Users\21268\.m2\repository\org\mongodb\mongodb-driver-core\4.11.1\mongodb-driver-core-4.11.1.jar;C:\Users\21268\.m2\repository\org\mongodb\bson-record-codec\4.11.1\bson-record-codec-4.11.1.jar;C:\Users\21268\.m2\repository\org\springframework\data\spring-data-mongodb\4.2.2\spring-data-mongodb-4.2.2.jar;C:\Users\21268\.m2\repository\org\springframework\spring-tx\6.1.3\spring-tx-6.1.3.jar;C:\Users\21268\.m2\repository\org\springframework\spring-context\6.1.3\spring-context-6.1.3.jar;C:\Users\21268\.m2\repository\org\springframework\spring-beans\6.1.3\spring-beans-6.1.3.jar;C:\Users\21268\.m2\repository\org\springframework\spring-expression\6.1.3\spring-expression-6.1.3.jar;C:\Users\21268\.m2\repository\org\
Launcher Type: SUN_STANDARD

[Global flags]
     intx CICompilerCount                          = 4                                         {product} {ergonomic}
     uint ConcGCThreads                            = 2                                         {product} {ergonomic}
     uint G1ConcRefinementThreads                  = 8                                         {product} {ergonomic}
   size_t G1HeapRegionSize                         = 1048576                                   {product} {ergonomic}
    uintx GCDrainStackTargetSize                   = 64                                        {product} {ergonomic}
   size_t InitialHeapSize                          = 134217728                                 {product} {ergonomic}
   size_t MarkStackSize                            = 4194304                                   {product} {ergonomic}
   size_t MaxHeapSize                              = 2118123520                                {product} {ergonomic}
   size_t MaxNewSize                               = 1270874112                                {product} {ergonomic}
   size_t MinHeapDeltaBytes                        = 1048576                                   {product} {ergonomic}
   size_t MinHeapSize                              = 8388608                                   {product} {ergonomic}
    uintx NonNMethodCodeHeapSize                   = 5839372                                {pd product} {ergonomic}
    uintx NonProfiledCodeHeapSize                  = 122909434                              {pd product} {ergonomic}
    uintx ProfiledCodeHeapSize                     = 122909434                              {pd product} {ergonomic}
    uintx ReservedCodeCacheSize                    = 251658240                              {pd product} {ergonomic}
     bool SegmentedCodeCache                       = true                                      {product} {ergonomic}
     bool ShowCodeDetailsInExceptionMessages       = true                                   {manageable} {command line}
   size_t SoftMaxHeapSize                          = 2118123520                             {manageable} {ergonomic}
     bool UseCompressedClassPointers               = true                           {product lp64_product} {ergonomic}
     bool UseCompressedOops                        = true                           {product lp64_product} {ergonomic}
     bool UseG1GC                                  = true                                      {product} {ergonomic}
     bool UseLargePagesIndividualAllocation        = false                                  {pd product} {ergonomic}

Logging:
Log output configuration:
 #0: stdout all=warning uptime,level,tags
 #1: stderr all=off uptime,level,tags

Environment Variables:
JAVA_HOME=C:\Program Files\Java\jdk-17.0.8
PATH=C:/Users/21268/.p2/pool/plugins/org.eclipse.justj.openjdk.hotspot.jre.full.win32.x86_64_17.0.5.v20221102-0933/jre/bin/server;C:/Users/21268/.p2/pool/plugins/org.eclipse.justj.openjdk.hotspot.jre.full.win32.x86_64_17.0.5.v20221102-0933/jre/bin;C:\Program Files\Java\jdk-17.0.8\bin;D:\oracle\dbhomeXE\bin;C:\Users\21268\flutter\bin;C:\Program Files\Common Files\Oracle\Java\javapath;C:\Program Files\Git\cmd;C:\Program Files\Common Files\Siemens\Automation\Simatic OAM\bin;D:\Python39\Scripts\;D:\Python39\;C:\oraclexe\app\oracle\product\11.2.0\server\bin;C:\Program Files (x86)\Common Files\Oracle\Java\javapath;C:\Program Files (x86)\Intel\Intel(R) Management Engine Components\iCLS\;C:\Program Files\Intel\Intel(R) Management Engine Components\iCLS\;C:\WINDOWS\system32;C:\WINDOWS;C:\WINDOWS\System32\Wbem;C:\WINDOWS\System32\WindowsPowerShell\v1.0\;C:\WINDOWS\System32\OpenSSH\;C:\Program Files (x86)\Intel\Intel(R) Management Engine Components\DAL;C:\Program Files\Intel\Intel(R) Management Engine Components\DAL;C:\Program Files (x86)\Intel\Intel(R) Management Engine Components\IPT;C:\Program Files\Intel\Intel(R) Management Engine Components\IPT;C:\wamp64\bin\php\php7.1.9;C:\composer;C:\Program Files\MongoDB\Server\6.0\bin;C:\Users\21268\AppData\Roaming\nvm;C:\Program Files\nodejs;C:\Users\21268\AppData\Local\Programs\Python\Python312\Scripts\;C:\Users\21268\AppData\Local\Programs\Python\Python312\;C:\Users\21268\AppData\Local\Programs\Python\Launcher\;C:\Users\21268\Downloads\gradle-8.1.1\bin;C:\Users\21268\flutter\bin;C:\Users\21268\AppData\Local\Microsoft\WindowsApps;C:\Program Files\Sublime Text 3;C:\Users\21268\AppData\Roaming\Composer\vendor\bin;C:\wamp64\bin\php\php7.3.21;C:\Users\21268\AppData\Local\Programs\Microsoft VS Code\bin;C:\Windows\System32;D:\OracleXE213_Win64\intellig\IntelliJ IDEA 2022.3.1\bin;;C:\Users\21268\AppData\Roaming\npm;C:\Users\21268\AppData\Roaming\nvm;C:\Program Files\nodejs;C:\WINDOWS\System32;
USERNAME=21268
OS=Windows_NT
PROCESSOR_IDENTIFIER=Intel64 Family 6 Model 142 Stepping 10, GenuineIntel
TMP=C:\Users\21268\AppData\Local\Temp
TEMP=C:\Users\21268\AppData\Local\Temp



---------------  S Y S T E M  ---------------

OS:
 Windows 11 , 64 bit Build 22621 (10.0.22621.3235)
OS uptime: 0 days 21:08 hours

CPU: total 8 (initial active 8) (4 cores per cpu, 2 threads per core) family 6 model 142 stepping 10 microcode 0xe0, cx8, cmov, fxsr, ht, mmx, 3dnowpref, sse, sse2, sse3, ssse3, sse4.1, sse4.2, popcnt, lzcnt, tsc, tscinvbit, avx, avx2, aes, erms, clmul, bmi1, bmi2, adx, fma, vzeroupper, clflush, clflushopt

Memory: 4k page, system-wide physical 8074M (563M free)
TotalPageFile size 14546M (AvailPageFile size 5M)
current process WorkingSet (physical memory assigned to process): 159M, peak: 192M
current process commit charge ("private bytes"): 228M, peak: 238M

vm_info: OpenJDK 64-Bit Server VM (17.0.5+8) for windows-amd64 JRE (17.0.5+8), built on Oct 19 2022 04:48:13 by "temurin" with MS VC++ 16.7 (VS2019)

END.
