#
# There is insufficient memory for the Java Runtime Environment to continue.
# Native memory allocation (malloc) failed to allocate 47008 bytes for Chunk::new
# Possible reasons:
#   The system is out of physical RAM or swap space
#   The process is running with CompressedOops enabled, and the Java Heap may be blocking the growth of the native heap
# Possible solutions:
#   Reduce memory load on the system
#   Increase physical memory or swap space
#   Check if swap backing store is full
#   Decrease Java heap size (-Xmx/-Xms)
#   Decrease number of Java threads
#   Decrease Java thread stack sizes (-Xss)
#   Set larger code cache with -XX:ReservedCodeCacheSize=
#   JVM is running with Unscaled Compressed Oops mode in which the Java heap is
#     placed in the first 4GB address space. The Java Heap base address is the
#     maximum limit for the native heap growth. Please use -XX:HeapBaseMinAddress
#     to set the Java Heap base and to place the Java Heap above 4GB virtual address.
# This output file may be truncated or incomplete.
#
#  Out of Memory Error (arena.cpp:189), pid=21968, tid=14544
#
# JRE version: OpenJDK Runtime Environment Temurin-17.0.5+8 (17.0.5+8) (build 17.0.5+8)
# Java VM: OpenJDK 64-Bit Server VM Temurin-17.0.5+8 (17.0.5+8, mixed mode, tiered, compressed oops, compressed class ptrs, g1 gc, windows-amd64)
# No core dump will be written. Minidumps are not enabled by default on client versions of Windows
#

---------------  S U M M A R Y ------------

Command Line: -Dfile.encoding=UTF-8 -XX:+ShowCodeDetailsInExceptionMessages com.produitsconsemetics.ProduitsCosmetics.ProduitsCosmeticsApplication

Host: Intel(R) Core(TM) i5-8250U CPU @ 1.60GHz, 8 cores, 7G,  Windows 11 , 64 bit Build 22621 (10.0.22621.3235)
Time: Wed Mar 20 12:00:35 2024 Paris, Madrid elapsed time: 829.920089 seconds (0d 0h 13m 49s)

---------------  T H R E A D  ---------------

Current thread (0x0000021173865920):  JavaThread "C2 CompilerThread0" daemon [_thread_in_native, id=14544, stack(0x0000006b3d300000,0x0000006b3d400000)]


Current CompileTask:
C2: 829920 5806       4       java.util.HashSet::<init> (18 bytes)

Stack: [0x0000006b3d300000,0x0000006b3d400000]
Native frames: (J=compiled Java code, j=interpreted, Vv=VM code, C=native code)
V  [jvm.dll+0x676b3a]
V  [jvm.dll+0x831444]
V  [jvm.dll+0x832bee]
V  [jvm.dll+0x833253]
V  [jvm.dll+0x244ce5]
V  [jvm.dll+0xabbac]
V  [jvm.dll+0xac17c]
V  [jvm.dll+0x362d57]
V  [jvm.dll+0x32d591]
V  [jvm.dll+0x32ca3a]
V  [jvm.dll+0x217b51]
V  [jvm.dll+0x216f71]
V  [jvm.dll+0x1a343d]
V  [jvm.dll+0x22698a]
V  [jvm.dll+0x224ac5]
V  [jvm.dll+0x7e727b]
V  [jvm.dll+0x7e17ea]
V  [jvm.dll+0x6759e5]
C  [ucrtbase.dll+0x29363]
C  [KERNEL32.DLL+0x1257d]
C  [ntdll.dll+0x5aa58]


---------------  P R O C E S S  ---------------

Threads class SMR info:
_java_thread_list=0x0000021178e5bf90, length=33, elements={
0x0000021172e54a50, 0x00000211738011a0, 0x0000021173855280, 0x00000211738565b0,
0x000002117385bcf0, 0x000002117385c1c0, 0x0000021173865920, 0x0000021173866a70,
0x0000021173871b50, 0x000002117385b350, 0x000002117385a9b0, 0x000002117385b820,
0x0000021173859670, 0x000002117385a4e0, 0x000002117385a010, 0x0000021178795280,
0x000002117878fbe0, 0x0000021178793f40, 0x0000021178790f20, 0x0000021178793a70,
0x0000021178792260, 0x0000021178792730, 0x0000021178795750, 0x00000211787930d0,
0x0000021178794410, 0x0000021178792c00, 0x0000021178795c20, 0x00000211787965c0,
0x00000211787960f0, 0x00000211787935a0, 0x00000211787948e0, 0x0000021178796a90,
0x0000021178791d90
}

Java Threads: ( => current thread )
  0x0000021172e54a50 JavaThread "Reference Handler" daemon [_thread_blocked, id=10680, stack(0x0000006b3cd00000,0x0000006b3ce00000)]
  0x00000211738011a0 JavaThread "Finalizer" daemon [_thread_blocked, id=15960, stack(0x0000006b3ce00000,0x0000006b3cf00000)]
  0x0000021173855280 JavaThread "Signal Dispatcher" daemon [_thread_blocked, id=23592, stack(0x0000006b3cf00000,0x0000006b3d000000)]
  0x00000211738565b0 JavaThread "Attach Listener" daemon [_thread_blocked, id=5536, stack(0x0000006b3d000000,0x0000006b3d100000)]
  0x000002117385bcf0 JavaThread "Service Thread" daemon [_thread_blocked, id=16692, stack(0x0000006b3d100000,0x0000006b3d200000)]
  0x000002117385c1c0 JavaThread "Monitor Deflation Thread" daemon [_thread_blocked, id=16336, stack(0x0000006b3d200000,0x0000006b3d300000)]
=>0x0000021173865920 JavaThread "C2 CompilerThread0" daemon [_thread_in_native, id=14544, stack(0x0000006b3d300000,0x0000006b3d400000)]
  0x0000021173866a70 JavaThread "C1 CompilerThread0" daemon [_thread_blocked, id=26076, stack(0x0000006b3d400000,0x0000006b3d500000)]
  0x0000021173871b50 JavaThread "Sweeper thread" daemon [_thread_blocked, id=17388, stack(0x0000006b3d500000,0x0000006b3d600000)]
  0x000002117385b350 JavaThread "Notification Thread" daemon [_thread_blocked, id=4060, stack(0x0000006b3d600000,0x0000006b3d700000)]
  0x000002117385a9b0 JavaThread "Common-Cleaner" daemon [_thread_blocked, id=15356, stack(0x0000006b3d800000,0x0000006b3d900000)]
  0x000002117385b820 JavaThread "Catalina-utility-1" [_thread_blocked, id=16376, stack(0x0000006b3e200000,0x0000006b3e300000)]
  0x0000021173859670 JavaThread "Catalina-utility-2" [_thread_blocked, id=13300, stack(0x0000006b3e600000,0x0000006b3e700000)]
  0x000002117385a4e0 JavaThread "container-0" [_thread_blocked, id=15388, stack(0x0000006b3e700000,0x0000006b3e800000)]
  0x000002117385a010 JavaThread "BufferPoolPruner-1-thread-1" daemon [_thread_blocked, id=16880, stack(0x0000006b3e800000,0x0000006b3e900000)]
  0x0000021178795280 JavaThread "cluster-ClusterId{value='65fabe9a457f455b67005eb5', description='null'}-localhost:27017" daemon [_thread_in_native, id=3064, stack(0x0000006b3e900000,0x0000006b3ea00000)]
  0x000002117878fbe0 JavaThread "cluster-rtt-ClusterId{value='65fabe9a457f455b67005eb5', description='null'}-localhost:27017" daemon [_thread_blocked, id=17492, stack(0x0000006b3ea00000,0x0000006b3eb00000)]
  0x0000021178793f40 JavaThread "MaintenanceTimer-2-thread-1" daemon [_thread_blocked, id=10972, stack(0x0000006b3ec00000,0x0000006b3ed00000)]
  0x0000021178790f20 JavaThread "Live Reload Server" daemon [_thread_in_native, id=4612, stack(0x0000006b3ee00000,0x0000006b3ef00000)]
  0x0000021178793a70 JavaThread "File Watcher" daemon [_thread_blocked, id=15280, stack(0x0000006b3ed00000,0x0000006b3ee00000)]
  0x0000021178792260 JavaThread "http-nio-8080-exec-1" daemon [_thread_blocked, id=15668, stack(0x0000006b3ef00000,0x0000006b3f000000)]
  0x0000021178792730 JavaThread "http-nio-8080-exec-2" daemon [_thread_blocked, id=21124, stack(0x0000006b3f000000,0x0000006b3f100000)]
  0x0000021178795750 JavaThread "http-nio-8080-exec-3" daemon [_thread_blocked, id=4488, stack(0x0000006b3f100000,0x0000006b3f200000)]
  0x00000211787930d0 JavaThread "http-nio-8080-exec-4" daemon [_thread_blocked, id=21496, stack(0x0000006b3f200000,0x0000006b3f300000)]
  0x0000021178794410 JavaThread "http-nio-8080-exec-5" daemon [_thread_blocked, id=26300, stack(0x0000006b3f300000,0x0000006b3f400000)]
  0x0000021178792c00 JavaThread "http-nio-8080-exec-6" daemon [_thread_blocked, id=10584, stack(0x0000006b3f400000,0x0000006b3f500000)]
  0x0000021178795c20 JavaThread "http-nio-8080-exec-7" daemon [_thread_blocked, id=14004, stack(0x0000006b3f500000,0x0000006b3f600000)]
  0x00000211787965c0 JavaThread "http-nio-8080-exec-8" daemon [_thread_blocked, id=15568, stack(0x0000006b3f600000,0x0000006b3f700000)]
  0x00000211787960f0 JavaThread "http-nio-8080-exec-9" daemon [_thread_blocked, id=15872, stack(0x0000006b3f700000,0x0000006b3f800000)]
  0x00000211787935a0 JavaThread "http-nio-8080-exec-10" daemon [_thread_blocked, id=23860, stack(0x0000006b3f800000,0x0000006b3f900000)]
  0x00000211787948e0 JavaThread "http-nio-8080-Poller" daemon [_thread_in_native, id=15920, stack(0x0000006b3f900000,0x0000006b3fa00000)]
  0x0000021178796a90 JavaThread "http-nio-8080-Acceptor" daemon [_thread_in_native, id=16668, stack(0x0000006b3fa00000,0x0000006b3fb00000)]
  0x0000021178791d90 JavaThread "DestroyJavaVM" [_thread_blocked, id=17172, stack(0x0000006b3c600000,0x0000006b3c700000)]

Other Threads:
  0x0000021172e50a30 VMThread "VM Thread" [stack: 0x0000006b3cc00000,0x0000006b3cd00000] [id=18388]
  0x0000021173907d40 WatcherThread [stack: 0x0000006b3d700000,0x0000006b3d800000] [id=7480]
  0x0000021156fab790 GCTaskThread "GC Thread#0" [stack: 0x0000006b3c700000,0x0000006b3c800000] [id=24256]
  0x00000211751e29f0 GCTaskThread "GC Thread#1" [stack: 0x0000006b3dc00000,0x0000006b3dd00000] [id=15384]
  0x00000211743ca110 GCTaskThread "GC Thread#2" [stack: 0x0000006b3dd00000,0x0000006b3de00000] [id=26288]
  0x00000211743ca3c0 GCTaskThread "GC Thread#3" [stack: 0x0000006b3de00000,0x0000006b3df00000] [id=24380]
  0x00000211743ca670 GCTaskThread "GC Thread#4" [stack: 0x0000006b3df00000,0x0000006b3e000000] [id=23520]
  0x00000211743ca920 GCTaskThread "GC Thread#5" [stack: 0x0000006b3e000000,0x0000006b3e100000] [id=11760]
  0x0000021175c59750 GCTaskThread "GC Thread#6" [stack: 0x0000006b3e300000,0x0000006b3e400000] [id=9740]
  0x00000211759aafa0 GCTaskThread "GC Thread#7" [stack: 0x0000006b3e400000,0x0000006b3e500000] [id=2760]
  0x0000021156fbcad0 ConcurrentGCThread "G1 Main Marker" [stack: 0x0000006b3c800000,0x0000006b3c900000] [id=5884]
  0x0000021156fbd3f0 ConcurrentGCThread "G1 Conc#0" [stack: 0x0000006b3c900000,0x0000006b3ca00000] [id=16392]
  0x0000021175735dd0 ConcurrentGCThread "G1 Conc#1" [stack: 0x0000006b3e500000,0x0000006b3e600000] [id=13400]
  0x0000021156ffd7d0 ConcurrentGCThread "G1 Refine#0" [stack: 0x0000006b3ca00000,0x0000006b3cb00000] [id=18348]
  0x0000021156ffe100 ConcurrentGCThread "G1 Service" [stack: 0x0000006b3cb00000,0x0000006b3cc00000] [id=21508]

Threads with active compile tasks:
C2 CompilerThread0   829962 5806       4       java.util.HashSet::<init> (18 bytes)

VM state: not at safepoint (normal execution)

VM Mutex/Monitor currently owned by a thread: None

Heap address: 0x0000000081c00000, size: 2020 MB, Compressed Oops mode: 32-bit

CDS archive(s) not mapped
Compressed class space mapped at: 0x0000000100000000-0x0000000140000000, reserved size: 1073741824
Narrow klass base: 0x0000000000000000, Narrow klass shift: 3, Narrow klass range: 0x140000000

GC Precious Log:
 CPUs: 8 total, 8 available
 Memory: 8074M
 Large Page Support: Disabled
 NUMA Support: Disabled
 Compressed Oops: Enabled (32-bit)
 Heap Region Size: 1M
 Heap Min Capacity: 8M
 Heap Initial Capacity: 128M
 Heap Max Capacity: 2020M
 Pre-touch: Disabled
 Parallel Workers: 8
 Concurrent Workers: 2
 Concurrent Refinement Workers: 8
 Periodic GC: Disabled

Heap:
 garbage-first heap   total 55296K, used 31468K [0x0000000081c00000, 0x0000000100000000)
  region size 1024K, 10 young (10240K), 1 survivors (1024K)
 Metaspace       used 50458K, committed 50944K, reserved 1097728K
  class space    used 6180K, committed 6400K, reserved 1048576K

Heap Regions: E=young(eden), S=young(survivor), O=old, HS=humongous(starts), HC=humongous(continues), CS=collection set, F=free, OA=open archive, CA=closed archive, TAMS=top-at-mark-start (previous, next)
|   0|0x0000000081c00000, 0x0000000081d00000, 0x0000000081d00000|100%| O|  |TAMS 0x0000000081d00000, 0x0000000081c00000| Untracked 
|   1|0x0000000081d00000, 0x0000000081e00000, 0x0000000081e00000|100%| O|  |TAMS 0x0000000081e00000, 0x0000000081d00000| Untracked 
|   2|0x0000000081e00000, 0x0000000081f00000, 0x0000000081f00000|100%| O|  |TAMS 0x0000000081f00000, 0x0000000081e00000| Untracked 
|   3|0x0000000081f00000, 0x0000000082000000, 0x0000000082000000|100%| O|  |TAMS 0x0000000082000000, 0x0000000081f00000| Untracked 
|   4|0x0000000082000000, 0x00000000820e6c00, 0x0000000082100000| 90%| O|  |TAMS 0x00000000820e6c00, 0x0000000082000000| Untracked 
|   5|0x0000000082100000, 0x0000000082200000, 0x0000000082200000|100%| O|  |TAMS 0x0000000082200000, 0x0000000082100000| Untracked 
|   6|0x0000000082200000, 0x0000000082300000, 0x0000000082300000|100%| O|  |TAMS 0x0000000082300000, 0x0000000082200000| Untracked 
|   7|0x0000000082300000, 0x0000000082400000, 0x0000000082400000|100%| O|  |TAMS 0x0000000082400000, 0x0000000082300000| Untracked 
|   8|0x0000000082400000, 0x0000000082500000, 0x0000000082500000|100%| O|  |TAMS 0x0000000082500000, 0x0000000082400000| Untracked 
|   9|0x0000000082500000, 0x0000000082600000, 0x0000000082600000|100%| O|  |TAMS 0x0000000082600000, 0x0000000082500000| Untracked 
|  10|0x0000000082600000, 0x00000000826f7600, 0x0000000082700000| 96%| O|  |TAMS 0x00000000826f7600, 0x0000000082600000| Untracked 
|  11|0x0000000082700000, 0x0000000082800000, 0x0000000082800000|100%| O|  |TAMS 0x0000000082800000, 0x0000000082700000| Untracked 
|  12|0x0000000082800000, 0x0000000082900000, 0x0000000082900000|100%| O|  |TAMS 0x0000000082900000, 0x0000000082800000| Untracked 
|  13|0x0000000082900000, 0x0000000082a00000, 0x0000000082a00000|100%| O|  |TAMS 0x0000000082900000, 0x0000000082900000| Untracked 
|  14|0x0000000082a00000, 0x0000000082b00000, 0x0000000082b00000|100%| O|  |TAMS 0x0000000082a00000, 0x0000000082a00000| Untracked 
|  15|0x0000000082b00000, 0x0000000082c00000, 0x0000000082c00000|100%| O|  |TAMS 0x0000000082b00000, 0x0000000082b00000| Untracked 
|  16|0x0000000082c00000, 0x0000000082d00000, 0x0000000082d00000|100%| O|  |TAMS 0x0000000082c00000, 0x0000000082c00000| Untracked 
|  17|0x0000000082d00000, 0x0000000082e00000, 0x0000000082e00000|100%| O|  |TAMS 0x0000000082d00000, 0x0000000082d00000| Untracked 
|  18|0x0000000082e00000, 0x0000000082f00000, 0x0000000082f00000|100%| O|  |TAMS 0x0000000082e00000, 0x0000000082e00000| Untracked 
|  19|0x0000000082f00000, 0x0000000083000000, 0x0000000083000000|100%| O|  |TAMS 0x0000000082f00000, 0x0000000082f00000| Untracked 
|  20|0x0000000083000000, 0x0000000083100000, 0x0000000083100000|100%|HS|  |TAMS 0x0000000083000000, 0x0000000083000000| Complete 
|  21|0x0000000083100000, 0x0000000083200000, 0x0000000083200000|100%| O|  |TAMS 0x0000000083100000, 0x0000000083100000| Untracked 
|  22|0x0000000083200000, 0x000000008324ae00, 0x0000000083300000| 29%| O|  |TAMS 0x0000000083200000, 0x0000000083200000| Untracked 
|  23|0x0000000083300000, 0x0000000083300000, 0x0000000083400000|  0%| F|  |TAMS 0x0000000083300000, 0x0000000083300000| Untracked 
|  24|0x0000000083400000, 0x0000000083400000, 0x0000000083500000|  0%| F|  |TAMS 0x0000000083400000, 0x0000000083400000| Untracked 
|  25|0x0000000083500000, 0x0000000083500000, 0x0000000083600000|  0%| F|  |TAMS 0x0000000083500000, 0x0000000083500000| Untracked 
|  26|0x0000000083600000, 0x0000000083600000, 0x0000000083700000|  0%| F|  |TAMS 0x0000000083600000, 0x0000000083600000| Untracked 
|  27|0x0000000083700000, 0x0000000083700000, 0x0000000083800000|  0%| F|  |TAMS 0x0000000083700000, 0x0000000083700000| Untracked 
|  28|0x0000000083800000, 0x0000000083800000, 0x0000000083900000|  0%| F|  |TAMS 0x0000000083800000, 0x0000000083800000| Untracked 
|  29|0x0000000083900000, 0x0000000083900000, 0x0000000083a00000|  0%| F|  |TAMS 0x0000000083900000, 0x0000000083900000| Untracked 
|  30|0x0000000083a00000, 0x0000000083a00000, 0x0000000083b00000|  0%| F|  |TAMS 0x0000000083a00000, 0x0000000083a00000| Untracked 
|  31|0x0000000083b00000, 0x0000000083b00000, 0x0000000083c00000|  0%| F|  |TAMS 0x0000000083b00000, 0x0000000083b00000| Untracked 
|  32|0x0000000083c00000, 0x0000000083c00000, 0x0000000083d00000|  0%| F|  |TAMS 0x0000000083c00000, 0x0000000083c00000| Untracked 
|  33|0x0000000083d00000, 0x0000000083d00000, 0x0000000083e00000|  0%| F|  |TAMS 0x0000000083d00000, 0x0000000083d00000| Untracked 
|  34|0x0000000083e00000, 0x0000000083e00000, 0x0000000083f00000|  0%| F|  |TAMS 0x0000000083e00000, 0x0000000083e00000| Untracked 
|  35|0x0000000083f00000, 0x0000000083f00000, 0x0000000084000000|  0%| F|  |TAMS 0x0000000083f00000, 0x0000000083f00000| Untracked 
|  36|0x0000000084000000, 0x0000000084000000, 0x0000000084100000|  0%| F|  |TAMS 0x0000000084000000, 0x0000000084000000| Untracked 
|  37|0x0000000084100000, 0x0000000084100000, 0x0000000084200000|  0%| F|  |TAMS 0x0000000084100000, 0x0000000084100000| Untracked 
|  38|0x0000000084200000, 0x0000000084200000, 0x0000000084300000|  0%| F|  |TAMS 0x0000000084200000, 0x0000000084200000| Untracked 
|  39|0x0000000084300000, 0x0000000084392000, 0x0000000084400000| 57%| S|CS|TAMS 0x0000000084300000, 0x0000000084300000| Complete 
|  40|0x0000000084400000, 0x0000000084400000, 0x0000000084500000|  0%| F|  |TAMS 0x0000000084400000, 0x0000000084400000| Untracked 
|  41|0x0000000084500000, 0x0000000084500000, 0x0000000084600000|  0%| F|  |TAMS 0x0000000084500000, 0x0000000084500000| Untracked 
|  42|0x0000000084600000, 0x0000000084600000, 0x0000000084700000|  0%| F|  |TAMS 0x0000000084600000, 0x0000000084600000| Untracked 
|  43|0x0000000084700000, 0x0000000084700000, 0x0000000084800000|  0%| F|  |TAMS 0x0000000084700000, 0x0000000084700000| Untracked 
|  44|0x0000000084800000, 0x0000000084800000, 0x0000000084900000|  0%| F|  |TAMS 0x0000000084800000, 0x0000000084800000| Untracked 
|  45|0x0000000084900000, 0x000000008492bb80, 0x0000000084a00000| 17%| E|  |TAMS 0x0000000084900000, 0x0000000084900000| Complete 
|  46|0x0000000084a00000, 0x0000000084b00000, 0x0000000084b00000|100%| E|CS|TAMS 0x0000000084a00000, 0x0000000084a00000| Complete 
|  47|0x0000000084b00000, 0x0000000084c00000, 0x0000000084c00000|100%| E|CS|TAMS 0x0000000084b00000, 0x0000000084b00000| Complete 
|  48|0x0000000084c00000, 0x0000000084d00000, 0x0000000084d00000|100%| E|CS|TAMS 0x0000000084c00000, 0x0000000084c00000| Complete 
|  49|0x0000000084d00000, 0x0000000084e00000, 0x0000000084e00000|100%| E|CS|TAMS 0x0000000084d00000, 0x0000000084d00000| Complete 
|  50|0x0000000084e00000, 0x0000000084f00000, 0x0000000084f00000|100%| E|CS|TAMS 0x0000000084e00000, 0x0000000084e00000| Complete 
|  51|0x0000000084f00000, 0x0000000085000000, 0x0000000085000000|100%| E|CS|TAMS 0x0000000084f00000, 0x0000000084f00000| Complete 
|  52|0x0000000085000000, 0x0000000085100000, 0x0000000085100000|100%| E|CS|TAMS 0x0000000085000000, 0x0000000085000000| Complete 
| 127|0x0000000089b00000, 0x0000000089c00000, 0x0000000089c00000|100%| E|CS|TAMS 0x0000000089b00000, 0x0000000089b00000| Complete 

Card table byte_map: [0x000002116bc30000,0x000002116c030000] _byte_map_base: 0x000002116b822000

Marking Bits (Prev, Next): (CMBitMap*) 0x0000021156fabcb0, (CMBitMap*) 0x0000021156fabcf0
 Prev Bits: [0x000002116c430000, 0x000002116e3c0000)
 Next Bits: [0x000002116e3c0000, 0x0000021170350000)

Polling page: 0x0000021157000000

Metaspace:

Usage:
  Non-class:     43.24 MB used.
      Class:      6.04 MB used.
       Both:     49.28 MB used.

Virtual space:
  Non-class space:       48.00 MB reserved,      43.50 MB ( 91%) committed,  6 nodes.
      Class space:        1.00 GB reserved,       6.25 MB ( <1%) committed,  1 nodes.
             Both:        1.05 GB reserved,      49.75 MB (  5%) committed. 

Chunk freelists:
   Non-Class:  368.00 KB
       Class:  1.70 MB
        Both:  2.06 MB

MaxMetaspaceSize: unlimited
CompressedClassSpaceSize: 1.00 GB
Initial GC threshold: 21.00 MB
Current GC threshold: 59.31 MB
CDS: off
MetaspaceReclaimPolicy: balanced
 - commit_granule_bytes: 65536.
 - commit_granule_words: 8192.
 - virtual_space_node_default_size: 1048576.
 - enlarge_chunks_in_place: 1.
 - new_chunks_are_fully_committed: 0.
 - uncommit_free_chunks: 1.
 - use_allocation_guard: 0.
 - handle_deallocations: 1.


Internal statistics:

num_allocs_failed_limit: 6.
num_arena_births: 666.
num_arena_deaths: 0.
num_vsnodes_births: 7.
num_vsnodes_deaths: 0.
num_space_committed: 796.
num_space_uncommitted: 0.
num_chunks_returned_to_freelist: 6.
num_chunks_taken_from_freelist: 2256.
num_chunk_merges: 6.
num_chunk_splits: 1516.
num_chunks_enlarged: 1096.
num_purges: 0.
num_inconsistent_stats: 0.

CodeHeap 'non-profiled nmethods': size=120000Kb used=3292Kb max_used=3292Kb free=116707Kb
 bounds [0x0000021163890000, 0x0000021163bd0000, 0x000002116adc0000]
CodeHeap 'profiled nmethods': size=120000Kb used=9402Kb max_used=10532Kb free=110597Kb
 bounds [0x000002115c360000, 0x000002115cdb0000, 0x0000021163890000]
CodeHeap 'non-nmethods': size=5760Kb used=1267Kb max_used=1349Kb free=4492Kb
 bounds [0x000002115bdc0000, 0x000002115c030000, 0x000002115c360000]
 total_blobs=5552 nmethods=4966 adapters=496
 compilation: enabled
              stopped_count=0, restarted_count=0
 full_count=0

Compilation events (20 events):
Event: 794.375 Thread 0x0000021173866a70 nmethod 5796 0x000002115c5f3590 code [0x000002115c5f3760, 0x000002115c5f3c68]
Event: 794.375 Thread 0x0000021173866a70 5797       3       org.bson.BsonValue::asInt32 (12 bytes)
Event: 794.375 Thread 0x0000021173866a70 nmethod 5797 0x000002115c5f2e90 code [0x000002115c5f3040, 0x000002115c5f3288]
Event: 800.804 Thread 0x0000021173865920 5798       4       java.util.HashMap$HashIterator::<init> (79 bytes)
Event: 800.809 Thread 0x0000021173865920 nmethod 5798 0x0000021163bc6b10 code [0x0000021163bc6ca0, 0x0000021163bc7098]
Event: 804.376 Thread 0x0000021173866a70 5799       3       java.util.concurrent.ConcurrentLinkedDeque::skipDeletedSuccessors (87 bytes)
Event: 804.377 Thread 0x0000021173866a70 nmethod 5799 0x000002115c575210 code [0x000002115c575500, 0x000002115c5765c8]
Event: 804.377 Thread 0x0000021173866a70 5800       3       java.util.concurrent.ConcurrentLinkedDeque::updateHead (71 bytes)
Event: 804.377 Thread 0x0000021173866a70 nmethod 5800 0x000002115ca39510 code [0x000002115ca397e0, 0x000002115ca3a6f8]
Event: 804.378 Thread 0x0000021173866a70 5801       3       java.util.concurrent.ConcurrentLinkedDeque::updateTail (71 bytes)
Event: 804.378 Thread 0x0000021173866a70 nmethod 5801 0x000002115c8b6410 code [0x000002115c8b66e0, 0x000002115c8b75f8]
Event: 805.065 Thread 0x0000021173866a70 5802       3       org.bson.AbstractBsonWriter$Context::<init> (20 bytes)
Event: 805.065 Thread 0x0000021173866a70 nmethod 5802 0x000002115c574c90 code [0x000002115c574e40, 0x000002115c5750b8]
Event: 814.376 Thread 0x0000021173866a70 5803   !   3       com.mongodb.internal.connection.ProtocolHelper::getNestedFieldValue (84 bytes)
Event: 814.377 Thread 0x0000021173866a70 nmethod 5803 0x000002115c9a1f90 code [0x000002115c9a2280, 0x000002115c9a3488]
Event: 824.378 Thread 0x0000021173866a70 5804       3       java.util.ArrayList::equals (62 bytes)
Event: 824.378 Thread 0x0000021173866a70 nmethod 5804 0x000002115ccd6690 code [0x000002115ccd68a0, 0x000002115ccd7068]
Event: 824.378 Thread 0x0000021173866a70 5805       3       java.util.ArrayList::equalsRange (85 bytes)
Event: 824.379 Thread 0x0000021173866a70 nmethod 5805 0x000002115ccd5890 code [0x000002115ccd5ac0, 0x000002115ccd63b8]
Event: 829.911 Thread 0x0000021173865920 5806       4       java.util.HashSet::<init> (18 bytes)

GC Heap History (20 events):
Event: 3.548 GC heap before
{Heap before GC invocations=7 (full 0):
 garbage-first heap   total 30720K, used 23340K [0x0000000081c00000, 0x0000000100000000)
  region size 1024K, 13 young (13312K), 2 survivors (2048K)
 Metaspace       used 32428K, committed 32832K, reserved 1081344K
  class space    used 3812K, committed 4032K, reserved 1048576K
}
Event: 3.551 GC heap after
{Heap after GC invocations=8 (full 0):
 garbage-first heap   total 30720K, used 13175K [0x0000000081c00000, 0x0000000100000000)
  region size 1024K, 2 young (2048K), 2 survivors (2048K)
 Metaspace       used 32428K, committed 32832K, reserved 1081344K
  class space    used 3812K, committed 4032K, reserved 1048576K
}
Event: 3.862 GC heap before
{Heap before GC invocations=8 (full 0):
 garbage-first heap   total 30720K, used 22391K [0x0000000081c00000, 0x0000000100000000)
  region size 1024K, 12 young (12288K), 2 survivors (2048K)
 Metaspace       used 35030K, committed 35456K, reserved 1081344K
  class space    used 4090K, committed 4288K, reserved 1048576K
}
Event: 3.866 GC heap after
{Heap after GC invocations=9 (full 0):
 garbage-first heap   total 30720K, used 14200K [0x0000000081c00000, 0x0000000100000000)
  region size 1024K, 1 young (1024K), 1 survivors (1024K)
 Metaspace       used 35030K, committed 35456K, reserved 1081344K
  class space    used 4090K, committed 4288K, reserved 1048576K
}
Event: 3.991 GC heap before
{Heap before GC invocations=9 (full 0):
 garbage-first heap   total 30720K, used 18296K [0x0000000081c00000, 0x0000000100000000)
  region size 1024K, 6 young (6144K), 1 survivors (1024K)
 Metaspace       used 35818K, committed 36160K, reserved 1081344K
  class space    used 4195K, committed 4352K, reserved 1048576K
}
Event: 3.994 GC heap after
{Heap after GC invocations=10 (full 0):
 garbage-first heap   total 80896K, used 14387K [0x0000000081c00000, 0x0000000100000000)
  region size 1024K, 2 young (2048K), 2 survivors (2048K)
 Metaspace       used 35818K, committed 36160K, reserved 1081344K
  class space    used 4195K, committed 4352K, reserved 1048576K
}
Event: 4.578 GC heap before
{Heap before GC invocations=11 (full 0):
 garbage-first heap   total 55296K, used 45107K [0x0000000081c00000, 0x0000000100000000)
  region size 1024K, 32 young (32768K), 2 survivors (2048K)
 Metaspace       used 41960K, committed 42432K, reserved 1089536K
  class space    used 5123K, committed 5312K, reserved 1048576K
}
Event: 4.591 GC heap after
{Heap after GC invocations=12 (full 0):
 garbage-first heap   total 55296K, used 16865K [0x0000000081c00000, 0x0000000100000000)
  region size 1024K, 4 young (4096K), 4 survivors (4096K)
 Metaspace       used 41960K, committed 42432K, reserved 1089536K
  class space    used 5123K, committed 5312K, reserved 1048576K
}
Event: 17.226 GC heap before
{Heap before GC invocations=12 (full 0):
 garbage-first heap   total 55296K, used 41441K [0x0000000081c00000, 0x0000000100000000)
  region size 1024K, 28 young (28672K), 4 survivors (4096K)
 Metaspace       used 45654K, committed 46144K, reserved 1089536K
  class space    used 5626K, committed 5824K, reserved 1048576K
}
Event: 17.234 GC heap after
{Heap after GC invocations=13 (full 0):
 garbage-first heap   total 55296K, used 19093K [0x0000000081c00000, 0x0000000100000000)
  region size 1024K, 3 young (3072K), 3 survivors (3072K)
 Metaspace       used 45654K, committed 46144K, reserved 1089536K
  class space    used 5626K, committed 5824K, reserved 1048576K
}
Event: 18.174 GC heap before
{Heap before GC invocations=13 (full 0):
 garbage-first heap   total 55296K, used 41621K [0x0000000081c00000, 0x0000000100000000)
  region size 1024K, 25 young (25600K), 3 survivors (3072K)
 Metaspace       used 48351K, committed 48832K, reserved 1097728K
  class space    used 5947K, committed 6144K, reserved 1048576K
}
Event: 18.178 GC heap after
{Heap after GC invocations=14 (full 0):
 garbage-first heap   total 55296K, used 21788K [0x0000000081c00000, 0x0000000100000000)
  region size 1024K, 2 young (2048K), 2 survivors (2048K)
 Metaspace       used 48351K, committed 48832K, reserved 1097728K
  class space    used 5947K, committed 6144K, reserved 1048576K
}
Event: 62.579 GC heap before
{Heap before GC invocations=14 (full 0):
 garbage-first heap   total 55296K, used 42268K [0x0000000081c00000, 0x0000000100000000)
  region size 1024K, 22 young (22528K), 2 survivors (2048K)
 Metaspace       used 50165K, committed 50688K, reserved 1097728K
  class space    used 6178K, committed 6400K, reserved 1048576K
}
Event: 62.583 GC heap after
{Heap after GC invocations=15 (full 0):
 garbage-first heap   total 55296K, used 21514K [0x0000000081c00000, 0x0000000100000000)
  region size 1024K, 2 young (2048K), 2 survivors (2048K)
 Metaspace       used 50165K, committed 50688K, reserved 1097728K
  class space    used 6178K, committed 6400K, reserved 1048576K
}
Event: 323.840 GC heap before
{Heap before GC invocations=15 (full 0):
 garbage-first heap   total 55296K, used 44042K [0x0000000081c00000, 0x0000000100000000)
  region size 1024K, 23 young (23552K), 2 survivors (2048K)
 Metaspace       used 50310K, committed 50816K, reserved 1097728K
  class space    used 6180K, committed 6400K, reserved 1048576K
}
Event: 323.843 GC heap after
{Heap after GC invocations=16 (full 0):
 garbage-first heap   total 55296K, used 24044K [0x0000000081c00000, 0x0000000100000000)
  region size 1024K, 3 young (3072K), 3 survivors (3072K)
 Metaspace       used 50310K, committed 50816K, reserved 1097728K
  class space    used 6180K, committed 6400K, reserved 1048576K
}
Event: 328.612 GC heap before
{Heap before GC invocations=16 (full 0):
 garbage-first heap   total 55296K, used 42476K [0x0000000081c00000, 0x0000000100000000)
  region size 1024K, 21 young (21504K), 3 survivors (3072K)
 Metaspace       used 50320K, committed 50816K, reserved 1097728K
  class space    used 6180K, committed 6400K, reserved 1048576K
}
Event: 328.618 GC heap after
{Heap after GC invocations=17 (full 0):
 garbage-first heap   total 55296K, used 25542K [0x0000000081c00000, 0x0000000100000000)
  region size 1024K, 3 young (3072K), 3 survivors (3072K)
 Metaspace       used 50320K, committed 50816K, reserved 1097728K
  class space    used 6180K, committed 6400K, reserved 1048576K
}
Event: 454.351 GC heap before
{Heap before GC invocations=17 (full 0):
 garbage-first heap   total 55296K, used 39878K [0x0000000081c00000, 0x0000000100000000)
  region size 1024K, 17 young (17408K), 3 survivors (3072K)
 Metaspace       used 50404K, committed 50880K, reserved 1097728K
  class space    used 6180K, committed 6400K, reserved 1048576K
}
Event: 454.352 GC heap after
{Heap after GC invocations=18 (full 0):
 garbage-first heap   total 55296K, used 23276K [0x0000000081c00000, 0x0000000100000000)
  region size 1024K, 1 young (1024K), 1 survivors (1024K)
 Metaspace       used 50404K, committed 50880K, reserved 1097728K
  class space    used 6180K, committed 6400K, reserved 1048576K
}

Dll operation events (9 events):
Event: 0.011 Loaded shared library C:\Users\21268\.p2\pool\plugins\org.eclipse.justj.openjdk.hotspot.jre.full.win32.x86_64_17.0.5.v20221102-0933\jre\bin\java.dll
Event: 0.270 Loaded shared library C:\Users\21268\.p2\pool\plugins\org.eclipse.justj.openjdk.hotspot.jre.full.win32.x86_64_17.0.5.v20221102-0933\jre\bin\net.dll
Event: 0.276 Loaded shared library C:\Users\21268\.p2\pool\plugins\org.eclipse.justj.openjdk.hotspot.jre.full.win32.x86_64_17.0.5.v20221102-0933\jre\bin\nio.dll
Event: 0.310 Loaded shared library C:\Users\21268\.p2\pool\plugins\org.eclipse.justj.openjdk.hotspot.jre.full.win32.x86_64_17.0.5.v20221102-0933\jre\bin\zip.dll
Event: 0.686 Loaded shared library C:\Users\21268\.p2\pool\plugins\org.eclipse.justj.openjdk.hotspot.jre.full.win32.x86_64_17.0.5.v20221102-0933\jre\bin\jimage.dll
Event: 1.140 Loaded shared library C:\Users\21268\.p2\pool\plugins\org.eclipse.justj.openjdk.hotspot.jre.full.win32.x86_64_17.0.5.v20221102-0933\jre\bin\management.dll
Event: 1.143 Loaded shared library C:\Users\21268\.p2\pool\plugins\org.eclipse.justj.openjdk.hotspot.jre.full.win32.x86_64_17.0.5.v20221102-0933\jre\bin\management_ext.dll
Event: 2.213 Loaded shared library C:\Users\21268\.p2\pool\plugins\org.eclipse.justj.openjdk.hotspot.jre.full.win32.x86_64_17.0.5.v20221102-0933\jre\bin\sunmscapi.dll
Event: 17.982 Loaded shared library C:\Users\21268\.p2\pool\plugins\org.eclipse.justj.openjdk.hotspot.jre.full.win32.x86_64_17.0.5.v20221102-0933\jre\bin\verify.dll

Deoptimization events (20 events):
Event: 51.072 Thread 0x00000211787930d0 Uncommon trap: trap_request=0xffffff45 fr.pc=0x0000021163ac7280 relative=0x00000000000004a0
Event: 51.072 Thread 0x00000211787930d0 Uncommon trap: reason=unstable_if action=reinterpret pc=0x0000021163ac7280 method=org.bson.io.ByteBufferBsonInput.readString(I)Ljava/lang/String; @ 2 c2
Event: 51.072 Thread 0x00000211787930d0 DEOPT PACKING pc=0x0000021163ac7280 sp=0x0000006b3f2fa3f0
Event: 51.072 Thread 0x00000211787930d0 DEOPT UNPACKING pc=0x000002115be123a3 sp=0x0000006b3f2fa3c8 mode 2
Event: 51.087 Thread 0x0000021178794410 Uncommon trap: trap_request=0xffffff54 fr.pc=0x0000021163ab7760 relative=0x00000000000006e0
Event: 51.087 Thread 0x0000021178794410 Uncommon trap: reason=speculate_null_assert action=make_not_entrant pc=0x0000021163ab7760 method=org.springframework.util.ConcurrentReferenceHashMap$Segment.restructureIfNecessary(Z)V @ 41 c2
Event: 51.087 Thread 0x0000021178794410 DEOPT PACKING pc=0x0000021163ab7760 sp=0x0000006b3f3fafb0
Event: 51.087 Thread 0x0000021178794410 DEOPT UNPACKING pc=0x000002115be123a3 sp=0x0000006b3f3fae08 mode 2
Event: 323.826 Thread 0x00000211787960f0 Uncommon trap: trap_request=0xffffff54 fr.pc=0x0000021163abae08 relative=0x0000000000000688
Event: 323.826 Thread 0x00000211787960f0 Uncommon trap: reason=speculate_null_assert action=make_not_entrant pc=0x0000021163abae08 method=org.springframework.util.ConcurrentReferenceHashMap$Segment.restructureIfNecessary(Z)V @ 41 c2
Event: 323.826 Thread 0x00000211787960f0 DEOPT PACKING pc=0x0000021163abae08 sp=0x0000006b3f7faef0
Event: 323.826 Thread 0x00000211787960f0 DEOPT UNPACKING pc=0x000002115be123a3 sp=0x0000006b3f7fadc0 mode 2
Event: 328.552 Thread 0x00000211787935a0 Uncommon trap: trap_request=0xffffff54 fr.pc=0x0000021163ab9588 relative=0x0000000000000508
Event: 328.552 Thread 0x00000211787935a0 Uncommon trap: reason=speculate_null_assert action=make_not_entrant pc=0x0000021163ab9588 method=org.springframework.util.ConcurrentReferenceHashMap$Segment.restructureIfNecessary(Z)V @ 41 c2
Event: 328.552 Thread 0x00000211787935a0 DEOPT PACKING pc=0x0000021163ab9588 sp=0x0000006b3f8fb370
Event: 328.552 Thread 0x00000211787935a0 DEOPT UNPACKING pc=0x000002115be123a3 sp=0x0000006b3f8fb2a8 mode 2
Event: 367.996 Thread 0x00000211787930d0 Uncommon trap: trap_request=0xffffffde fr.pc=0x0000021163b83f94 relative=0x0000000000000d14
Event: 367.996 Thread 0x00000211787930d0 Uncommon trap: reason=class_check action=maybe_recompile pc=0x0000021163b83f94 method=org.springframework.util.ConcurrentReferenceHashMap$ReferenceManager.pollForPurge()Lorg/springframework/util/ConcurrentReferenceHashMap$Reference; @ 7 c2
Event: 367.996 Thread 0x00000211787930d0 DEOPT PACKING pc=0x0000021163b83f94 sp=0x0000006b3f2fb2b0
Event: 367.996 Thread 0x00000211787930d0 DEOPT UNPACKING pc=0x000002115be123a3 sp=0x0000006b3f2fb188 mode 2

Classes unloaded (0 events):
No events

Classes redefined (0 events):
No events

Internal exceptions (20 events):
Event: 4.674 Thread 0x000002117385c690 Exception <a 'java/lang/NoSuchMethodError'{0x0000000084e6de88}: 'int java.lang.invoke.DirectMethodHandle$Holder.invokeStatic(java.lang.Object, java.lang.Object, int)'> (0x0000000084e6de88) 
thrown [s\src\hotspot\share\interpreter\linkResolver.cpp, line 759]
Event: 4.677 Thread 0x000002117385c690 Exception <a 'java/lang/NoSuchMethodError'{0x0000000084e8aa50}: 'java.lang.Object java.lang.invoke.DirectMethodHandle$Holder.invokeStatic(java.lang.Object, java.lang.Object, int, java.lang.Object)'> (0x0000000084e8aa50) 
thrown [s\src\hotspot\share\interpreter\linkResolver.cpp, line 759]
Event: 4.677 Thread 0x000002117385c690 Exception <a 'java/lang/NoSuchMethodError'{0x0000000084e91f68}: 'java.lang.Object java.lang.invoke.DirectMethodHandle$Holder.newInvokeSpecial(java.lang.Object, java.lang.Object, int)'> (0x0000000084e91f68) 
thrown [s\src\hotspot\share\interpreter\linkResolver.cpp, line 759]
Event: 4.894 Thread 0x000002117385c690 Exception <a 'sun/nio/fs/WindowsException'{0x0000000084631428}> (0x0000000084631428) 
thrown [s\src\hotspot\share\prims\jni.cpp, line 516]
Event: 4.933 Thread 0x000002117385c690 Exception <a 'java/lang/IncompatibleClassChangeError'{0x00000000845fa540}: Found class java.lang.Object, but interface was expected> (0x00000000845fa540) 
thrown [s\src\hotspot\share\interpreter\linkResolver.cpp, line 826]
Event: 4.976 Thread 0x000002117385c690 Exception <a 'java/lang/NoSuchMethodError'{0x00000000843620f8}: 'void java.lang.invoke.DirectMethodHandle$Holder.invokeVirtual(java.lang.Object, java.lang.Object, long)'> (0x00000000843620f8) 
thrown [s\src\hotspot\share\interpreter\linkResolver.cpp, line 759]
Event: 5.036 Thread 0x000002117385c690 Exception <a 'java/lang/NoSuchMethodError'{0x0000000084041c50}: 'int java.lang.invoke.DirectMethodHandle$Holder.invokeStaticInit(java.lang.Object, java.lang.Object, java.lang.Object, java.lang.Object)'> (0x0000000084041c50) 
thrown [s\src\hotspot\share\interpreter\linkResolver.cpp, line 759]
Event: 5.111 Thread 0x000002117385c690 Exception <a 'java/lang/NoSuchMethodError'{0x0000000083ef7438}: 'java.lang.Object java.lang.invoke.DirectMethodHandle$Holder.newInvokeSpecial(java.lang.Object, java.lang.Object, int, java.lang.Object, java.lang.Object)'> (0x0000000083ef7438) 
thrown [s\src\hotspot\share\interpreter\linkResolver.cpp, line 759]
Event: 5.112 Thread 0x000002117385c690 Exception <a 'java/lang/NoSuchMethodError'{0x0000000083d02f60}: 'java.lang.Object java.lang.invoke.DirectMethodHandle$Holder.invokeSpecial(java.lang.Object, java.lang.Object, int, java.lang.Object, int, java.lang.Object)'> (0x0000000083d02f60) 
thrown [s\src\hotspot\share\interpreter\linkResolver.cpp, line 759]
Event: 5.112 Thread 0x000002117385c690 Exception <a 'java/lang/NoSuchMethodError'{0x0000000083d0b010}: 'java.lang.Object java.lang.invoke.DirectMethodHandle$Holder.newInvokeSpecial(java.lang.Object, java.lang.Object, int, java.lang.Object, int)'> (0x0000000083d0b010) 
thrown [s\src\hotspot\share\interpreter\linkResolver.cpp, line 759]
Event: 5.112 Thread 0x000002117385c690 Exception <a 'java/lang/NoSuchMethodError'{0x0000000083d0f110}: 'java.lang.Object java.lang.invoke.DirectMethodHandle$Holder.invokeSpecial(java.lang.Object, java.lang.Object, java.lang.Object, int, java.lang.Object, int)'> (0x0000000083d0f110) 
thrown [s\src\hotspot\share\interpreter\linkResolver.cpp, line 759]
Event: 17.259 Thread 0x0000021178792260 Exception <a 'java/lang/NoSuchMethodError'{0x0000000089bf82b0}: 'java.lang.Object java.lang.invoke.DirectMethodHandle$Holder.invokeSpecial(java.lang.Object, java.lang.Object, java.lang.Object, java.lang.Object, java.lang.Object, long)'> (0x0000000089bf82b0) 
thrown [s\src\hotspot\share\interpreter\linkResolver.cpp, line 759]
Event: 17.259 Thread 0x0000021178792260 Exception <a 'java/lang/NoSuchMethodError'{0x0000000089bfbcf0}: 'java.lang.Object java.lang.invoke.Invokers$Holder.linkToTargetMethod(java.lang.Object, java.lang.Object, java.lang.Object, long, java.lang.Object)'> (0x0000000089bfbcf0) 
thrown [s\src\hotspot\share\interpreter\linkResolver.cpp, line 759]
Event: 17.922 Thread 0x0000021178792260 Exception <a 'java/lang/reflect/InvocationTargetException'{0x0000000084a24848}> (0x0000000084a24848) 
thrown [s\src\hotspot\share\runtime\reflection.cpp, line 1121]
Event: 17.962 Thread 0x0000021178792260 Exception <a 'java/lang/NoSuchMethodError'{0x0000000084934548}: 'java.lang.Object java.lang.invoke.DirectMethodHandle$Holder.invokeVirtual(java.lang.Object, java.lang.Object, java.lang.Object, java.lang.Object, java.lang.Object)'> (0x0000000084934548) 
thrown [s\src\hotspot\share\interpreter\linkResolver.cpp, line 759]
Event: 17.984 Thread 0x0000021178792260 Exception <a 'java/lang/NoSuchMethodError'{0x000000008482e758}: 'void java.lang.invoke.Invokers$Holder.invoke_MT(java.lang.Object, java.lang.Object, java.lang.Object, java.lang.Object)'> (0x000000008482e758) 
thrown [s\src\hotspot\share\interpreter\linkResolver.cpp, line 759]
Event: 51.022 Thread 0x00000211787930d0 Exception <a 'java/lang/NoSuchMethodError'{0x0000000084b1a498}: 'java.lang.Object java.lang.invoke.Invokers$Holder.invoke_MT(java.lang.Object, java.lang.Object, java.lang.Object)'> (0x0000000084b1a498) 
thrown [s\src\hotspot\share\interpreter\linkResolver.cpp, line 759]
Event: 51.028 Thread 0x00000211787930d0 Implicit null exception at 0x00000211639aeeec to 0x00000211639aefa9
Event: 51.028 Thread 0x00000211787930d0 Implicit null exception at 0x000002116392f64a to 0x000002116392f706
Event: 51.058 Thread 0x00000211787930d0 Exception <a 'java/lang/NoSuchMethodError'{0x0000000084a18628}: 'void java.lang.invoke.DirectMethodHandle$Holder.invokeSpecial(java.lang.Object, java.lang.Object, long)'> (0x0000000084a18628) 
thrown [s\src\hotspot\share\interpreter\linkResolver.cpp, line 759]

VM Operations (20 events):
Event: 545.009 Executing VM operation: Cleanup
Event: 545.009 Executing VM operation: Cleanup done
Event: 565.188 Executing VM operation: Cleanup
Event: 565.188 Executing VM operation: Cleanup done
Event: 575.285 Executing VM operation: Cleanup
Event: 575.286 Executing VM operation: Cleanup done
Event: 604.530 Executing VM operation: Cleanup
Event: 604.530 Executing VM operation: Cleanup done
Event: 654.962 Executing VM operation: Cleanup
Event: 654.962 Executing VM operation: Cleanup done
Event: 675.147 Executing VM operation: Cleanup
Event: 675.147 Executing VM operation: Cleanup done
Event: 704.384 Executing VM operation: Cleanup
Event: 704.384 Executing VM operation: Cleanup done
Event: 705.392 Executing VM operation: Cleanup
Event: 705.392 Executing VM operation: Cleanup done
Event: 745.737 Executing VM operation: Cleanup
Event: 745.737 Executing VM operation: Cleanup done
Event: 755.808 Executing VM operation: Cleanup
Event: 755.808 Executing VM operation: Cleanup done

Events (20 events):
Event: 51.030 loading class java/util/concurrent/ConcurrentHashMap$TreeBin
Event: 51.031 loading class java/util/concurrent/ConcurrentHashMap$TreeBin done
Event: 51.082 Thread 0x000002117423dc40 Thread added: 0x000002117423dc40
Event: 51.091 Thread 0x000002117843f3a0 Thread added: 0x000002117843f3a0
Event: 52.154 Thread 0x000002117843f3a0 Thread exited: 0x000002117843f3a0
Event: 53.255 Thread 0x000002117423dc40 Thread exited: 0x000002117423dc40
Event: 62.569 loading class jdk/internal/access/foreign/MemorySegmentProxy
Event: 62.569 loading class jdk/internal/access/foreign/MemorySegmentProxy done
Event: 62.579 Thread 0x000002117843f3a0 Thread added: 0x000002117843f3a0
Event: 64.151 Thread 0x000002117843f3a0 Thread exited: 0x000002117843f3a0
Event: 323.845 Thread 0x000002117843f3a0 Thread added: 0x000002117843f3a0
Event: 323.854 Thread 0x000002117681a8b0 Thread added: 0x000002117681a8b0
Event: 324.306 Thread 0x000002117681a8b0 Thread exited: 0x000002117681a8b0
Event: 324.339 Thread 0x000002117843f3a0 Thread exited: 0x000002117843f3a0
Event: 328.584 Thread 0x000002117843f3a0 Thread added: 0x000002117843f3a0
Event: 328.586 Thread 0x000002117681a8b0 Thread added: 0x000002117681a8b0
Event: 331.312 Thread 0x000002117681a8b0 Thread exited: 0x000002117681a8b0
Event: 331.312 Thread 0x000002117843f3a0 Thread exited: 0x000002117843f3a0
Event: 368.018 Thread 0x000002117843f3a0 Thread added: 0x000002117843f3a0
Event: 369.042 Thread 0x000002117843f3a0 Thread exited: 0x000002117843f3a0


Dynamic libraries:
0x00007ff619610000 - 0x00007ff61961e000 	C:\Users\21268\.p2\pool\plugins\org.eclipse.justj.openjdk.hotspot.jre.full.win32.x86_64_17.0.5.v20221102-0933\jre\bin\javaw.exe
0x00007fff39d30000 - 0x00007fff39f46000 	C:\WINDOWS\SYSTEM32\ntdll.dll
0x00007ffeea7f0000 - 0x00007ffeea809000 	C:\Program Files\AVG\Antivirus\aswhook.dll
0x00007fff38f30000 - 0x00007fff38ff4000 	C:\WINDOWS\System32\KERNEL32.DLL
0x00007fff37360000 - 0x00007fff37706000 	C:\WINDOWS\System32\KERNELBASE.dll
0x00007fff37210000 - 0x00007fff37321000 	C:\WINDOWS\System32\ucrtbase.dll
0x00007fff2ea70000 - 0x00007fff2ea87000 	C:\Users\21268\.p2\pool\plugins\org.eclipse.justj.openjdk.hotspot.jre.full.win32.x86_64_17.0.5.v20221102-0933\jre\bin\jli.dll
0x00007fff38c60000 - 0x00007fff38e0d000 	C:\WINDOWS\System32\USER32.dll
0x00007fff371e0000 - 0x00007fff37206000 	C:\WINDOWS\System32\win32u.dll
0x00007fff38e10000 - 0x00007fff38e39000 	C:\WINDOWS\System32\GDI32.dll
0x00007fff37820000 - 0x00007fff37938000 	C:\WINDOWS\System32\gdi32full.dll
0x00007fff37780000 - 0x00007fff3781a000 	C:\WINDOWS\System32\msvcp_win.dll
0x00007fff24ca0000 - 0x00007fff24cb9000 	C:\Users\21268\.p2\pool\plugins\org.eclipse.justj.openjdk.hotspot.jre.full.win32.x86_64_17.0.5.v20221102-0933\jre\bin\VCRUNTIME140.dll
0x00007fff09a00000 - 0x00007fff09c93000 	C:\WINDOWS\WinSxS\amd64_microsoft.windows.common-controls_6595b64144ccf1df_6.0.22621.3235_none_270f74e173860f98\COMCTL32.dll
0x00007fff37f30000 - 0x00007fff37fd7000 	C:\WINDOWS\System32\msvcrt.dll
0x00007fff387e0000 - 0x00007fff38811000 	C:\WINDOWS\System32\IMM32.DLL
0x00007fff2fd00000 - 0x00007fff2fd0c000 	C:\Users\21268\.p2\pool\plugins\org.eclipse.justj.openjdk.hotspot.jre.full.win32.x86_64_17.0.5.v20221102-0933\jre\bin\vcruntime140_1.dll
0x00007ffef7c10000 - 0x00007ffef7ca1000 	C:\Users\21268\.p2\pool\plugins\org.eclipse.justj.openjdk.hotspot.jre.full.win32.x86_64_17.0.5.v20221102-0933\jre\bin\msvcp140.dll
0x00007ffee0790000 - 0x00007ffee13d4000 	C:\Users\21268\.p2\pool\plugins\org.eclipse.justj.openjdk.hotspot.jre.full.win32.x86_64_17.0.5.v20221102-0933\jre\bin\server\jvm.dll
0x00007fff38b90000 - 0x00007fff38c42000 	C:\WINDOWS\System32\ADVAPI32.dll
0x00007fff37c20000 - 0x00007fff37cc8000 	C:\WINDOWS\System32\sechost.dll
0x00007fff37330000 - 0x00007fff37358000 	C:\WINDOWS\System32\bcrypt.dll
0x00007fff38080000 - 0x00007fff38195000 	C:\WINDOWS\System32\RPCRT4.dll
0x00007fff2bf70000 - 0x00007fff2bf7a000 	C:\WINDOWS\SYSTEM32\VERSION.dll
0x00007fff23b60000 - 0x00007fff23b69000 	C:\WINDOWS\SYSTEM32\WSOCK32.dll
0x00007fff2ddf0000 - 0x00007fff2de24000 	C:\WINDOWS\SYSTEM32\WINMM.dll
0x00007fff38e40000 - 0x00007fff38eb1000 	C:\WINDOWS\System32\WS2_32.dll
0x00007fff360b0000 - 0x00007fff360c8000 	C:\WINDOWS\SYSTEM32\kernel.appcore.dll
0x00007fff2d500000 - 0x00007fff2d50a000 	C:\Users\21268\.p2\pool\plugins\org.eclipse.justj.openjdk.hotspot.jre.full.win32.x86_64_17.0.5.v20221102-0933\jre\bin\jimage.dll
0x00007fff32470000 - 0x00007fff326a3000 	C:\WINDOWS\SYSTEM32\DBGHELP.DLL
0x00007fff39860000 - 0x00007fff39be8000 	C:\WINDOWS\System32\combase.dll
0x00007fff37a80000 - 0x00007fff37b57000 	C:\WINDOWS\System32\OLEAUT32.dll
0x00007fff2b4a0000 - 0x00007fff2b4d2000 	C:\WINDOWS\SYSTEM32\dbgcore.DLL
0x00007fff37940000 - 0x00007fff379ba000 	C:\WINDOWS\System32\bcryptPrimitives.dll
0x00007fff1bcd0000 - 0x00007fff1bcf5000 	C:\Users\21268\.p2\pool\plugins\org.eclipse.justj.openjdk.hotspot.jre.full.win32.x86_64_17.0.5.v20221102-0933\jre\bin\java.dll
0x00007fff1b7b0000 - 0x00007fff1b7c8000 	C:\Users\21268\.p2\pool\plugins\org.eclipse.justj.openjdk.hotspot.jre.full.win32.x86_64_17.0.5.v20221102-0933\jre\bin\zip.dll
0x00007fff39000000 - 0x00007fff3985d000 	C:\WINDOWS\System32\SHELL32.dll
0x00007fff34fa0000 - 0x00007fff35898000 	C:\WINDOWS\SYSTEM32\windows.storage.dll
0x00007fff34e60000 - 0x00007fff34f9e000 	C:\WINDOWS\SYSTEM32\wintypes.dll
0x00007fff37e30000 - 0x00007fff37f23000 	C:\WINDOWS\System32\SHCORE.dll
0x00007fff37b60000 - 0x00007fff37bbe000 	C:\WINDOWS\System32\shlwapi.dll
0x00007fff36fa0000 - 0x00007fff36fc6000 	C:\WINDOWS\SYSTEM32\profapi.dll
0x00007fff1b790000 - 0x00007fff1b7a9000 	C:\Users\21268\.p2\pool\plugins\org.eclipse.justj.openjdk.hotspot.jre.full.win32.x86_64_17.0.5.v20221102-0933\jre\bin\net.dll
0x00007fff2e020000 - 0x00007fff2e157000 	C:\WINDOWS\SYSTEM32\WINHTTP.dll
0x00007fff36530000 - 0x00007fff36599000 	C:\WINDOWS\system32\mswsock.dll
0x00007fff121b0000 - 0x00007fff121c5000 	C:\Users\21268\.p2\pool\plugins\org.eclipse.justj.openjdk.hotspot.jre.full.win32.x86_64_17.0.5.v20221102-0933\jre\bin\nio.dll
0x00007fff2ea60000 - 0x00007fff2ea69000 	C:\Users\21268\.p2\pool\plugins\org.eclipse.justj.openjdk.hotspot.jre.full.win32.x86_64_17.0.5.v20221102-0933\jre\bin\management.dll
0x00007fff2d4d0000 - 0x00007fff2d4db000 	C:\Users\21268\.p2\pool\plugins\org.eclipse.justj.openjdk.hotspot.jre.full.win32.x86_64_17.0.5.v20221102-0933\jre\bin\management_ext.dll
0x00007fff381a0000 - 0x00007fff381a8000 	C:\WINDOWS\System32\PSAPI.DLL
0x00007ffede6d0000 - 0x00007ffede6de000 	C:\Users\21268\.p2\pool\plugins\org.eclipse.justj.openjdk.hotspot.jre.full.win32.x86_64_17.0.5.v20221102-0933\jre\bin\sunmscapi.dll
0x00007fff37070000 - 0x00007fff371d6000 	C:\WINDOWS\System32\CRYPT32.dll
0x00007fff36920000 - 0x00007fff3694e000 	C:\WINDOWS\SYSTEM32\ncrypt.dll
0x00007fff368e0000 - 0x00007fff36917000 	C:\WINDOWS\SYSTEM32\NTASN1.dll
0x00007fff36780000 - 0x00007fff3679b000 	C:\WINDOWS\SYSTEM32\CRYPTSP.dll
0x00007fff36010000 - 0x00007fff36045000 	C:\WINDOWS\system32\rsaenh.dll
0x00007fff36620000 - 0x00007fff3664c000 	C:\WINDOWS\SYSTEM32\USERENV.dll
0x00007fff367a0000 - 0x00007fff367ac000 	C:\WINDOWS\SYSTEM32\CRYPTBASE.dll
0x00007fff35b00000 - 0x00007fff35b2d000 	C:\WINDOWS\SYSTEM32\IPHLPAPI.DLL
0x00007fff381b0000 - 0x00007fff381b9000 	C:\WINDOWS\System32\NSI.dll
0x00007fff2de70000 - 0x00007fff2de89000 	C:\WINDOWS\SYSTEM32\dhcpcsvc6.DLL
0x00007fff2de50000 - 0x00007fff2de6f000 	C:\WINDOWS\SYSTEM32\dhcpcsvc.DLL
0x00007fff35b70000 - 0x00007fff35c69000 	C:\WINDOWS\SYSTEM32\DNSAPI.dll
0x00007fff29390000 - 0x00007fff2939a000 	C:\Windows\System32\rasadhlp.dll
0x00007fff2cfa0000 - 0x00007fff2d023000 	C:\WINDOWS\System32\fwpuclnt.dll
0x00007ffee9cf0000 - 0x00007ffee9cf8000 	C:\WINDOWS\system32\wshunix.dll
0x00007fff12170000 - 0x00007fff12180000 	C:\Users\21268\.p2\pool\plugins\org.eclipse.justj.openjdk.hotspot.jre.full.win32.x86_64_17.0.5.v20221102-0933\jre\bin\verify.dll

dbghelp: loaded successfully - version: 4.0.5 - missing functions: none
symbol engine: initialized successfully - sym options: 0x614 - pdb path: .;C:\Users\21268\.p2\pool\plugins\org.eclipse.justj.openjdk.hotspot.jre.full.win32.x86_64_17.0.5.v20221102-0933\jre\bin;C:\WINDOWS\SYSTEM32;C:\Program Files\AVG\Antivirus;C:\WINDOWS\WinSxS\amd64_microsoft.windows.common-controls_6595b64144ccf1df_6.0.22621.3235_none_270f74e173860f98;C:\Users\21268\.p2\pool\plugins\org.eclipse.justj.openjdk.hotspot.jre.full.win32.x86_64_17.0.5.v20221102-0933\jre\bin\server

VM Arguments:
jvm_args: -Dfile.encoding=UTF-8 -XX:+ShowCodeDetailsInExceptionMessages 
java_command: com.produitsconsemetics.ProduitsCosmetics.ProduitsCosmeticsApplication
java_class_path (initial): C:\Users\21268\eclipce_spring\ProduitsCosmetics\target\classes;C:\Users\21268\.m2\repository\org\springframework\boot\spring-boot-starter-data-mongodb\3.2.2\spring-boot-starter-data-mongodb-3.2.2.jar;C:\Users\21268\.m2\repository\org\springframework\boot\spring-boot-starter\3.2.2\spring-boot-starter-3.2.2.jar;C:\Users\21268\.m2\repository\org\springframework\boot\spring-boot-starter-logging\3.2.2\spring-boot-starter-logging-3.2.2.jar;C:\Users\21268\.m2\repository\ch\qos\logback\logback-classic\1.4.14\logback-classic-1.4.14.jar;C:\Users\21268\.m2\repository\ch\qos\logback\logback-core\1.4.14\logback-core-1.4.14.jar;C:\Users\21268\.m2\repository\org\apache\logging\log4j\log4j-to-slf4j\2.21.1\log4j-to-slf4j-2.21.1.jar;C:\Users\21268\.m2\repository\org\apache\logging\log4j\log4j-api\2.21.1\log4j-api-2.21.1.jar;C:\Users\21268\.m2\repository\org\slf4j\jul-to-slf4j\2.0.11\jul-to-slf4j-2.0.11.jar;C:\Users\21268\.m2\repository\jakarta\annotation\jakarta.annotation-api\2.1.1\jakarta.annotation-api-2.1.1.jar;C:\Users\21268\.m2\repository\org\yaml\snakeyaml\2.2\snakeyaml-2.2.jar;C:\Users\21268\.m2\repository\org\mongodb\mongodb-driver-sync\4.11.1\mongodb-driver-sync-4.11.1.jar;C:\Users\21268\.m2\repository\org\mongodb\bson\4.11.1\bson-4.11.1.jar;C:\Users\21268\.m2\repository\org\mongodb\mongodb-driver-core\4.11.1\mongodb-driver-core-4.11.1.jar;C:\Users\21268\.m2\repository\org\mongodb\bson-record-codec\4.11.1\bson-record-codec-4.11.1.jar;C:\Users\21268\.m2\repository\org\springframework\data\spring-data-mongodb\4.2.2\spring-data-mongodb-4.2.2.jar;C:\Users\21268\.m2\repository\org\springframework\spring-tx\6.1.3\spring-tx-6.1.3.jar;C:\Users\21268\.m2\repository\org\springframework\spring-context\6.1.3\spring-context-6.1.3.jar;C:\Users\21268\.m2\repository\org\springframework\spring-beans\6.1.3\spring-beans-6.1.3.jar;C:\Users\21268\.m2\repository\org\springframework\spring-expression\6.1.3\spring-expression-6.1.3.jar;C:\Users\21268\.m2\repository\org\
Launcher Type: SUN_STANDARD

[Global flags]
     intx CICompilerCount                          = 4                                         {product} {ergonomic}
     uint ConcGCThreads                            = 2                                         {product} {ergonomic}
     uint G1ConcRefinementThreads                  = 8                                         {product} {ergonomic}
   size_t G1HeapRegionSize                         = 1048576                                   {product} {ergonomic}
    uintx GCDrainStackTargetSize                   = 64                                        {product} {ergonomic}
   size_t InitialHeapSize                          = 134217728                                 {product} {ergonomic}
   size_t MarkStackSize                            = 4194304                                   {product} {ergonomic}
   size_t MaxHeapSize                              = 2118123520                                {product} {ergonomic}
   size_t MaxNewSize                               = 1270874112                                {product} {ergonomic}
   size_t MinHeapDeltaBytes                        = 1048576                                   {product} {ergonomic}
   size_t MinHeapSize                              = 8388608                                   {product} {ergonomic}
    uintx NonNMethodCodeHeapSize                   = 5839372                                {pd product} {ergonomic}
    uintx NonProfiledCodeHeapSize                  = 122909434                              {pd product} {ergonomic}
    uintx ProfiledCodeHeapSize                     = 122909434                              {pd product} {ergonomic}
    uintx ReservedCodeCacheSize                    = 251658240                              {pd product} {ergonomic}
     bool SegmentedCodeCache                       = true                                      {product} {ergonomic}
     bool ShowCodeDetailsInExceptionMessages       = true                                   {manageable} {command line}
   size_t SoftMaxHeapSize                          = 2118123520                             {manageable} {ergonomic}
     bool UseCompressedClassPointers               = true                           {product lp64_product} {ergonomic}
     bool UseCompressedOops                        = true                           {product lp64_product} {ergonomic}
     bool UseG1GC                                  = true                                      {product} {ergonomic}
     bool UseLargePagesIndividualAllocation        = false                                  {pd product} {ergonomic}

Logging:
Log output configuration:
 #0: stdout all=warning uptime,level,tags
 #1: stderr all=off uptime,level,tags

Environment Variables:
JAVA_HOME=C:\Program Files\Java\jdk-17.0.8
PATH=C:/Users/21268/.p2/pool/plugins/org.eclipse.justj.openjdk.hotspot.jre.full.win32.x86_64_17.0.5.v20221102-0933/jre/bin/server;C:/Users/21268/.p2/pool/plugins/org.eclipse.justj.openjdk.hotspot.jre.full.win32.x86_64_17.0.5.v20221102-0933/jre/bin;C:\Program Files\Java\jdk-17.0.8\bin;D:\oracle\dbhomeXE\bin;C:\Users\21268\flutter\bin;C:\Program Files\Common Files\Oracle\Java\javapath;C:\Program Files\Git\cmd;C:\Program Files\Common Files\Siemens\Automation\Simatic OAM\bin;D:\Python39\Scripts\;D:\Python39\;C:\oraclexe\app\oracle\product\11.2.0\server\bin;C:\Program Files (x86)\Common Files\Oracle\Java\javapath;C:\Program Files (x86)\Intel\Intel(R) Management Engine Components\iCLS\;C:\Program Files\Intel\Intel(R) Management Engine Components\iCLS\;C:\WINDOWS\system32;C:\WINDOWS;C:\WINDOWS\System32\Wbem;C:\WINDOWS\System32\WindowsPowerShell\v1.0\;C:\WINDOWS\System32\OpenSSH\;C:\Program Files (x86)\Intel\Intel(R) Management Engine Components\DAL;C:\Program Files\Intel\Intel(R) Management Engine Components\DAL;C:\Program Files (x86)\Intel\Intel(R) Management Engine Components\IPT;C:\Program Files\Intel\Intel(R) Management Engine Components\IPT;C:\wamp64\bin\php\php7.1.9;C:\composer;C:\Program Files\MongoDB\Server\6.0\bin;C:\Users\21268\AppData\Roaming\nvm;C:\Program Files\nodejs;C:\Users\21268\AppData\Local\Programs\Python\Python312\Scripts\;C:\Users\21268\AppData\Local\Programs\Python\Python312\;C:\Users\21268\AppData\Local\Programs\Python\Launcher\;C:\Users\21268\Downloads\gradle-8.1.1\bin;C:\Users\21268\flutter\bin;C:\Users\21268\AppData\Local\Microsoft\WindowsApps;C:\Program Files\Sublime Text 3;C:\Users\21268\AppData\Roaming\Composer\vendor\bin;C:\wamp64\bin\php\php7.3.21;C:\Users\21268\AppData\Local\Programs\Microsoft VS Code\bin;C:\Windows\System32;D:\OracleXE213_Win64\intellig\IntelliJ IDEA 2022.3.1\bin;;C:\Users\21268\AppData\Roaming\npm;C:\Users\21268\AppData\Roaming\nvm;C:\Program Files\nodejs;C:\WINDOWS\system32;
USERNAME=21268
OS=Windows_NT
PROCESSOR_IDENTIFIER=Intel64 Family 6 Model 142 Stepping 10, GenuineIntel
TMP=C:\Users\21268\AppData\Local\Temp
TEMP=C:\Users\21268\AppData\Local\Temp



---------------  S Y S T E M  ---------------

OS:
 Windows 11 , 64 bit Build 22621 (10.0.22621.3235)
OS uptime: 0 days 1:19 hours

CPU: total 8 (initial active 8) (4 cores per cpu, 2 threads per core) family 6 model 142 stepping 10 microcode 0xe0, cx8, cmov, fxsr, ht, mmx, 3dnowpref, sse, sse2, sse3, ssse3, sse4.1, sse4.2, popcnt, lzcnt, tsc, tscinvbit, avx, avx2, aes, erms, clmul, bmi1, bmi2, adx, fma, vzeroupper, clflush, clflushopt

Memory: 4k page, system-wide physical 8074M (768M free)
TotalPageFile size 14713M (AvailPageFile size 0M)
current process WorkingSet (physical memory assigned to process): 163M, peak: 224M
current process commit charge ("private bytes"): 209M, peak: 256M

vm_info: OpenJDK 64-Bit Server VM (17.0.5+8) for windows-amd64 JRE (17.0.5+8), built on Oct 19 2022 04:48:13 by "temurin" with MS VC++ 16.7 (VS2019)

END.
